#
# A fatal error has been detected by the Java Runtime Environment:
#
#  SIGSEGV (0xb) at pc=0x00007bdbcc0f0d3d, pid=85246, tid=85248
#
# JRE version: OpenJDK Runtime Environment (21.0.5+11) (build 21.0.5+11)
# Java VM: OpenJDK 64-Bit Server VM (21.0.5+11, mixed mode, sharing, tiered, compressed oops, compressed class ptrs, g1 gc, linux-amd64)
# Problematic frame:
# J 500 c2 sun.misc.Unsafe.putLong(Ljava/lang/Object;JJ)V jdk.unsupported@21.0.5 (11 bytes) @ 0x00007bdbcc0f0d3d [0x00007bdbcc0f0d00+0x000000000000003d]
#
# Core dump will be written. Default location: Core dumps may be processed with "/usr/lib/systemd/systemd-coredump %P %u %g %s %t %c %h" (or dumping to /home/zeph/mnt/JAVA/ZephyroGame/core.85246)
#
# If you would like to submit a bug report, please visit:
#   https://bugreport.java.com/bugreport/crash.jsp
#

---------------  S U M M A R Y ------------

Command Line: -Djava.library.path=lib/ -XX:+ShowCodeDetailsInExceptionMessages game.Main

Host: Intel(R) Celeron(R) N4000 CPU @ 1.10GHz, 2 cores, 3G, Arch Linux
Time: Thu Nov 21 18:42:14 2024 UTC elapsed time: 1.791852 seconds (0d 0h 0m 1s)

---------------  T H R E A D  ---------------

Current thread (0x00007bdbdc019710):  JavaThread "main"             [_thread_in_Java, id=85248, stack(0x00007bdbe22d2000,0x00007bdbe23d2000) (1024K)]

Stack: [0x00007bdbe22d2000,0x00007bdbe23d2000],  sp=0x00007bdbe23d0620,  free space=1017k
Native frames: (J=compiled Java code, j=interpreted, Vv=VM code, C=native code)
J 500 c2 sun.misc.Unsafe.putLong(Ljava/lang/Object;JJ)V jdk.unsupported@21.0.5 (11 bytes) @ 0x00007bdbcc0f0d3d [0x00007bdbcc0f0d00+0x000000000000003d]
j  org.joml.MemUtil$MemUtilUnsafe.put(Lorg/joml/Matrix3x2f;J)V+32
j  org.joml.MemUtil$MemUtilUnsafe.put(Lorg/joml/Matrix3x2f;ILjava/nio/FloatBuffer;)V+46
j  org.joml.Matrix3x2f.get(ILjava/nio/FloatBuffer;)Ljava/nio/FloatBuffer;+6
j  game.Display.Shader.addVertCoord(Lorg/joml/Matrix3x2f;)V+9
j  game.Display.Display.init()V+80
j  game.Display.Display.run()V+1
j  game.Main.main([Ljava/lang/String;)V+3
v  ~StubRoutines::call_stub 0x00007bdbcbb38cc4
V  [libjvm.so+0x6d0894]
V  [libjvm.so+0xd8dc42]
V  [libjvm.so+0x7437b1]
C  [libjli.so+0x5507]
C  [libjli.so+0x574d]
C  [libc.so.6+0x9439d]

siginfo: si_signo: 11 (SIGSEGV), si_code: 1 (SEGV_MAPERR), si_addr: 0x0000000000000010

Registers:
RAX=0x00007bdb5c121068, RBX=0x00007bdb5c121068, RCX=0x0000000000000010, RDX=0x0000000000000000
RSP=0x00007bdbe23d0620, RBP=0x00007bdbe23d06b8, RSI=0x00000000c4e1d0a0, RDI=0x00007bdbe23d0a40
R8 =0xbf800000bf800000, R9 =0x00007bdbdc019710, R10=0x0000000000000000, R11=0x00007bdbcc0f0d20
R12=0x0000000000000000, R13=0x00007bdbe23d0640, R14=0x00007bdbe23d06e0, R15=0x00007bdbdc019710
RIP=0x00007bdbcc0f0d3d, EFLAGS=0x0000000000010206, CSGSFS=0x002b000000000033, ERR=0x0000000000000006
  TRAPNO=0x000000000000000e


Register to memory mapping:

RAX={method} {0x00007bdb5c121068} 'putLong' '(Ljava/lang/Object;JJ)V' in 'sun/misc/Unsafe'
RBX={method} {0x00007bdb5c121068} 'putLong' '(Ljava/lang/Object;JJ)V' in 'sun/misc/Unsafe'
RCX=0x0000000000000010 is an unknown value
RDX=0x0 is null
RSP=0x00007bdbe23d0620 is pointing into the stack for thread: 0x00007bdbdc019710
RBP=0x00007bdbe23d06b8 is pointing into the stack for thread: 0x00007bdbdc019710
RSI=0x00000000c4e1d0a0 is an oop: sun.misc.Unsafe 
{0x00000000c4e1d0a0} - klass: 'sun/misc/Unsafe'
 - ---- fields (total size 2 words):
RDI=0x00007bdbe23d0a40 is pointing into the stack for thread: 0x00007bdbdc019710
R8 =0xbf800000bf800000 is an unknown value
R9 =0x00007bdbdc019710 is a thread
R10=0x0 is null
R11=0x00007bdbcc0f0d20 is at entry_point+32 in (nmethod*)0x00007bdbcc0f0b90
Compiled method (c2) 1796  500       4       sun.misc.Unsafe::putLong (11 bytes)
 total in heap  [0x00007bdbcc0f0b90,0x00007bdbcc0f0dc0] = 560
 relocation     [0x00007bdbcc0f0ce8,0x00007bdbcc0f0d00] = 24
 main code      [0x00007bdbcc0f0d00,0x00007bdbcc0f0d78] = 120
 stub code      [0x00007bdbcc0f0d78,0x00007bdbcc0f0d90] = 24
 scopes data    [0x00007bdbcc0f0d90,0x00007bdbcc0f0d98] = 8
 scopes pcs     [0x00007bdbcc0f0d98,0x00007bdbcc0f0db8] = 32
 dependencies   [0x00007bdbcc0f0db8,0x00007bdbcc0f0dc0] = 8
R12=0x0 is null
R13=0x00007bdbe23d0640 is pointing into the stack for thread: 0x00007bdbdc019710
R14=0x00007bdbe23d06e0 is pointing into the stack for thread: 0x00007bdbdc019710
R15=0x00007bdbdc019710 is a thread

Top of Stack: (sp=0x00007bdbe23d0620)
0x00007bdbe23d0620:   00007bdbe23d06b8 00007bdbcbb50192
0x00007bdbe23d0630:   00007bdbe23d06b8 00007bdbcbb40180
0x00007bdbe23d0640:   bf800000bf800000 0000000000000000
0x00007bdbe23d0650:   0000000000000010 0000000000000000
0x00007bdbe23d0660:   0000000000000000 00000000c4e1d0a0
0x00007bdbe23d0670:   00007bdbe23d0670 00007bdb5c661288
0x00007bdbe23d0680:   0000000000000005 00007bdb5c67b758
0x00007bdbe23d0690:   0000000000000000 00000000c887d3e8
0x00007bdbe23d06a0:   00007bdb5c6612c8 00007bdbe23d0640
0x00007bdbe23d06b0:   00007bdbe23d06d0 00007bdbe23d0730
0x00007bdbe23d06c0:   00007bdbcbb40180 0000000000000000
0x00007bdbe23d06d0:   0000000000000010 0000000000000000
0x00007bdbe23d06e0:   00000000c885e238 00007bdbe23d06e8
0x00007bdbe23d06f0:   00007bdb5c66a2c6 0000000000000005
0x00007bdbe23d0700:   00007bdb5c67b758 0000000000000000
0x00007bdbe23d0710:   00000000c887d3e8 00007bdb5c66a310
0x00007bdbe23d0720:   00007bdbe23d06d0 00007bdbe23d0740
0x00007bdbe23d0730:   00007bdbe23d07a8 00007bdbcbb40180
0x00007bdbe23d0740:   00000000c8824728 0000000000000000
0x00007bdbe23d0750:   00000000c885e238 00000000c8567e38
0x00007bdbe23d0760:   00007bdbe23d0760 00007bdb5c630096
0x00007bdbe23d0770:   0000000000000004 00007bdb5c635d90
0x00007bdbe23d0780:   0000000000000000 00000000c885e120
0x00007bdbe23d0790:   00007bdb5c6300c8 00007bdbe23d0740
0x00007bdbe23d07a0:   00007bdbe23d07b8 00007bdbe23d0818
0x00007bdbe23d07b0:   00007bdbcbb402f2 00000000c8824728
0x00007bdbe23d07c0:   0000000000000000 00000000c885e238
0x00007bdbe23d07d0:   00007bdbe23d07d0 00007bdb5c404459
0x00007bdbe23d07e0:   0000000000000003 00007bdb5c627398
0x00007bdbe23d07f0:   0000000000000000 00000000c4e654f0
0x00007bdbe23d0800:   00007bdb5c404490 00007bdbe23d07b8
0x00007bdbe23d0810:   00007bdbe23d0828 00007bdbe23d0880 

Instructions: (pc=0x00007bdbcc0f0d3d)
0x00007bdbcc0f0c3d:   7b 00 00 00 00 00 00 00 00 00 00 00 00 00 00 00
0x00007bdbcc0f0c4d:   00 00 00 02 00 00 00 00 00 00 00 00 00 00 00 00
0x00007bdbcc0f0c5d:   00 00 00 00 00 00 00 00 00 00 00 00 0d 0f cc db
0x00007bdbcc0f0c6d:   7b 00 00 20 0d 0f cc db 7b 00 00 00 0d 0f cc db
0x00007bdbcc0f0c7d:   7b 00 00 00 00 00 00 ff ff ff ff e8 01 00 00 ff
0x00007bdbcc0f0c8d:   ff ff ff 70 01 00 00 e8 01 00 00 00 02 00 00 00
0x00007bdbcc0f0c9d:   02 00 00 00 00 00 00 08 02 00 00 28 02 00 00 30
0x00007bdbcc0f0cad:   02 00 00 30 02 00 00 30 02 00 00 30 02 00 00 30
0x00007bdbcc0f0cbd:   02 00 00 00 00 00 00 f4 01 00 00 00 00 00 00 02
0x00007bdbcc0f0ccd:   00 00 00 ff ff ff ff ff ff ff ff 04 02 00 00 00
0x00007bdbcc0f0cdd:   00 00 00 00 00 00 00 00 00 00 00 14 30 32 58 0e
0x00007bdbcc0f0ced:   78 0e 40 11 31 05 31 0e 00 00 31 0f 31 00 00 00
0x00007bdbcc0f0cfd:   00 00 00 44 8b 56 08 49 bb 00 00 00 67 db 7b 00
0x00007bdbcc0f0d0d:   00 4d 03 d3 49 3b c2 0f 85 66 53 a9 ff 66 90 0f
0x00007bdbcc0f0d1d:   1f 40 00 48 81 ec 18 00 00 00 48 89 6c 24 10 41
0x00007bdbcc0f0d2d:   81 7f 20 01 00 00 00 0f 85 30 00 00 00 4c 8b d2
0x00007bdbcc0f0d3d:   4d 89 04 0a 48 83 c4 10 5d 49 3b a7 48 04 00 00
0x00007bdbcc0f0d4d:   0f 87 01 00 00 00 c3 49 ba 46 0d 0f cc db 7b 00
0x00007bdbcc0f0d5d:   00 4d 89 97 60 04 00 00 e9 16 be a9 ff e8 d1 b5
0x00007bdbcc0f0d6d:   a7 ff e9 c6 ff ff ff f4 f4 f4 f4 e9 83 d4 b5 ff
0x00007bdbcc0f0d7d:   e8 00 00 00 00 48 83 2c 24 05 e9 14 b7 a9 ff f4
0x00007bdbcc0f0d8d:   f4 f4 f4 ff 00 00 00 00 00 00 00 ff ff ff ff 00
0x00007bdbcc0f0d9d:   00 00 00 00 00 00 00 00 00 00 00 91 00 00 00 00
0x00007bdbcc0f0dad:   00 00 00 00 00 00 00 00 00 00 00 00 00 00 00 00
0x00007bdbcc0f0dbd:   00 00 00 00 00 00 00 00 00 00 00 00 00 00 00 00
0x00007bdbcc0f0dcd:   00 00 00 00 00 00 00 00 00 00 00 00 00 00 00 00
0x00007bdbcc0f0ddd:   00 00 00 00 00 00 00 00 00 00 00 00 00 00 00 00
0x00007bdbcc0f0ded:   00 00 00 00 00 00 00 00 00 00 00 00 00 00 00 00
0x00007bdbcc0f0dfd:   00 00 00 00 00 00 00 00 00 00 00 00 00 00 00 00
0x00007bdbcc0f0e0d:   00 00 00 00 00 00 00 00 00 00 00 00 00 00 00 00
0x00007bdbcc0f0e1d:   00 00 00 00 00 00 00 00 00 00 00 00 00 00 00 00
0x00007bdbcc0f0e2d:   00 00 00 00 00 00 00 00 00 00 00 00 00 00 00 00 


Stack slot to memory mapping:

stack at sp + 0 slots: 0x00007bdbe23d06b8 is pointing into the stack for thread: 0x00007bdbdc019710
stack at sp + 1 slots: 0x00007bdbcbb50192 is at code_begin+146 in an Interpreter codelet
invokevirtual  182 invokevirtual  [0x00007bdbcbb50100, 0x00007bdbcbb505b8]  1208 bytes
stack at sp + 2 slots: 0x00007bdbe23d06b8 is pointing into the stack for thread: 0x00007bdbdc019710
stack at sp + 3 slots: 0x00007bdbcbb40180 is at code_begin+1184 in an Interpreter codelet
return entry points  [0x00007bdbcbb3fce0, 0x00007bdbcbb40880]  2976 bytes
stack at sp + 4 slots: 0xbf800000bf800000 is an unknown value
stack at sp + 5 slots: 0x0 is null
stack at sp + 6 slots: 0x0000000000000010 is an unknown value
stack at sp + 7 slots: 0x0 is null


Compiled method (c2) 1821  500       4       sun.misc.Unsafe::putLong (11 bytes)
 total in heap  [0x00007bdbcc0f0b90,0x00007bdbcc0f0dc0] = 560
 relocation     [0x00007bdbcc0f0ce8,0x00007bdbcc0f0d00] = 24
 main code      [0x00007bdbcc0f0d00,0x00007bdbcc0f0d78] = 120
 stub code      [0x00007bdbcc0f0d78,0x00007bdbcc0f0d90] = 24
 scopes data    [0x00007bdbcc0f0d90,0x00007bdbcc0f0d98] = 8
 scopes pcs     [0x00007bdbcc0f0d98,0x00007bdbcc0f0db8] = 32
 dependencies   [0x00007bdbcc0f0db8,0x00007bdbcc0f0dc0] = 8

[Constant Pool (empty)]

[MachCode]
[Entry Point]
  # {method} {0x00007bdb5c121068} 'putLong' '(Ljava/lang/Object;JJ)V' in 'sun/misc/Unsafe'
  # this:     rsi:rsi   = 'sun/misc/Unsafe'
  # parm0:    rdx:rdx   = 'java/lang/Object'
  # parm1:    rcx:rcx   = long
  # parm2:    r8:r8     = long
  #           [sp+0x20]  (sp of caller)
  0x00007bdbcc0f0d00: 448b 5608 | 49bb 0000 | 0067 db7b | 0000 4d03 | d349 3bc2 

  0x00007bdbcc0f0d14: ;   {runtime_call ic_miss_stub}
  0x00007bdbcc0f0d14: 0f85 6653 | a9ff 6690 | 0f1f 4000 
[Verified Entry Point]
  0x00007bdbcc0f0d20: 4881 ec18 | 0000 0048 | 896c 2410 | 4181 7f20 | 0100 0000 | 0f85 3000 | 0000 4c8b | d24d 8904 
  0x00007bdbcc0f0d40: 0a48 83c4 

  0x00007bdbcc0f0d44: ;   {poll_return}
  0x00007bdbcc0f0d44: 105d 493b | a748 0400 | 000f 8701 | 0000 00c3 

  0x00007bdbcc0f0d54: ;   {internal_word}
  0x00007bdbcc0f0d54: 49ba 460d | 0fcc db7b | 0000 4d89 | 9760 0400 

  0x00007bdbcc0f0d64: ;   {runtime_call SafepointBlob}
  0x00007bdbcc0f0d64: 00e9 16be 

  0x00007bdbcc0f0d68: ;   {runtime_call StubRoutines (final stubs)}
  0x00007bdbcc0f0d68: a9ff e8d1 | b5a7 ffe9 | c6ff ffff | f4f4 f4f4 
[Exception Handler]
  0x00007bdbcc0f0d78: ;   {no_reloc}
  0x00007bdbcc0f0d78: e983 d4b5 | ffe8 0000 | 0000 4883 

  0x00007bdbcc0f0d84: ;   {runtime_call DeoptimizationBlob}
  0x00007bdbcc0f0d84: 2c24 05e9 | 14b7 a9ff | f4f4 f4f4 
[/MachCode]


---------------  P R O C E S S  ---------------

Threads class SMR info:
_java_thread_list=0x00007bdbdc0fa130, length=10, elements={
0x00007bdbdc019710, 0x00007bdbdc0d0be0, 0x00007bdbdc0d2270, 0x00007bdbdc0d3a00,
0x00007bdbdc0d5040, 0x00007bdbdc0d65e0, 0x00007bdbdc0d8120, 0x00007bdbdc0d97e0,
0x00007bdbdc0f5ec0, 0x00007bdbdc0f8ff0
}

Java Threads: ( => current thread )
=>0x00007bdbdc019710 JavaThread "main"                              [_thread_in_Java, id=85248, stack(0x00007bdbe22d2000,0x00007bdbe23d2000) (1024K)]
  0x00007bdbdc0d0be0 JavaThread "Reference Handler"          daemon [_thread_blocked, id=85256, stack(0x00007bdbc4500000,0x00007bdbc4600000) (1024K)]
  0x00007bdbdc0d2270 JavaThread "Finalizer"                  daemon [_thread_blocked, id=85257, stack(0x00007bdbc4100000,0x00007bdbc4200000) (1024K)]
  0x00007bdbdc0d3a00 JavaThread "Signal Dispatcher"          daemon [_thread_blocked, id=85258, stack(0x00007bdbbdf00000,0x00007bdbbe000000) (1024K)]
  0x00007bdbdc0d5040 JavaThread "Service Thread"             daemon [_thread_blocked, id=85259, stack(0x00007bdbbddff000,0x00007bdbbdeff000) (1024K)]
  0x00007bdbdc0d65e0 JavaThread "Monitor Deflation Thread"   daemon [_thread_blocked, id=85260, stack(0x00007bdbbdcfe000,0x00007bdbbddfe000) (1024K)]
  0x00007bdbdc0d8120 JavaThread "C2 CompilerThread0"         daemon [_thread_blocked, id=85261, stack(0x00007bdbbdbfd000,0x00007bdbbdcfd000) (1024K)]
  0x00007bdbdc0d97e0 JavaThread "C1 CompilerThread0"         daemon [_thread_blocked, id=85262, stack(0x00007bdbbdafc000,0x00007bdbbdbfc000) (1024K)]
  0x00007bdbdc0f5ec0 JavaThread "Notification Thread"        daemon [_thread_blocked, id=85263, stack(0x00007bdbbd9fb000,0x00007bdbbdafb000) (1024K)]
  0x00007bdbdc0f8ff0 JavaThread "Common-Cleaner"             daemon [_thread_blocked, id=85264, stack(0x00007bdbbd8fa000,0x00007bdbbd9fa000) (1024K)]
Total: 10

Other Threads:
  0x00007bdbdc0c7ad0 VMThread "VM Thread"                           [id=85255, stack(0x00007bdbdbf00000,0x00007bdbdc000000) (1024K)]
  0x00007bdbdc0b6340 WatcherThread "VM Periodic Task Thread"        [id=85254, stack(0x00007bdbe008a000,0x00007bdbe018a000) (1024K)]
  0x00007bdbdc052260 WorkerThread "GC Thread#0"                     [id=85249, stack(0x00007bdbe08ae000,0x00007bdbe09ae000) (1024K)]
  0x00007bdb54006300 WorkerThread "GC Thread#1"                     [id=85280, stack(0x00007bdbbc054000,0x00007bdbbc154000) (1024K)]
  0x00007bdbdc05ae70 ConcurrentGCThread "G1 Main Marker"            [id=85250, stack(0x00007bdbe07ad000,0x00007bdbe08ad000) (1024K)]
  0x00007bdbdc05be20 WorkerThread "G1 Conc#0"                       [id=85251, stack(0x00007bdbe06ac000,0x00007bdbe07ac000) (1024K)]
  0x00007bdbdc09b920 ConcurrentGCThread "G1 Refine#0"               [id=85252, stack(0x00007bdbe03a9000,0x00007bdbe04a9000) (1024K)]
  0x00007bdbdc09c8e0 ConcurrentGCThread "G1 Service"                [id=85253, stack(0x00007bdbe02a8000,0x00007bdbe03a8000) (1024K)]
Total: 8

Threads with active compile tasks:
Total: 0

VM state: not at safepoint (normal execution)

VM Mutex/Monitor currently owned by a thread: None

Heap address: 0x00000000c4e00000, size: 946 MB, Compressed Oops mode: 32-bit

CDS archive(s) mapped at: [0x00007bdb67000000-0x00007bdb67c97000-0x00007bdb67c97000), size 13201408, SharedBaseAddress: 0x00007bdb67000000, ArchiveRelocationMode: 1.
Compressed class space mapped at: 0x00007bdb68000000-0x00007bdba8000000, reserved size: 1073741824
Narrow klass base: 0x00007bdb67000000, Narrow klass shift: 0, Narrow klass range: 0x100000000

GC Precious Log:
 CardTable entry size: 512
 Card Set container configuration: InlinePtr #cards 5 size 8 Array Of Cards #cards 12 size 40 Howl #buckets 4 coarsen threshold 1843 Howl Bitmap #cards 512 size 80 coarsen threshold 460 Card regions per heap region 1 cards per card region 2048
 CPUs: 2 total, 2 available
 Memory: 3779M
 Large Page Support: Disabled
 NUMA Support: Disabled
 Compressed Oops: Enabled (32-bit)
 Heap Region Size: 1M
 Heap Min Capacity: 8M
 Heap Initial Capacity: 60M
 Heap Max Capacity: 946M
 Pre-touch: Disabled
 Parallel Workers: 2
 Concurrent Workers: 1
 Concurrent Refinement Workers: 2
 Periodic GC: Disabled

Heap:
 garbage-first heap   total 63488K, used 16178K [0x00000000c4e00000, 0x0000000100000000)
  region size 1024K, 6 young (6144K), 1 survivors (1024K)
 Metaspace       used 5899K, committed 6080K, reserved 1114112K
  class space    used 279K, committed 384K, reserved 1048576K

Heap Regions: E=young(eden), S=young(survivor), O=old, HS=humongous(starts), HC=humongous(continues), CS=collection set, F=free, TAMS=top-at-mark-start, PB=parsable bottom
|   0|0x00000000c4e00000, 0x00000000c4ec0238, 0x00000000c4f00000| 75%| O|  |TAMS 0x00000000c4e00000| PB 0x00000000c4e00000| Untracked 
|   1|0x00000000c4f00000, 0x00000000c5000000, 0x00000000c5000000|100%|HS|  |TAMS 0x00000000c4f00000| PB 0x00000000c4f00000| Complete 
|   2|0x00000000c5000000, 0x00000000c5100000, 0x00000000c5100000|100%|HC|  |TAMS 0x00000000c5000000| PB 0x00000000c5000000| Complete 
|   3|0x00000000c5100000, 0x00000000c5200000, 0x00000000c5200000|100%|HC|  |TAMS 0x00000000c5100000| PB 0x00000000c5100000| Complete 
|   4|0x00000000c5200000, 0x00000000c5300000, 0x00000000c5300000|100%|HC|  |TAMS 0x00000000c5200000| PB 0x00000000c5200000| Complete 
|   5|0x00000000c5300000, 0x00000000c5400000, 0x00000000c5400000|100%|HC|  |TAMS 0x00000000c5300000| PB 0x00000000c5300000| Complete 
|   6|0x00000000c5400000, 0x00000000c5500000, 0x00000000c5500000|100%|HS|  |TAMS 0x00000000c5400000| PB 0x00000000c5400000| Complete 
|   7|0x00000000c5500000, 0x00000000c5600000, 0x00000000c5600000|100%|HC|  |TAMS 0x00000000c5500000| PB 0x00000000c5500000| Complete 
|   8|0x00000000c5600000, 0x00000000c5700000, 0x00000000c5700000|100%|HC|  |TAMS 0x00000000c5600000| PB 0x00000000c5600000| Complete 
|   9|0x00000000c5700000, 0x00000000c5800000, 0x00000000c5800000|100%|HC|  |TAMS 0x00000000c5700000| PB 0x00000000c5700000| Complete 
|  10|0x00000000c5800000, 0x00000000c5900000, 0x00000000c5900000|100%|HC|  |TAMS 0x00000000c5800000| PB 0x00000000c5800000| Complete 
|  11|0x00000000c5900000, 0x00000000c5900000, 0x00000000c5a00000|  0%| F|  |TAMS 0x00000000c5900000| PB 0x00000000c5900000| Untracked 
|  12|0x00000000c5a00000, 0x00000000c5a00000, 0x00000000c5b00000|  0%| F|  |TAMS 0x00000000c5a00000| PB 0x00000000c5a00000| Untracked 
|  13|0x00000000c5b00000, 0x00000000c5b00000, 0x00000000c5c00000|  0%| F|  |TAMS 0x00000000c5b00000| PB 0x00000000c5b00000| Untracked 
|  14|0x00000000c5c00000, 0x00000000c5c00000, 0x00000000c5d00000|  0%| F|  |TAMS 0x00000000c5c00000| PB 0x00000000c5c00000| Untracked 
|  15|0x00000000c5d00000, 0x00000000c5d00000, 0x00000000c5e00000|  0%| F|  |TAMS 0x00000000c5d00000| PB 0x00000000c5d00000| Untracked 
|  16|0x00000000c5e00000, 0x00000000c5e00000, 0x00000000c5f00000|  0%| F|  |TAMS 0x00000000c5e00000| PB 0x00000000c5e00000| Untracked 
|  17|0x00000000c5f00000, 0x00000000c5f00000, 0x00000000c6000000|  0%| F|  |TAMS 0x00000000c5f00000| PB 0x00000000c5f00000| Untracked 
|  18|0x00000000c6000000, 0x00000000c6000000, 0x00000000c6100000|  0%| F|  |TAMS 0x00000000c6000000| PB 0x00000000c6000000| Untracked 
|  19|0x00000000c6100000, 0x00000000c6100000, 0x00000000c6200000|  0%| F|  |TAMS 0x00000000c6100000| PB 0x00000000c6100000| Untracked 
|  20|0x00000000c6200000, 0x00000000c6200000, 0x00000000c6300000|  0%| F|  |TAMS 0x00000000c6200000| PB 0x00000000c6200000| Untracked 
|  21|0x00000000c6300000, 0x00000000c6300000, 0x00000000c6400000|  0%| F|  |TAMS 0x00000000c6300000| PB 0x00000000c6300000| Untracked 
|  22|0x00000000c6400000, 0x00000000c6400000, 0x00000000c6500000|  0%| F|  |TAMS 0x00000000c6400000| PB 0x00000000c6400000| Untracked 
|  23|0x00000000c6500000, 0x00000000c6500000, 0x00000000c6600000|  0%| F|  |TAMS 0x00000000c6500000| PB 0x00000000c6500000| Untracked 
|  24|0x00000000c6600000, 0x00000000c6600000, 0x00000000c6700000|  0%| F|  |TAMS 0x00000000c6600000| PB 0x00000000c6600000| Untracked 
|  25|0x00000000c6700000, 0x00000000c6700000, 0x00000000c6800000|  0%| F|  |TAMS 0x00000000c6700000| PB 0x00000000c6700000| Untracked 
|  26|0x00000000c6800000, 0x00000000c6800000, 0x00000000c6900000|  0%| F|  |TAMS 0x00000000c6800000| PB 0x00000000c6800000| Untracked 
|  27|0x00000000c6900000, 0x00000000c6900000, 0x00000000c6a00000|  0%| F|  |TAMS 0x00000000c6900000| PB 0x00000000c6900000| Untracked 
|  28|0x00000000c6a00000, 0x00000000c6a00000, 0x00000000c6b00000|  0%| F|  |TAMS 0x00000000c6a00000| PB 0x00000000c6a00000| Untracked 
|  29|0x00000000c6b00000, 0x00000000c6b00000, 0x00000000c6c00000|  0%| F|  |TAMS 0x00000000c6b00000| PB 0x00000000c6b00000| Untracked 
|  30|0x00000000c6c00000, 0x00000000c6c00000, 0x00000000c6d00000|  0%| F|  |TAMS 0x00000000c6c00000| PB 0x00000000c6c00000| Untracked 
|  31|0x00000000c6d00000, 0x00000000c6d00000, 0x00000000c6e00000|  0%| F|  |TAMS 0x00000000c6d00000| PB 0x00000000c6d00000| Untracked 
|  32|0x00000000c6e00000, 0x00000000c6e00000, 0x00000000c6f00000|  0%| F|  |TAMS 0x00000000c6e00000| PB 0x00000000c6e00000| Untracked 
|  33|0x00000000c6f00000, 0x00000000c6f00000, 0x00000000c7000000|  0%| F|  |TAMS 0x00000000c6f00000| PB 0x00000000c6f00000| Untracked 
|  34|0x00000000c7000000, 0x00000000c7000000, 0x00000000c7100000|  0%| F|  |TAMS 0x00000000c7000000| PB 0x00000000c7000000| Untracked 
|  35|0x00000000c7100000, 0x00000000c7100000, 0x00000000c7200000|  0%| F|  |TAMS 0x00000000c7100000| PB 0x00000000c7100000| Untracked 
|  36|0x00000000c7200000, 0x00000000c7200000, 0x00000000c7300000|  0%| F|  |TAMS 0x00000000c7200000| PB 0x00000000c7200000| Untracked 
|  37|0x00000000c7300000, 0x00000000c7300000, 0x00000000c7400000|  0%| F|  |TAMS 0x00000000c7300000| PB 0x00000000c7300000| Untracked 
|  38|0x00000000c7400000, 0x00000000c7400000, 0x00000000c7500000|  0%| F|  |TAMS 0x00000000c7400000| PB 0x00000000c7400000| Untracked 
|  39|0x00000000c7500000, 0x00000000c7500000, 0x00000000c7600000|  0%| F|  |TAMS 0x00000000c7500000| PB 0x00000000c7500000| Untracked 
|  40|0x00000000c7600000, 0x00000000c7600000, 0x00000000c7700000|  0%| F|  |TAMS 0x00000000c7600000| PB 0x00000000c7600000| Untracked 
|  41|0x00000000c7700000, 0x00000000c7700000, 0x00000000c7800000|  0%| F|  |TAMS 0x00000000c7700000| PB 0x00000000c7700000| Untracked 
|  42|0x00000000c7800000, 0x00000000c7800000, 0x00000000c7900000|  0%| F|  |TAMS 0x00000000c7800000| PB 0x00000000c7800000| Untracked 
|  43|0x00000000c7900000, 0x00000000c7900000, 0x00000000c7a00000|  0%| F|  |TAMS 0x00000000c7900000| PB 0x00000000c7900000| Untracked 
|  44|0x00000000c7a00000, 0x00000000c7a00000, 0x00000000c7b00000|  0%| F|  |TAMS 0x00000000c7a00000| PB 0x00000000c7a00000| Untracked 
|  45|0x00000000c7b00000, 0x00000000c7b00000, 0x00000000c7c00000|  0%| F|  |TAMS 0x00000000c7b00000| PB 0x00000000c7b00000| Untracked 
|  46|0x00000000c7c00000, 0x00000000c7c00000, 0x00000000c7d00000|  0%| F|  |TAMS 0x00000000c7c00000| PB 0x00000000c7c00000| Untracked 
|  47|0x00000000c7d00000, 0x00000000c7d00000, 0x00000000c7e00000|  0%| F|  |TAMS 0x00000000c7d00000| PB 0x00000000c7d00000| Untracked 
|  48|0x00000000c7e00000, 0x00000000c7e00000, 0x00000000c7f00000|  0%| F|  |TAMS 0x00000000c7e00000| PB 0x00000000c7e00000| Untracked 
|  49|0x00000000c7f00000, 0x00000000c7f00000, 0x00000000c8000000|  0%| F|  |TAMS 0x00000000c7f00000| PB 0x00000000c7f00000| Untracked 
|  50|0x00000000c8000000, 0x00000000c8000000, 0x00000000c8100000|  0%| F|  |TAMS 0x00000000c8000000| PB 0x00000000c8000000| Untracked 
|  51|0x00000000c8100000, 0x00000000c8100000, 0x00000000c8200000|  0%| F|  |TAMS 0x00000000c8100000| PB 0x00000000c8100000| Untracked 
|  52|0x00000000c8200000, 0x00000000c8200000, 0x00000000c8300000|  0%| F|  |TAMS 0x00000000c8200000| PB 0x00000000c8200000| Untracked 
|  53|0x00000000c8300000, 0x00000000c8400000, 0x00000000c8400000|100%| S|CS|TAMS 0x00000000c8300000| PB 0x00000000c8300000| Complete 
|  54|0x00000000c8400000, 0x00000000c8400000, 0x00000000c8500000|  0%| F|  |TAMS 0x00000000c8400000| PB 0x00000000c8400000| Untracked 
|  55|0x00000000c8500000, 0x00000000c857b7d0, 0x00000000c8600000| 48%| E|  |TAMS 0x00000000c8500000| PB 0x00000000c8500000| Complete 
|  56|0x00000000c8600000, 0x00000000c8700000, 0x00000000c8700000|100%| E|CS|TAMS 0x00000000c8600000| PB 0x00000000c8600000| Complete 
|  57|0x00000000c8700000, 0x00000000c8800000, 0x00000000c8800000|100%| E|  |TAMS 0x00000000c8700000| PB 0x00000000c8700000| Complete 
|  58|0x00000000c8800000, 0x00000000c8900000, 0x00000000c8900000|100%| E|CS|TAMS 0x00000000c8800000| PB 0x00000000c8800000| Complete 
|  59|0x00000000c8900000, 0x00000000c8a00000, 0x00000000c8a00000|100%| E|CS|TAMS 0x00000000c8900000| PB 0x00000000c8900000| Complete 
| 944|0x00000000ffe00000, 0x00000000fff00000, 0x00000000fff00000|100%| O|  |TAMS 0x00000000ffe00000| PB 0x00000000ffe00000| Untracked 
| 945|0x00000000fff00000, 0x00000000fff0c670, 0x0000000100000000|  4%| O|  |TAMS 0x00000000fff00000| PB 0x00000000fff00000| Untracked 

Card table byte_map: [0x00007bdbe1876000,0x00007bdbe1a4f000] _byte_map_base: 0x00007bdbe124f000

Marking Bits: (CMBitMap*) 0x00007bdbdc052d90
 Bits: [0x00007bdbe09ae000, 0x00007bdbe1876000)

Polling page: 0x00007bdbe3a15000

Metaspace:

Usage:
  Non-class:      5.49 MB used.
      Class:    279.94 KB used.
       Both:      5.76 MB used.

Virtual space:
  Non-class space:       64.00 MB reserved,       5.56 MB (  9%) committed,  1 nodes.
      Class space:        1.00 GB reserved,     384.00 KB ( <1%) committed,  1 nodes.
             Both:        1.06 GB reserved,       5.94 MB ( <1%) committed. 

Chunk freelists:
   Non-Class:  8.02 MB
       Class:  15.58 MB
        Both:  23.60 MB

MaxMetaspaceSize: unlimited
CompressedClassSpaceSize: 1.00 GB
Initial GC threshold: 21.00 MB
Current GC threshold: 21.00 MB
CDS: on
 - commit_granule_bytes: 65536.
 - commit_granule_words: 8192.
 - virtual_space_node_default_size: 8388608.
 - enlarge_chunks_in_place: 1.
 - use_allocation_guard: 0.


Internal statistics:

num_allocs_failed_limit: 0.
num_arena_births: 64.
num_arena_deaths: 0.
num_vsnodes_births: 2.
num_vsnodes_deaths: 0.
num_space_committed: 93.
num_space_uncommitted: 0.
num_chunks_returned_to_freelist: 0.
num_chunks_taken_from_freelist: 224.
num_chunk_merges: 0.
num_chunk_splits: 166.
num_chunks_enlarged: 128.
num_inconsistent_stats: 0.

CodeHeap 'non-profiled nmethods': size=120036Kb used=205Kb max_used=205Kb free=119830Kb
 bounds [0x00007bdbcc0c7000, 0x00007bdbcc337000, 0x00007bdbd3600000]
CodeHeap 'profiled nmethods': size=120032Kb used=988Kb max_used=988Kb free=119043Kb
 bounds [0x00007bdbc4600000, 0x00007bdbc4870000, 0x00007bdbcbb38000]
CodeHeap 'non-nmethods': size=5692Kb used=2142Kb max_used=2144Kb free=3549Kb
 bounds [0x00007bdbcbb38000, 0x00007bdbcbda8000, 0x00007bdbcc0c7000]
 total_blobs=1780 nmethods=646 adapters=1041
 compilation: enabled
              stopped_count=0, restarted_count=0
 full_count=0

Compilation events (20 events):
Event: 1.759 Thread 0x00007bdbdc0d97e0  633       3       java.lang.reflect.ReflectAccess::copyField (5 bytes)
Event: 1.759 Thread 0x00007bdbdc0d97e0 nmethod 633 0x00007bdbc46ebb90 code [0x00007bdbc46ebd40, 0x00007bdbc46ebe80]
Event: 1.761 Thread 0x00007bdbdc0d97e0  635   !   3       java.net.URL::<init> (543 bytes)
Event: 1.771 Thread 0x00007bdbdc0d97e0 nmethod 635 0x00007bdbc46ebf90 code [0x00007bdbc46ec580, 0x00007bdbc46ef6e8]
Event: 1.771 Thread 0x00007bdbdc0d97e0  637       3       java.util.HashMap::get (19 bytes)
Event: 1.772 Thread 0x00007bdbdc0d97e0 nmethod 637 0x00007bdbc46f1410 code [0x00007bdbc46f15c0, 0x00007bdbc46f1770]
Event: 1.772 Thread 0x00007bdbdc0d97e0  634       3       java.net.URL::<init> (8 bytes)
Event: 1.773 Thread 0x00007bdbdc0d97e0 nmethod 634 0x00007bdbc46f1890 code [0x00007bdbc46f1a40, 0x00007bdbc46f1b88]
Event: 1.773 Thread 0x00007bdbdc0d97e0  636       3       java.net.URLStreamHandler::setURL (156 bytes)
Event: 1.774 Thread 0x00007bdbdc0d97e0 nmethod 636 0x00007bdbc46f1c10 code [0x00007bdbc46f1f20, 0x00007bdbc46f2f50]
Event: 1.774 Thread 0x00007bdbdc0d97e0  641       3       java.lang.StringConcatHelper::newString (67 bytes)
Event: 1.774 Thread 0x00007bdbdc0d97e0 nmethod 641 0x00007bdbc46f3590 code [0x00007bdbc46f3800, 0x00007bdbc46f41a8]
Event: 1.774 Thread 0x00007bdbdc0d97e0  639       3       java.util.zip.ZipFile$ZipFileInflaterInputStream::fill (80 bytes)
Event: 1.775 Thread 0x00007bdbdc0d97e0 nmethod 639 0x00007bdbc46f4510 code [0x00007bdbc46f4700, 0x00007bdbc46f4ad0]
Event: 1.775 Thread 0x00007bdbdc0d97e0  640   !   3       java.util.zip.ZipFile$ZipFileInputStream::read (135 bytes)
Event: 1.775 Thread 0x00007bdbdc0d97e0 nmethod 640 0x00007bdbc46f4c90 code [0x00007bdbc46f4ec0, 0x00007bdbc46f5538]
Event: 1.776 Thread 0x00007bdbdc0d97e0  642  s    3       jdk.internal.loader.Resource::cachedInputStream (20 bytes)
Event: 1.776 Thread 0x00007bdbdc0d97e0 nmethod 642 0x00007bdbc46f5890 code [0x00007bdbc46f5a40, 0x00007bdbc46f5d68]
Event: 1.776 Thread 0x00007bdbdc0d97e0  643       3       java.security.CodeSource::getCertificates (95 bytes)
Event: 1.777 Thread 0x00007bdbdc0d97e0 nmethod 643 0x00007bdbc46f5e10 code [0x00007bdbc46f6080, 0x00007bdbc46f6bb8]

GC Heap History (2 events):
Event: 1.317 GC heap before
{Heap before GC invocations=0 (full 0):
 garbage-first heap   total 63488K, used 6193K [0x00000000c4e00000, 0x0000000100000000)
  region size 1024K, 6 young (6144K), 0 survivors (0K)
 Metaspace       used 3083K, committed 3200K, reserved 1114112K
  class space    used 188K, committed 256K, reserved 1048576K
}
Event: 1.337 GC heap after
{Heap after GC invocations=1 (full 0):
 garbage-first heap   total 63488K, used 2866K [0x00000000c4e00000, 0x0000000100000000)
  region size 1024K, 1 young (1024K), 1 survivors (1024K)
 Metaspace       used 3083K, committed 3200K, reserved 1114112K
  class space    used 188K, committed 256K, reserved 1048576K
}

Dll operation events (9 events):
Event: 0.034 Loaded shared library /usr/lib/jvm/java-21-openjdk/lib/libjava.so
Event: 0.173 Loaded shared library /usr/lib/jvm/java-21-openjdk/lib/libjsvml.so
Event: 0.194 Loaded shared library /usr/lib/jvm/java-21-openjdk/lib/libnio.so
Event: 0.198 Loaded shared library /usr/lib/jvm/java-21-openjdk/lib/libzip.so
Event: 0.277 Loaded shared library /usr/lib/jvm/java-21-openjdk/lib/libjimage.so
Event: 0.299 Loaded shared library /usr/lib/jvm/java-21-openjdk/lib/libnet.so
Event: 0.317 Loaded shared library /tmp/lwjgl_zeph/3.3.4+7/x64/liblwjgl.so
Event: 0.929 Loaded shared library /tmp/lwjgl_zeph/3.3.4+7/x64/liblwjgl_opengl.so
Event: 1.389 Loaded shared library /usr/lib/jvm/java-21-openjdk/lib/libverify.so

Deoptimization events (20 events):
Event: 1.107 Thread 0x00007bdbdc019710 Uncommon trap: trap_request=0xffffff54 fr.pc=0x00007bdbcc0efdf0 relative=0x0000000000000070
Event: 1.107 Thread 0x00007bdbdc019710 Uncommon trap: reason=speculate_null_assert action=make_not_entrant pc=0x00007bdbcc0efdf0 method=sun.misc.Unsafe.putLong(Ljava/lang/Object;JJ)V @ 7 c2
Event: 1.107 Thread 0x00007bdbdc019710 DEOPT PACKING pc=0x00007bdbcc0efdf0 sp=0x00007bdbe23d01d0
Event: 1.107 Thread 0x00007bdbdc019710 DEOPT UNPACKING pc=0x00007bdbcbb8bf93 sp=0x00007bdbe23d0168 mode 2
Event: 1.116 Thread 0x00007bdbdc019710 Uncommon trap: trap_request=0xffffff54 fr.pc=0x00007bdbcc0f106c relative=0x000000000000006c
Event: 1.116 Thread 0x00007bdbdc019710 Uncommon trap: reason=speculate_null_assert action=make_not_entrant pc=0x00007bdbcc0f106c method=sun.misc.Unsafe.getLong(Ljava/lang/Object;J)J @ 5 c2
Event: 1.116 Thread 0x00007bdbdc019710 DEOPT PACKING pc=0x00007bdbcc0f106c sp=0x00007bdbe23d0210
Event: 1.116 Thread 0x00007bdbdc019710 DEOPT UNPACKING pc=0x00007bdbcbb8bf93 sp=0x00007bdbe23d01b8 mode 2
Event: 1.310 Thread 0x00007bdbdc019710 DEOPT PACKING pc=0x00007bdbc4612ec8 sp=0x00007bdbe23ca410
Event: 1.310 Thread 0x00007bdbdc019710 DEOPT UNPACKING pc=0x00007bdbcbb8c710 sp=0x00007bdbe23c9850 mode 0
Event: 1.575 Thread 0x00007bdbdc019710 DEOPT PACKING pc=0x00007bdbc4602449 sp=0x00007bdbe23ce640
Event: 1.575 Thread 0x00007bdbdc019710 DEOPT UNPACKING pc=0x00007bdbcbb8c710 sp=0x00007bdbe23cdac8 mode 0
Event: 1.622 Thread 0x00007bdbdc019710 Uncommon trap: trap_request=0xffffff45 fr.pc=0x00007bdbcc0cebd8 relative=0x00000000000000b8
Event: 1.622 Thread 0x00007bdbdc019710 Uncommon trap: reason=unstable_if action=reinterpret pc=0x00007bdbcc0cebd8 method=java.lang.String.isLatin1()Z @ 10 c2
Event: 1.622 Thread 0x00007bdbdc019710 DEOPT PACKING pc=0x00007bdbcc0cebd8 sp=0x00007bdbe23cf0a0
Event: 1.622 Thread 0x00007bdbdc019710 DEOPT UNPACKING pc=0x00007bdbcbb8bf93 sp=0x00007bdbe23cf000 mode 2
Event: 1.623 Thread 0x00007bdbdc019710 Uncommon trap: trap_request=0xffffff45 fr.pc=0x00007bdbcc0cca6c relative=0x000000000000006c
Event: 1.623 Thread 0x00007bdbdc019710 Uncommon trap: reason=unstable_if action=reinterpret pc=0x00007bdbcc0cca6c method=java.lang.String.isLatin1()Z @ 10 c2
Event: 1.623 Thread 0x00007bdbdc019710 DEOPT PACKING pc=0x00007bdbcc0cca6c sp=0x00007bdbe23ce5c0
Event: 1.623 Thread 0x00007bdbdc019710 DEOPT UNPACKING pc=0x00007bdbcbb8bf93 sp=0x00007bdbe23ce570 mode 2

Classes loaded (20 events):
Event: 1.495 Loading class java/io/BufferedReader
Event: 1.495 Loading class java/io/BufferedReader done
Event: 1.495 Loading class sun/nio/cs/StreamDecoder
Event: 1.496 Loading class sun/nio/cs/StreamDecoder done
Event: 1.496 Loading class sun/nio/cs/UTF_8$Decoder
Event: 1.496 Loading class java/nio/charset/CharsetDecoder
Event: 1.496 Loading class java/nio/charset/CharsetDecoder done
Event: 1.496 Loading class sun/nio/cs/UTF_8$Decoder done
Event: 1.556 Loading class java/io/Externalizable
Event: 1.556 Loading class java/io/Externalizable done
Event: 1.583 Loading class jdk/internal/module/ModulePatcher$PatchedModuleReader
Event: 1.583 Loading class jdk/internal/module/ModulePatcher$PatchedModuleReader done
Event: 1.583 Loading class sun/net/www/protocol/jrt/Handler
Event: 1.583 Loading class sun/net/www/protocol/jrt/Handler done
Event: 1.618 Loading class sun/text/resources/cldr/FormatData_en
Event: 1.621 Loading class sun/text/resources/cldr/FormatData_en done
Event: 1.621 Loading class sun/text/resources/cldr/FormatData_en_US
Event: 1.621 Loading class sun/text/resources/cldr/FormatData_en_US done
Event: 1.640 Loading class java/lang/SecurityException
Event: 1.640 Loading class java/lang/SecurityException done

Classes unloaded (0 events):
No events

Classes redefined (0 events):
No events

Internal exceptions (20 events):
Event: 0.255 Thread 0x00007bdbdc019710 Exception <a 'java/lang/NoSuchMethodError'{0x00000000c8876be0}: 'void java.lang.invoke.DirectMethodHandle$Holder.invokeStatic(java.lang.Object, java.lang.Object)'> (0x00000000c8876be0) 
thrown [/usr/src/debug/java21-openjdk/jdk21u-jdk-21.0.5-11/src/hotspot/share/interpreter/linkResolver.cpp, line 772]
Event: 0.257 Thread 0x00007bdbdc019710 Exception <a 'java/lang/NoSuchMethodError'{0x00000000c887bd18}: 'void java.lang.System.load(java.lang.String, java.lang.Class)'> (0x00000000c887bd18) 
thrown [/usr/src/debug/java21-openjdk/jdk21u-jdk-21.0.5-11/src/hotspot/share/interpreter/linkResolver.cpp, line 772]
Event: 0.257 Thread 0x00007bdbdc019710 Exception <a 'java/lang/NoSuchMethodError'{0x00000000c887c9e8}: 'void java.lang.invoke.DirectMethodHandle$Holder.invokeSpecial(java.lang.Object, java.lang.Object, java.lang.Object)'> (0x00000000c887c9e8) 
thrown [/usr/src/debug/java21-openjdk/jdk21u-jdk-21.0.5-11/src/hotspot/share/interpreter/linkResolver.cpp, line 772]
Event: 0.263 Thread 0x00007bdbdc019710 Exception <a 'java/lang/NoSuchMethodError'{0x00000000c888ec50}: 'java.lang.Object java.lang.invoke.DirectMethodHandle$Holder.invokeStatic(java.lang.Object, java.lang.Object, int)'> (0x00000000c888ec50) 
thrown [/usr/src/debug/java21-openjdk/jdk21u-jdk-21.0.5-11/src/hotspot/share/interpreter/linkResolver.cpp, line 772]
Event: 0.265 Thread 0x00007bdbdc019710 Exception <a 'java/lang/NoSuchMethodError'{0x00000000c889a4a8}: 'void java.lang.invoke.DelegatingMethodHandle$Holder.delegate(java.lang.Object, java.lang.Object, int, java.lang.Object)'> (0x00000000c889a4a8) 
thrown [/usr/src/debug/java21-openjdk/jdk21u-jdk-21.0.5-11/src/hotspot/share/interpreter/linkResolver.cpp, line 772]
Event: 0.266 Thread 0x00007bdbdc019710 Exception <a 'java/lang/NoSuchMethodError'{0x00000000c889e4a0}: 'int java.lang.invoke.DirectMethodHandle$Holder.invokeSpecial(java.lang.Object, java.lang.Object, java.lang.Object)'> (0x00000000c889e4a0) 
thrown [/usr/src/debug/java21-openjdk/jdk21u-jdk-21.0.5-11/src/hotspot/share/interpreter/linkResolver.cpp, line 772]
Event: 0.273 Thread 0x00007bdbdc019710 Exception <a 'java/lang/NoSuchMethodError'{0x00000000c88b8e78}: 'void java.lang.System.loadLibrary(java.lang.String, java.lang.Class)'> (0x00000000c88b8e78) 
thrown [/usr/src/debug/java21-openjdk/jdk21u-jdk-21.0.5-11/src/hotspot/share/interpreter/linkResolver.cpp, line 772]
Event: 0.327 Thread 0x00007bdbdc019710 Exception <a 'sun/nio/fs/UnixException'{0x00000000c87ae8c0}> (0x00000000c87ae8c0) 
thrown [/usr/src/debug/java21-openjdk/jdk21u-jdk-21.0.5-11/src/hotspot/share/prims/jni.cpp, line 520]
Event: 0.472 Thread 0x00007bdbdc019710 Exception <a 'sun/nio/fs/UnixException'{0x00000000c864ff90}> (0x00000000c864ff90) 
thrown [/usr/src/debug/java21-openjdk/jdk21u-jdk-21.0.5-11/src/hotspot/share/prims/jni.cpp, line 520]
Event: 0.487 Thread 0x00007bdbdc019710 Exception <a 'java/lang/NoSuchMethodError'{0x00000000c869a478}: 'int java.lang.invoke.DirectMethodHandle$Holder.invokeStaticInit(java.lang.Object, java.lang.Object, int, long)'> (0x00000000c869a478) 
thrown [/usr/src/debug/java21-openjdk/jdk21u-jdk-21.0.5-11/src/hotspot/share/interpreter/linkResolver.cpp, line 772]
Event: 0.488 Thread 0x00007bdbdc019710 Exception <a 'java/lang/NoSuchMethodError'{0x00000000c869f7e0}: 'java.lang.Object java.lang.invoke.DirectMethodHandle$Holder.newInvokeSpecial(java.lang.Object, java.lang.Object, int)'> (0x00000000c869f7e0) 
thrown [/usr/src/debug/java21-openjdk/jdk21u-jdk-21.0.5-11/src/hotspot/share/interpreter/linkResolver.cpp, line 772]
Event: 0.494 Thread 0x00007bdbdc019710 Exception <a 'java/lang/NoSuchMethodError'{0x00000000c86adee0}: 'int java.lang.invoke.DirectMethodHandle$Holder.invokeStaticInit(java.lang.Object, java.lang.Object, long, long)'> (0x00000000c86adee0) 
thrown [/usr/src/debug/java21-openjdk/jdk21u-jdk-21.0.5-11/src/hotspot/share/interpreter/linkResolver.cpp, line 772]
Event: 0.495 Thread 0x00007bdbdc019710 Exception <a 'java/lang/NoSuchMethodError'{0x00000000c86b3988}: 'java.lang.Object java.lang.invoke.DirectMethodHandle$Holder.newInvokeSpecial(java.lang.Object, java.lang.Object, long)'> (0x00000000c86b3988) 
thrown [/usr/src/debug/java21-openjdk/jdk21u-jdk-21.0.5-11/src/hotspot/share/interpreter/linkResolver.cpp, line 772]
Event: 0.499 Thread 0x00007bdbdc019710 Exception <a 'java/lang/NoSuchMethodError'{0x00000000c86b7af0}: 'java.lang.Object java.lang.invoke.Invokers$Holder.linkToTargetMethod(java.lang.Object, long, java.lang.Object)'> (0x00000000c86b7af0) 
thrown [/usr/src/debug/java21-openjdk/jdk21u-jdk-21.0.5-11/src/hotspot/share/interpreter/linkResolver.cpp, line 772]
Event: 0.503 Thread 0x00007bdbdc019710 Exception <a 'java/lang/NoSuchMethodError'{0x00000000c86bef88}: 'int java.lang.invoke.DirectMethodHandle$Holder.invokeStaticInit(java.lang.Object, java.lang.Object, java.lang.Object, long)'> (0x00000000c86bef88) 
thrown [/usr/src/debug/java21-openjdk/jdk21u-jdk-21.0.5-11/src/hotspot/share/interpreter/linkResolver.cpp, line 772]
Event: 0.918 Thread 0x00007bdbdc019710 Exception <a 'java/lang/NoSuchMethodError'{0x00000000c85918b8}: 'void java.lang.System.load(java.lang.String, java.lang.Class)'> (0x00000000c85918b8) 
thrown [/usr/src/debug/java21-openjdk/jdk21u-jdk-21.0.5-11/src/hotspot/share/interpreter/linkResolver.cpp, line 772]
Event: 0.919 Thread 0x00007bdbdc019710 Exception <a 'java/lang/NoSuchMethodError'{0x00000000c8594328}: 'void java.lang.System.loadLibrary(java.lang.String, java.lang.Class)'> (0x00000000c8594328) 
thrown [/usr/src/debug/java21-openjdk/jdk21u-jdk-21.0.5-11/src/hotspot/share/interpreter/linkResolver.cpp, line 772]
Event: 0.928 Thread 0x00007bdbdc019710 Exception <a 'sun/nio/fs/UnixException'{0x00000000c85a3720}> (0x00000000c85a3720) 
thrown [/usr/src/debug/java21-openjdk/jdk21u-jdk-21.0.5-11/src/hotspot/share/prims/jni.cpp, line 520]
Event: 0.941 Thread 0x00007bdbdc019710 Exception <a 'sun/nio/fs/UnixException'{0x00000000c85ac500}> (0x00000000c85ac500) 
thrown [/usr/src/debug/java21-openjdk/jdk21u-jdk-21.0.5-11/src/hotspot/share/prims/jni.cpp, line 520]
Event: 1.780 Thread 0x00007bdbdc019710 Implicit null exception at 0x00007bdbcc0f0d3d to 0x0000000000000000

ZGC Phase Switch (0 events):
No events

VM Operations (6 events):
Event: 0.479 Executing VM operation: HandshakeAllThreads (Deoptimize)
Event: 0.479 Executing VM operation: HandshakeAllThreads (Deoptimize) done
Event: 1.317 Executing VM operation: G1CollectForAllocation (G1 Evacuation Pause)
Event: 1.337 Executing VM operation: G1CollectForAllocation (G1 Evacuation Pause) done
Event: 1.575 Executing VM operation: HandshakeAllThreads (Deoptimize)
Event: 1.575 Executing VM operation: HandshakeAllThreads (Deoptimize) done

Memory protections (10 events):
Event: 0.028 Protecting memory [0x00007bdbe22d2000,0x00007bdbe22d6000] with protection modes 0
Event: 0.168 Protecting memory [0x00007bdbc4500000,0x00007bdbc4504000] with protection modes 0
Event: 0.169 Protecting memory [0x00007bdbc4100000,0x00007bdbc4104000] with protection modes 0
Event: 0.169 Protecting memory [0x00007bdbbdf00000,0x00007bdbbdf04000] with protection modes 0
Event: 0.170 Protecting memory [0x00007bdbbddff000,0x00007bdbbde03000] with protection modes 0
Event: 0.170 Protecting memory [0x00007bdbbdcfe000,0x00007bdbbdd02000] with protection modes 0
Event: 0.171 Protecting memory [0x00007bdbbdbfd000,0x00007bdbbdc01000] with protection modes 0
Event: 0.171 Protecting memory [0x00007bdbbdafc000,0x00007bdbbdb00000] with protection modes 0
Event: 0.182 Protecting memory [0x00007bdbbd9fb000,0x00007bdbbd9ff000] with protection modes 0
Event: 0.187 Protecting memory [0x00007bdbbd8fa000,0x00007bdbbd8fe000] with protection modes 0

Nmethod flushes (0 events):
No events

Events (10 events):
Event: 0.140 Thread 0x00007bdbdc019710 Thread added: 0x00007bdbdc019710
Event: 0.168 Thread 0x00007bdbdc019710 Thread added: 0x00007bdbdc0d0be0
Event: 0.168 Thread 0x00007bdbdc019710 Thread added: 0x00007bdbdc0d2270
Event: 0.169 Thread 0x00007bdbdc019710 Thread added: 0x00007bdbdc0d3a00
Event: 0.170 Thread 0x00007bdbdc019710 Thread added: 0x00007bdbdc0d5040
Event: 0.170 Thread 0x00007bdbdc019710 Thread added: 0x00007bdbdc0d65e0
Event: 0.171 Thread 0x00007bdbdc019710 Thread added: 0x00007bdbdc0d8120
Event: 0.171 Thread 0x00007bdbdc019710 Thread added: 0x00007bdbdc0d97e0
Event: 0.182 Thread 0x00007bdbdc019710 Thread added: 0x00007bdbdc0f5ec0
Event: 0.187 Thread 0x00007bdbdc019710 Thread added: 0x00007bdbdc0f8ff0


Dynamic libraries:
c4e00000-c8a00000 rw-p 00000000 00:00 0 
c8a00000-ffe00000 ---p 00000000 00:00 0 
ffe00000-fff0d000 rw-p 00cd6000 b3:02 329941                             /usr/lib/jvm/java-21-openjdk/lib/server/classes.jsa
fff0d000-100000000 rw-p 00000000 00:00 0 
62054d51c000-62054d51d000 r--p 00000000 b3:02 329516                     /usr/lib/jvm/java-21-openjdk/bin/java
62054d51d000-62054d51e000 r-xp 00001000 b3:02 329516                     /usr/lib/jvm/java-21-openjdk/bin/java
62054d51e000-62054d51f000 r--p 00002000 b3:02 329516                     /usr/lib/jvm/java-21-openjdk/bin/java
62054d51f000-62054d520000 r--p 00002000 b3:02 329516                     /usr/lib/jvm/java-21-openjdk/bin/java
62054d520000-62054d521000 rw-p 00003000 b3:02 329516                     /usr/lib/jvm/java-21-openjdk/bin/java
620560699000-6205606e1000 rw-p 00000000 00:00 0                          [heap]
7bdb23e00000-7bdb242ab000 r--p 00000000 b3:02 181697                     /usr/lib/libLLVM.so.18.1
7bdb242ab000-7bdb28e9d000 r-xp 004ab000 b3:02 181697                     /usr/lib/libLLVM.so.18.1
7bdb28e9d000-7bdb2bbf6000 r--p 0509d000 b3:02 181697                     /usr/lib/libLLVM.so.18.1
7bdb2bbf6000-7bdb2bdd1000 r--p 07df5000 b3:02 181697                     /usr/lib/libLLVM.so.18.1
7bdb2bdd1000-7bdb2be1b000 rw-p 07fd0000 b3:02 181697                     /usr/lib/libLLVM.so.18.1
7bdb2be1b000-7bdb2beb7000 rw-p 00000000 00:00 0 
7bdb2c000000-7bdb2c18c000 rw-p 00000000 00:00 0 
7bdb2c18c000-7bdb30000000 ---p 00000000 00:00 0 
7bdb30000000-7bdb30244000 rw-p 00000000 00:00 0 
7bdb30244000-7bdb34000000 ---p 00000000 00:00 0 
7bdb38000000-7bdb38021000 rw-p 00000000 00:00 0 
7bdb38021000-7bdb3c000000 ---p 00000000 00:00 0 
7bdb3c000000-7bdb3c021000 rw-p 00000000 00:00 0 
7bdb3c021000-7bdb40000000 ---p 00000000 00:00 0 
7bdb44000000-7bdb44021000 rw-p 00000000 00:00 0 
7bdb44021000-7bdb48000000 ---p 00000000 00:00 0 
7bdb48000000-7bdb48021000 rw-p 00000000 00:00 0 
7bdb48021000-7bdb4c000000 ---p 00000000 00:00 0 
7bdb50000000-7bdb50021000 rw-p 00000000 00:00 0 
7bdb50021000-7bdb54000000 ---p 00000000 00:00 0 
7bdb54000000-7bdb54021000 rw-p 00000000 00:00 0 
7bdb54021000-7bdb58000000 ---p 00000000 00:00 0 
7bdb5b7ff000-7bdb5b800000 ---p 00000000 00:00 0 
7bdb5b800000-7bdb5c000000 rw-p 00000000 00:00 0 
7bdb5c000000-7bdb5c190000 rw-p 00000000 00:00 0 
7bdb5c190000-7bdb5c400000 ---p 00000000 00:00 0 
7bdb5c400000-7bdb5c510000 rw-p 00000000 00:00 0 
7bdb5c510000-7bdb5c550000 rw-p 00000000 00:00 0 
7bdb5c550000-7bdb5c800000 rw-p 00000000 00:00 0 
7bdb5c800000-7bdb60000000 ---p 00000000 00:00 0 
7bdb60000000-7bdb60021000 rw-p 00000000 00:00 0 
7bdb60021000-7bdb64000000 ---p 00000000 00:00 0 
7bdb641fe000-7bdb641ff000 ---p 00000000 00:00 0 
7bdb641ff000-7bdb649ff000 rw-p 00000000 00:00 0 
7bdb649ff000-7bdb64a00000 ---p 00000000 00:00 0 
7bdb64a00000-7bdb65200000 rw-p 00000000 00:00 0 
7bdb65200000-7bdb66f50000 r--p 00000000 b3:02 149095                     /usr/lib/libicudata.so.75.1
7bdb66f50000-7bdb66f51000 r--p 01d4f000 b3:02 149095                     /usr/lib/libicudata.so.75.1
7bdb67000000-7bdb67c97000 rw-p 00001000 b3:02 329941                     /usr/lib/jvm/java-21-openjdk/lib/server/classes.jsa
7bdb67c97000-7bdb68000000 ---p 00000000 00:00 0 
7bdb68000000-7bdb68030000 rw-p 00000000 00:00 0 
7bdb68030000-7bdb68040000 ---p 00000000 00:00 0 
7bdb68040000-7bdb68070000 rw-p 00000000 00:00 0 
7bdb68070000-7bdba8000000 ---p 00000000 00:00 0 
7bdba8000000-7bdba8021000 rw-p 00000000 00:00 0 
7bdba8021000-7bdbac000000 ---p 00000000 00:00 0 
7bdbac000000-7bdbac021000 rw-p 00000000 00:00 0 
7bdbac021000-7bdbb0000000 ---p 00000000 00:00 0 
7bdbb03fe000-7bdbb05fe000 rw-s 117e88000 00:10 1046                      anon_inode:i915.gem
7bdbb05fe000-7bdbb07fe000 rw-s 117c48000 00:10 1046                      anon_inode:i915.gem
7bdbb07fe000-7bdbb07ff000 ---p 00000000 00:00 0 
7bdbb07ff000-7bdbb0fff000 rw-p 00000000 00:00 0 
7bdbb0fff000-7bdbb1000000 ---p 00000000 00:00 0 
7bdbb1000000-7bdbb1800000 rw-p 00000000 00:00 0 
7bdbb1800000-7bdbb1815000 r--p 00000000 b3:02 181759                     /usr/lib/libgallium-24.2.7-arch1.1.so
7bdbb1815000-7bdbb2ee4000 r-xp 00015000 b3:02 181759                     /usr/lib/libgallium-24.2.7-arch1.1.so
7bdbb2ee4000-7bdbb3c70000 r--p 016e4000 b3:02 181759                     /usr/lib/libgallium-24.2.7-arch1.1.so
7bdbb3c70000-7bdbb3d28000 r--p 0246f000 b3:02 181759                     /usr/lib/libgallium-24.2.7-arch1.1.so
7bdbb3d28000-7bdbb3d3f000 rw-p 02527000 b3:02 181759                     /usr/lib/libgallium-24.2.7-arch1.1.so
7bdbb3d3f000-7bdbb3f03000 rw-p 00000000 00:00 0 
7bdbb3f70000-7bdbb3f80000 rw-s 118088000 00:10 1046                      anon_inode:i915.gem
7bdbb3f80000-7bdbb3fc0000 rw-s 117e48000 00:10 1046                      anon_inode:i915.gem
7bdbb3fc0000-7bdbb4000000 rw-s 117c08000 00:10 1046                      anon_inode:i915.gem
7bdbb4000000-7bdbb4021000 rw-p 00000000 00:00 0 
7bdbb4021000-7bdbb8000000 ---p 00000000 00:00 0 
7bdbb8000000-7bdbb8021000 rw-p 00000000 00:00 0 
7bdbb8021000-7bdbbc000000 ---p 00000000 00:00 0 
7bdbbc005000-7bdbbc045000 rw-s 107128000 00:10 1046                      anon_inode:i915.gem
7bdbbc045000-7bdbbc047000 r--p 00000000 b3:02 329932                     /usr/lib/jvm/java-21-openjdk/lib/libverify.so
7bdbbc047000-7bdbbc04e000 r-xp 00002000 b3:02 329932                     /usr/lib/jvm/java-21-openjdk/lib/libverify.so
7bdbbc04e000-7bdbbc050000 r--p 00009000 b3:02 329932                     /usr/lib/jvm/java-21-openjdk/lib/libverify.so
7bdbbc050000-7bdbbc052000 r--p 0000a000 b3:02 329932                     /usr/lib/jvm/java-21-openjdk/lib/libverify.so
7bdbbc052000-7bdbbc053000 rw-p 0000c000 b3:02 329932                     /usr/lib/jvm/java-21-openjdk/lib/libverify.so
7bdbbc053000-7bdbbc054000 ---p 00000000 00:00 0 
7bdbbc054000-7bdbbc154000 rw-p 00000000 00:00 0 
7bdbbc154000-7bdbbc187000 r--p 00000000 00:2b 47                         /tmp/lwjgl_zeph/3.3.4+7/x64/liblwjgl_opengl.so
7bdbbc187000-7bdbbc19b000 r-xp 00033000 00:2b 47                         /tmp/lwjgl_zeph/3.3.4+7/x64/liblwjgl_opengl.so
7bdbbc19b000-7bdbbc1ab000 r--p 00047000 00:2b 47                         /tmp/lwjgl_zeph/3.3.4+7/x64/liblwjgl_opengl.so
7bdbbc1ab000-7bdbbc1ac000 r--p 00056000 00:2b 47                         /tmp/lwjgl_zeph/3.3.4+7/x64/liblwjgl_opengl.so
7bdbbc1ac000-7bdbbc1ad000 rw-p 00057000 00:2b 47                         /tmp/lwjgl_zeph/3.3.4+7/x64/liblwjgl_opengl.so
7bdbbc1ad000-7bdbbc1cd000 rw-s 10e248000 00:10 1046                      anon_inode:i915.gem
7bdbbc1cd000-7bdbbc1ed000 rw-s 10e228000 00:10 1046                      anon_inode:i915.gem
7bdbbc1ed000-7bdbbc1fd000 rw-s 10e218000 00:10 1046                      anon_inode:i915.gem
7bdbbc1fd000-7bdbbc20d000 rw-s 10e208000 00:10 1046                      anon_inode:i915.gem
7bdbbc20d000-7bdbbc2d8000 rw-p 00000000 00:00 0 
7bdbbc2d8000-7bdbbc2e8000 rw-s 10e488000 00:10 1046                      anon_inode:i915.gem
7bdbbc2e8000-7bdbbc2f8000 rw-s 1136a8000 00:10 1046                      anon_inode:i915.gem
7bdbbc2f8000-7bdbbc318000 rw-s 113688000 00:10 1046                      anon_inode:i915.gem
7bdbbc318000-7bdbbc338000 rw-s 10e4a8000 00:10 1046                      anon_inode:i915.gem
7bdbbc338000-7bdbbc348000 rw-s 103308000 00:10 1046                      anon_inode:i915.gem
7bdbbc348000-7bdbbc548000 rw-s 10f408000 00:10 1046                      anon_inode:i915.gem
7bdbbc548000-7bdbbc558000 rw-s 1032f8000 00:10 1046                      anon_inode:i915.gem
7bdbbc558000-7bdbbc623000 rw-p 00000000 00:00 0 
7bdbbc623000-7bdbbc643000 rw-s 107608000 00:10 1046                      anon_inode:i915.gem
7bdbbc643000-7bdbbc663000 rw-s 1020d8000 00:10 1046                      anon_inode:i915.gem
7bdbbc663000-7bdbbc664000 ---p 00000000 00:00 0 
7bdbbc664000-7bdbbce64000 rw-p 00000000 00:00 0 
7bdbbce64000-7bdbbcfa5000 rw-s 00000000 b3:02 1179851                    /home/zeph/.cache/mesa_shader_cache_db/index
7bdbbcfa5000-7bdbbcfe5000 rw-s 10e3b8000 00:10 1046                      anon_inode:i915.gem
7bdbbcfe5000-7bdbbd02c000 r--p 00000000 b3:02 149110                     /usr/lib/libicuuc.so.75.1
7bdbbd02c000-7bdbbd13e000 r-xp 00047000 b3:02 149110                     /usr/lib/libicuuc.so.75.1
7bdbbd13e000-7bdbbd1c9000 r--p 00159000 b3:02 149110                     /usr/lib/libicuuc.so.75.1
7bdbbd1c9000-7bdbbd1dc000 r--p 001e4000 b3:02 149110                     /usr/lib/libicuuc.so.75.1
7bdbbd1dc000-7bdbbd1dd000 rw-p 001f7000 b3:02 149110                     /usr/lib/libicuuc.so.75.1
7bdbbd1dd000-7bdbbd1df000 rw-p 00000000 00:00 0 
7bdbbd1df000-7bdbbd1e2000 r--p 00000000 b3:02 145974                     /usr/lib/liblzma.so.5.6.3
7bdbbd1e2000-7bdbbd205000 r-xp 00003000 b3:02 145974                     /usr/lib/liblzma.so.5.6.3
7bdbbd205000-7bdbbd210000 r--p 00026000 b3:02 145974                     /usr/lib/liblzma.so.5.6.3
7bdbbd210000-7bdbbd211000 r--p 00031000 b3:02 145974                     /usr/lib/liblzma.so.5.6.3
7bdbbd211000-7bdbbd212000 rw-p 00032000 b3:02 145974                     /usr/lib/liblzma.so.5.6.3
7bdbbd212000-7bdbbd214000 r--p 00000000 b3:02 181577                     /usr/lib/libpciaccess.so.0.11.1
7bdbbd214000-7bdbbd219000 r-xp 00002000 b3:02 181577                     /usr/lib/libpciaccess.so.0.11.1
7bdbbd219000-7bdbbd21b000 r--p 00007000 b3:02 181577                     /usr/lib/libpciaccess.so.0.11.1
7bdbbd21b000-7bdbbd21c000 r--p 00008000 b3:02 181577                     /usr/lib/libpciaccess.so.0.11.1
7bdbbd21c000-7bdbbd21d000 rw-p 00009000 b3:02 181577                     /usr/lib/libpciaccess.so.0.11.1
7bdbbd21d000-7bdbbd23e000 r--p 00000000 b3:02 149196                     /usr/lib/libxml2.so.2.13.5
7bdbbd23e000-7bdbbd322000 r-xp 00021000 b3:02 149196                     /usr/lib/libxml2.so.2.13.5
7bdbbd322000-7bdbbd35d000 r--p 00105000 b3:02 149196                     /usr/lib/libxml2.so.2.13.5
7bdbbd35d000-7bdbbd368000 r--p 00140000 b3:02 149196                     /usr/lib/libxml2.so.2.13.5
7bdbbd368000-7bdbbd369000 rw-p 0014b000 b3:02 149196                     /usr/lib/libxml2.so.2.13.5
7bdbbd369000-7bdbbd36a000 rw-p 00000000 00:00 0 
7bdbbd36a000-7bdbbd377000 r--p 00000000 b3:02 135366                     /usr/lib/libncursesw.so.6.5
7bdbbd377000-7bdbbd3be000 r-xp 0000d000 b3:02 135366                     /usr/lib/libncursesw.so.6.5
7bdbbd3be000-7bdbbd3d4000 r--p 00054000 b3:02 135366                     /usr/lib/libncursesw.so.6.5
7bdbbd3d4000-7bdbbd3d8000 r--p 0006a000 b3:02 135366                     /usr/lib/libncursesw.so.6.5
7bdbbd3d8000-7bdbbd3d9000 rw-p 0006e000 b3:02 135366                     /usr/lib/libncursesw.so.6.5
7bdbbd3d9000-7bdbbd3df000 r--p 00000000 b3:02 181648                     /usr/lib/libedit.so.0.0.73
7bdbbd3df000-7bdbbd3ff000 r-xp 00006000 b3:02 181648                     /usr/lib/libedit.so.0.0.73
7bdbbd3ff000-7bdbbd40c000 r--p 00026000 b3:02 181648                     /usr/lib/libedit.so.0.0.73
7bdbbd40c000-7bdbbd40e000 r--p 00033000 b3:02 181648                     /usr/lib/libedit.so.0.0.73
7bdbbd40e000-7bdbbd40f000 rw-p 00035000 b3:02 181648                     /usr/lib/libedit.so.0.0.73
7bdbbd40f000-7bdbbd412000 rw-p 00000000 00:00 0 
7bdbbd412000-7bdbbd414000 r--p 00000000 b3:02 150786                     /usr/lib/libffi.so.8.1.4
7bdbbd414000-7bdbbd41a000 r-xp 00002000 b3:02 150786                     /usr/lib/libffi.so.8.1.4
7bdbbd41a000-7bdbbd41b000 r--p 00008000 b3:02 150786                     /usr/lib/libffi.so.8.1.4
7bdbbd41b000-7bdbbd41c000 r--p 00009000 b3:02 150786                     /usr/lib/libffi.so.8.1.4
7bdbbd41c000-7bdbbd41d000 rw-p 0000a000 b3:02 150786                     /usr/lib/libffi.so.8.1.4
7bdbbd41d000-7bdbbd420000 r--p 00000000 b3:02 181596                     /usr/lib/libdrm_intel.so.1.123.0
7bdbbd420000-7bdbbd436000 r-xp 00003000 b3:02 181596                     /usr/lib/libdrm_intel.so.1.123.0
7bdbbd436000-7bdbbd43f000 r--p 00019000 b3:02 181596                     /usr/lib/libdrm_intel.so.1.123.0
7bdbbd43f000-7bdbbd440000 r--p 00022000 b3:02 181596                     /usr/lib/libdrm_intel.so.1.123.0
7bdbbd440000-7bdbbd441000 rw-p 00023000 b3:02 181596                     /usr/lib/libdrm_intel.so.1.123.0
7bdbbd441000-7bdbbd444000 r--p 00000000 b3:02 181593                     /usr/lib/libdrm_amdgpu.so.1.123.0
7bdbbd444000-7bdbbd449000 r-xp 00003000 b3:02 181593                     /usr/lib/libdrm_amdgpu.so.1.123.0
7bdbbd449000-7bdbbd44b000 r--p 00008000 b3:02 181593                     /usr/lib/libdrm_amdgpu.so.1.123.0
7bdbbd44b000-7bdbbd44c000 r--p 00009000 b3:02 181593                     /usr/lib/libdrm_amdgpu.so.1.123.0
7bdbbd44c000-7bdbbd44d000 rw-p 0000a000 b3:02 181593                     /usr/lib/libdrm_amdgpu.so.1.123.0
7bdbbd44d000-7bdbbd450000 r--p 00000000 b3:02 155848                     /usr/lib/libelf-0.192.so
7bdbbd450000-7bdbbd463000 r-xp 00003000 b3:02 155848                     /usr/lib/libelf-0.192.so
7bdbbd463000-7bdbbd467000 r--p 00016000 b3:02 155848                     /usr/lib/libelf-0.192.so
7bdbbd467000-7bdbbd468000 r--p 00019000 b3:02 155848                     /usr/lib/libelf-0.192.so
7bdbbd468000-7bdbbd469000 rw-p 0001a000 b3:02 155848                     /usr/lib/libelf-0.192.so
7bdbbd469000-7bdbbd46b000 r--p 00000000 b3:02 181602                     /usr/lib/libdrm_radeon.so.1.123.0
7bdbbd46b000-7bdbbd471000 r-xp 00002000 b3:02 181602                     /usr/lib/libdrm_radeon.so.1.123.0
7bdbbd471000-7bdbbd475000 r--p 00008000 b3:02 181602                     /usr/lib/libdrm_radeon.so.1.123.0
7bdbbd475000-7bdbbd476000 r--p 0000b000 b3:02 181602                     /usr/lib/libdrm_radeon.so.1.123.0
7bdbbd476000-7bdbbd477000 rw-p 0000c000 b3:02 181602                     /usr/lib/libdrm_radeon.so.1.123.0
7bdbbd477000-7bdbbd479000 r--p 00000000 b3:02 181713                     /usr/lib/libsensors.so.5.0.0
7bdbbd479000-7bdbbd480000 r-xp 00002000 b3:02 181713                     /usr/lib/libsensors.so.5.0.0
7bdbbd480000-7bdbbd484000 r--p 00009000 b3:02 181713                     /usr/lib/libsensors.so.5.0.0
7bdbbd484000-7bdbbd485000 r--p 0000d000 b3:02 181713                     /usr/lib/libsensors.so.5.0.0
7bdbbd485000-7bdbbd486000 rw-p 0000e000 b3:02 181713                     /usr/lib/libsensors.so.5.0.0
7bdbbd486000-7bdbbd492000 r--p 00000000 b3:02 146266                     /usr/lib/libzstd.so.1.5.6
7bdbbd492000-7bdbbd552000 r-xp 0000c000 b3:02 146266                     /usr/lib/libzstd.so.1.5.6
7bdbbd552000-7bdbbd563000 r--p 000cc000 b3:02 146266                     /usr/lib/libzstd.so.1.5.6
7bdbbd563000-7bdbbd564000 r--p 000dd000 b3:02 146266                     /usr/lib/libzstd.so.1.5.6
7bdbbd564000-7bdbbd565000 rw-p 000de000 b3:02 146266                     /usr/lib/libzstd.so.1.5.6
7bdbbd565000-7bdbbd568000 r--p 00000000 b3:02 176365                     /usr/lib/libxcb-xfixes.so.0.0.0
7bdbbd568000-7bdbbd56b000 r-xp 00003000 b3:02 176365                     /usr/lib/libxcb-xfixes.so.0.0.0
7bdbbd56b000-7bdbbd56c000 r--p 00006000 b3:02 176365                     /usr/lib/libxcb-xfixes.so.0.0.0
7bdbbd56c000-7bdbbd56d000 r--p 00007000 b3:02 176365                     /usr/lib/libxcb-xfixes.so.0.0.0
7bdbbd56d000-7bdbbd56e000 rw-p 00008000 b3:02 176365                     /usr/lib/libxcb-xfixes.so.0.0.0
7bdbbd56e000-7bdbbd571000 r--p 00000000 b3:02 176359                     /usr/lib/libxcb-sync.so.1.0.0
7bdbbd571000-7bdbbd574000 r-xp 00003000 b3:02 176359                     /usr/lib/libxcb-sync.so.1.0.0
7bdbbd574000-7bdbbd575000 r--p 00006000 b3:02 176359                     /usr/lib/libxcb-sync.so.1.0.0
7bdbbd575000-7bdbbd576000 r--p 00007000 b3:02 176359                     /usr/lib/libxcb-sync.so.1.0.0
7bdbbd576000-7bdbbd577000 rw-p 00008000 b3:02 176359                     /usr/lib/libxcb-sync.so.1.0.0
7bdbbd577000-7bdbbd578000 r--p 00000000 b3:02 176335                     /usr/lib/libxcb-present.so.0.0.0
7bdbbd578000-7bdbbd579000 r-xp 00001000 b3:02 176335                     /usr/lib/libxcb-present.so.0.0.0
7bdbbd579000-7bdbbd57a000 r--p 00002000 b3:02 176335                     /usr/lib/libxcb-present.so.0.0.0
7bdbbd57a000-7bdbbd57b000 r--p 00002000 b3:02 176335                     /usr/lib/libxcb-present.so.0.0.0
7bdbbd57b000-7bdbbd57c000 rw-p 00003000 b3:02 176335                     /usr/lib/libxcb-present.so.0.0.0
7bdbbd57c000-7bdbbd57e000 r--p 00000000 b3:02 176329                     /usr/lib/libxcb-dri3.so.0.1.0
7bdbbd57e000-7bdbbd580000 r-xp 00002000 b3:02 176329                     /usr/lib/libxcb-dri3.so.0.1.0
7bdbbd580000-7bdbbd581000 r--p 00004000 b3:02 176329                     /usr/lib/libxcb-dri3.so.0.1.0
7bdbbd581000-7bdbbd582000 r--p 00004000 b3:02 176329                     /usr/lib/libxcb-dri3.so.0.1.0
7bdbbd582000-7bdbbd583000 rw-p 00005000 b3:02 176329                     /usr/lib/libxcb-dri3.so.0.1.0
7bdbbd583000-7bdbbd58a000 r--p 00000000 b3:02 176338                     /usr/lib/libxcb-randr.so.0.1.0
7bdbbd58a000-7bdbbd590000 r-xp 00007000 b3:02 176338                     /usr/lib/libxcb-randr.so.0.1.0
7bdbbd590000-7bdbbd593000 r--p 0000d000 b3:02 176338                     /usr/lib/libxcb-randr.so.0.1.0
7bdbbd593000-7bdbbd594000 r--p 00010000 b3:02 176338                     /usr/lib/libxcb-randr.so.0.1.0
7bdbbd594000-7bdbbd595000 rw-p 00011000 b3:02 176338                     /usr/lib/libxcb-randr.so.0.1.0
7bdbbd595000-7bdbbd596000 r--p 00000000 b3:02 181616                     /usr/lib/libxshmfence.so.1.0.0
7bdbbd596000-7bdbbd597000 r-xp 00001000 b3:02 181616                     /usr/lib/libxshmfence.so.1.0.0
7bdbbd597000-7bdbbd598000 r--p 00002000 b3:02 181616                     /usr/lib/libxshmfence.so.1.0.0
7bdbbd598000-7bdbbd599000 r--p 00002000 b3:02 181616                     /usr/lib/libxshmfence.so.1.0.0
7bdbbd599000-7bdbbd59a000 rw-p 00003000 b3:02 181616                     /usr/lib/libxshmfence.so.1.0.0
7bdbbd59a000-7bdbbd59c000 r--p 00000000 b3:02 154964                     /usr/lib/libexpat.so.1.10.0
7bdbbd59c000-7bdbbd5b9000 r-xp 00002000 b3:02 154964                     /usr/lib/libexpat.so.1.10.0
7bdbbd5b9000-7bdbbd5c1000 r--p 0001f000 b3:02 154964                     /usr/lib/libexpat.so.1.10.0
7bdbbd5c1000-7bdbbd5c3000 r--p 00026000 b3:02 154964                     /usr/lib/libexpat.so.1.10.0
7bdbbd5c3000-7bdbbd5c4000 rw-p 00028000 b3:02 154964                     /usr/lib/libexpat.so.1.10.0
7bdbbd5c4000-7bdbbd5c5000 r--p 00000000 b3:02 176356                     /usr/lib/libxcb-shm.so.0.0.0
7bdbbd5c5000-7bdbbd5c6000 r-xp 00001000 b3:02 176356                     /usr/lib/libxcb-shm.so.0.0.0
7bdbbd5c6000-7bdbbd5c7000 r--p 00002000 b3:02 176356                     /usr/lib/libxcb-shm.so.0.0.0
7bdbbd5c7000-7bdbbd5c8000 r--p 00002000 b3:02 176356                     /usr/lib/libxcb-shm.so.0.0.0
7bdbbd5c8000-7bdbbd5c9000 rw-p 00003000 b3:02 176356                     /usr/lib/libxcb-shm.so.0.0.0
7bdbbd5c9000-7bdbbd5cb000 r--p 00000000 b3:02 176326                     /usr/lib/libxcb-dri2.so.0.0.0
7bdbbd5cb000-7bdbbd5cd000 r-xp 00002000 b3:02 176326                     /usr/lib/libxcb-dri2.so.0.0.0
7bdbbd5cd000-7bdbbd5ce000 r--p 00004000 b3:02 176326                     /usr/lib/libxcb-dri2.so.0.0.0
7bdbbd5ce000-7bdbbd5cf000 r--p 00004000 b3:02 176326                     /usr/lib/libxcb-dri2.so.0.0.0
7bdbbd5cf000-7bdbbd5d0000 rw-p 00005000 b3:02 176326                     /usr/lib/libxcb-dri2.so.0.0.0
7bdbbd5d0000-7bdbbd5dc000 r--p 00000000 b3:02 176332                     /usr/lib/libxcb-glx.so.0.0.0
7bdbbd5dc000-7bdbbd5e5000 r-xp 0000c000 b3:02 176332                     /usr/lib/libxcb-glx.so.0.0.0
7bdbbd5e5000-7bdbbd5ea000 r--p 00015000 b3:02 176332                     /usr/lib/libxcb-glx.so.0.0.0
7bdbbd5ea000-7bdbbd5ec000 r--p 0001a000 b3:02 176332                     /usr/lib/libxcb-glx.so.0.0.0
7bdbbd5ec000-7bdbbd5ed000 rw-p 0001c000 b3:02 176332                     /usr/lib/libxcb-glx.so.0.0.0
7bdbbd5ed000-7bdbbd5f2000 r--p 00000000 b3:02 181590                     /usr/lib/libdrm.so.2.123.0
7bdbbd5f2000-7bdbbd5fe000 r-xp 00005000 b3:02 181590                     /usr/lib/libdrm.so.2.123.0
7bdbbd5fe000-7bdbbd602000 r--p 00011000 b3:02 181590                     /usr/lib/libdrm.so.2.123.0
7bdbbd602000-7bdbbd603000 r--p 00015000 b3:02 181590                     /usr/lib/libdrm.so.2.123.0
7bdbbd603000-7bdbbd604000 rw-p 00016000 b3:02 181590                     /usr/lib/libdrm.so.2.123.0
7bdbbd604000-7bdbbd61a000 r--p 00000000 b3:02 181748                     /usr/lib/libGLX_mesa.so.0.0.0
7bdbbd61a000-7bdbbd659000 r-xp 00016000 b3:02 181748                     /usr/lib/libGLX_mesa.so.0.0.0
7bdbbd659000-7bdbbd66c000 r--p 00055000 b3:02 181748                     /usr/lib/libGLX_mesa.so.0.0.0
7bdbbd66c000-7bdbbd670000 r--p 00067000 b3:02 181748                     /usr/lib/libGLX_mesa.so.0.0.0
7bdbbd670000-7bdbbd671000 rw-p 0006b000 b3:02 181748                     /usr/lib/libGLX_mesa.so.0.0.0
7bdbbd671000-7bdbbd6b2000 r--p 00000000 b3:02 181820                     /usr/lib/libGLdispatch.so.0.0.0
7bdbbd6b2000-7bdbbd6f1000 r-xp 00041000 b3:02 181820                     /usr/lib/libGLdispatch.so.0.0.0
7bdbbd6f1000-7bdbbd704000 r--p 00080000 b3:02 181820                     /usr/lib/libGLdispatch.so.0.0.0
7bdbbd704000-7bdbbd720000 r--p 00093000 b3:02 181820                     /usr/lib/libGLdispatch.so.0.0.0
7bdbbd720000-7bdbbd721000 rw-p 000af000 b3:02 181820                     /usr/lib/libGLdispatch.so.0.0.0
7bdbbd721000-7bdbbd729000 rw-p 00000000 00:00 0 
7bdbbd729000-7bdbbd740000 r--p 00000000 b3:02 178728                     /usr/lib/libX11.so.6.4.0
7bdbbd740000-7bdbbd7d4000 r-xp 00017000 b3:02 178728                     /usr/lib/libX11.so.6.4.0
7bdbbd7d4000-7bdbbd863000 r--p 000ab000 b3:02 178728                     /usr/lib/libX11.so.6.4.0
7bdbbd863000-7bdbbd866000 r--p 00139000 b3:02 178728                     /usr/lib/libX11.so.6.4.0
7bdbbd866000-7bdbbd86a000 rw-p 0013c000 b3:02 178728                     /usr/lib/libX11.so.6.4.0
7bdbbd86a000-7bdbbd879000 r--p 00000000 00:2b 46                         /tmp/lwjgl_zeph/3.3.4+7/x64/libglfw.so
7bdbbd879000-7bdbbd89a000 r-xp 0000f000 00:2b 46                         /tmp/lwjgl_zeph/3.3.4+7/x64/libglfw.so
7bdbbd89a000-7bdbbd8ce000 r--p 00030000 00:2b 46                         /tmp/lwjgl_zeph/3.3.4+7/x64/libglfw.so
7bdbbd8ce000-7bdbbd8cf000 ---p 00064000 00:2b 46                         /tmp/lwjgl_zeph/3.3.4+7/x64/libglfw.so
7bdbbd8cf000-7bdbbd8d3000 r--p 00064000 00:2b 46                         /tmp/lwjgl_zeph/3.3.4+7/x64/libglfw.so
7bdbbd8d3000-7bdbbd8d6000 rw-p 00068000 00:2b 46                         /tmp/lwjgl_zeph/3.3.4+7/x64/libglfw.so
7bdbbd8d6000-7bdbbd8f9000 rw-p 00000000 00:00 0 
7bdbbd8f9000-7bdbbd8fa000 ---p 00000000 00:00 0 
7bdbbd8fa000-7bdbbd8fe000 ---p 00000000 00:00 0 
7bdbbd8fe000-7bdbbd9fa000 rw-p 00000000 00:00 0 
7bdbbd9fa000-7bdbbd9fb000 ---p 00000000 00:00 0 
7bdbbd9fb000-7bdbbd9ff000 ---p 00000000 00:00 0 
7bdbbd9ff000-7bdbbdafb000 rw-p 00000000 00:00 0 
7bdbbdafb000-7bdbbdafc000 ---p 00000000 00:00 0 
7bdbbdafc000-7bdbbdb00000 ---p 00000000 00:00 0 
7bdbbdb00000-7bdbbdbfc000 rw-p 00000000 00:00 0 
7bdbbdbfc000-7bdbbdbfd000 ---p 00000000 00:00 0 
7bdbbdbfd000-7bdbbdc01000 ---p 00000000 00:00 0 
7bdbbdc01000-7bdbbdcfd000 rw-p 00000000 00:00 0 
7bdbbdcfd000-7bdbbdcfe000 ---p 00000000 00:00 0 
7bdbbdcfe000-7bdbbdd02000 ---p 00000000 00:00 0 
7bdbbdd02000-7bdbbddfe000 rw-p 00000000 00:00 0 
7bdbbddfe000-7bdbbddff000 ---p 00000000 00:00 0 
7bdbbddff000-7bdbbde03000 ---p 00000000 00:00 0 
7bdbbde03000-7bdbbdeff000 rw-p 00000000 00:00 0 
7bdbbdeff000-7bdbbdf00000 ---p 00000000 00:00 0 
7bdbbdf00000-7bdbbdf04000 ---p 00000000 00:00 0 
7bdbbdf04000-7bdbbe000000 rw-p 00000000 00:00 0 
7bdbbe000000-7bdbc0021000 rw-p 00000000 00:00 0 
7bdbc0021000-7bdbc4000000 ---p 00000000 00:00 0 
7bdbc4002000-7bdbc4003000 r--p 00000000 b3:02 186207                     /usr/lib/libglapi.so.0.0.0
7bdbc4003000-7bdbc4011000 r-xp 00001000 b3:02 186207                     /usr/lib/libglapi.so.0.0.0
7bdbc4011000-7bdbc4025000 r--p 0000f000 b3:02 186207                     /usr/lib/libglapi.so.0.0.0
7bdbc4025000-7bdbc4029000 r--p 00023000 b3:02 186207                     /usr/lib/libglapi.so.0.0.0
7bdbc4029000-7bdbc402a000 rw-p 00027000 b3:02 186207                     /usr/lib/libglapi.so.0.0.0
7bdbc402a000-7bdbc402d000 r--p 00000000 b3:02 181817                     /usr/lib/libGLX.so.0.0.0
7bdbc402d000-7bdbc4047000 r-xp 00003000 b3:02 181817                     /usr/lib/libGLX.so.0.0.0
7bdbc4047000-7bdbc404a000 r--p 0001d000 b3:02 181817                     /usr/lib/libGLX.so.0.0.0
7bdbc404a000-7bdbc404b000 r--p 00020000 b3:02 181817                     /usr/lib/libGLX.so.0.0.0
7bdbc404b000-7bdbc404c000 rw-p 00021000 b3:02 181817                     /usr/lib/libGLX.so.0.0.0
7bdbc404c000-7bdbc405c000 rw-p 00000000 00:00 0 
7bdbc405c000-7bdbc405d000 r--p 00000000 b3:02 178725                     /usr/lib/libX11-xcb.so.1.0.0
7bdbc405d000-7bdbc405e000 r-xp 00001000 b3:02 178725                     /usr/lib/libX11-xcb.so.1.0.0
7bdbc405e000-7bdbc405f000 r--p 00002000 b3:02 178725                     /usr/lib/libX11-xcb.so.1.0.0
7bdbc405f000-7bdbc4060000 r--p 00002000 b3:02 178725                     /usr/lib/libX11-xcb.so.1.0.0
7bdbc4060000-7bdbc4061000 rw-p 00003000 b3:02 178725                     /usr/lib/libX11-xcb.so.1.0.0
7bdbc4061000-7bdbc4062000 r--p 00000000 b3:02 182057                     /usr/lib/libXinerama.so.1.0.0
7bdbc4062000-7bdbc4063000 r-xp 00001000 b3:02 182057                     /usr/lib/libXinerama.so.1.0.0
7bdbc4063000-7bdbc4064000 r--p 00002000 b3:02 182057                     /usr/lib/libXinerama.so.1.0.0
7bdbc4064000-7bdbc4065000 r--p 00002000 b3:02 182057                     /usr/lib/libXinerama.so.1.0.0
7bdbc4065000-7bdbc4066000 rw-p 00003000 b3:02 182057                     /usr/lib/libXinerama.so.1.0.0
7bdbc4066000-7bdbc4068000 r--p 00000000 b3:02 179607                     /usr/lib/libXfixes.so.3.1.0
7bdbc4068000-7bdbc406b000 r-xp 00002000 b3:02 179607                     /usr/lib/libXfixes.so.3.1.0
7bdbc406b000-7bdbc406c000 r--p 00005000 b3:02 179607                     /usr/lib/libXfixes.so.3.1.0
7bdbc406c000-7bdbc406d000 r--p 00005000 b3:02 179607                     /usr/lib/libXfixes.so.3.1.0
7bdbc406d000-7bdbc406e000 rw-p 00006000 b3:02 179607                     /usr/lib/libXfixes.so.3.1.0
7bdbc406e000-7bdbc4071000 r--p 00000000 b3:02 181990                     /usr/lib/libXcursor.so.1.0.2
7bdbc4071000-7bdbc4077000 r-xp 00003000 b3:02 181990                     /usr/lib/libXcursor.so.1.0.2
7bdbc4077000-7bdbc4079000 r--p 00009000 b3:02 181990                     /usr/lib/libXcursor.so.1.0.2
7bdbc4079000-7bdbc407a000 r--p 0000a000 b3:02 181990                     /usr/lib/libXcursor.so.1.0.2
7bdbc407a000-7bdbc407b000 rw-p 0000b000 b3:02 181990                     /usr/lib/libXcursor.so.1.0.2
7bdbc407b000-7bdbc407d000 r--p 00000000 b3:02 182066                     /usr/lib/libXrandr.so.2.2.0
7bdbc407d000-7bdbc4084000 r-xp 00002000 b3:02 182066                     /usr/lib/libXrandr.so.2.2.0
7bdbc4084000-7bdbc4086000 r--p 00009000 b3:02 182066                     /usr/lib/libXrandr.so.2.2.0
7bdbc4086000-7bdbc4087000 r--p 0000a000 b3:02 182066                     /usr/lib/libXrandr.so.2.2.0
7bdbc4087000-7bdbc4088000 rw-p 0000b000 b3:02 182066                     /usr/lib/libXrandr.so.2.2.0
7bdbc4088000-7bdbc40b2000 r--p 00000000 00:2b 45                         /tmp/lwjgl_zeph/3.3.4+7/x64/liblwjgl.so
7bdbc40b2000-7bdbc40e4000 r-xp 0002a000 00:2b 45                         /tmp/lwjgl_zeph/3.3.4+7/x64/liblwjgl.so
7bdbc40e4000-7bdbc40fd000 r--p 0005c000 00:2b 45                         /tmp/lwjgl_zeph/3.3.4+7/x64/liblwjgl.so
7bdbc40fd000-7bdbc40fe000 r--p 00074000 00:2b 45                         /tmp/lwjgl_zeph/3.3.4+7/x64/liblwjgl.so
7bdbc40fe000-7bdbc40ff000 rw-p 00075000 00:2b 45                         /tmp/lwjgl_zeph/3.3.4+7/x64/liblwjgl.so
7bdbc40ff000-7bdbc4100000 ---p 00000000 00:00 0 
7bdbc4100000-7bdbc4104000 ---p 00000000 00:00 0 
7bdbc4104000-7bdbc4200000 rw-p 00000000 00:00 0 
7bdbc4200000-7bdbc44eb000 r--p 00000000 b3:02 175391                     /usr/lib/locale/locale-archive
7bdbc44ec000-7bdbc44ef000 r--p 00000000 b3:02 179612                     /usr/lib/libXi.so.6.1.0
7bdbc44ef000-7bdbc44fb000 r-xp 00003000 b3:02 179612                     /usr/lib/libXi.so.6.1.0
7bdbc44fb000-7bdbc44fd000 r--p 0000f000 b3:02 179612                     /usr/lib/libXi.so.6.1.0
7bdbc44fd000-7bdbc44fe000 r--p 00011000 b3:02 179612                     /usr/lib/libXi.so.6.1.0
7bdbc44fe000-7bdbc44ff000 rw-p 00012000 b3:02 179612                     /usr/lib/libXi.so.6.1.0
7bdbc44ff000-7bdbc4500000 ---p 00000000 00:00 0 
7bdbc4500000-7bdbc4504000 ---p 00000000 00:00 0 
7bdbc4504000-7bdbc4600000 rw-p 00000000 00:00 0 
7bdbc4600000-7bdbc4870000 rwxp 00000000 00:00 0 
7bdbc4870000-7bdbcbb38000 ---p 00000000 00:00 0 
7bdbcbb38000-7bdbcbda8000 rwxp 00000000 00:00 0 
7bdbcbda8000-7bdbcc0c7000 ---p 00000000 00:00 0 
7bdbcc0c7000-7bdbcc337000 rwxp 00000000 00:00 0 
7bdbcc337000-7bdbd3600000 ---p 00000000 00:00 0 
7bdbd3600000-7bdbdbe0d000 r--s 00000000 b3:02 329934                     /usr/lib/jvm/java-21-openjdk/lib/modules
7bdbdbe0d000-7bdbdbe0f000 r--p 00000000 b3:02 180183                     /usr/lib/libXrender.so.1.3.0
7bdbdbe0f000-7bdbdbe16000 r-xp 00002000 b3:02 180183                     /usr/lib/libXrender.so.1.3.0
7bdbdbe16000-7bdbdbe17000 r--p 00009000 b3:02 180183                     /usr/lib/libXrender.so.1.3.0
7bdbdbe17000-7bdbdbe18000 r--p 00009000 b3:02 180183                     /usr/lib/libXrender.so.1.3.0
7bdbdbe18000-7bdbdbe19000 rw-p 0000a000 b3:02 180183                     /usr/lib/libXrender.so.1.3.0
7bdbdbe19000-7bdbdbe1d000 r--p 00000000 b3:02 179542                     /usr/lib/libXext.so.6.4.0
7bdbdbe1d000-7bdbdbe28000 r-xp 00004000 b3:02 179542                     /usr/lib/libXext.so.6.4.0
7bdbdbe28000-7bdbdbe2c000 r--p 0000f000 b3:02 179542                     /usr/lib/libXext.so.6.4.0
7bdbdbe2c000-7bdbdbe2d000 r--p 00012000 b3:02 179542                     /usr/lib/libXext.so.6.4.0
7bdbdbe2d000-7bdbdbe2e000 rw-p 00013000 b3:02 179542                     /usr/lib/libXext.so.6.4.0
7bdbdbe2e000-7bdbdbe33000 r--p 00000000 b3:02 329917                     /usr/lib/jvm/java-21-openjdk/lib/libjsvml.so
7bdbdbe33000-7bdbdbe74000 r-xp 00005000 b3:02 329917                     /usr/lib/jvm/java-21-openjdk/lib/libjsvml.so
7bdbdbe74000-7bdbdbefd000 r--p 00046000 b3:02 329917                     /usr/lib/jvm/java-21-openjdk/lib/libjsvml.so
7bdbdbefd000-7bdbdbefe000 r--p 000ce000 b3:02 329917                     /usr/lib/jvm/java-21-openjdk/lib/libjsvml.so
7bdbdbefe000-7bdbdbeff000 rw-p 000cf000 b3:02 329917                     /usr/lib/jvm/java-21-openjdk/lib/libjsvml.so
7bdbdbeff000-7bdbdbf00000 ---p 00000000 00:00 0 
7bdbdbf00000-7bdbdc000000 rw-p 00000000 00:00 0 
7bdbdc000000-7bdbdd3b2000 rw-p 00000000 00:00 0 
7bdbdd3b2000-7bdbe0000000 ---p 00000000 00:00 0 
7bdbe0003000-7bdbe0004000 r--p 00000000 b3:02 181620                     /usr/lib/libXxf86vm.so.1.0.0
7bdbe0004000-7bdbe0007000 r-xp 00001000 b3:02 181620                     /usr/lib/libXxf86vm.so.1.0.0
7bdbe0007000-7bdbe0008000 r--p 00004000 b3:02 181620                     /usr/lib/libXxf86vm.so.1.0.0
7bdbe0008000-7bdbe0009000 r--p 00004000 b3:02 181620                     /usr/lib/libXxf86vm.so.1.0.0
7bdbe0009000-7bdbe000a000 rw-p 00005000 b3:02 181620                     /usr/lib/libXxf86vm.so.1.0.0
7bdbe000a000-7bdbe000c000 r--p 00000000 b3:02 176297                     /usr/lib/libXdmcp.so.6.0.0
7bdbe000c000-7bdbe000e000 r-xp 00002000 b3:02 176297                     /usr/lib/libXdmcp.so.6.0.0
7bdbe000e000-7bdbe0010000 r--p 00004000 b3:02 176297                     /usr/lib/libXdmcp.so.6.0.0
7bdbe0010000-7bdbe0011000 r--p 00005000 b3:02 176297                     /usr/lib/libXdmcp.so.6.0.0
7bdbe0011000-7bdbe0012000 rw-p 00006000 b3:02 176297                     /usr/lib/libXdmcp.so.6.0.0
7bdbe0012000-7bdbe0013000 r--p 00000000 b3:02 176301                     /usr/lib/libXau.so.6.0.0
7bdbe0013000-7bdbe0014000 r-xp 00001000 b3:02 176301                     /usr/lib/libXau.so.6.0.0
7bdbe0014000-7bdbe0015000 r--p 00002000 b3:02 176301                     /usr/lib/libXau.so.6.0.0
7bdbe0015000-7bdbe0016000 r--p 00002000 b3:02 176301                     /usr/lib/libXau.so.6.0.0
7bdbe0016000-7bdbe0017000 rw-p 00003000 b3:02 176301                     /usr/lib/libXau.so.6.0.0
7bdbe0017000-7bdbe0023000 r--p 00000000 b3:02 176386                     /usr/lib/libxcb.so.1.1.0
7bdbe0023000-7bdbe0037000 r-xp 0000c000 b3:02 176386                     /usr/lib/libxcb.so.1.1.0
7bdbe0037000-7bdbe0040000 r--p 00020000 b3:02 176386                     /usr/lib/libxcb.so.1.1.0
7bdbe0040000-7bdbe0041000 r--p 00028000 b3:02 176386                     /usr/lib/libxcb.so.1.1.0
7bdbe0041000-7bdbe0042000 rw-p 00029000 b3:02 176386                     /usr/lib/libxcb.so.1.1.0
7bdbe0042000-7bdbe0043000 r--p 00000000 b3:02 134499                     /usr/lib/librt.so.1
7bdbe0043000-7bdbe0044000 r-xp 00001000 b3:02 134499                     /usr/lib/librt.so.1
7bdbe0044000-7bdbe0045000 r--p 00002000 b3:02 134499                     /usr/lib/librt.so.1
7bdbe0045000-7bdbe0046000 r--p 00002000 b3:02 134499                     /usr/lib/librt.so.1
7bdbe0046000-7bdbe0047000 rw-p 00003000 b3:02 134499                     /usr/lib/librt.so.1
7bdbe0047000-7bdbe0048000 r--p 00000000 b3:02 134494                     /usr/lib/libpthread.so.0
7bdbe0048000-7bdbe0049000 r-xp 00001000 b3:02 134494                     /usr/lib/libpthread.so.0
7bdbe0049000-7bdbe004a000 r--p 00002000 b3:02 134494                     /usr/lib/libpthread.so.0
7bdbe004a000-7bdbe004b000 r--p 00002000 b3:02 134494                     /usr/lib/libpthread.so.0
7bdbe004b000-7bdbe004c000 rw-p 00003000 b3:02 134494                     /usr/lib/libpthread.so.0
7bdbe004c000-7bdbe004d000 r--p 00000000 b3:02 134472                     /usr/lib/libdl.so.2
7bdbe004d000-7bdbe004e000 r-xp 00001000 b3:02 134472                     /usr/lib/libdl.so.2
7bdbe004e000-7bdbe004f000 r--p 00002000 b3:02 134472                     /usr/lib/libdl.so.2
7bdbe004f000-7bdbe0050000 r--p 00002000 b3:02 134472                     /usr/lib/libdl.so.2
7bdbe0050000-7bdbe0051000 rw-p 00003000 b3:02 134472                     /usr/lib/libdl.so.2
7bdbe0052000-7bdbe0062000 rw-s 107db8000 00:10 1046                      anon_inode:i915.gem
7bdbe0062000-7bdbe0072000 rw-s 10e3f8000 00:10 1046                      anon_inode:i915.gem
7bdbe0072000-7bdbe0079000 r--p 00000000 b3:02 329925                     /usr/lib/jvm/java-21-openjdk/lib/libnio.so
7bdbe0079000-7bdbe0082000 r-xp 00007000 b3:02 329925                     /usr/lib/jvm/java-21-openjdk/lib/libnio.so
7bdbe0082000-7bdbe0087000 r--p 00010000 b3:02 329925                     /usr/lib/jvm/java-21-openjdk/lib/libnio.so
7bdbe0087000-7bdbe0088000 r--p 00014000 b3:02 329925                     /usr/lib/jvm/java-21-openjdk/lib/libnio.so
7bdbe0088000-7bdbe0089000 rw-p 00015000 b3:02 329925                     /usr/lib/jvm/java-21-openjdk/lib/libnio.so
7bdbe0089000-7bdbe008a000 ---p 00000000 00:00 0 
7bdbe008a000-7bdbe018a000 rw-p 00000000 00:00 0 
7bdbe018a000-7bdbe02a7000 rw-p 00000000 00:00 0 
7bdbe02a7000-7bdbe02a8000 ---p 00000000 00:00 0 
7bdbe02a8000-7bdbe03a8000 rw-p 00000000 00:00 0 
7bdbe03a8000-7bdbe03a9000 ---p 00000000 00:00 0 
7bdbe03a9000-7bdbe04a9000 rw-p 00000000 00:00 0 
7bdbe04a9000-7bdbe06ab000 rw-p 00000000 00:00 0 
7bdbe06ab000-7bdbe06ac000 ---p 00000000 00:00 0 
7bdbe06ac000-7bdbe07ac000 rw-p 00000000 00:00 0 
7bdbe07ac000-7bdbe07ad000 ---p 00000000 00:00 0 
7bdbe07ad000-7bdbe08ad000 rw-p 00000000 00:00 0 
7bdbe08ad000-7bdbe08ae000 ---p 00000000 00:00 0 
7bdbe08ae000-7bdbe09ae000 rw-p 00000000 00:00 0 
7bdbe09ae000-7bdbe0a9e000 rw-p 00000000 00:00 0 
7bdbe0a9e000-7bdbe186e000 ---p 00000000 00:00 0 
7bdbe186e000-7bdbe1872000 rw-p 00000000 00:00 0 
7bdbe1872000-7bdbe1894000 rw-p 00000000 00:00 0 
7bdbe1894000-7bdbe1a4e000 ---p 00000000 00:00 0 
7bdbe1a4e000-7bdbe1a6d000 rw-p 00000000 00:00 0 
7bdbe1a6d000-7bdbe1c27000 ---p 00000000 00:00 0 
7bdbe1c27000-7bdbe1e2f000 rw-p 00000000 00:00 0 
7bdbe1e2f000-7bdbe1f15000 ---p 00000000 00:00 0 
7bdbe1f15000-7bdbe1f1a000 rw-p 00000000 00:00 0 
7bdbe1f1a000-7bdbe2000000 ---p 00000000 00:00 0 
7bdbe2000000-7bdbe2097000 r--p 00000000 b3:02 133657                     /usr/lib/libstdc++.so.6.0.33
7bdbe2097000-7bdbe21e4000 r-xp 00097000 b3:02 133657                     /usr/lib/libstdc++.so.6.0.33
7bdbe21e4000-7bdbe2274000 r--p 001e4000 b3:02 133657                     /usr/lib/libstdc++.so.6.0.33
7bdbe2274000-7bdbe2281000 r--p 00274000 b3:02 133657                     /usr/lib/libstdc++.so.6.0.33
7bdbe2281000-7bdbe2282000 rw-p 00281000 b3:02 133657                     /usr/lib/libstdc++.so.6.0.33
7bdbe2282000-7bdbe2286000 rw-p 00000000 00:00 0 
7bdbe2286000-7bdbe2287000 rw-s 102418000 00:10 1046                      anon_inode:i915.gem
7bdbe2287000-7bdbe2288000 rw-s 101b70000 00:10 1046                      anon_inode:i915.gem
7bdbe2288000-7bdbe2289000 rw-s 00000000 00:01 43951                      /memfd:xshmfence (deleted)
7bdbe2289000-7bdbe228b000 r--p 00000000 b3:02 329933                     /usr/lib/jvm/java-21-openjdk/lib/libzip.so
7bdbe228b000-7bdbe228f000 r-xp 00002000 b3:02 329933                     /usr/lib/jvm/java-21-openjdk/lib/libzip.so
7bdbe228f000-7bdbe2291000 r--p 00006000 b3:02 329933                     /usr/lib/jvm/java-21-openjdk/lib/libzip.so
7bdbe2291000-7bdbe2292000 r--p 00007000 b3:02 329933                     /usr/lib/jvm/java-21-openjdk/lib/libzip.so
7bdbe2292000-7bdbe2293000 rw-p 00008000 b3:02 329933                     /usr/lib/jvm/java-21-openjdk/lib/libzip.so
7bdbe2293000-7bdbe22b3000 rw-p 00000000 00:00 0 
7bdbe22b3000-7bdbe22bd000 r--p 00000000 b3:02 329907                     /usr/lib/jvm/java-21-openjdk/lib/libjava.so
7bdbe22bd000-7bdbe22ca000 r-xp 0000a000 b3:02 329907                     /usr/lib/jvm/java-21-openjdk/lib/libjava.so
7bdbe22ca000-7bdbe22cf000 r--p 00017000 b3:02 329907                     /usr/lib/jvm/java-21-openjdk/lib/libjava.so
7bdbe22cf000-7bdbe22d0000 r--p 0001b000 b3:02 329907                     /usr/lib/jvm/java-21-openjdk/lib/libjava.so
7bdbe22d0000-7bdbe22d1000 rw-p 0001c000 b3:02 329907                     /usr/lib/jvm/java-21-openjdk/lib/libjava.so
7bdbe22d1000-7bdbe22d2000 rw-p 00000000 00:00 0 
7bdbe22d2000-7bdbe22d6000 ---p 00000000 00:00 0 
7bdbe22d6000-7bdbe23d2000 rw-p 00000000 00:00 0 
7bdbe23d2000-7bdbe23d6000 r--p 00000000 b3:02 133624                     /usr/lib/libgcc_s.so.1
7bdbe23d6000-7bdbe23fa000 r-xp 00004000 b3:02 133624                     /usr/lib/libgcc_s.so.1
7bdbe23fa000-7bdbe23fe000 r--p 00028000 b3:02 133624                     /usr/lib/libgcc_s.so.1
7bdbe23fe000-7bdbe23ff000 r--p 0002b000 b3:02 133624                     /usr/lib/libgcc_s.so.1
7bdbe23ff000-7bdbe2400000 rw-p 0002c000 b3:02 133624                     /usr/lib/libgcc_s.so.1
7bdbe2400000-7bdbe240e000 r--p 00000000 b3:02 329944                     /usr/lib/jvm/java-21-openjdk/lib/server/libjvm.so
7bdbe240e000-7bdbe33a0000 r-xp 0000e000 b3:02 329944                     /usr/lib/jvm/java-21-openjdk/lib/server/libjvm.so
7bdbe33a0000-7bdbe358f000 r--p 00fa0000 b3:02 329944                     /usr/lib/jvm/java-21-openjdk/lib/server/libjvm.so
7bdbe358f000-7bdbe3660000 r--p 0118e000 b3:02 329944                     /usr/lib/jvm/java-21-openjdk/lib/server/libjvm.so
7bdbe3660000-7bdbe368a000 rw-p 0125f000 b3:02 329944                     /usr/lib/jvm/java-21-openjdk/lib/server/libjvm.so
7bdbe368a000-7bdbe36f1000 rw-p 00000000 00:00 0 
7bdbe36f1000-7bdbe36f2000 r-xp 0005a000 00:2b 45                         /tmp/lwjgl_zeph/3.3.4+7/x64/liblwjgl.so
7bdbe36f2000-7bdbe36f3000 rw-p 00000000 00:00 0 
7bdbe36f3000-7bdbe36f6000 r--p 00000000 b3:02 329924                     /usr/lib/jvm/java-21-openjdk/lib/libnet.so
7bdbe36f6000-7bdbe36fd000 r-xp 00003000 b3:02 329924                     /usr/lib/jvm/java-21-openjdk/lib/libnet.so
7bdbe36fd000-7bdbe36ff000 r--p 0000a000 b3:02 329924                     /usr/lib/jvm/java-21-openjdk/lib/libnet.so
7bdbe36ff000-7bdbe3700000 r--p 0000b000 b3:02 329924                     /usr/lib/jvm/java-21-openjdk/lib/libnet.so
7bdbe3700000-7bdbe3701000 rw-p 0000c000 b3:02 329924                     /usr/lib/jvm/java-21-openjdk/lib/libnet.so
7bdbe3701000-7bdbe370f000 r--p 00000000 b3:02 134477                     /usr/lib/libm.so.6
7bdbe370f000-7bdbe3792000 r-xp 0000e000 b3:02 134477                     /usr/lib/libm.so.6
7bdbe3792000-7bdbe37ee000 r--p 00091000 b3:02 134477                     /usr/lib/libm.so.6
7bdbe37ee000-7bdbe37ef000 r--p 000ec000 b3:02 134477                     /usr/lib/libm.so.6
7bdbe37ef000-7bdbe37f0000 rw-p 000ed000 b3:02 134477                     /usr/lib/libm.so.6
7bdbe37f0000-7bdbe37f3000 rw-p 00000000 00:00 0 
7bdbe37f3000-7bdbe37f6000 r--p 00000000 b3:02 138543                     /usr/lib/libz.so.1.3.1
7bdbe37f6000-7bdbe3804000 r-xp 00003000 b3:02 138543                     /usr/lib/libz.so.1.3.1
7bdbe3804000-7bdbe380a000 r--p 00011000 b3:02 138543                     /usr/lib/libz.so.1.3.1
7bdbe380a000-7bdbe380b000 r--p 00017000 b3:02 138543                     /usr/lib/libz.so.1.3.1
7bdbe380b000-7bdbe380c000 rw-p 00018000 b3:02 138543                     /usr/lib/libz.so.1.3.1
7bdbe380c000-7bdbe3830000 r--p 00000000 b3:02 134467                     /usr/lib/libc.so.6
7bdbe3830000-7bdbe39a1000 r-xp 00024000 b3:02 134467                     /usr/lib/libc.so.6
7bdbe39a1000-7bdbe39ef000 r--p 00195000 b3:02 134467                     /usr/lib/libc.so.6
7bdbe39ef000-7bdbe39f3000 r--p 001e3000 b3:02 134467                     /usr/lib/libc.so.6
7bdbe39f3000-7bdbe39f5000 rw-p 001e7000 b3:02 134467                     /usr/lib/libc.so.6
7bdbe39f5000-7bdbe39fd000 rw-p 00000000 00:00 0 
7bdbe39fd000-7bdbe39fe000 rw-s 100219000 00:10 1046                      anon_inode:i915.gem
7bdbe39fe000-7bdbe39ff000 rw-s 101b6f000 00:10 1046                      anon_inode:i915.gem
7bdbe39ff000-7bdbe3a00000 rw-s 107767000 00:10 1046                      anon_inode:i915.gem
7bdbe3a00000-7bdbe3a01000 rw-s 102477000 00:10 1046                      anon_inode:i915.gem
7bdbe3a01000-7bdbe3a06000 rw-p 00000000 00:00 0 
7bdbe3a06000-7bdbe3a0d000 ---p 00000000 00:00 0 
7bdbe3a0d000-7bdbe3a15000 rw-s 00000000 00:2b 2536                       /tmp/hsperfdata_zeph/85246
7bdbe3a15000-7bdbe3a16000 ---p 00000000 00:00 0 
7bdbe3a16000-7bdbe3a17000 r--p 00000000 00:00 0 
7bdbe3a17000-7bdbe3a18000 ---p 00000000 00:00 0 
7bdbe3a18000-7bdbe3a19000 r--p 00000000 b3:02 329913                     /usr/lib/jvm/java-21-openjdk/lib/libjimage.so
7bdbe3a19000-7bdbe3a1b000 r-xp 00001000 b3:02 329913                     /usr/lib/jvm/java-21-openjdk/lib/libjimage.so
7bdbe3a1b000-7bdbe3a1c000 r--p 00003000 b3:02 329913                     /usr/lib/jvm/java-21-openjdk/lib/libjimage.so
7bdbe3a1c000-7bdbe3a1d000 r--p 00003000 b3:02 329913                     /usr/lib/jvm/java-21-openjdk/lib/libjimage.so
7bdbe3a1d000-7bdbe3a1e000 rw-p 00004000 b3:02 329913                     /usr/lib/jvm/java-21-openjdk/lib/libjimage.so
7bdbe3a1e000-7bdbe3a20000 r--p 00000000 b3:02 329914                     /usr/lib/jvm/java-21-openjdk/lib/libjli.so
7bdbe3a20000-7bdbe3a2a000 r-xp 00002000 b3:02 329914                     /usr/lib/jvm/java-21-openjdk/lib/libjli.so
7bdbe3a2a000-7bdbe3a2d000 r--p 0000c000 b3:02 329914                     /usr/lib/jvm/java-21-openjdk/lib/libjli.so
7bdbe3a2d000-7bdbe3a2e000 r--p 0000e000 b3:02 329914                     /usr/lib/jvm/java-21-openjdk/lib/libjli.so
7bdbe3a2e000-7bdbe3a2f000 rw-p 0000f000 b3:02 329914                     /usr/lib/jvm/java-21-openjdk/lib/libjli.so
7bdbe3a2f000-7bdbe3a31000 rw-p 00000000 00:00 0 
7bdbe3a31000-7bdbe3a35000 r--p 00000000 00:00 0                          [vvar]
7bdbe3a35000-7bdbe3a37000 r-xp 00000000 00:00 0                          [vdso]
7bdbe3a37000-7bdbe3a38000 r--p 00000000 b3:02 134458                     /usr/lib/ld-linux-x86-64.so.2
7bdbe3a38000-7bdbe3a61000 r-xp 00001000 b3:02 134458                     /usr/lib/ld-linux-x86-64.so.2
7bdbe3a61000-7bdbe3a6b000 r--p 0002a000 b3:02 134458                     /usr/lib/ld-linux-x86-64.so.2
7bdbe3a6b000-7bdbe3a6d000 r--p 00034000 b3:02 134458                     /usr/lib/ld-linux-x86-64.so.2
7bdbe3a6d000-7bdbe3a6f000 rw-p 00036000 b3:02 134458                     /usr/lib/ld-linux-x86-64.so.2
7ffe82b8b000-7ffe82bac000 rw-p 00000000 00:00 0                          [stack]
ffffffffff600000-ffffffffff601000 --xp 00000000 00:00 0                  [vsyscall]
Total number of mappings: 512


VM Arguments:
jvm_args: -Djava.library.path=lib/ -XX:+ShowCodeDetailsInExceptionMessages 
java_command: game.Main
java_class_path (initial): /home/zeph/mnt/JAVA/ZephyroGame/target/classes:/home/zeph/.m2/repository/org/l33tlabs/twl/pngdecoder/1.0/pngdecoder-1.0.jar:/home/zeph/.m2/repository/org/joml/joml/1.10.8/joml-1.10.8.jar:/home/zeph/.m2/repository/org/lwjgl/lwjgl/3.3.4/lwjgl-3.3.4.jar:/home/zeph/.m2/repository/org/lwjgl/lwjgl-assimp/3.3.4/lwjgl-assimp-3.3.4.jar:/home/zeph/.m2/repository/org/lwjgl/lwjgl-bgfx/3.3.4/lwjgl-bgfx-3.3.4.jar:/home/zeph/.m2/repository/org/lwjgl/lwjgl-cuda/3.3.4/lwjgl-cuda-3.3.4.jar:/home/zeph/.m2/repository/org/lwjgl/lwjgl-fmod/3.3.4/lwjgl-fmod-3.3.4.jar:/home/zeph/.m2/repository/org/lwjgl/lwjgl-glfw/3.3.4/lwjgl-glfw-3.3.4.jar:/home/zeph/.m2/repository/org/lwjgl/lwjgl-nanovg/3.3.4/lwjgl-nanovg-3.3.4.jar:/home/zeph/.m2/repository/org/lwjgl/lwjgl-nuklear/3.3.4/lwjgl-nuklear-3.3.4.jar:/home/zeph/.m2/repository/org/lwjgl/lwjgl-openal/3.3.4/lwjgl-openal-3.3.4.jar:/home/zeph/.m2/repository/org/lwjgl/lwjgl-opencl/3.3.4/lwjgl-opencl-3.3.4.jar:/home/zeph/.m2/repository/org/lwjgl/lwjgl-opengl/3.3.4/lwjgl-opengl-3.3.4.jar:/home/zeph/.m2/repository/org/lwjgl/lwjgl-par/3.3.4/lwjgl-par-3.3.4.jar:/home/zeph/.m2/repository/org/lwjgl/lwjgl-shaderc/3.3.4/lwjgl-shaderc-3.3.4.jar:/home/zeph/.m2/repository/org/lwjgl/lwjgl-stb/3.3.4/lwjgl-stb-3.3.4.jar:/home/zeph/.m2/repository/org/lwjgl/lwjgl-vulkan/3.3.4/lwjgl-vulkan-3.3.4.jar:/home/zeph/.m2/repository/org/lwjgl/lwjgl/3.3.4/lwjgl-3.3.4-natives-linux.jar:/home/zeph/.m2/repository/org/lwjgl/lwjgl-assimp/3.3.4/lwjgl-assimp-3.3.4-natives-linux.jar:/home/zeph/.m2/repository/org/lwjgl/lwjgl-bgfx/3.3.4/lwjgl-bgfx-3.3.4-natives-linux.jar:/home/zeph/.m2/repository/org/lwjgl/lwjgl-glfw/3.3.4/lwjgl-glfw-3.3.4-natives-linux.jar:/home/zeph/.m2/repository/org/lwjgl/lwjgl-nanovg/3.3.4/lwjgl-nanovg-3.3.4-natives-linux.jar:/home/zeph/.m2/repository/org/lwjgl/lwjgl-nuklear/3.3.4/lwjgl-nuklear-3.3.4-natives-linux.jar:/home/zeph/.m2/repository/org/lwjgl/lwjgl-openal/3.3.4/lwjgl-openal-3.3.4-natives-linux.jar:/home/zeph/.m2/repository/org/lwjgl/lwjgl-opengl/3.3.4/lwjgl-opengl-3.3.4-natives-linux.jar:/home/zeph/.m2/repository/org/lwjgl/lwjgl-par/3.3.4/lwjgl-par-3.3.4-natives-linux.jar:/home/zeph/.m2/repository/org/lwjgl/lwjgl-shaderc/3.3.4/lwjgl-shaderc-3.3.4-natives-linux.jar:/home/zeph/.m2/repository/org/lwjgl/lwjgl-stb/3.3.4/lwjgl-stb-3.3.4-natives-linux.jar
Launcher Type: SUN_STANDARD

[Global flags]
     intx CICompilerCount                          = 2                                         {product} {ergonomic}
     uint ConcGCThreads                            = 1                                         {product} {ergonomic}
     uint G1ConcRefinementThreads                  = 2                                         {product} {ergonomic}
   size_t G1HeapRegionSize                         = 1048576                                   {product} {ergonomic}
    uintx GCDrainStackTargetSize                   = 64                                        {product} {ergonomic}
   size_t InitialHeapSize                          = 62914560                                  {product} {ergonomic}
   size_t MarkStackSize                            = 4194304                                   {product} {ergonomic}
   size_t MaxHeapSize                              = 991952896                                 {product} {ergonomic}
   size_t MaxNewSize                               = 594542592                                 {product} {ergonomic}
   size_t MinHeapDeltaBytes                        = 1048576                                   {product} {ergonomic}
   size_t MinHeapSize                              = 8388608                                   {product} {ergonomic}
    uintx NonNMethodCodeHeapSize                   = 5826188                                {pd product} {ergonomic}
    uintx NonProfiledCodeHeapSize                  = 122916026                              {pd product} {ergonomic}
    uintx ProfiledCodeHeapSize                     = 122916026                              {pd product} {ergonomic}
    uintx ReservedCodeCacheSize                    = 251658240                              {pd product} {ergonomic}
     bool SegmentedCodeCache                       = true                                      {product} {ergonomic}
     bool ShowCodeDetailsInExceptionMessages       = true                                   {manageable} {command line}
   size_t SoftMaxHeapSize                          = 991952896                              {manageable} {ergonomic}
     bool UseCompressedOops                        = true                           {product lp64_product} {ergonomic}
     bool UseG1GC                                  = true                                      {product} {ergonomic}

Logging:
Log output configuration:
 #0: stdout all=warning uptime,level,tags foldmultilines=false
 #1: stderr all=off uptime,level,tags foldmultilines=false

Environment Variables:
PATH=/home/zeph/.cargo/bin:/usr/local/sbin:/usr/local/bin:/usr/bin:/usr/lib/jvm/default/bin:/usr/bin/site_perl:/usr/bin/vendor_perl:/usr/bin/core_perl
SHELL=/usr/bin/bash
DISPLAY=:0
LANG=en_US.UTF-8
TERM=xterm-256color

Active Locale:
LC_ALL=en_US.UTF-8
LC_COLLATE=en_US.UTF-8
LC_CTYPE=en_US.UTF-8
LC_MESSAGES=en_US.UTF-8
LC_MONETARY=en_US.UTF-8
LC_NUMERIC=en_US.UTF-8
LC_TIME=en_US.UTF-8

Signal Handlers:
   SIGSEGV: 0x00007bdbe305f8d0 in libjvm.so+12974288, mask=11100100010111111101111111111110, flags=SA_RESTART|SA_SIGINFO, unblocked
    SIGBUS: 0x00007bdbe305f8d0 in libjvm.so+12974288, mask=11100100010111111101111111111110, flags=SA_RESTART|SA_SIGINFO, unblocked
    SIGFPE: 0x00007bdbe305f8d0 in libjvm.so+12974288, mask=11100100010111111101111111111110, flags=SA_RESTART|SA_SIGINFO, unblocked
   SIGPIPE: 0x00007bdbe2f1df80 in libjvm.so+11657088, mask=11100100010111111101111111111110, flags=SA_RESTART|SA_SIGINFO, blocked
   SIGXFSZ: 0x00007bdbe2f1df80 in libjvm.so+11657088, mask=11100100010111111101111111111110, flags=SA_RESTART|SA_SIGINFO, blocked
    SIGILL: 0x00007bdbe305f8d0 in libjvm.so+12974288, mask=11100100010111111101111111111110, flags=SA_RESTART|SA_SIGINFO, unblocked
   SIGUSR2: 0x00007bdbe2f2bad0 in libjvm.so+11713232, mask=00000000000000000000000000000000, flags=SA_RESTART|SA_SIGINFO, blocked
    SIGHUP: 0x00007bdbe2f16540 in libjvm.so+11625792, mask=11100100010111111101111111111110, flags=SA_RESTART|SA_SIGINFO, blocked
    SIGINT: 0x00007bdbe2f16540 in libjvm.so+11625792, mask=11100100010111111101111111111110, flags=SA_RESTART|SA_SIGINFO, blocked
   SIGTERM: 0x00007bdbe2f16540 in libjvm.so+11625792, mask=11100100010111111101111111111110, flags=SA_RESTART|SA_SIGINFO, blocked
   SIGQUIT: 0x00007bdbe2f16540 in libjvm.so+11625792, mask=11100100010111111101111111111110, flags=SA_RESTART|SA_SIGINFO, blocked
   SIGTRAP: 0x00007bdbe305f8d0 in libjvm.so+12974288, mask=11100100010111111101111111111110, flags=SA_RESTART|SA_SIGINFO, unblocked


Periodic native trim disabled

---------------  S Y S T E M  ---------------

OS:
NAME="Arch Linux"
PRETTY_NAME="Arch Linux"
ID=arch
BUILD_ID=rolling
ANSI_COLOR="38;2;23;147;209"
HOME_URL="https://archlinux.org/"
DOCUMENTATION_URL="https://wiki.archlinux.org/"
SUPPORT_URL="https://bbs.archlinux.org/"
BUG_REPORT_URL="https://gitlab.archlinux.org/groups/archlinux/-/issues"
PRIVACY_POLICY_URL="https://terms.archlinux.org/docs/privacy-policy/"
LOGO=archlinux-logo
uname: Linux 6.11.9-arch1-1 #1 SMP PREEMPT_DYNAMIC Sun, 17 Nov 2024 16:06:17 +0000 x86_64
OS uptime: 0 days 3:08 hours
libc: glibc 2.40 NPTL 2.40 
rlimit (soft/hard): STACK 8192k/infinity , CORE infinity/infinity , NPROC 14744/14744 , NOFILE 524288/524288 , AS infinity/infinity , CPU infinity/infinity , DATA infinity/infinity , FSIZE infinity/infinity , MEMLOCK 8192k/8192k
load average: 0.99 1.01 0.89

/proc/meminfo:
MemTotal:        3869884 kB
MemFree:          104616 kB
MemAvailable:     769820 kB
Buffers:           23260 kB
Cached:          1345620 kB
SwapCached:         5708 kB
Active:          1460420 kB
Inactive:        1570924 kB
Active(anon):    1150712 kB
Inactive(anon):  1025328 kB
Active(file):     309708 kB
Inactive(file):   545596 kB
Unevictable:      276440 kB
Mlocked:               0 kB
SwapTotal:       1934844 kB
SwapFree:         974176 kB
Zswap:                 0 kB
Zswapped:              0 kB
Dirty:               256 kB
Writeback:             0 kB
AnonPages:       1925404 kB
Mapped:           437476 kB
Shmem:            513404 kB
KReclaimable:      37020 kB
Slab:             108112 kB
SReclaimable:      37020 kB
SUnreclaim:        71092 kB
KernelStack:       10672 kB
PageTables:        28928 kB
SecPageTables:         0 kB
NFS_Unstable:          0 kB
Bounce:                0 kB
WritebackTmp:          0 kB
CommitLimit:     3869784 kB
Committed_AS:   11273712 kB
VmallocTotal:   34359738367 kB
VmallocUsed:       55288 kB
VmallocChunk:          0 kB
Percpu:             1008 kB
HardwareCorrupted:     0 kB
AnonHugePages:    524288 kB
ShmemHugePages:        0 kB
ShmemPmdMapped:        0 kB
FileHugePages:    188416 kB
FilePmdMapped:    178176 kB
CmaTotal:              0 kB
CmaFree:               0 kB
Unaccepted:            0 kB
HugePages_Total:       0
HugePages_Free:        0
HugePages_Rsvd:        0
HugePages_Surp:        0
Hugepagesize:       2048 kB
Hugetlb:               0 kB
DirectMap4k:      138696 kB
DirectMap2M:     3915776 kB
DirectMap1G:     2097152 kB

/sys/kernel/mm/transparent_hugepage/enabled: [always] madvise never
/sys/kernel/mm/transparent_hugepage/hpage_pmd_size: 2097152
/sys/kernel/mm/transparent_hugepage/defrag (defrag/compaction efforts parameter): always defer defer+madvise [madvise] never

Process Memory:
Virtual Size: 3848644K (peak: 3848776K)
Resident Set Size: 152816K (peak: 154520K) (anon: 67192K, file: 84608K, shmem: 1016K)
Swapped out: 0K
C-Heap outstanding allocations: 26434K, retained: 2833K
glibc malloc tunables: (default)

/proc/sys/kernel/threads-max (system-wide limit on the number of threads): 29488
/proc/sys/vm/max_map_count (maximum number of memory map areas a process may have): 1048576
/proc/sys/vm/swappiness (control to define how aggressively the kernel swaps out anonymous memory): 60
/proc/sys/kernel/pid_max (system-wide limit on number of process identifiers): 4194304

container (cgroup) information:
container_type: cgroupv2
cpu_cpuset_cpus: not supported
cpu_memory_nodes: not supported
active_processor_count: 2
cpu_quota: no quota
cpu_period: 100000
cpu_shares: no shares
memory_limit_in_bytes: unlimited
memory_and_swap_limit_in_bytes: unlimited
memory_soft_limit_in_bytes: unlimited
memory_usage_in_bytes: 3131692 k
memory_max_usage_in_bytes: not supported
memory_swap_current_in_bytes: 898200 k
memory_swap_max_limit_in_bytes: unlimited
maximum number of tasks: unlimited
current number of tasks: 490

Steal ticks since vm start: 0
Steal ticks percentage since vm start:  0.000

CPU: total 2 (initial active 2) (2 cores per cpu, 1 threads per core) family 6 model 122 stepping 1 microcode 0x42, cx8, cmov, fxsr, mmx, 3dnowpref, sse, sse2, sse3, ssse3, sse4.1, sse4.2, popcnt, tsc, tscinvbit, aes, erms, clmul, sha, clflush, clflushopt, rdtscp, rdpid
CPU Model and flags from /proc/cpuinfo:
model name	: Intel(R) Celeron(R) N4000 CPU @ 1.10GHz
flags		: fpu vme de pse tsc msr pae mce cx8 apic sep mtrr pge mca cmov pat pse36 clflush dts acpi mmx fxsr sse sse2 ss ht tm pbe syscall nx pdpe1gb rdtscp lm constant_tsc art arch_perfmon pebs bts rep_good nopl xtopology nonstop_tsc cpuid aperfmperf tsc_known_freq pni pclmulqdq dtes64 monitor ds_cpl vmx est tm2 ssse3 sdbg cx16 xtpr pdcm sse4_1 sse4_2 x2apic movbe popcnt tsc_deadline_timer aes xsave rdrand lahf_lm 3dnowprefetch cpuid_fault cat_l2 pti cdp_l2 ssbd ibrs ibpb stibp ibrs_enhanced tpr_shadow flexpriority ept vpid ept_ad fsgsbase tsc_adjust smep erms mpx rdt_a rdseed smap clflushopt intel_pt sha_ni xsaveopt xsavec xgetbv1 xsaves dtherm ida arat pln pts vnmi umip rdpid md_clear arch_capabilities

Online cpus: 0-1
Offline cpus: 
BIOS frequency limitation: <Not Available>
Frequency switch latency (ns): 20000
Available cpu frequencies: <Not Available>
Current governor: schedutil
Core performance/turbo boost: <Not Available>

Memory: 4k page, physical 3869884k(769820k free), swap 1934844k(974176k free)
Page Sizes: 4k

vm_info: OpenJDK 64-Bit Server VM (21.0.5+11) for linux-amd64 JRE (21.0.5+11), built on 2024-10-16T10:19:33Z by "builduser" with gcc 14.2.1 20240910

END.
