#
# A fatal error has been detected by the Java Runtime Environment:
#
#  SIGSEGV (0xb) at pc=0x000078ab3c0f043d, pid=290932, tid=290933
#
# JRE version: OpenJDK Runtime Environment (21.0.5+11) (build 21.0.5+11)
# Java VM: OpenJDK 64-Bit Server VM (21.0.5+11, mixed mode, sharing, tiered, compressed oops, compressed class ptrs, g1 gc, linux-amd64)
# Problematic frame:
# J 493 c2 sun.misc.Unsafe.putLong(Ljava/lang/Object;JJ)V jdk.unsupported@21.0.5 (11 bytes) @ 0x000078ab3c0f043d [0x000078ab3c0f0400+0x000000000000003d]
#
# Core dump will be written. Default location: Core dumps may be processed with "/usr/lib/systemd/systemd-coredump %P %u %g %s %t %c %h" (or dumping to /home/zeph/mnt/JAVA/ZephyroGame/core.290932)
#
# If you would like to submit a bug report, please visit:
#   https://bugreport.java.com/bugreport/crash.jsp
#

---------------  S U M M A R Y ------------

Command Line: -Djava.library.path=lib/ -XX:+ShowCodeDetailsInExceptionMessages game.Main

Host: Intel(R) Celeron(R) N4000 CPU @ 1.10GHz, 2 cores, 3G, Arch Linux
Time: Tue Nov 19 15:58:08 2024 UTC elapsed time: 2.133446 seconds (0d 0h 0m 2s)

---------------  T H R E A D  ---------------

Current thread (0x000078ab4c0196f0):  JavaThread "main"             [_thread_in_Java, id=290933, stack(0x000078ab50d00000,0x000078ab50e00000) (1024K)]

Stack: [0x000078ab50d00000,0x000078ab50e00000],  sp=0x000078ab50dfe640,  free space=1017k
Native frames: (J=compiled Java code, j=interpreted, Vv=VM code, C=native code)
J 493 c2 sun.misc.Unsafe.putLong(Ljava/lang/Object;JJ)V jdk.unsupported@21.0.5 (11 bytes) @ 0x000078ab3c0f043d [0x000078ab3c0f0400+0x000000000000003d]
j  org.joml.MemUtil$MemUtilUnsafe.put(Lorg/joml/Matrix3f;J)V+32
j  org.joml.MemUtil$MemUtilUnsafe.put(Lorg/joml/Matrix3f;ILjava/nio/FloatBuffer;)V+46
j  org.joml.Matrix3f.get(ILjava/nio/FloatBuffer;)Ljava/nio/FloatBuffer;+6
j  game.Display.Mesh.addTriangle(Lorg/joml/Matrix3f;)V+26
j  game.Display.Display.Initialize()V+89
j  game.Display.Display.Run()V+1
j  game.Main.main([Ljava/lang/String;)V+3
v  ~StubRoutines::call_stub 0x000078ab3bb38cc4
V  [libjvm.so+0x6d0894]
V  [libjvm.so+0xd8dc42]
V  [libjvm.so+0x7437b1]
C  [libjli.so+0x5507]
C  [libjli.so+0x574d]
C  [libc.so.6+0x9439d]

siginfo: si_signo: 11 (SIGSEGV), si_code: 1 (SEGV_MAPERR), si_addr: 0x000000000000007c

Registers:
RAX=0x000078aac8125210, RBX=0x000078aac8125210, RCX=0x000000000000007c, RDX=0x0000000000000000
RSP=0x000078ab50dfe640, RBP=0x000078ab50dfe6d8, RSI=0x00000000c83ff830, RDI=0x000078ab50dfea40
R8 =0x3f800000bf800000, R9 =0x000078ab4c0196f0, R10=0x0000000000000000, R11=0x000078ab3c0f0420
R12=0x0000000000000000, R13=0x000078ab50dfe660, R14=0x000078ab50dfe700, R15=0x000078ab4c0196f0
RIP=0x000078ab3c0f043d, EFLAGS=0x0000000000010246, CSGSFS=0x002b000000000033, ERR=0x0000000000000006
  TRAPNO=0x000000000000000e


Register to memory mapping:

RAX={method} {0x000078aac8125210} 'putLong' '(Ljava/lang/Object;JJ)V' in 'sun/misc/Unsafe'
RBX={method} {0x000078aac8125210} 'putLong' '(Ljava/lang/Object;JJ)V' in 'sun/misc/Unsafe'
RCX=0x000000000000007c is an unknown value
RDX=0x0 is null
RSP=0x000078ab50dfe640 is pointing into the stack for thread: 0x000078ab4c0196f0
RBP=0x000078ab50dfe6d8 is pointing into the stack for thread: 0x000078ab4c0196f0
RSI=0x00000000c83ff830 is an oop: sun.misc.Unsafe 
{0x00000000c83ff830} - klass: 'sun/misc/Unsafe'
 - ---- fields (total size 2 words):
RDI=0x000078ab50dfea40 is pointing into the stack for thread: 0x000078ab4c0196f0
R8 =0x3f800000bf800000 is an unknown value
R9 =0x000078ab4c0196f0 is a thread
R10=0x0 is null
R11=0x000078ab3c0f0420 is at entry_point+32 in (nmethod*)0x000078ab3c0f0290
Compiled method (c2) 2139  493       4       sun.misc.Unsafe::putLong (11 bytes)
 total in heap  [0x000078ab3c0f0290,0x000078ab3c0f04c0] = 560
 relocation     [0x000078ab3c0f03e8,0x000078ab3c0f0400] = 24
 main code      [0x000078ab3c0f0400,0x000078ab3c0f0478] = 120
 stub code      [0x000078ab3c0f0478,0x000078ab3c0f0490] = 24
 scopes data    [0x000078ab3c0f0490,0x000078ab3c0f0498] = 8
 scopes pcs     [0x000078ab3c0f0498,0x000078ab3c0f04b8] = 32
 dependencies   [0x000078ab3c0f04b8,0x000078ab3c0f04c0] = 8
R12=0x0 is null
R13=0x000078ab50dfe660 is pointing into the stack for thread: 0x000078ab4c0196f0
R14=0x000078ab50dfe700 is pointing into the stack for thread: 0x000078ab4c0196f0
R15=0x000078ab4c0196f0 is a thread

Top of Stack: (sp=0x000078ab50dfe640)
0x000078ab50dfe640:   000078ab50dfe6d8 000078ab3bb4025e
0x000078ab50dfe650:   000078ab50dfe6d8 000078ab3bb40180
0x000078ab50dfe660:   3f800000bf800000 0000000000000000
0x000078ab50dfe670:   000000000000007c 0000000000000000
0x000078ab50dfe680:   0000000000000000 00000000c83ff830
0x000078ab50dfe690:   000078ab50dfe690 000078aac86456d0
0x000078ab50dfe6a0:   0000000000000005 000078aac8660000
0x000078ab50dfe6b0:   0000000000000000 00000000c88375f0
0x000078ab50dfe6c0:   000078aac8645720 000078ab50dfe660
0x000078ab50dfe6d0:   000078ab50dfe6f0 000078ab50dfe750
0x000078ab50dfe6e0:   000078ab3bb40180 0000000000000000
0x000078ab50dfe6f0:   000000000000007c 0000000000000000
0x000078ab50dfe700:   00000000c86d8b28 000078ab50dfe708
0x000078ab50dfe710:   000078aac864dfa6 0000000000000005
0x000078ab50dfe720:   000078aac8660000 0000000000000000
0x000078ab50dfe730:   00000000c88375f0 000078aac864dff0
0x000078ab50dfe740:   000078ab50dfe6f0 000078ab50dfe760
0x000078ab50dfe750:   000078ab50dfe7c8 000078ab3bb40180
0x000078ab50dfe760:   00000000c86d8bf0 000000000000001b
0x000078ab50dfe770:   00000000c86d8b28 00000000c86d8b18
0x000078ab50dfe780:   000078ab50dfe780 000078aac860803e
0x000078ab50dfe790:   0000000000000004 000078aac8618eb8
0x000078ab50dfe7a0:   0000000000000000 00000000c89cd770
0x000078ab50dfe7b0:   000078aac8608070 000078ab50dfe760
0x000078ab50dfe7c0:   000078ab50dfe7d8 000078ab50dfe838
0x000078ab50dfe7d0:   000078ab3bb402f2 00000000c86d8bf0
0x000078ab50dfe7e0:   000000000000001b 00000000c86d8b28
0x000078ab50dfe7f0:   000078ab50dfe7f0 000078aac85fb59a
0x000078ab50dfe800:   0000000000000003 000078aac85fb6f8
0x000078ab50dfe810:   0000000000000000 00000000c89acd78
0x000078ab50dfe820:   000078aac85fb5d0 000078ab50dfe7d8
0x000078ab50dfe830:   000078ab50dfe848 000078ab50dfe8a0 

Instructions: (pc=0x000078ab3c0f043d)
0x000078ab3c0f033d:   78 00 00 00 00 00 00 00 00 00 00 00 00 00 00 00
0x000078ab3c0f034d:   00 00 00 02 00 00 00 00 00 00 00 00 00 00 00 00
0x000078ab3c0f035d:   00 00 00 00 00 00 00 00 00 00 00 00 04 0f 3c ab
0x000078ab3c0f036d:   78 00 00 20 04 0f 3c ab 78 00 00 00 04 0f 3c ab
0x000078ab3c0f037d:   78 00 00 00 00 00 00 ff ff ff ff e8 01 00 00 ff
0x000078ab3c0f038d:   ff ff ff 70 01 00 00 e8 01 00 00 00 02 00 00 00
0x000078ab3c0f039d:   02 00 00 00 00 00 00 08 02 00 00 28 02 00 00 30
0x000078ab3c0f03ad:   02 00 00 30 02 00 00 30 02 00 00 30 02 00 00 30
0x000078ab3c0f03bd:   02 00 00 00 00 00 00 ed 01 00 00 00 00 00 00 02
0x000078ab3c0f03cd:   00 00 00 ff ff ff ff ff ff ff ff 04 02 00 00 00
0x000078ab3c0f03dd:   00 00 00 00 00 00 00 00 00 00 00 14 30 32 58 0e
0x000078ab3c0f03ed:   78 0e 40 11 31 05 31 0e 00 00 31 0f 31 00 00 00
0x000078ab3c0f03fd:   00 00 00 44 8b 56 08 49 bb 00 00 00 d3 aa 78 00
0x000078ab3c0f040d:   00 4d 03 d3 49 3b c2 0f 85 66 5c a9 ff 66 90 0f
0x000078ab3c0f041d:   1f 40 00 48 81 ec 18 00 00 00 48 89 6c 24 10 41
0x000078ab3c0f042d:   81 7f 20 01 00 00 00 0f 85 30 00 00 00 4c 8b d2
0x000078ab3c0f043d:   4d 89 04 0a 48 83 c4 10 5d 49 3b a7 48 04 00 00
0x000078ab3c0f044d:   0f 87 01 00 00 00 c3 49 ba 46 04 0f 3c ab 78 00
0x000078ab3c0f045d:   00 4d 89 97 60 04 00 00 e9 16 c7 a9 ff e8 d1 be
0x000078ab3c0f046d:   a7 ff e9 c6 ff ff ff f4 f4 f4 f4 e9 83 6a ac ff
0x000078ab3c0f047d:   e8 00 00 00 00 48 83 2c 24 05 e9 14 c0 a9 ff f4
0x000078ab3c0f048d:   f4 f4 f4 ff 00 00 00 00 00 00 00 ff ff ff ff 00
0x000078ab3c0f049d:   00 00 00 00 00 00 00 00 00 00 00 91 00 00 00 00
0x000078ab3c0f04ad:   00 00 00 00 00 00 00 00 00 00 00 00 00 00 00 00
0x000078ab3c0f04bd:   00 00 00 00 00 00 00 00 00 00 00 00 00 00 00 00
0x000078ab3c0f04cd:   00 00 00 00 00 00 00 00 00 00 00 00 00 00 00 00
0x000078ab3c0f04dd:   00 00 00 00 00 00 00 00 00 00 00 00 00 00 00 00
0x000078ab3c0f04ed:   00 00 00 00 00 00 00 00 00 00 00 00 00 00 00 00
0x000078ab3c0f04fd:   00 00 00 00 00 00 00 00 00 00 00 00 00 00 00 00
0x000078ab3c0f050d:   00 00 00 00 00 00 00 00 00 00 00 00 00 00 00 00
0x000078ab3c0f051d:   00 00 00 00 00 00 00 00 00 00 00 00 00 00 00 00
0x000078ab3c0f052d:   00 00 00 00 00 00 00 00 00 00 00 00 00 00 00 00 


Stack slot to memory mapping:

stack at sp + 0 slots: 0x000078ab50dfe6d8 is pointing into the stack for thread: 0x000078ab4c0196f0
stack at sp + 1 slots: 0x000078ab3bb4025e is at code_begin+1406 in an Interpreter codelet
return entry points  [0x000078ab3bb3fce0, 0x000078ab3bb40880]  2976 bytes
stack at sp + 2 slots: 0x000078ab50dfe6d8 is pointing into the stack for thread: 0x000078ab4c0196f0
stack at sp + 3 slots: 0x000078ab3bb40180 is at code_begin+1184 in an Interpreter codelet
return entry points  [0x000078ab3bb3fce0, 0x000078ab3bb40880]  2976 bytes
stack at sp + 4 slots: 0x3f800000bf800000 is an unknown value
stack at sp + 5 slots: 0x0 is null
stack at sp + 6 slots: 0x000000000000007c is an unknown value
stack at sp + 7 slots: 0x0 is null


Compiled method (c2) 2147  493       4       sun.misc.Unsafe::putLong (11 bytes)
 total in heap  [0x000078ab3c0f0290,0x000078ab3c0f04c0] = 560
 relocation     [0x000078ab3c0f03e8,0x000078ab3c0f0400] = 24
 main code      [0x000078ab3c0f0400,0x000078ab3c0f0478] = 120
 stub code      [0x000078ab3c0f0478,0x000078ab3c0f0490] = 24
 scopes data    [0x000078ab3c0f0490,0x000078ab3c0f0498] = 8
 scopes pcs     [0x000078ab3c0f0498,0x000078ab3c0f04b8] = 32
 dependencies   [0x000078ab3c0f04b8,0x000078ab3c0f04c0] = 8

[Constant Pool (empty)]

[MachCode]
[Entry Point]
  # {method} {0x000078aac8125210} 'putLong' '(Ljava/lang/Object;JJ)V' in 'sun/misc/Unsafe'
  # this:     rsi:rsi   = 'sun/misc/Unsafe'
  # parm0:    rdx:rdx   = 'java/lang/Object'
  # parm1:    rcx:rcx   = long
  # parm2:    r8:r8     = long
  #           [sp+0x20]  (sp of caller)
  0x000078ab3c0f0400: 448b 5608 | 49bb 0000 | 00d3 aa78 | 0000 4d03 | d349 3bc2 

  0x000078ab3c0f0414: ;   {runtime_call ic_miss_stub}
  0x000078ab3c0f0414: 0f85 665c | a9ff 6690 | 0f1f 4000 
[Verified Entry Point]
  0x000078ab3c0f0420: 4881 ec18 | 0000 0048 | 896c 2410 | 4181 7f20 | 0100 0000 | 0f85 3000 | 0000 4c8b | d24d 8904 
  0x000078ab3c0f0440: 0a48 83c4 

  0x000078ab3c0f0444: ;   {poll_return}
  0x000078ab3c0f0444: 105d 493b | a748 0400 | 000f 8701 | 0000 00c3 

  0x000078ab3c0f0454: ;   {internal_word}
  0x000078ab3c0f0454: 49ba 4604 | 0f3c ab78 | 0000 4d89 | 9760 0400 

  0x000078ab3c0f0464: ;   {runtime_call SafepointBlob}
  0x000078ab3c0f0464: 00e9 16c7 

  0x000078ab3c0f0468: ;   {runtime_call StubRoutines (final stubs)}
  0x000078ab3c0f0468: a9ff e8d1 | bea7 ffe9 | c6ff ffff | f4f4 f4f4 
[Exception Handler]
  0x000078ab3c0f0478: ;   {no_reloc}
  0x000078ab3c0f0478: e983 6aac | ffe8 0000 | 0000 4883 

  0x000078ab3c0f0484: ;   {runtime_call DeoptimizationBlob}
  0x000078ab3c0f0484: 2c24 05e9 | 14c0 a9ff | f4f4 f4f4 
[/MachCode]


---------------  P R O C E S S  ---------------

Threads class SMR info:
_java_thread_list=0x000078ab4c0e9e70, length=10, elements={
0x000078ab4c0196f0, 0x000078ab4c0d0bc0, 0x000078ab4c0d2250, 0x000078ab4c0d39e0,
0x000078ab4c0d5020, 0x000078ab4c0d65c0, 0x000078ab4c0d8100, 0x000078ab4c0d97c0,
0x000078ab4c0e5c00, 0x000078ab4c0e8d30
}

Java Threads: ( => current thread )
=>0x000078ab4c0196f0 JavaThread "main"                              [_thread_in_Java, id=290933, stack(0x000078ab50d00000,0x000078ab50e00000) (1024K)]
  0x000078ab4c0d0bc0 JavaThread "Reference Handler"          daemon [_thread_blocked, id=290942, stack(0x000078ab30d00000,0x000078ab30e00000) (1024K)]
  0x000078ab4c0d2250 JavaThread "Finalizer"                  daemon [_thread_blocked, id=290943, stack(0x000078ab30bff000,0x000078ab30cff000) (1024K)]
  0x000078ab4c0d39e0 JavaThread "Signal Dispatcher"          daemon [_thread_blocked, id=290944, stack(0x000078ab30afe000,0x000078ab30bfe000) (1024K)]
  0x000078ab4c0d5020 JavaThread "Service Thread"             daemon [_thread_blocked, id=290945, stack(0x000078ab309fd000,0x000078ab30afd000) (1024K)]
  0x000078ab4c0d65c0 JavaThread "Monitor Deflation Thread"   daemon [_thread_blocked, id=290946, stack(0x000078ab308fc000,0x000078ab309fc000) (1024K)]
  0x000078ab4c0d8100 JavaThread "C2 CompilerThread0"         daemon [_thread_blocked, id=290947, stack(0x000078ab307fb000,0x000078ab308fb000) (1024K)]
  0x000078ab4c0d97c0 JavaThread "C1 CompilerThread0"         daemon [_thread_blocked, id=290948, stack(0x000078ab306fa000,0x000078ab307fa000) (1024K)]
  0x000078ab4c0e5c00 JavaThread "Notification Thread"        daemon [_thread_blocked, id=290949, stack(0x000078ab30528000,0x000078ab30628000) (1024K)]
  0x000078ab4c0e8d30 JavaThread "Common-Cleaner"             daemon [_thread_blocked, id=290950, stack(0x000078ab30427000,0x000078ab30527000) (1024K)]
Total: 10

Other Threads:
  0x000078ab4c0c7ab0 VMThread "VM Thread"                           [id=290941, stack(0x000078ab310fc000,0x000078ab311fc000) (1024K)]
  0x000078ab4c0b6320 WatcherThread "VM Periodic Task Thread"        [id=290940, stack(0x000078ab311fd000,0x000078ab312fd000) (1024K)]
  0x000078ab4c052240 WorkerThread "GC Thread#0"                     [id=290934, stack(0x000078ab50176000,0x000078ab50276000) (1024K)]
  0x000078aac0006300 WorkerThread "GC Thread#1"                     [id=290967, stack(0x000078ab28401000,0x000078ab28501000) (1024K)]
  0x000078ab4c05ae50 ConcurrentGCThread "G1 Main Marker"            [id=290935, stack(0x000078ab50075000,0x000078ab50175000) (1024K)]
  0x000078ab4c05be00 WorkerThread "G1 Conc#0"                       [id=290936, stack(0x000078ab4bf00000,0x000078ab4c000000) (1024K)]
  0x000078ab4c09b900 ConcurrentGCThread "G1 Refine#0"               [id=290937, stack(0x000078ab313ff000,0x000078ab314ff000) (1024K)]
  0x000078ab4c09c8c0 ConcurrentGCThread "G1 Service"                [id=290938, stack(0x000078ab312fe000,0x000078ab313fe000) (1024K)]
Total: 8

Threads with active compile tasks:
Total: 0

VM state: not at safepoint (normal execution)

VM Mutex/Monitor currently owned by a thread: None

Heap address: 0x00000000c4e00000, size: 946 MB, Compressed Oops mode: 32-bit

CDS archive(s) mapped at: [0x000078aad3000000-0x000078aad3c97000-0x000078aad3c97000), size 13201408, SharedBaseAddress: 0x000078aad3000000, ArchiveRelocationMode: 1.
Compressed class space mapped at: 0x000078aad4000000-0x000078ab14000000, reserved size: 1073741824
Narrow klass base: 0x000078aad3000000, Narrow klass shift: 0, Narrow klass range: 0x100000000

GC Precious Log:
 CardTable entry size: 512
 Card Set container configuration: InlinePtr #cards 5 size 8 Array Of Cards #cards 12 size 40 Howl #buckets 4 coarsen threshold 1843 Howl Bitmap #cards 512 size 80 coarsen threshold 460 Card regions per heap region 1 cards per card region 2048
 CPUs: 2 total, 2 available
 Memory: 3780M
 Large Page Support: Disabled
 NUMA Support: Disabled
 Compressed Oops: Enabled (32-bit)
 Heap Region Size: 1M
 Heap Min Capacity: 8M
 Heap Initial Capacity: 60M
 Heap Max Capacity: 946M
 Pre-touch: Disabled
 Parallel Workers: 2
 Concurrent Workers: 1
 Concurrent Refinement Workers: 2
 Periodic GC: Disabled

Heap:
 garbage-first heap   total 63488K, used 4934K [0x00000000c4e00000, 0x0000000100000000)
  region size 1024K, 5 young (5120K), 1 survivors (1024K)
 Metaspace       used 5667K, committed 5824K, reserved 1114112K
  class space    used 272K, committed 384K, reserved 1048576K

Heap Regions: E=young(eden), S=young(survivor), O=old, HS=humongous(starts), HC=humongous(continues), CS=collection set, F=free, TAMS=top-at-mark-start, PB=parsable bottom
|   0|0x00000000c4e00000, 0x00000000c4ec51d8, 0x00000000c4f00000| 76%| O|  |TAMS 0x00000000c4e00000| PB 0x00000000c4e00000| Untracked 
|   1|0x00000000c4f00000, 0x00000000c4f00000, 0x00000000c5000000|  0%| F|  |TAMS 0x00000000c4f00000| PB 0x00000000c4f00000| Untracked 
|   2|0x00000000c5000000, 0x00000000c5000000, 0x00000000c5100000|  0%| F|  |TAMS 0x00000000c5000000| PB 0x00000000c5000000| Untracked 
|   3|0x00000000c5100000, 0x00000000c5100000, 0x00000000c5200000|  0%| F|  |TAMS 0x00000000c5100000| PB 0x00000000c5100000| Untracked 
|   4|0x00000000c5200000, 0x00000000c5200000, 0x00000000c5300000|  0%| F|  |TAMS 0x00000000c5200000| PB 0x00000000c5200000| Untracked 
|   5|0x00000000c5300000, 0x00000000c5300000, 0x00000000c5400000|  0%| F|  |TAMS 0x00000000c5300000| PB 0x00000000c5300000| Untracked 
|   6|0x00000000c5400000, 0x00000000c5400000, 0x00000000c5500000|  0%| F|  |TAMS 0x00000000c5400000| PB 0x00000000c5400000| Untracked 
|   7|0x00000000c5500000, 0x00000000c5500000, 0x00000000c5600000|  0%| F|  |TAMS 0x00000000c5500000| PB 0x00000000c5500000| Untracked 
|   8|0x00000000c5600000, 0x00000000c5600000, 0x00000000c5700000|  0%| F|  |TAMS 0x00000000c5600000| PB 0x00000000c5600000| Untracked 
|   9|0x00000000c5700000, 0x00000000c5700000, 0x00000000c5800000|  0%| F|  |TAMS 0x00000000c5700000| PB 0x00000000c5700000| Untracked 
|  10|0x00000000c5800000, 0x00000000c5800000, 0x00000000c5900000|  0%| F|  |TAMS 0x00000000c5800000| PB 0x00000000c5800000| Untracked 
|  11|0x00000000c5900000, 0x00000000c5900000, 0x00000000c5a00000|  0%| F|  |TAMS 0x00000000c5900000| PB 0x00000000c5900000| Untracked 
|  12|0x00000000c5a00000, 0x00000000c5a00000, 0x00000000c5b00000|  0%| F|  |TAMS 0x00000000c5a00000| PB 0x00000000c5a00000| Untracked 
|  13|0x00000000c5b00000, 0x00000000c5b00000, 0x00000000c5c00000|  0%| F|  |TAMS 0x00000000c5b00000| PB 0x00000000c5b00000| Untracked 
|  14|0x00000000c5c00000, 0x00000000c5c00000, 0x00000000c5d00000|  0%| F|  |TAMS 0x00000000c5c00000| PB 0x00000000c5c00000| Untracked 
|  15|0x00000000c5d00000, 0x00000000c5d00000, 0x00000000c5e00000|  0%| F|  |TAMS 0x00000000c5d00000| PB 0x00000000c5d00000| Untracked 
|  16|0x00000000c5e00000, 0x00000000c5e00000, 0x00000000c5f00000|  0%| F|  |TAMS 0x00000000c5e00000| PB 0x00000000c5e00000| Untracked 
|  17|0x00000000c5f00000, 0x00000000c5f00000, 0x00000000c6000000|  0%| F|  |TAMS 0x00000000c5f00000| PB 0x00000000c5f00000| Untracked 
|  18|0x00000000c6000000, 0x00000000c6000000, 0x00000000c6100000|  0%| F|  |TAMS 0x00000000c6000000| PB 0x00000000c6000000| Untracked 
|  19|0x00000000c6100000, 0x00000000c6100000, 0x00000000c6200000|  0%| F|  |TAMS 0x00000000c6100000| PB 0x00000000c6100000| Untracked 
|  20|0x00000000c6200000, 0x00000000c6200000, 0x00000000c6300000|  0%| F|  |TAMS 0x00000000c6200000| PB 0x00000000c6200000| Untracked 
|  21|0x00000000c6300000, 0x00000000c6300000, 0x00000000c6400000|  0%| F|  |TAMS 0x00000000c6300000| PB 0x00000000c6300000| Untracked 
|  22|0x00000000c6400000, 0x00000000c6400000, 0x00000000c6500000|  0%| F|  |TAMS 0x00000000c6400000| PB 0x00000000c6400000| Untracked 
|  23|0x00000000c6500000, 0x00000000c6500000, 0x00000000c6600000|  0%| F|  |TAMS 0x00000000c6500000| PB 0x00000000c6500000| Untracked 
|  24|0x00000000c6600000, 0x00000000c6600000, 0x00000000c6700000|  0%| F|  |TAMS 0x00000000c6600000| PB 0x00000000c6600000| Untracked 
|  25|0x00000000c6700000, 0x00000000c6700000, 0x00000000c6800000|  0%| F|  |TAMS 0x00000000c6700000| PB 0x00000000c6700000| Untracked 
|  26|0x00000000c6800000, 0x00000000c6800000, 0x00000000c6900000|  0%| F|  |TAMS 0x00000000c6800000| PB 0x00000000c6800000| Untracked 
|  27|0x00000000c6900000, 0x00000000c6900000, 0x00000000c6a00000|  0%| F|  |TAMS 0x00000000c6900000| PB 0x00000000c6900000| Untracked 
|  28|0x00000000c6a00000, 0x00000000c6a00000, 0x00000000c6b00000|  0%| F|  |TAMS 0x00000000c6a00000| PB 0x00000000c6a00000| Untracked 
|  29|0x00000000c6b00000, 0x00000000c6b00000, 0x00000000c6c00000|  0%| F|  |TAMS 0x00000000c6b00000| PB 0x00000000c6b00000| Untracked 
|  30|0x00000000c6c00000, 0x00000000c6c00000, 0x00000000c6d00000|  0%| F|  |TAMS 0x00000000c6c00000| PB 0x00000000c6c00000| Untracked 
|  31|0x00000000c6d00000, 0x00000000c6d00000, 0x00000000c6e00000|  0%| F|  |TAMS 0x00000000c6d00000| PB 0x00000000c6d00000| Untracked 
|  32|0x00000000c6e00000, 0x00000000c6e00000, 0x00000000c6f00000|  0%| F|  |TAMS 0x00000000c6e00000| PB 0x00000000c6e00000| Untracked 
|  33|0x00000000c6f00000, 0x00000000c6f00000, 0x00000000c7000000|  0%| F|  |TAMS 0x00000000c6f00000| PB 0x00000000c6f00000| Untracked 
|  34|0x00000000c7000000, 0x00000000c7000000, 0x00000000c7100000|  0%| F|  |TAMS 0x00000000c7000000| PB 0x00000000c7000000| Untracked 
|  35|0x00000000c7100000, 0x00000000c7100000, 0x00000000c7200000|  0%| F|  |TAMS 0x00000000c7100000| PB 0x00000000c7100000| Untracked 
|  36|0x00000000c7200000, 0x00000000c7200000, 0x00000000c7300000|  0%| F|  |TAMS 0x00000000c7200000| PB 0x00000000c7200000| Untracked 
|  37|0x00000000c7300000, 0x00000000c7300000, 0x00000000c7400000|  0%| F|  |TAMS 0x00000000c7300000| PB 0x00000000c7300000| Untracked 
|  38|0x00000000c7400000, 0x00000000c7400000, 0x00000000c7500000|  0%| F|  |TAMS 0x00000000c7400000| PB 0x00000000c7400000| Untracked 
|  39|0x00000000c7500000, 0x00000000c7500000, 0x00000000c7600000|  0%| F|  |TAMS 0x00000000c7500000| PB 0x00000000c7500000| Untracked 
|  40|0x00000000c7600000, 0x00000000c7600000, 0x00000000c7700000|  0%| F|  |TAMS 0x00000000c7600000| PB 0x00000000c7600000| Untracked 
|  41|0x00000000c7700000, 0x00000000c7700000, 0x00000000c7800000|  0%| F|  |TAMS 0x00000000c7700000| PB 0x00000000c7700000| Untracked 
|  42|0x00000000c7800000, 0x00000000c7800000, 0x00000000c7900000|  0%| F|  |TAMS 0x00000000c7800000| PB 0x00000000c7800000| Untracked 
|  43|0x00000000c7900000, 0x00000000c7900000, 0x00000000c7a00000|  0%| F|  |TAMS 0x00000000c7900000| PB 0x00000000c7900000| Untracked 
|  44|0x00000000c7a00000, 0x00000000c7a00000, 0x00000000c7b00000|  0%| F|  |TAMS 0x00000000c7a00000| PB 0x00000000c7a00000| Untracked 
|  45|0x00000000c7b00000, 0x00000000c7b00000, 0x00000000c7c00000|  0%| F|  |TAMS 0x00000000c7b00000| PB 0x00000000c7b00000| Untracked 
|  46|0x00000000c7c00000, 0x00000000c7c00000, 0x00000000c7d00000|  0%| F|  |TAMS 0x00000000c7c00000| PB 0x00000000c7c00000| Untracked 
|  47|0x00000000c7d00000, 0x00000000c7d00000, 0x00000000c7e00000|  0%| F|  |TAMS 0x00000000c7d00000| PB 0x00000000c7d00000| Untracked 
|  48|0x00000000c7e00000, 0x00000000c7e00000, 0x00000000c7f00000|  0%| F|  |TAMS 0x00000000c7e00000| PB 0x00000000c7e00000| Untracked 
|  49|0x00000000c7f00000, 0x00000000c7f00000, 0x00000000c8000000|  0%| F|  |TAMS 0x00000000c7f00000| PB 0x00000000c7f00000| Untracked 
|  50|0x00000000c8000000, 0x00000000c8000000, 0x00000000c8100000|  0%| F|  |TAMS 0x00000000c8000000| PB 0x00000000c8000000| Untracked 
|  51|0x00000000c8100000, 0x00000000c8100000, 0x00000000c8200000|  0%| F|  |TAMS 0x00000000c8100000| PB 0x00000000c8100000| Untracked 
|  52|0x00000000c8200000, 0x00000000c8200000, 0x00000000c8300000|  0%| F|  |TAMS 0x00000000c8200000| PB 0x00000000c8200000| Untracked 
|  53|0x00000000c8300000, 0x00000000c8400000, 0x00000000c8400000|100%| S|CS|TAMS 0x00000000c8300000| PB 0x00000000c8300000| Complete 
|  54|0x00000000c8400000, 0x00000000c8400000, 0x00000000c8500000|  0%| F|  |TAMS 0x00000000c8400000| PB 0x00000000c8400000| Untracked 
|  55|0x00000000c8500000, 0x00000000c8500000, 0x00000000c8600000|  0%| F|  |TAMS 0x00000000c8500000| PB 0x00000000c8500000| Untracked 
|  56|0x00000000c8600000, 0x00000000c86e1948, 0x00000000c8700000| 88%| E|  |TAMS 0x00000000c8600000| PB 0x00000000c8600000| Complete 
|  57|0x00000000c8700000, 0x00000000c8800000, 0x00000000c8800000|100%| E|CS|TAMS 0x00000000c8700000| PB 0x00000000c8700000| Complete 
|  58|0x00000000c8800000, 0x00000000c8900000, 0x00000000c8900000|100%| E|  |TAMS 0x00000000c8800000| PB 0x00000000c8800000| Complete 
|  59|0x00000000c8900000, 0x00000000c8a00000, 0x00000000c8a00000|100%| E|CS|TAMS 0x00000000c8900000| PB 0x00000000c8900000| Complete 
| 944|0x00000000ffe00000, 0x00000000fff00000, 0x00000000fff00000|100%| O|  |TAMS 0x00000000ffe00000| PB 0x00000000ffe00000| Untracked 
| 945|0x00000000fff00000, 0x00000000fff0c670, 0x0000000100000000|  4%| O|  |TAMS 0x00000000fff00000| PB 0x00000000fff00000| Untracked 

Card table byte_map: [0x000078ab50276000,0x000078ab5044f000] _byte_map_base: 0x000078ab4fc4f000

Marking Bits: (CMBitMap*) 0x000078ab4c052d70
 Bits: [0x000078ab33600000, 0x000078ab344c8000)

Polling page: 0x000078ab524f1000

Metaspace:

Usage:
  Non-class:      5.27 MB used.
      Class:    272.79 KB used.
       Both:      5.54 MB used.

Virtual space:
  Non-class space:       64.00 MB reserved,       5.31 MB (  8%) committed,  1 nodes.
      Class space:        1.00 GB reserved,     384.00 KB ( <1%) committed,  1 nodes.
             Both:        1.06 GB reserved,       5.69 MB ( <1%) committed. 

Chunk freelists:
   Non-Class:  8.19 MB
       Class:  15.58 MB
        Both:  23.77 MB

MaxMetaspaceSize: unlimited
CompressedClassSpaceSize: 1.00 GB
Initial GC threshold: 21.00 MB
Current GC threshold: 21.00 MB
CDS: on
 - commit_granule_bytes: 65536.
 - commit_granule_words: 8192.
 - virtual_space_node_default_size: 8388608.
 - enlarge_chunks_in_place: 1.
 - use_allocation_guard: 0.


Internal statistics:

num_allocs_failed_limit: 0.
num_arena_births: 64.
num_arena_deaths: 0.
num_vsnodes_births: 2.
num_vsnodes_deaths: 0.
num_space_committed: 89.
num_space_uncommitted: 0.
num_chunks_returned_to_freelist: 0.
num_chunks_taken_from_freelist: 219.
num_chunk_merges: 0.
num_chunk_splits: 159.
num_chunks_enlarged: 124.
num_inconsistent_stats: 0.

CodeHeap 'non-profiled nmethods': size=120036Kb used=202Kb max_used=202Kb free=119833Kb
 bounds [0x000078ab3c0c7000, 0x000078ab3c337000, 0x000078ab43600000]
CodeHeap 'profiled nmethods': size=120032Kb used=924Kb max_used=924Kb free=119107Kb
 bounds [0x000078ab34600000, 0x000078ab34870000, 0x000078ab3bb38000]
CodeHeap 'non-nmethods': size=5692Kb used=2137Kb max_used=2152Kb free=3554Kb
 bounds [0x000078ab3bb38000, 0x000078ab3bda8000, 0x000078ab3c0c7000]
 total_blobs=1763 nmethods=633 adapters=1037
 compilation: enabled
              stopped_count=0, restarted_count=0
 full_count=0

Compilation events (20 events):
Event: 2.098 Thread 0x000078ab4c0d97c0  623   !   3       java.util.zip.ZipFile$Source::readFullyAt (74 bytes)
Event: 2.099 Thread 0x000078ab4c0d97c0 nmethod 623 0x000078ab346df390 code [0x000078ab346df560, 0x000078ab346df9a0]
Event: 2.100 Thread 0x000078ab4c0d8100  625       4       java.lang.StringLatin1::indexOf (121 bytes)
Event: 2.103 Thread 0x000078ab4c0d97c0  626       3       java.lang.ref.Cleaner::register (25 bytes)
Event: 2.103 Thread 0x000078ab4c0d97c0 nmethod 626 0x000078ab346dfc90 code [0x000078ab346dfe80, 0x000078ab346e03b8]
Event: 2.103 Thread 0x000078ab4c0d97c0  627       3       jdk.internal.ref.CleanerImpl$PhantomCleanableRef::<init> (12 bytes)
Event: 2.103 Thread 0x000078ab4c0d97c0 nmethod 627 0x000078ab346e0610 code [0x000078ab346e07c0, 0x000078ab346e0960]
Event: 2.106 Thread 0x000078ab4c0d97c0  628       3       java.util.HashMap::get (19 bytes)
Event: 2.106 Thread 0x000078ab4c0d97c0 nmethod 628 0x000078ab346e0a10 code [0x000078ab346e0bc0, 0x000078ab346e0d70]
Event: 2.106 Thread 0x000078ab4c0d97c0  630   !   3       java.net.URL::<init> (543 bytes)
Event: 2.110 Thread 0x000078ab4c0d97c0 nmethod 630 0x000078ab346e0e90 code [0x000078ab346e1480, 0x000078ab346e45e8]
Event: 2.111 Thread 0x000078ab4c0d97c0  632       1       java.lang.reflect.Method::getName (5 bytes)
Event: 2.111 Thread 0x000078ab4c0d97c0 nmethod 632 0x000078ab3c0f8d90 code [0x000078ab3c0f8f20, 0x000078ab3c0f8fe0]
Event: 2.111 Thread 0x000078ab4c0d97c0  633       3       java.lang.Object::equals (11 bytes)
Event: 2.111 Thread 0x000078ab4c0d97c0 nmethod 633 0x000078ab346e6310 code [0x000078ab346e64a0, 0x000078ab346e65f8]
Event: 2.111 Thread 0x000078ab4c0d97c0  629       3       java.net.URL::<init> (8 bytes)
Event: 2.111 Thread 0x000078ab4c0d97c0 nmethod 629 0x000078ab346e6690 code [0x000078ab346e6840, 0x000078ab346e6988]
Event: 2.111 Thread 0x000078ab4c0d97c0  631       3       jdk.internal.access.SharedSecrets::javaUtilJarAccess (19 bytes)
Event: 2.111 Thread 0x000078ab4c0d97c0 nmethod 631 0x000078ab346e6a10 code [0x000078ab346e6c20, 0x000078ab346e7098]
Event: 2.114 Thread 0x000078ab4c0d8100 nmethod 625 0x000078ab3c0f9090 code [0x000078ab3c0f9240, 0x000078ab3c0f9808]

GC Heap History (2 events):
Event: 1.911 GC heap before
{Heap before GC invocations=0 (full 0):
 garbage-first heap   total 63488K, used 6193K [0x00000000c4e00000, 0x0000000100000000)
  region size 1024K, 6 young (6144K), 0 survivors (0K)
 Metaspace       used 3063K, committed 3200K, reserved 1114112K
  class space    used 188K, committed 256K, reserved 1048576K
}
Event: 1.916 GC heap after
{Heap after GC invocations=1 (full 0):
 garbage-first heap   total 63488K, used 2886K [0x00000000c4e00000, 0x0000000100000000)
  region size 1024K, 1 young (1024K), 1 survivors (1024K)
 Metaspace       used 3063K, committed 3200K, reserved 1114112K
  class space    used 188K, committed 256K, reserved 1048576K
}

Dll operation events (9 events):
Event: 0.002 Loaded shared library /usr/lib/jvm/java-21-openjdk/lib/libjava.so
Event: 0.245 Loaded shared library /usr/lib/jvm/java-21-openjdk/lib/libjsvml.so
Event: 0.332 Loaded shared library /usr/lib/jvm/java-21-openjdk/lib/libnio.so
Event: 0.358 Loaded shared library /usr/lib/jvm/java-21-openjdk/lib/libzip.so
Event: 0.658 Loaded shared library /usr/lib/jvm/java-21-openjdk/lib/libjimage.so
Event: 0.748 Loaded shared library /usr/lib/jvm/java-21-openjdk/lib/libnet.so
Event: 0.812 Loaded shared library /tmp/lwjgl_zeph/3.3.4+7/x64/liblwjgl.so
Event: 1.651 Loaded shared library /tmp/lwjgl_zeph/3.3.4+7/x64/liblwjgl_opengl.so
Event: 1.968 Loaded shared library /usr/lib/jvm/java-21-openjdk/lib/libverify.so

Deoptimization events (20 events):
Event: 1.660 Thread 0x000078ab4c0196f0 Uncommon trap: trap_request=0xffffff54 fr.pc=0x000078ab3c0efdf0 relative=0x0000000000000070
Event: 1.660 Thread 0x000078ab4c0196f0 Uncommon trap: reason=speculate_null_assert action=make_not_entrant pc=0x000078ab3c0efdf0 method=sun.misc.Unsafe.putLong(Ljava/lang/Object;JJ)V @ 7 c2
Event: 1.660 Thread 0x000078ab4c0196f0 DEOPT PACKING pc=0x000078ab3c0efdf0 sp=0x000078ab50dfe3e0
Event: 1.660 Thread 0x000078ab4c0196f0 DEOPT UNPACKING pc=0x000078ab3bb8bf93 sp=0x000078ab50dfe378 mode 2
Event: 1.782 Thread 0x000078ab4c0196f0 Uncommon trap: trap_request=0xffffff54 fr.pc=0x000078ab3c0f16ec relative=0x000000000000006c
Event: 1.782 Thread 0x000078ab4c0196f0 Uncommon trap: reason=speculate_null_assert action=make_not_entrant pc=0x000078ab3c0f16ec method=sun.misc.Unsafe.getLong(Ljava/lang/Object;J)J @ 5 c2
Event: 1.782 Thread 0x000078ab4c0196f0 DEOPT PACKING pc=0x000078ab3c0f16ec sp=0x000078ab50dfe230
Event: 1.782 Thread 0x000078ab4c0196f0 DEOPT UNPACKING pc=0x000078ab3bb8bf93 sp=0x000078ab50dfe1d8 mode 2
Event: 1.918 Thread 0x000078ab4c0196f0 DEOPT PACKING pc=0x000078ab346141c8 sp=0x000078ab50df4950
Event: 1.918 Thread 0x000078ab4c0196f0 DEOPT UNPACKING pc=0x000078ab3bb8c710 sp=0x000078ab50df3d90 mode 0
Event: 1.994 Thread 0x000078ab4c0196f0 Uncommon trap: trap_request=0xffffff45 fr.pc=0x000078ab3c0ce558 relative=0x00000000000000b8
Event: 1.994 Thread 0x000078ab4c0196f0 Uncommon trap: reason=unstable_if action=reinterpret pc=0x000078ab3c0ce558 method=java.lang.String.isLatin1()Z @ 10 c2
Event: 1.994 Thread 0x000078ab4c0196f0 DEOPT PACKING pc=0x000078ab3c0ce558 sp=0x000078ab50dfd0c0
Event: 1.994 Thread 0x000078ab4c0196f0 DEOPT UNPACKING pc=0x000078ab3bb8bf93 sp=0x000078ab50dfd020 mode 2
Event: 1.994 Thread 0x000078ab4c0196f0 Uncommon trap: trap_request=0xffffff45 fr.pc=0x000078ab3c0d12ec relative=0x000000000000006c
Event: 1.994 Thread 0x000078ab4c0196f0 Uncommon trap: reason=unstable_if action=reinterpret pc=0x000078ab3c0d12ec method=java.lang.String.isLatin1()Z @ 10 c2
Event: 1.994 Thread 0x000078ab4c0196f0 DEOPT PACKING pc=0x000078ab3c0d12ec sp=0x000078ab50dfc5e0
Event: 1.994 Thread 0x000078ab4c0196f0 DEOPT UNPACKING pc=0x000078ab3bb8bf93 sp=0x000078ab50dfc590 mode 2
Event: 2.091 Thread 0x000078ab4c0196f0 DEOPT PACKING pc=0x000078ab346027c9 sp=0x000078ab50dfc6e0
Event: 2.092 Thread 0x000078ab4c0196f0 DEOPT UNPACKING pc=0x000078ab3bb8c710 sp=0x000078ab50dfbb68 mode 0

Classes loaded (20 events):
Event: 1.928 Loading class sun/nio/cs/StreamDecoder
Event: 1.928 Loading class sun/nio/cs/StreamDecoder done
Event: 1.929 Loading class sun/nio/cs/UTF_8$Decoder
Event: 1.929 Loading class java/nio/charset/CharsetDecoder
Event: 1.929 Loading class java/nio/charset/CharsetDecoder done
Event: 1.929 Loading class sun/nio/cs/UTF_8$Decoder done
Event: 1.966 Loading class java/io/Externalizable
Event: 1.966 Loading class java/io/Externalizable done
Event: 1.983 Loading class jdk/internal/module/ModulePatcher$PatchedModuleReader
Event: 1.983 Loading class jdk/internal/module/ModulePatcher$PatchedModuleReader done
Event: 1.983 Loading class sun/net/www/protocol/jrt/Handler
Event: 1.983 Loading class sun/net/www/protocol/jrt/Handler done
Event: 1.992 Loading class sun/text/resources/cldr/FormatData_en
Event: 1.992 Loading class sun/text/resources/cldr/FormatData_en done
Event: 1.993 Loading class sun/text/resources/cldr/FormatData_en_US
Event: 1.993 Loading class sun/text/resources/cldr/FormatData_en_US done
Event: 2.006 Loading class java/lang/SecurityException
Event: 2.007 Loading class java/lang/SecurityException done
Event: 2.110 Loading class java/nio/HeapFloatBuffer
Event: 2.127 Loading class java/nio/HeapFloatBuffer done

Classes unloaded (0 events):
No events

Classes redefined (0 events):
No events

Internal exceptions (20 events):
Event: 0.602 Thread 0x000078ab4c0196f0 Exception <a 'java/lang/NoSuchMethodError'{0x00000000c8874170}: 'void java.lang.invoke.DirectMethodHandle$Holder.invokeStatic(java.lang.Object, java.lang.Object)'> (0x00000000c8874170) 
thrown [/usr/src/debug/java21-openjdk/jdk21u-jdk-21.0.5-11/src/hotspot/share/interpreter/linkResolver.cpp, line 772]
Event: 0.606 Thread 0x000078ab4c0196f0 Exception <a 'java/lang/NoSuchMethodError'{0x00000000c88792a8}: 'void java.lang.System.load(java.lang.String, java.lang.Class)'> (0x00000000c88792a8) 
thrown [/usr/src/debug/java21-openjdk/jdk21u-jdk-21.0.5-11/src/hotspot/share/interpreter/linkResolver.cpp, line 772]
Event: 0.608 Thread 0x000078ab4c0196f0 Exception <a 'java/lang/NoSuchMethodError'{0x00000000c8879f78}: 'void java.lang.invoke.DirectMethodHandle$Holder.invokeSpecial(java.lang.Object, java.lang.Object, java.lang.Object)'> (0x00000000c8879f78) 
thrown [/usr/src/debug/java21-openjdk/jdk21u-jdk-21.0.5-11/src/hotspot/share/interpreter/linkResolver.cpp, line 772]
Event: 0.621 Thread 0x000078ab4c0196f0 Exception <a 'java/lang/NoSuchMethodError'{0x00000000c888c1d8}: 'java.lang.Object java.lang.invoke.DirectMethodHandle$Holder.invokeStatic(java.lang.Object, java.lang.Object, int)'> (0x00000000c888c1d8) 
thrown [/usr/src/debug/java21-openjdk/jdk21u-jdk-21.0.5-11/src/hotspot/share/interpreter/linkResolver.cpp, line 772]
Event: 0.631 Thread 0x000078ab4c0196f0 Exception <a 'java/lang/NoSuchMethodError'{0x00000000c8897a30}: 'void java.lang.invoke.DelegatingMethodHandle$Holder.delegate(java.lang.Object, java.lang.Object, int, java.lang.Object)'> (0x00000000c8897a30) 
thrown [/usr/src/debug/java21-openjdk/jdk21u-jdk-21.0.5-11/src/hotspot/share/interpreter/linkResolver.cpp, line 772]
Event: 0.632 Thread 0x000078ab4c0196f0 Exception <a 'java/lang/NoSuchMethodError'{0x00000000c889ba28}: 'int java.lang.invoke.DirectMethodHandle$Holder.invokeSpecial(java.lang.Object, java.lang.Object, java.lang.Object)'> (0x00000000c889ba28) 
thrown [/usr/src/debug/java21-openjdk/jdk21u-jdk-21.0.5-11/src/hotspot/share/interpreter/linkResolver.cpp, line 772]
Event: 0.649 Thread 0x000078ab4c0196f0 Exception <a 'java/lang/NoSuchMethodError'{0x00000000c88b6418}: 'void java.lang.System.loadLibrary(java.lang.String, java.lang.Class)'> (0x00000000c88b6418) 
thrown [/usr/src/debug/java21-openjdk/jdk21u-jdk-21.0.5-11/src/hotspot/share/interpreter/linkResolver.cpp, line 772]
Event: 0.836 Thread 0x000078ab4c0196f0 Exception <a 'sun/nio/fs/UnixException'{0x00000000c878cb88}> (0x00000000c878cb88) 
thrown [/usr/src/debug/java21-openjdk/jdk21u-jdk-21.0.5-11/src/hotspot/share/prims/jni.cpp, line 520]
Event: 1.174 Thread 0x000078ab4c0196f0 Exception <a 'sun/nio/fs/UnixException'{0x00000000c863c960}> (0x00000000c863c960) 
thrown [/usr/src/debug/java21-openjdk/jdk21u-jdk-21.0.5-11/src/hotspot/share/prims/jni.cpp, line 520]
Event: 1.203 Thread 0x000078ab4c0196f0 Exception <a 'java/lang/NoSuchMethodError'{0x00000000c86870a0}: 'int java.lang.invoke.DirectMethodHandle$Holder.invokeStaticInit(java.lang.Object, java.lang.Object, int, long)'> (0x00000000c86870a0) 
thrown [/usr/src/debug/java21-openjdk/jdk21u-jdk-21.0.5-11/src/hotspot/share/interpreter/linkResolver.cpp, line 772]
Event: 1.207 Thread 0x000078ab4c0196f0 Exception <a 'java/lang/NoSuchMethodError'{0x00000000c868c1c8}: 'java.lang.Object java.lang.invoke.DirectMethodHandle$Holder.newInvokeSpecial(java.lang.Object, java.lang.Object, int)'> (0x00000000c868c1c8) 
thrown [/usr/src/debug/java21-openjdk/jdk21u-jdk-21.0.5-11/src/hotspot/share/interpreter/linkResolver.cpp, line 772]
Event: 1.218 Thread 0x000078ab4c0196f0 Exception <a 'java/lang/NoSuchMethodError'{0x00000000c869abe0}: 'int java.lang.invoke.DirectMethodHandle$Holder.invokeStaticInit(java.lang.Object, java.lang.Object, long, long)'> (0x00000000c869abe0) 
thrown [/usr/src/debug/java21-openjdk/jdk21u-jdk-21.0.5-11/src/hotspot/share/interpreter/linkResolver.cpp, line 772]
Event: 1.221 Thread 0x000078ab4c0196f0 Exception <a 'java/lang/NoSuchMethodError'{0x00000000c86a0688}: 'java.lang.Object java.lang.invoke.DirectMethodHandle$Holder.newInvokeSpecial(java.lang.Object, java.lang.Object, long)'> (0x00000000c86a0688) 
thrown [/usr/src/debug/java21-openjdk/jdk21u-jdk-21.0.5-11/src/hotspot/share/interpreter/linkResolver.cpp, line 772]
Event: 1.222 Thread 0x000078ab4c0196f0 Exception <a 'java/lang/NoSuchMethodError'{0x00000000c86a47f0}: 'java.lang.Object java.lang.invoke.Invokers$Holder.linkToTargetMethod(java.lang.Object, long, java.lang.Object)'> (0x00000000c86a47f0) 
thrown [/usr/src/debug/java21-openjdk/jdk21u-jdk-21.0.5-11/src/hotspot/share/interpreter/linkResolver.cpp, line 772]
Event: 1.224 Thread 0x000078ab4c0196f0 Exception <a 'java/lang/NoSuchMethodError'{0x00000000c86aba38}: 'int java.lang.invoke.DirectMethodHandle$Holder.invokeStaticInit(java.lang.Object, java.lang.Object, java.lang.Object, long)'> (0x00000000c86aba38) 
thrown [/usr/src/debug/java21-openjdk/jdk21u-jdk-21.0.5-11/src/hotspot/share/interpreter/linkResolver.cpp, line 772]
Event: 1.643 Thread 0x000078ab4c0196f0 Exception <a 'java/lang/NoSuchMethodError'{0x00000000c857e5f8}: 'void java.lang.System.load(java.lang.String, java.lang.Class)'> (0x00000000c857e5f8) 
thrown [/usr/src/debug/java21-openjdk/jdk21u-jdk-21.0.5-11/src/hotspot/share/interpreter/linkResolver.cpp, line 772]
Event: 1.644 Thread 0x000078ab4c0196f0 Exception <a 'java/lang/NoSuchMethodError'{0x00000000c8581068}: 'void java.lang.System.loadLibrary(java.lang.String, java.lang.Class)'> (0x00000000c8581068) 
thrown [/usr/src/debug/java21-openjdk/jdk21u-jdk-21.0.5-11/src/hotspot/share/interpreter/linkResolver.cpp, line 772]
Event: 1.650 Thread 0x000078ab4c0196f0 Exception <a 'sun/nio/fs/UnixException'{0x00000000c85906a8}> (0x00000000c85906a8) 
thrown [/usr/src/debug/java21-openjdk/jdk21u-jdk-21.0.5-11/src/hotspot/share/prims/jni.cpp, line 520]
Event: 1.656 Thread 0x000078ab4c0196f0 Exception <a 'sun/nio/fs/UnixException'{0x00000000c8599248}> (0x00000000c8599248) 
thrown [/usr/src/debug/java21-openjdk/jdk21u-jdk-21.0.5-11/src/hotspot/share/prims/jni.cpp, line 520]
Event: 2.128 Thread 0x000078ab4c0196f0 Implicit null exception at 0x000078ab3c0f043d to 0x0000000000000000

ZGC Phase Switch (0 events):
No events

VM Operations (6 events):
Event: 1.189 Executing VM operation: HandshakeAllThreads (Deoptimize)
Event: 1.189 Executing VM operation: HandshakeAllThreads (Deoptimize) done
Event: 1.911 Executing VM operation: G1CollectForAllocation (G1 Evacuation Pause)
Event: 1.917 Executing VM operation: G1CollectForAllocation (G1 Evacuation Pause) done
Event: 1.980 Executing VM operation: HandshakeAllThreads (Deoptimize)
Event: 1.980 Executing VM operation: HandshakeAllThreads (Deoptimize) done

Memory protections (10 events):
Event: 0.002 Protecting memory [0x000078ab50d00000,0x000078ab50d04000] with protection modes 0
Event: 0.228 Protecting memory [0x000078ab30d00000,0x000078ab30d04000] with protection modes 0
Event: 0.229 Protecting memory [0x000078ab30bff000,0x000078ab30c03000] with protection modes 0
Event: 0.236 Protecting memory [0x000078ab30afe000,0x000078ab30b02000] with protection modes 0
Event: 0.237 Protecting memory [0x000078ab309fd000,0x000078ab30a01000] with protection modes 0
Event: 0.241 Protecting memory [0x000078ab308fc000,0x000078ab30900000] with protection modes 0
Event: 0.241 Protecting memory [0x000078ab307fb000,0x000078ab307ff000] with protection modes 0
Event: 0.246 Protecting memory [0x000078ab306fa000,0x000078ab306fe000] with protection modes 0
Event: 0.305 Protecting memory [0x000078ab30528000,0x000078ab3052c000] with protection modes 0
Event: 0.315 Protecting memory [0x000078ab30427000,0x000078ab3042b000] with protection modes 0

Nmethod flushes (0 events):
No events

Events (10 events):
Event: 0.159 Thread 0x000078ab4c0196f0 Thread added: 0x000078ab4c0196f0
Event: 0.228 Thread 0x000078ab4c0196f0 Thread added: 0x000078ab4c0d0bc0
Event: 0.229 Thread 0x000078ab4c0196f0 Thread added: 0x000078ab4c0d2250
Event: 0.233 Thread 0x000078ab4c0196f0 Thread added: 0x000078ab4c0d39e0
Event: 0.237 Thread 0x000078ab4c0196f0 Thread added: 0x000078ab4c0d5020
Event: 0.241 Thread 0x000078ab4c0196f0 Thread added: 0x000078ab4c0d65c0
Event: 0.241 Thread 0x000078ab4c0196f0 Thread added: 0x000078ab4c0d8100
Event: 0.246 Thread 0x000078ab4c0196f0 Thread added: 0x000078ab4c0d97c0
Event: 0.303 Thread 0x000078ab4c0196f0 Thread added: 0x000078ab4c0e5c00
Event: 0.313 Thread 0x000078ab4c0196f0 Thread added: 0x000078ab4c0e8d30


Dynamic libraries:
c4e00000-c8a00000 rw-p 00000000 00:00 0 
c8a00000-ffe00000 ---p 00000000 00:00 0 
ffe00000-fff0d000 rw-p 00cd6000 b3:02 329941                             /usr/lib/jvm/java-21-openjdk/lib/server/classes.jsa
fff0d000-100000000 rw-p 00000000 00:00 0 
598c09754000-598c09755000 r--p 00000000 b3:02 329516                     /usr/lib/jvm/java-21-openjdk/bin/java
598c09755000-598c09756000 r-xp 00001000 b3:02 329516                     /usr/lib/jvm/java-21-openjdk/bin/java
598c09756000-598c09757000 r--p 00002000 b3:02 329516                     /usr/lib/jvm/java-21-openjdk/bin/java
598c09757000-598c09758000 r--p 00002000 b3:02 329516                     /usr/lib/jvm/java-21-openjdk/bin/java
598c09758000-598c09759000 rw-p 00003000 b3:02 329516                     /usr/lib/jvm/java-21-openjdk/bin/java
598c0d8ed000-598c0d935000 rw-p 00000000 00:00 0                          [heap]
78aa8fe00000-78aa902ab000 r--p 00000000 b3:02 181697                     /usr/lib/libLLVM.so.18.1
78aa902ab000-78aa94e9d000 r-xp 004ab000 b3:02 181697                     /usr/lib/libLLVM.so.18.1
78aa94e9d000-78aa97bf6000 r--p 0509d000 b3:02 181697                     /usr/lib/libLLVM.so.18.1
78aa97bf6000-78aa97dd1000 r--p 07df5000 b3:02 181697                     /usr/lib/libLLVM.so.18.1
78aa97dd1000-78aa97e1b000 rw-p 07fd0000 b3:02 181697                     /usr/lib/libLLVM.so.18.1
78aa97e1b000-78aa97eb7000 rw-p 00000000 00:00 0 
78aa98000000-78aa981f1000 rw-p 00000000 00:00 0 
78aa981f1000-78aa9c000000 ---p 00000000 00:00 0 
78aa9c000000-78aa9c349000 rw-p 00000000 00:00 0 
78aa9c349000-78aaa0000000 ---p 00000000 00:00 0 
78aaa4000000-78aaa4021000 rw-p 00000000 00:00 0 
78aaa4021000-78aaa8000000 ---p 00000000 00:00 0 
78aaa8000000-78aaa8021000 rw-p 00000000 00:00 0 
78aaa8021000-78aaac000000 ---p 00000000 00:00 0 
78aab0000000-78aab0021000 rw-p 00000000 00:00 0 
78aab0021000-78aab4000000 ---p 00000000 00:00 0 
78aab4000000-78aab4021000 rw-p 00000000 00:00 0 
78aab4021000-78aab8000000 ---p 00000000 00:00 0 
78aabc000000-78aabc021000 rw-p 00000000 00:00 0 
78aabc021000-78aac0000000 ---p 00000000 00:00 0 
78aac0000000-78aac0021000 rw-p 00000000 00:00 0 
78aac0021000-78aac4000000 ---p 00000000 00:00 0 
78aac8000000-78aac8180000 rw-p 00000000 00:00 0 
78aac8180000-78aac8400000 ---p 00000000 00:00 0 
78aac8400000-78aac8510000 rw-p 00000000 00:00 0 
78aac8510000-78aac8550000 rw-p 00000000 00:00 0 
78aac8550000-78aac87d0000 rw-p 00000000 00:00 0 
78aac87d0000-78aacc000000 ---p 00000000 00:00 0 
78aacc000000-78aacc021000 rw-p 00000000 00:00 0 
78aacc021000-78aad0000000 ---p 00000000 00:00 0 
78aad1c00000-78aad1c01000 ---p 00000000 00:00 0 
78aad1c01000-78aad2401000 rw-p 00000000 00:00 0 
78aad2600000-78aad2601000 ---p 00000000 00:00 0 
78aad2601000-78aad2e01000 rw-p 00000000 00:00 0 
78aad3000000-78aad3c97000 rw-p 00001000 b3:02 329941                     /usr/lib/jvm/java-21-openjdk/lib/server/classes.jsa
78aad3c97000-78aad4000000 ---p 00000000 00:00 0 
78aad4000000-78aad4030000 rw-p 00000000 00:00 0 
78aad4030000-78aad4040000 ---p 00000000 00:00 0 
78aad4040000-78aad4070000 rw-p 00000000 00:00 0 
78aad4070000-78ab14000000 ---p 00000000 00:00 0 
78ab14000000-78ab14021000 rw-p 00000000 00:00 0 
78ab14021000-78ab18000000 ---p 00000000 00:00 0 
78ab18000000-78ab18021000 rw-p 00000000 00:00 0 
78ab18021000-78ab1c000000 ---p 00000000 00:00 0 
78ab1c400000-78ab1c401000 ---p 00000000 00:00 0 
78ab1c401000-78ab1cc01000 rw-p 00000000 00:00 0 
78ab1ce00000-78ab1ce01000 ---p 00000000 00:00 0 
78ab1ce01000-78ab1d601000 rw-p 00000000 00:00 0 
78ab1d800000-78ab1d801000 ---p 00000000 00:00 0 
78ab1d801000-78ab1e001000 rw-p 00000000 00:00 0 
78ab1e200000-78ab1ff50000 r--p 00000000 b3:02 149095                     /usr/lib/libicudata.so.75.1
78ab1ff50000-78ab1ff51000 r--p 01d4f000 b3:02 149095                     /usr/lib/libicudata.so.75.1
78ab20000000-78ab20021000 rw-p 00000000 00:00 0 
78ab20021000-78ab24000000 ---p 00000000 00:00 0 
78ab24000000-78ab24021000 rw-p 00000000 00:00 0 
78ab24021000-78ab28000000 ---p 00000000 00:00 0 
78ab283e2000-78ab283e4000 r--p 00000000 b3:02 329932                     /usr/lib/jvm/java-21-openjdk/lib/libverify.so
78ab283e4000-78ab283eb000 r-xp 00002000 b3:02 329932                     /usr/lib/jvm/java-21-openjdk/lib/libverify.so
78ab283eb000-78ab283ed000 r--p 00009000 b3:02 329932                     /usr/lib/jvm/java-21-openjdk/lib/libverify.so
78ab283ed000-78ab283ef000 r--p 0000a000 b3:02 329932                     /usr/lib/jvm/java-21-openjdk/lib/libverify.so
78ab283ef000-78ab283f0000 rw-p 0000c000 b3:02 329932                     /usr/lib/jvm/java-21-openjdk/lib/libverify.so
78ab283f0000-78ab28400000 rw-s 1067a8000 00:10 1063                      anon_inode:i915.gem
78ab28400000-78ab28401000 ---p 00000000 00:00 0 
78ab28401000-78ab28501000 rw-p 00000000 00:00 0 
78ab28501000-78ab28534000 r--p 00000000 00:2a 232                        /tmp/lwjgl_zeph/3.3.4+7/x64/liblwjgl_opengl.so
78ab28534000-78ab28548000 r-xp 00033000 00:2a 232                        /tmp/lwjgl_zeph/3.3.4+7/x64/liblwjgl_opengl.so
78ab28548000-78ab28558000 r--p 00047000 00:2a 232                        /tmp/lwjgl_zeph/3.3.4+7/x64/liblwjgl_opengl.so
78ab28558000-78ab28559000 r--p 00056000 00:2a 232                        /tmp/lwjgl_zeph/3.3.4+7/x64/liblwjgl_opengl.so
78ab28559000-78ab2855a000 rw-p 00057000 00:2a 232                        /tmp/lwjgl_zeph/3.3.4+7/x64/liblwjgl_opengl.so
78ab2855a000-78ab2857a000 rw-s 112498000 00:10 1063                      anon_inode:i915.gem
78ab2857a000-78ab2859a000 rw-s 112478000 00:10 1063                      anon_inode:i915.gem
78ab2859a000-78ab285aa000 rw-s 112468000 00:10 1063                      anon_inode:i915.gem
78ab285aa000-78ab285ba000 rw-s 112458000 00:10 1063                      anon_inode:i915.gem
78ab285ba000-78ab28685000 rw-p 00000000 00:00 0 
78ab28685000-78ab28695000 rw-s 106ee8000 00:10 1063                      anon_inode:i915.gem
78ab28695000-78ab286a5000 rw-s 106ed8000 00:10 1063                      anon_inode:i915.gem
78ab286a5000-78ab286c5000 rw-s 112418000 00:10 1063                      anon_inode:i915.gem
78ab286c5000-78ab286e5000 rw-s 1123f8000 00:10 1063                      anon_inode:i915.gem
78ab286e5000-78ab286f5000 rw-s 1123e8000 00:10 1063                      anon_inode:i915.gem
78ab286f5000-78ab288f5000 rw-s 1065a8000 00:10 1063                      anon_inode:i915.gem
78ab288f5000-78ab289c0000 rw-p 00000000 00:00 0 
78ab289c0000-78ab289e0000 rw-s 1123b8000 00:10 1063                      anon_inode:i915.gem
78ab289e0000-78ab28a00000 rw-s 112398000 00:10 1063                      anon_inode:i915.gem
78ab28a00000-78ab28a01000 ---p 00000000 00:00 0 
78ab28a01000-78ab29201000 rw-p 00000000 00:00 0 
78ab2920e000-78ab2921e000 rw-s 1123d8000 00:10 1063                      anon_inode:i915.gem
78ab2921e000-78ab2922e000 rw-s 107cf1000 00:10 1063                      anon_inode:i915.gem
78ab2922e000-78ab2936f000 rw-s 00000000 b3:02 1179851                    /home/zeph/.cache/mesa_shader_cache_db/index
78ab2936f000-78ab293af000 rw-s 112358000 00:10 1063                      anon_inode:i915.gem
78ab293af000-78ab293f6000 r--p 00000000 b3:02 149110                     /usr/lib/libicuuc.so.75.1
78ab293f6000-78ab29508000 r-xp 00047000 b3:02 149110                     /usr/lib/libicuuc.so.75.1
78ab29508000-78ab29593000 r--p 00159000 b3:02 149110                     /usr/lib/libicuuc.so.75.1
78ab29593000-78ab295a6000 r--p 001e4000 b3:02 149110                     /usr/lib/libicuuc.so.75.1
78ab295a6000-78ab295a7000 rw-p 001f7000 b3:02 149110                     /usr/lib/libicuuc.so.75.1
78ab295a7000-78ab295a9000 rw-p 00000000 00:00 0 
78ab295a9000-78ab295ac000 r--p 00000000 b3:02 145974                     /usr/lib/liblzma.so.5.6.3
78ab295ac000-78ab295cf000 r-xp 00003000 b3:02 145974                     /usr/lib/liblzma.so.5.6.3
78ab295cf000-78ab295da000 r--p 00026000 b3:02 145974                     /usr/lib/liblzma.so.5.6.3
78ab295da000-78ab295db000 r--p 00031000 b3:02 145974                     /usr/lib/liblzma.so.5.6.3
78ab295db000-78ab295dc000 rw-p 00032000 b3:02 145974                     /usr/lib/liblzma.so.5.6.3
78ab295dc000-78ab295de000 r--p 00000000 b3:02 181577                     /usr/lib/libpciaccess.so.0.11.1
78ab295de000-78ab295e3000 r-xp 00002000 b3:02 181577                     /usr/lib/libpciaccess.so.0.11.1
78ab295e3000-78ab295e5000 r--p 00007000 b3:02 181577                     /usr/lib/libpciaccess.so.0.11.1
78ab295e5000-78ab295e6000 r--p 00008000 b3:02 181577                     /usr/lib/libpciaccess.so.0.11.1
78ab295e6000-78ab295e7000 rw-p 00009000 b3:02 181577                     /usr/lib/libpciaccess.so.0.11.1
78ab295e7000-78ab29608000 r--p 00000000 b3:02 149194                     /usr/lib/libxml2.so.2.13.4
78ab29608000-78ab296ec000 r-xp 00021000 b3:02 149194                     /usr/lib/libxml2.so.2.13.4
78ab296ec000-78ab29727000 r--p 00105000 b3:02 149194                     /usr/lib/libxml2.so.2.13.4
78ab29727000-78ab29732000 r--p 00140000 b3:02 149194                     /usr/lib/libxml2.so.2.13.4
78ab29732000-78ab29733000 rw-p 0014b000 b3:02 149194                     /usr/lib/libxml2.so.2.13.4
78ab29733000-78ab29734000 rw-p 00000000 00:00 0 
78ab29734000-78ab29741000 r--p 00000000 b3:02 135366                     /usr/lib/libncursesw.so.6.5
78ab29741000-78ab29788000 r-xp 0000d000 b3:02 135366                     /usr/lib/libncursesw.so.6.5
78ab29788000-78ab2979e000 r--p 00054000 b3:02 135366                     /usr/lib/libncursesw.so.6.5
78ab2979e000-78ab297a2000 r--p 0006a000 b3:02 135366                     /usr/lib/libncursesw.so.6.5
78ab297a2000-78ab297a3000 rw-p 0006e000 b3:02 135366                     /usr/lib/libncursesw.so.6.5
78ab297a3000-78ab297a9000 r--p 00000000 b3:02 181648                     /usr/lib/libedit.so.0.0.73
78ab297a9000-78ab297c9000 r-xp 00006000 b3:02 181648                     /usr/lib/libedit.so.0.0.73
78ab297c9000-78ab297d6000 r--p 00026000 b3:02 181648                     /usr/lib/libedit.so.0.0.73
78ab297d6000-78ab297d8000 r--p 00033000 b3:02 181648                     /usr/lib/libedit.so.0.0.73
78ab297d8000-78ab297d9000 rw-p 00035000 b3:02 181648                     /usr/lib/libedit.so.0.0.73
78ab297d9000-78ab297dc000 rw-p 00000000 00:00 0 
78ab297dc000-78ab297df000 r--p 00000000 b3:02 181596                     /usr/lib/libdrm_intel.so.1.123.0
78ab297df000-78ab297f5000 r-xp 00003000 b3:02 181596                     /usr/lib/libdrm_intel.so.1.123.0
78ab297f5000-78ab297fe000 r--p 00019000 b3:02 181596                     /usr/lib/libdrm_intel.so.1.123.0
78ab297fe000-78ab297ff000 r--p 00022000 b3:02 181596                     /usr/lib/libdrm_intel.so.1.123.0
78ab297ff000-78ab29800000 rw-p 00023000 b3:02 181596                     /usr/lib/libdrm_intel.so.1.123.0
78ab29800000-78ab29815000 r--p 00000000 b3:02 181754                     /usr/lib/libgallium-24.2.6-arch1.1.so
78ab29815000-78ab2aee3000 r-xp 00015000 b3:02 181754                     /usr/lib/libgallium-24.2.6-arch1.1.so
78ab2aee3000-78ab2bc6f000 r--p 016e3000 b3:02 181754                     /usr/lib/libgallium-24.2.6-arch1.1.so
78ab2bc6f000-78ab2bd27000 r--p 0246e000 b3:02 181754                     /usr/lib/libgallium-24.2.6-arch1.1.so
78ab2bd27000-78ab2bd3e000 rw-p 02526000 b3:02 181754                     /usr/lib/libgallium-24.2.6-arch1.1.so
78ab2bd3e000-78ab2bf02000 rw-p 00000000 00:00 0 
78ab2bf0a000-78ab2bf0c000 r--p 00000000 b3:02 150786                     /usr/lib/libffi.so.8.1.4
78ab2bf0c000-78ab2bf12000 r-xp 00002000 b3:02 150786                     /usr/lib/libffi.so.8.1.4
78ab2bf12000-78ab2bf13000 r--p 00008000 b3:02 150786                     /usr/lib/libffi.so.8.1.4
78ab2bf13000-78ab2bf14000 r--p 00009000 b3:02 150786                     /usr/lib/libffi.so.8.1.4
78ab2bf14000-78ab2bf15000 rw-p 0000a000 b3:02 150786                     /usr/lib/libffi.so.8.1.4
78ab2bf15000-78ab2bf18000 r--p 00000000 b3:02 181593                     /usr/lib/libdrm_amdgpu.so.1.123.0
78ab2bf18000-78ab2bf1d000 r-xp 00003000 b3:02 181593                     /usr/lib/libdrm_amdgpu.so.1.123.0
78ab2bf1d000-78ab2bf1f000 r--p 00008000 b3:02 181593                     /usr/lib/libdrm_amdgpu.so.1.123.0
78ab2bf1f000-78ab2bf20000 r--p 00009000 b3:02 181593                     /usr/lib/libdrm_amdgpu.so.1.123.0
78ab2bf20000-78ab2bf21000 rw-p 0000a000 b3:02 181593                     /usr/lib/libdrm_amdgpu.so.1.123.0
78ab2bf21000-78ab2bf2d000 r--p 00000000 b3:02 146266                     /usr/lib/libzstd.so.1.5.6
78ab2bf2d000-78ab2bfed000 r-xp 0000c000 b3:02 146266                     /usr/lib/libzstd.so.1.5.6
78ab2bfed000-78ab2bffe000 r--p 000cc000 b3:02 146266                     /usr/lib/libzstd.so.1.5.6
78ab2bffe000-78ab2bfff000 r--p 000dd000 b3:02 146266                     /usr/lib/libzstd.so.1.5.6
78ab2bfff000-78ab2c000000 rw-p 000de000 b3:02 146266                     /usr/lib/libzstd.so.1.5.6
78ab2c000000-78ab2c021000 rw-p 00000000 00:00 0 
78ab2c021000-78ab30000000 ---p 00000000 00:00 0 
78ab30008000-78ab3000b000 r--p 00000000 b3:02 155848                     /usr/lib/libelf-0.192.so
78ab3000b000-78ab3001e000 r-xp 00003000 b3:02 155848                     /usr/lib/libelf-0.192.so
78ab3001e000-78ab30022000 r--p 00016000 b3:02 155848                     /usr/lib/libelf-0.192.so
78ab30022000-78ab30023000 r--p 00019000 b3:02 155848                     /usr/lib/libelf-0.192.so
78ab30023000-78ab30024000 rw-p 0001a000 b3:02 155848                     /usr/lib/libelf-0.192.so
78ab30024000-78ab30026000 r--p 00000000 b3:02 181602                     /usr/lib/libdrm_radeon.so.1.123.0
78ab30026000-78ab3002c000 r-xp 00002000 b3:02 181602                     /usr/lib/libdrm_radeon.so.1.123.0
78ab3002c000-78ab30030000 r--p 00008000 b3:02 181602                     /usr/lib/libdrm_radeon.so.1.123.0
78ab30030000-78ab30031000 r--p 0000b000 b3:02 181602                     /usr/lib/libdrm_radeon.so.1.123.0
78ab30031000-78ab30032000 rw-p 0000c000 b3:02 181602                     /usr/lib/libdrm_radeon.so.1.123.0
78ab30032000-78ab30034000 r--p 00000000 b3:02 181713                     /usr/lib/libsensors.so.5.0.0
78ab30034000-78ab3003b000 r-xp 00002000 b3:02 181713                     /usr/lib/libsensors.so.5.0.0
78ab3003b000-78ab3003f000 r--p 00009000 b3:02 181713                     /usr/lib/libsensors.so.5.0.0
78ab3003f000-78ab30040000 r--p 0000d000 b3:02 181713                     /usr/lib/libsensors.so.5.0.0
78ab30040000-78ab30041000 rw-p 0000e000 b3:02 181713                     /usr/lib/libsensors.so.5.0.0
78ab30041000-78ab30044000 r--p 00000000 b3:02 176365                     /usr/lib/libxcb-xfixes.so.0.0.0
78ab30044000-78ab30047000 r-xp 00003000 b3:02 176365                     /usr/lib/libxcb-xfixes.so.0.0.0
78ab30047000-78ab30048000 r--p 00006000 b3:02 176365                     /usr/lib/libxcb-xfixes.so.0.0.0
78ab30048000-78ab30049000 r--p 00007000 b3:02 176365                     /usr/lib/libxcb-xfixes.so.0.0.0
78ab30049000-78ab3004a000 rw-p 00008000 b3:02 176365                     /usr/lib/libxcb-xfixes.so.0.0.0
78ab3004a000-78ab30051000 r--p 00000000 b3:02 176338                     /usr/lib/libxcb-randr.so.0.1.0
78ab30051000-78ab30057000 r-xp 00007000 b3:02 176338                     /usr/lib/libxcb-randr.so.0.1.0
78ab30057000-78ab3005a000 r--p 0000d000 b3:02 176338                     /usr/lib/libxcb-randr.so.0.1.0
78ab3005a000-78ab3005b000 r--p 00010000 b3:02 176338                     /usr/lib/libxcb-randr.so.0.1.0
78ab3005b000-78ab3005c000 rw-p 00011000 b3:02 176338                     /usr/lib/libxcb-randr.so.0.1.0
78ab3005c000-78ab3005e000 r--p 00000000 b3:02 154964                     /usr/lib/libexpat.so.1.10.0
78ab3005e000-78ab3007b000 r-xp 00002000 b3:02 154964                     /usr/lib/libexpat.so.1.10.0
78ab3007b000-78ab30083000 r--p 0001f000 b3:02 154964                     /usr/lib/libexpat.so.1.10.0
78ab30083000-78ab30085000 r--p 00026000 b3:02 154964                     /usr/lib/libexpat.so.1.10.0
78ab30085000-78ab30086000 rw-p 00028000 b3:02 154964                     /usr/lib/libexpat.so.1.10.0
78ab30086000-78ab30092000 r--p 00000000 b3:02 176332                     /usr/lib/libxcb-glx.so.0.0.0
78ab30092000-78ab3009b000 r-xp 0000c000 b3:02 176332                     /usr/lib/libxcb-glx.so.0.0.0
78ab3009b000-78ab300a0000 r--p 00015000 b3:02 176332                     /usr/lib/libxcb-glx.so.0.0.0
78ab300a0000-78ab300a2000 r--p 0001a000 b3:02 176332                     /usr/lib/libxcb-glx.so.0.0.0
78ab300a2000-78ab300a3000 rw-p 0001c000 b3:02 176332                     /usr/lib/libxcb-glx.so.0.0.0
78ab300a3000-78ab300a8000 r--p 00000000 b3:02 181590                     /usr/lib/libdrm.so.2.123.0
78ab300a8000-78ab300b4000 r-xp 00005000 b3:02 181590                     /usr/lib/libdrm.so.2.123.0
78ab300b4000-78ab300b8000 r--p 00011000 b3:02 181590                     /usr/lib/libdrm.so.2.123.0
78ab300b8000-78ab300b9000 r--p 00015000 b3:02 181590                     /usr/lib/libdrm.so.2.123.0
78ab300b9000-78ab300ba000 rw-p 00016000 b3:02 181590                     /usr/lib/libdrm.so.2.123.0
78ab300ba000-78ab300d0000 r--p 00000000 b3:02 181742                     /usr/lib/libGLX_mesa.so.0.0.0
78ab300d0000-78ab3010f000 r-xp 00016000 b3:02 181742                     /usr/lib/libGLX_mesa.so.0.0.0
78ab3010f000-78ab30122000 r--p 00055000 b3:02 181742                     /usr/lib/libGLX_mesa.so.0.0.0
78ab30122000-78ab30126000 r--p 00067000 b3:02 181742                     /usr/lib/libGLX_mesa.so.0.0.0
78ab30126000-78ab30127000 rw-p 0006b000 b3:02 181742                     /usr/lib/libGLX_mesa.so.0.0.0
78ab30127000-78ab30168000 r--p 00000000 b3:02 181820                     /usr/lib/libGLdispatch.so.0.0.0
78ab30168000-78ab301a7000 r-xp 00041000 b3:02 181820                     /usr/lib/libGLdispatch.so.0.0.0
78ab301a7000-78ab301ba000 r--p 00080000 b3:02 181820                     /usr/lib/libGLdispatch.so.0.0.0
78ab301ba000-78ab301d6000 r--p 00093000 b3:02 181820                     /usr/lib/libGLdispatch.so.0.0.0
78ab301d6000-78ab301d7000 rw-p 000af000 b3:02 181820                     /usr/lib/libGLdispatch.so.0.0.0
78ab301d7000-78ab301df000 rw-p 00000000 00:00 0 
78ab301df000-78ab301f6000 r--p 00000000 b3:02 178728                     /usr/lib/libX11.so.6.4.0
78ab301f6000-78ab3028a000 r-xp 00017000 b3:02 178728                     /usr/lib/libX11.so.6.4.0
78ab3028a000-78ab30319000 r--p 000ab000 b3:02 178728                     /usr/lib/libX11.so.6.4.0
78ab30319000-78ab3031c000 r--p 00139000 b3:02 178728                     /usr/lib/libX11.so.6.4.0
78ab3031c000-78ab30320000 rw-p 0013c000 b3:02 178728                     /usr/lib/libX11.so.6.4.0
78ab30320000-78ab3032f000 r--p 00000000 00:2a 231                        /tmp/lwjgl_zeph/3.3.4+7/x64/libglfw.so
78ab3032f000-78ab30350000 r-xp 0000f000 00:2a 231                        /tmp/lwjgl_zeph/3.3.4+7/x64/libglfw.so
78ab30350000-78ab30384000 r--p 00030000 00:2a 231                        /tmp/lwjgl_zeph/3.3.4+7/x64/libglfw.so
78ab30384000-78ab30385000 ---p 00064000 00:2a 231                        /tmp/lwjgl_zeph/3.3.4+7/x64/libglfw.so
78ab30385000-78ab30389000 r--p 00064000 00:2a 231                        /tmp/lwjgl_zeph/3.3.4+7/x64/libglfw.so
78ab30389000-78ab3038c000 rw-p 00068000 00:2a 231                        /tmp/lwjgl_zeph/3.3.4+7/x64/libglfw.so
78ab3038c000-78ab303af000 rw-p 00000000 00:00 0 
78ab303af000-78ab303d9000 r--p 00000000 00:2a 230                        /tmp/lwjgl_zeph/3.3.4+7/x64/liblwjgl.so
78ab303d9000-78ab3040b000 r-xp 0002a000 00:2a 230                        /tmp/lwjgl_zeph/3.3.4+7/x64/liblwjgl.so
78ab3040b000-78ab30424000 r--p 0005c000 00:2a 230                        /tmp/lwjgl_zeph/3.3.4+7/x64/liblwjgl.so
78ab30424000-78ab30425000 r--p 00074000 00:2a 230                        /tmp/lwjgl_zeph/3.3.4+7/x64/liblwjgl.so
78ab30425000-78ab30426000 rw-p 00075000 00:2a 230                        /tmp/lwjgl_zeph/3.3.4+7/x64/liblwjgl.so
78ab30426000-78ab30427000 ---p 00000000 00:00 0 
78ab30427000-78ab3042b000 ---p 00000000 00:00 0 
78ab3042b000-78ab30527000 rw-p 00000000 00:00 0 
78ab30527000-78ab30528000 ---p 00000000 00:00 0 
78ab30528000-78ab3052c000 ---p 00000000 00:00 0 
78ab3052c000-78ab30628000 rw-p 00000000 00:00 0 
78ab30628000-78ab3062d000 r--p 00000000 b3:02 329917                     /usr/lib/jvm/java-21-openjdk/lib/libjsvml.so
78ab3062d000-78ab3066e000 r-xp 00005000 b3:02 329917                     /usr/lib/jvm/java-21-openjdk/lib/libjsvml.so
78ab3066e000-78ab306f7000 r--p 00046000 b3:02 329917                     /usr/lib/jvm/java-21-openjdk/lib/libjsvml.so
78ab306f7000-78ab306f8000 r--p 000ce000 b3:02 329917                     /usr/lib/jvm/java-21-openjdk/lib/libjsvml.so
78ab306f8000-78ab306f9000 rw-p 000cf000 b3:02 329917                     /usr/lib/jvm/java-21-openjdk/lib/libjsvml.so
78ab306f9000-78ab306fa000 ---p 00000000 00:00 0 
78ab306fa000-78ab306fe000 ---p 00000000 00:00 0 
78ab306fe000-78ab307fa000 rw-p 00000000 00:00 0 
78ab307fa000-78ab307fb000 ---p 00000000 00:00 0 
78ab307fb000-78ab307ff000 ---p 00000000 00:00 0 
78ab307ff000-78ab308fb000 rw-p 00000000 00:00 0 
78ab308fb000-78ab308fc000 ---p 00000000 00:00 0 
78ab308fc000-78ab30900000 ---p 00000000 00:00 0 
78ab30900000-78ab309fc000 rw-p 00000000 00:00 0 
78ab309fc000-78ab309fd000 ---p 00000000 00:00 0 
78ab309fd000-78ab30a01000 ---p 00000000 00:00 0 
78ab30a01000-78ab30afd000 rw-p 00000000 00:00 0 
78ab30afd000-78ab30afe000 ---p 00000000 00:00 0 
78ab30afe000-78ab30b02000 ---p 00000000 00:00 0 
78ab30b02000-78ab30bfe000 rw-p 00000000 00:00 0 
78ab30bfe000-78ab30bff000 ---p 00000000 00:00 0 
78ab30bff000-78ab30c03000 ---p 00000000 00:00 0 
78ab30c03000-78ab30cff000 rw-p 00000000 00:00 0 
78ab30cff000-78ab30d00000 ---p 00000000 00:00 0 
78ab30d00000-78ab30d04000 ---p 00000000 00:00 0 
78ab30d04000-78ab30e00000 rw-p 00000000 00:00 0 
78ab30e00000-78ab310eb000 r--p 00000000 b3:02 175391                     /usr/lib/locale/locale-archive
78ab310f2000-78ab310f5000 r--p 00000000 b3:02 176359                     /usr/lib/libxcb-sync.so.1.0.0
78ab310f5000-78ab310f8000 r-xp 00003000 b3:02 176359                     /usr/lib/libxcb-sync.so.1.0.0
78ab310f8000-78ab310f9000 r--p 00006000 b3:02 176359                     /usr/lib/libxcb-sync.so.1.0.0
78ab310f9000-78ab310fa000 r--p 00007000 b3:02 176359                     /usr/lib/libxcb-sync.so.1.0.0
78ab310fa000-78ab310fb000 rw-p 00008000 b3:02 176359                     /usr/lib/libxcb-sync.so.1.0.0
78ab310fb000-78ab310fc000 ---p 00000000 00:00 0 
78ab310fc000-78ab311fc000 rw-p 00000000 00:00 0 
78ab311fc000-78ab311fd000 ---p 00000000 00:00 0 
78ab311fd000-78ab312fd000 rw-p 00000000 00:00 0 
78ab312fd000-78ab312fe000 ---p 00000000 00:00 0 
78ab312fe000-78ab313fe000 rw-p 00000000 00:00 0 
78ab313fe000-78ab313ff000 ---p 00000000 00:00 0 
78ab313ff000-78ab314ff000 rw-p 00000000 00:00 0 
78ab314ff000-78ab336f0000 rw-p 00000000 00:00 0 
78ab336f0000-78ab344c0000 ---p 00000000 00:00 0 
78ab344c0000-78ab344c8000 rw-p 00000000 00:00 0 
78ab344cb000-78ab344cc000 r--p 00000000 b3:02 176335                     /usr/lib/libxcb-present.so.0.0.0
78ab344cc000-78ab344cd000 r-xp 00001000 b3:02 176335                     /usr/lib/libxcb-present.so.0.0.0
78ab344cd000-78ab344ce000 r--p 00002000 b3:02 176335                     /usr/lib/libxcb-present.so.0.0.0
78ab344ce000-78ab344cf000 r--p 00002000 b3:02 176335                     /usr/lib/libxcb-present.so.0.0.0
78ab344cf000-78ab344d0000 rw-p 00003000 b3:02 176335                     /usr/lib/libxcb-present.so.0.0.0
78ab344d0000-78ab344d2000 r--p 00000000 b3:02 176329                     /usr/lib/libxcb-dri3.so.0.1.0
78ab344d2000-78ab344d4000 r-xp 00002000 b3:02 176329                     /usr/lib/libxcb-dri3.so.0.1.0
78ab344d4000-78ab344d5000 r--p 00004000 b3:02 176329                     /usr/lib/libxcb-dri3.so.0.1.0
78ab344d5000-78ab344d6000 r--p 00004000 b3:02 176329                     /usr/lib/libxcb-dri3.so.0.1.0
78ab344d6000-78ab344d7000 rw-p 00005000 b3:02 176329                     /usr/lib/libxcb-dri3.so.0.1.0
78ab344d7000-78ab344d8000 r--p 00000000 b3:02 209146                     /usr/lib/libglapi.so.0.0.0
78ab344d8000-78ab344e6000 r-xp 00001000 b3:02 209146                     /usr/lib/libglapi.so.0.0.0
78ab344e6000-78ab344fa000 r--p 0000f000 b3:02 209146                     /usr/lib/libglapi.so.0.0.0
78ab344fa000-78ab344fe000 r--p 00023000 b3:02 209146                     /usr/lib/libglapi.so.0.0.0
78ab344fe000-78ab344ff000 rw-p 00027000 b3:02 209146                     /usr/lib/libglapi.so.0.0.0
78ab344ff000-78ab34600000 rw-p 00000000 00:00 0 
78ab34600000-78ab34870000 rwxp 00000000 00:00 0 
78ab34870000-78ab3bb38000 ---p 00000000 00:00 0 
78ab3bb38000-78ab3bda8000 rwxp 00000000 00:00 0 
78ab3bda8000-78ab3c0c7000 ---p 00000000 00:00 0 
78ab3c0c7000-78ab3c337000 rwxp 00000000 00:00 0 
78ab3c337000-78ab43600000 ---p 00000000 00:00 0 
78ab43600000-78ab4be0d000 r--s 00000000 b3:02 329934                     /usr/lib/jvm/java-21-openjdk/lib/modules
78ab4be10000-78ab4be11000 r--p 00000000 b3:02 181616                     /usr/lib/libxshmfence.so.1.0.0
78ab4be11000-78ab4be12000 r-xp 00001000 b3:02 181616                     /usr/lib/libxshmfence.so.1.0.0
78ab4be12000-78ab4be13000 r--p 00002000 b3:02 181616                     /usr/lib/libxshmfence.so.1.0.0
78ab4be13000-78ab4be14000 r--p 00002000 b3:02 181616                     /usr/lib/libxshmfence.so.1.0.0
78ab4be14000-78ab4be15000 rw-p 00003000 b3:02 181616                     /usr/lib/libxshmfence.so.1.0.0
78ab4be15000-78ab4be16000 r--p 00000000 b3:02 176356                     /usr/lib/libxcb-shm.so.0.0.0
78ab4be16000-78ab4be17000 r-xp 00001000 b3:02 176356                     /usr/lib/libxcb-shm.so.0.0.0
78ab4be17000-78ab4be18000 r--p 00002000 b3:02 176356                     /usr/lib/libxcb-shm.so.0.0.0
78ab4be18000-78ab4be19000 r--p 00002000 b3:02 176356                     /usr/lib/libxcb-shm.so.0.0.0
78ab4be19000-78ab4be1a000 rw-p 00003000 b3:02 176356                     /usr/lib/libxcb-shm.so.0.0.0
78ab4be1a000-78ab4be1c000 r--p 00000000 b3:02 176326                     /usr/lib/libxcb-dri2.so.0.0.0
78ab4be1c000-78ab4be1e000 r-xp 00002000 b3:02 176326                     /usr/lib/libxcb-dri2.so.0.0.0
78ab4be1e000-78ab4be1f000 r--p 00004000 b3:02 176326                     /usr/lib/libxcb-dri2.so.0.0.0
78ab4be1f000-78ab4be20000 r--p 00004000 b3:02 176326                     /usr/lib/libxcb-dri2.so.0.0.0
78ab4be20000-78ab4be21000 rw-p 00005000 b3:02 176326                     /usr/lib/libxcb-dri2.so.0.0.0
78ab4be21000-78ab4be24000 r--p 00000000 b3:02 181817                     /usr/lib/libGLX.so.0.0.0
78ab4be24000-78ab4be3e000 r-xp 00003000 b3:02 181817                     /usr/lib/libGLX.so.0.0.0
78ab4be3e000-78ab4be41000 r--p 0001d000 b3:02 181817                     /usr/lib/libGLX.so.0.0.0
78ab4be41000-78ab4be42000 r--p 00020000 b3:02 181817                     /usr/lib/libGLX.so.0.0.0
78ab4be42000-78ab4be43000 rw-p 00021000 b3:02 181817                     /usr/lib/libGLX.so.0.0.0
78ab4be43000-78ab4be53000 rw-p 00000000 00:00 0 
78ab4be53000-78ab4be54000 r--p 00000000 b3:02 178725                     /usr/lib/libX11-xcb.so.1.0.0
78ab4be54000-78ab4be55000 r-xp 00001000 b3:02 178725                     /usr/lib/libX11-xcb.so.1.0.0
78ab4be55000-78ab4be56000 r--p 00002000 b3:02 178725                     /usr/lib/libX11-xcb.so.1.0.0
78ab4be56000-78ab4be57000 r--p 00002000 b3:02 178725                     /usr/lib/libX11-xcb.so.1.0.0
78ab4be57000-78ab4be58000 rw-p 00003000 b3:02 178725                     /usr/lib/libX11-xcb.so.1.0.0
78ab4be58000-78ab4be59000 r--p 00000000 b3:02 182057                     /usr/lib/libXinerama.so.1.0.0
78ab4be59000-78ab4be5a000 r-xp 00001000 b3:02 182057                     /usr/lib/libXinerama.so.1.0.0
78ab4be5a000-78ab4be5b000 r--p 00002000 b3:02 182057                     /usr/lib/libXinerama.so.1.0.0
78ab4be5b000-78ab4be5c000 r--p 00002000 b3:02 182057                     /usr/lib/libXinerama.so.1.0.0
78ab4be5c000-78ab4be5d000 rw-p 00003000 b3:02 182057                     /usr/lib/libXinerama.so.1.0.0
78ab4be5d000-78ab4be5f000 r--p 00000000 b3:02 179607                     /usr/lib/libXfixes.so.3.1.0
78ab4be5f000-78ab4be62000 r-xp 00002000 b3:02 179607                     /usr/lib/libXfixes.so.3.1.0
78ab4be62000-78ab4be63000 r--p 00005000 b3:02 179607                     /usr/lib/libXfixes.so.3.1.0
78ab4be63000-78ab4be64000 r--p 00005000 b3:02 179607                     /usr/lib/libXfixes.so.3.1.0
78ab4be64000-78ab4be65000 rw-p 00006000 b3:02 179607                     /usr/lib/libXfixes.so.3.1.0
78ab4be65000-78ab4be68000 r--p 00000000 b3:02 181990                     /usr/lib/libXcursor.so.1.0.2
78ab4be68000-78ab4be6e000 r-xp 00003000 b3:02 181990                     /usr/lib/libXcursor.so.1.0.2
78ab4be6e000-78ab4be70000 r--p 00009000 b3:02 181990                     /usr/lib/libXcursor.so.1.0.2
78ab4be70000-78ab4be71000 r--p 0000a000 b3:02 181990                     /usr/lib/libXcursor.so.1.0.2
78ab4be71000-78ab4be72000 rw-p 0000b000 b3:02 181990                     /usr/lib/libXcursor.so.1.0.2
78ab4be72000-78ab4be74000 r--p 00000000 b3:02 180183                     /usr/lib/libXrender.so.1.3.0
78ab4be74000-78ab4be7b000 r-xp 00002000 b3:02 180183                     /usr/lib/libXrender.so.1.3.0
78ab4be7b000-78ab4be7c000 r--p 00009000 b3:02 180183                     /usr/lib/libXrender.so.1.3.0
78ab4be7c000-78ab4be7d000 r--p 00009000 b3:02 180183                     /usr/lib/libXrender.so.1.3.0
78ab4be7d000-78ab4be7e000 rw-p 0000a000 b3:02 180183                     /usr/lib/libXrender.so.1.3.0
78ab4be7e000-78ab4beff000 rw-p 00000000 00:00 0 
78ab4beff000-78ab4bf00000 ---p 00000000 00:00 0 
78ab4bf00000-78ab4c000000 rw-p 00000000 00:00 0 
78ab4c000000-78ab4d3c6000 rw-p 00000000 00:00 0 
78ab4d3c6000-78ab50000000 ---p 00000000 00:00 0 
78ab50000000-78ab50002000 r--p 00000000 b3:02 182066                     /usr/lib/libXrandr.so.2.2.0
78ab50002000-78ab50009000 r-xp 00002000 b3:02 182066                     /usr/lib/libXrandr.so.2.2.0
78ab50009000-78ab5000b000 r--p 00009000 b3:02 182066                     /usr/lib/libXrandr.so.2.2.0
78ab5000b000-78ab5000c000 r--p 0000a000 b3:02 182066                     /usr/lib/libXrandr.so.2.2.0
78ab5000c000-78ab5000d000 rw-p 0000b000 b3:02 182066                     /usr/lib/libXrandr.so.2.2.0
78ab5000d000-78ab50010000 r--p 00000000 b3:02 179612                     /usr/lib/libXi.so.6.1.0
78ab50010000-78ab5001c000 r-xp 00003000 b3:02 179612                     /usr/lib/libXi.so.6.1.0
78ab5001c000-78ab5001e000 r--p 0000f000 b3:02 179612                     /usr/lib/libXi.so.6.1.0
78ab5001e000-78ab5001f000 r--p 00011000 b3:02 179612                     /usr/lib/libXi.so.6.1.0
78ab5001f000-78ab50020000 rw-p 00012000 b3:02 179612                     /usr/lib/libXi.so.6.1.0
78ab50020000-78ab50024000 r--p 00000000 b3:02 179542                     /usr/lib/libXext.so.6.4.0
78ab50024000-78ab5002f000 r-xp 00004000 b3:02 179542                     /usr/lib/libXext.so.6.4.0
78ab5002f000-78ab50033000 r--p 0000f000 b3:02 179542                     /usr/lib/libXext.so.6.4.0
78ab50033000-78ab50034000 r--p 00012000 b3:02 179542                     /usr/lib/libXext.so.6.4.0
78ab50034000-78ab50035000 rw-p 00013000 b3:02 179542                     /usr/lib/libXext.so.6.4.0
78ab50035000-78ab50036000 r--p 00000000 b3:02 181620                     /usr/lib/libXxf86vm.so.1.0.0
78ab50036000-78ab50039000 r-xp 00001000 b3:02 181620                     /usr/lib/libXxf86vm.so.1.0.0
78ab50039000-78ab5003a000 r--p 00004000 b3:02 181620                     /usr/lib/libXxf86vm.so.1.0.0
78ab5003a000-78ab5003b000 r--p 00004000 b3:02 181620                     /usr/lib/libXxf86vm.so.1.0.0
78ab5003b000-78ab5003c000 rw-p 00005000 b3:02 181620                     /usr/lib/libXxf86vm.so.1.0.0
78ab5003c000-78ab5003e000 r--p 00000000 b3:02 176297                     /usr/lib/libXdmcp.so.6.0.0
78ab5003e000-78ab50040000 r-xp 00002000 b3:02 176297                     /usr/lib/libXdmcp.so.6.0.0
78ab50040000-78ab50042000 r--p 00004000 b3:02 176297                     /usr/lib/libXdmcp.so.6.0.0
78ab50042000-78ab50043000 r--p 00005000 b3:02 176297                     /usr/lib/libXdmcp.so.6.0.0
78ab50043000-78ab50044000 rw-p 00006000 b3:02 176297                     /usr/lib/libXdmcp.so.6.0.0
78ab50044000-78ab50045000 r--p 00000000 b3:02 176301                     /usr/lib/libXau.so.6.0.0
78ab50045000-78ab50046000 r-xp 00001000 b3:02 176301                     /usr/lib/libXau.so.6.0.0
78ab50046000-78ab50047000 r--p 00002000 b3:02 176301                     /usr/lib/libXau.so.6.0.0
78ab50047000-78ab50048000 r--p 00002000 b3:02 176301                     /usr/lib/libXau.so.6.0.0
78ab50048000-78ab50049000 rw-p 00003000 b3:02 176301                     /usr/lib/libXau.so.6.0.0
78ab50049000-78ab50055000 r--p 00000000 b3:02 176386                     /usr/lib/libxcb.so.1.1.0
78ab50055000-78ab50069000 r-xp 0000c000 b3:02 176386                     /usr/lib/libxcb.so.1.1.0
78ab50069000-78ab50072000 r--p 00020000 b3:02 176386                     /usr/lib/libxcb.so.1.1.0
78ab50072000-78ab50073000 r--p 00028000 b3:02 176386                     /usr/lib/libxcb.so.1.1.0
78ab50073000-78ab50074000 rw-p 00029000 b3:02 176386                     /usr/lib/libxcb.so.1.1.0
78ab50074000-78ab50075000 ---p 00000000 00:00 0 
78ab50075000-78ab50175000 rw-p 00000000 00:00 0 
78ab50175000-78ab50176000 ---p 00000000 00:00 0 
78ab50176000-78ab50276000 rw-p 00000000 00:00 0 
78ab50276000-78ab50294000 rw-p 00000000 00:00 0 
78ab50294000-78ab5044e000 ---p 00000000 00:00 0 
78ab5044e000-78ab5046d000 rw-p 00000000 00:00 0 
78ab5046d000-78ab50627000 ---p 00000000 00:00 0 
78ab50627000-78ab5082f000 rw-p 00000000 00:00 0 
78ab5082f000-78ab50915000 ---p 00000000 00:00 0 
78ab50915000-78ab5091a000 rw-p 00000000 00:00 0 
78ab5091a000-78ab50a00000 ---p 00000000 00:00 0 
78ab50a00000-78ab50a97000 r--p 00000000 b3:02 133657                     /usr/lib/libstdc++.so.6.0.33
78ab50a97000-78ab50be4000 r-xp 00097000 b3:02 133657                     /usr/lib/libstdc++.so.6.0.33
78ab50be4000-78ab50c74000 r--p 001e4000 b3:02 133657                     /usr/lib/libstdc++.so.6.0.33
78ab50c74000-78ab50c81000 r--p 00274000 b3:02 133657                     /usr/lib/libstdc++.so.6.0.33
78ab50c81000-78ab50c82000 rw-p 00281000 b3:02 133657                     /usr/lib/libstdc++.so.6.0.33
78ab50c82000-78ab50c86000 rw-p 00000000 00:00 0 
78ab50c90000-78ab50c91000 rw-s 10eb35000 00:10 1063                      anon_inode:i915.gem
78ab50c91000-78ab50c92000 rw-s 10eb34000 00:10 1063                      anon_inode:i915.gem
78ab50c92000-78ab50c93000 rw-s 00000000 00:01 123468                     /memfd:xshmfence (deleted)
78ab50c93000-78ab50c94000 r-xp 0005a000 00:2a 230                        /tmp/lwjgl_zeph/3.3.4+7/x64/liblwjgl.so
78ab50c94000-78ab50c95000 rw-p 00000000 00:00 0 
78ab50c95000-78ab50ca5000 rw-s 107ce1000 00:10 1063                      anon_inode:i915.gem
78ab50ca5000-78ab50d00000 rw-p 00000000 00:00 0 
78ab50d00000-78ab50d04000 ---p 00000000 00:00 0 
78ab50d04000-78ab50e00000 rw-p 00000000 00:00 0 
78ab50e00000-78ab50e0e000 r--p 00000000 b3:02 329944                     /usr/lib/jvm/java-21-openjdk/lib/server/libjvm.so
78ab50e0e000-78ab51da0000 r-xp 0000e000 b3:02 329944                     /usr/lib/jvm/java-21-openjdk/lib/server/libjvm.so
78ab51da0000-78ab51f8f000 r--p 00fa0000 b3:02 329944                     /usr/lib/jvm/java-21-openjdk/lib/server/libjvm.so
78ab51f8f000-78ab52060000 r--p 0118e000 b3:02 329944                     /usr/lib/jvm/java-21-openjdk/lib/server/libjvm.so
78ab52060000-78ab5208a000 rw-p 0125f000 b3:02 329944                     /usr/lib/jvm/java-21-openjdk/lib/server/libjvm.so
78ab5208a000-78ab520f1000 rw-p 00000000 00:00 0 
78ab520f2000-78ab520f3000 rw-s 10eb93000 00:10 1063                      anon_inode:i915.gem
78ab520f3000-78ab520f4000 r--p 00000000 b3:02 134499                     /usr/lib/librt.so.1
78ab520f4000-78ab520f5000 r-xp 00001000 b3:02 134499                     /usr/lib/librt.so.1
78ab520f5000-78ab520f6000 r--p 00002000 b3:02 134499                     /usr/lib/librt.so.1
78ab520f6000-78ab520f7000 r--p 00002000 b3:02 134499                     /usr/lib/librt.so.1
78ab520f7000-78ab520f8000 rw-p 00003000 b3:02 134499                     /usr/lib/librt.so.1
78ab520f8000-78ab520f9000 r--p 00000000 b3:02 134494                     /usr/lib/libpthread.so.0
78ab520f9000-78ab520fa000 r-xp 00001000 b3:02 134494                     /usr/lib/libpthread.so.0
78ab520fa000-78ab520fb000 r--p 00002000 b3:02 134494                     /usr/lib/libpthread.so.0
78ab520fb000-78ab520fc000 r--p 00002000 b3:02 134494                     /usr/lib/libpthread.so.0
78ab520fc000-78ab520fd000 rw-p 00003000 b3:02 134494                     /usr/lib/libpthread.so.0
78ab520fd000-78ab520fe000 r--p 00000000 b3:02 134472                     /usr/lib/libdl.so.2
78ab520fe000-78ab520ff000 r-xp 00001000 b3:02 134472                     /usr/lib/libdl.so.2
78ab520ff000-78ab52100000 r--p 00002000 b3:02 134472                     /usr/lib/libdl.so.2
78ab52100000-78ab52101000 r--p 00002000 b3:02 134472                     /usr/lib/libdl.so.2
78ab52101000-78ab52102000 rw-p 00003000 b3:02 134472                     /usr/lib/libdl.so.2
78ab52102000-78ab52104000 r--p 00000000 b3:02 329933                     /usr/lib/jvm/java-21-openjdk/lib/libzip.so
78ab52104000-78ab52108000 r-xp 00002000 b3:02 329933                     /usr/lib/jvm/java-21-openjdk/lib/libzip.so
78ab52108000-78ab5210a000 r--p 00006000 b3:02 329933                     /usr/lib/jvm/java-21-openjdk/lib/libzip.so
78ab5210a000-78ab5210b000 r--p 00007000 b3:02 329933                     /usr/lib/jvm/java-21-openjdk/lib/libzip.so
78ab5210b000-78ab5210c000 rw-p 00008000 b3:02 329933                     /usr/lib/jvm/java-21-openjdk/lib/libzip.so
78ab5210c000-78ab5210f000 r--p 00000000 b3:02 329924                     /usr/lib/jvm/java-21-openjdk/lib/libnet.so
78ab5210f000-78ab52116000 r-xp 00003000 b3:02 329924                     /usr/lib/jvm/java-21-openjdk/lib/libnet.so
78ab52116000-78ab52118000 r--p 0000a000 b3:02 329924                     /usr/lib/jvm/java-21-openjdk/lib/libnet.so
78ab52118000-78ab52119000 r--p 0000b000 b3:02 329924                     /usr/lib/jvm/java-21-openjdk/lib/libnet.so
78ab52119000-78ab5211a000 rw-p 0000c000 b3:02 329924                     /usr/lib/jvm/java-21-openjdk/lib/libnet.so
78ab5211a000-78ab52121000 r--p 00000000 b3:02 329925                     /usr/lib/jvm/java-21-openjdk/lib/libnio.so
78ab52121000-78ab5212a000 r-xp 00007000 b3:02 329925                     /usr/lib/jvm/java-21-openjdk/lib/libnio.so
78ab5212a000-78ab5212f000 r--p 00010000 b3:02 329925                     /usr/lib/jvm/java-21-openjdk/lib/libnio.so
78ab5212f000-78ab52130000 r--p 00014000 b3:02 329925                     /usr/lib/jvm/java-21-openjdk/lib/libnio.so
78ab52130000-78ab52131000 rw-p 00015000 b3:02 329925                     /usr/lib/jvm/java-21-openjdk/lib/libnio.so
78ab52131000-78ab52192000 rw-p 00000000 00:00 0 
78ab52192000-78ab5219c000 r--p 00000000 b3:02 329907                     /usr/lib/jvm/java-21-openjdk/lib/libjava.so
78ab5219c000-78ab521a9000 r-xp 0000a000 b3:02 329907                     /usr/lib/jvm/java-21-openjdk/lib/libjava.so
78ab521a9000-78ab521ae000 r--p 00017000 b3:02 329907                     /usr/lib/jvm/java-21-openjdk/lib/libjava.so
78ab521ae000-78ab521af000 r--p 0001b000 b3:02 329907                     /usr/lib/jvm/java-21-openjdk/lib/libjava.so
78ab521af000-78ab521b0000 rw-p 0001c000 b3:02 329907                     /usr/lib/jvm/java-21-openjdk/lib/libjava.so
78ab521b0000-78ab521b1000 rw-p 00000000 00:00 0 
78ab521b1000-78ab521b5000 r--p 00000000 b3:02 133624                     /usr/lib/libgcc_s.so.1
78ab521b5000-78ab521d9000 r-xp 00004000 b3:02 133624                     /usr/lib/libgcc_s.so.1
78ab521d9000-78ab521dd000 r--p 00028000 b3:02 133624                     /usr/lib/libgcc_s.so.1
78ab521dd000-78ab521de000 r--p 0002b000 b3:02 133624                     /usr/lib/libgcc_s.so.1
78ab521de000-78ab521df000 rw-p 0002c000 b3:02 133624                     /usr/lib/libgcc_s.so.1
78ab521df000-78ab521ed000 r--p 00000000 b3:02 134477                     /usr/lib/libm.so.6
78ab521ed000-78ab52270000 r-xp 0000e000 b3:02 134477                     /usr/lib/libm.so.6
78ab52270000-78ab522cc000 r--p 00091000 b3:02 134477                     /usr/lib/libm.so.6
78ab522cc000-78ab522cd000 r--p 000ec000 b3:02 134477                     /usr/lib/libm.so.6
78ab522cd000-78ab522ce000 rw-p 000ed000 b3:02 134477                     /usr/lib/libm.so.6
78ab522ce000-78ab522d1000 rw-p 00000000 00:00 0 
78ab522d1000-78ab522d4000 r--p 00000000 b3:02 138543                     /usr/lib/libz.so.1.3.1
78ab522d4000-78ab522e2000 r-xp 00003000 b3:02 138543                     /usr/lib/libz.so.1.3.1
78ab522e2000-78ab522e8000 r--p 00011000 b3:02 138543                     /usr/lib/libz.so.1.3.1
78ab522e8000-78ab522e9000 r--p 00017000 b3:02 138543                     /usr/lib/libz.so.1.3.1
78ab522e9000-78ab522ea000 rw-p 00018000 b3:02 138543                     /usr/lib/libz.so.1.3.1
78ab522ea000-78ab5230e000 r--p 00000000 b3:02 134467                     /usr/lib/libc.so.6
78ab5230e000-78ab5247f000 r-xp 00024000 b3:02 134467                     /usr/lib/libc.so.6
78ab5247f000-78ab524cd000 r--p 00195000 b3:02 134467                     /usr/lib/libc.so.6
78ab524cd000-78ab524d1000 r--p 001e3000 b3:02 134467                     /usr/lib/libc.so.6
78ab524d1000-78ab524d3000 rw-p 001e7000 b3:02 134467                     /usr/lib/libc.so.6
78ab524d3000-78ab524db000 rw-p 00000000 00:00 0 
78ab524db000-78ab524dc000 rw-s 10eb92000 00:10 1063                      anon_inode:i915.gem
78ab524dc000-78ab524dd000 rw-s 10eb97000 00:10 1063                      anon_inode:i915.gem
78ab524dd000-78ab524e2000 rw-p 00000000 00:00 0 
78ab524e2000-78ab524e9000 ---p 00000000 00:00 0 
78ab524e9000-78ab524f1000 rw-s 00000000 00:2a 9266                       /tmp/hsperfdata_zeph/290932
78ab524f1000-78ab524f2000 ---p 00000000 00:00 0 
78ab524f2000-78ab524f3000 r--p 00000000 00:00 0 
78ab524f3000-78ab524f4000 ---p 00000000 00:00 0 
78ab524f4000-78ab524f5000 r--p 00000000 b3:02 329913                     /usr/lib/jvm/java-21-openjdk/lib/libjimage.so
78ab524f5000-78ab524f7000 r-xp 00001000 b3:02 329913                     /usr/lib/jvm/java-21-openjdk/lib/libjimage.so
78ab524f7000-78ab524f8000 r--p 00003000 b3:02 329913                     /usr/lib/jvm/java-21-openjdk/lib/libjimage.so
78ab524f8000-78ab524f9000 r--p 00003000 b3:02 329913                     /usr/lib/jvm/java-21-openjdk/lib/libjimage.so
78ab524f9000-78ab524fa000 rw-p 00004000 b3:02 329913                     /usr/lib/jvm/java-21-openjdk/lib/libjimage.so
78ab524fa000-78ab524fc000 r--p 00000000 b3:02 329914                     /usr/lib/jvm/java-21-openjdk/lib/libjli.so
78ab524fc000-78ab52506000 r-xp 00002000 b3:02 329914                     /usr/lib/jvm/java-21-openjdk/lib/libjli.so
78ab52506000-78ab52509000 r--p 0000c000 b3:02 329914                     /usr/lib/jvm/java-21-openjdk/lib/libjli.so
78ab52509000-78ab5250a000 r--p 0000e000 b3:02 329914                     /usr/lib/jvm/java-21-openjdk/lib/libjli.so
78ab5250a000-78ab5250b000 rw-p 0000f000 b3:02 329914                     /usr/lib/jvm/java-21-openjdk/lib/libjli.so
78ab5250b000-78ab5250d000 rw-p 00000000 00:00 0 
78ab5250d000-78ab52511000 r--p 00000000 00:00 0                          [vvar]
78ab52511000-78ab52513000 r-xp 00000000 00:00 0                          [vdso]
78ab52513000-78ab52514000 r--p 00000000 b3:02 134458                     /usr/lib/ld-linux-x86-64.so.2
78ab52514000-78ab5253d000 r-xp 00001000 b3:02 134458                     /usr/lib/ld-linux-x86-64.so.2
78ab5253d000-78ab52547000 r--p 0002a000 b3:02 134458                     /usr/lib/ld-linux-x86-64.so.2
78ab52547000-78ab52549000 r--p 00034000 b3:02 134458                     /usr/lib/ld-linux-x86-64.so.2
78ab52549000-78ab5254b000 rw-p 00036000 b3:02 134458                     /usr/lib/ld-linux-x86-64.so.2
7fff53d53000-7fff53d74000 rw-p 00000000 00:00 0                          [stack]
ffffffffff600000-ffffffffff601000 --xp 00000000 00:00 0                  [vsyscall]
Total number of mappings: 507


VM Arguments:
jvm_args: -Djava.library.path=lib/ -XX:+ShowCodeDetailsInExceptionMessages 
java_command: game.Main
java_class_path (initial): /home/zeph/mnt/JAVA/ZephyroGame/target/classes:/home/zeph/.m2/repository/org/joml/joml/1.10.8/joml-1.10.8.jar:/home/zeph/.m2/repository/org/lwjgl/lwjgl/3.3.4/lwjgl-3.3.4.jar:/home/zeph/.m2/repository/org/lwjgl/lwjgl-assimp/3.3.4/lwjgl-assimp-3.3.4.jar:/home/zeph/.m2/repository/org/lwjgl/lwjgl-bgfx/3.3.4/lwjgl-bgfx-3.3.4.jar:/home/zeph/.m2/repository/org/lwjgl/lwjgl-cuda/3.3.4/lwjgl-cuda-3.3.4.jar:/home/zeph/.m2/repository/org/lwjgl/lwjgl-fmod/3.3.4/lwjgl-fmod-3.3.4.jar:/home/zeph/.m2/repository/org/lwjgl/lwjgl-glfw/3.3.4/lwjgl-glfw-3.3.4.jar:/home/zeph/.m2/repository/org/lwjgl/lwjgl-nanovg/3.3.4/lwjgl-nanovg-3.3.4.jar:/home/zeph/.m2/repository/org/lwjgl/lwjgl-nuklear/3.3.4/lwjgl-nuklear-3.3.4.jar:/home/zeph/.m2/repository/org/lwjgl/lwjgl-openal/3.3.4/lwjgl-openal-3.3.4.jar:/home/zeph/.m2/repository/org/lwjgl/lwjgl-opencl/3.3.4/lwjgl-opencl-3.3.4.jar:/home/zeph/.m2/repository/org/lwjgl/lwjgl-opengl/3.3.4/lwjgl-opengl-3.3.4.jar:/home/zeph/.m2/repository/org/lwjgl/lwjgl-par/3.3.4/lwjgl-par-3.3.4.jar:/home/zeph/.m2/repository/org/lwjgl/lwjgl-shaderc/3.3.4/lwjgl-shaderc-3.3.4.jar:/home/zeph/.m2/repository/org/lwjgl/lwjgl-stb/3.3.4/lwjgl-stb-3.3.4.jar:/home/zeph/.m2/repository/org/lwjgl/lwjgl-vulkan/3.3.4/lwjgl-vulkan-3.3.4.jar:/home/zeph/.m2/repository/org/lwjgl/lwjgl/3.3.4/lwjgl-3.3.4-natives-linux.jar:/home/zeph/.m2/repository/org/lwjgl/lwjgl-assimp/3.3.4/lwjgl-assimp-3.3.4-natives-linux.jar:/home/zeph/.m2/repository/org/lwjgl/lwjgl-bgfx/3.3.4/lwjgl-bgfx-3.3.4-natives-linux.jar:/home/zeph/.m2/repository/org/lwjgl/lwjgl-glfw/3.3.4/lwjgl-glfw-3.3.4-natives-linux.jar:/home/zeph/.m2/repository/org/lwjgl/lwjgl-nanovg/3.3.4/lwjgl-nanovg-3.3.4-natives-linux.jar:/home/zeph/.m2/repository/org/lwjgl/lwjgl-nuklear/3.3.4/lwjgl-nuklear-3.3.4-natives-linux.jar:/home/zeph/.m2/repository/org/lwjgl/lwjgl-openal/3.3.4/lwjgl-openal-3.3.4-natives-linux.jar:/home/zeph/.m2/repository/org/lwjgl/lwjgl-opengl/3.3.4/lwjgl-opengl-3.3.4-natives-linux.jar:/home/zeph/.m2/repository/org/lwjgl/lwjgl-par/3.3.4/lwjgl-par-3.3.4-natives-linux.jar:/home/zeph/.m2/repository/org/lwjgl/lwjgl-shaderc/3.3.4/lwjgl-shaderc-3.3.4-natives-linux.jar:/home/zeph/.m2/repository/org/lwjgl/lwjgl-stb/3.3.4/lwjgl-stb-3.3.4-natives-linux.jar
Launcher Type: SUN_STANDARD

[Global flags]
     intx CICompilerCount                          = 2                                         {product} {ergonomic}
     uint ConcGCThreads                            = 1                                         {product} {ergonomic}
     uint G1ConcRefinementThreads                  = 2                                         {product} {ergonomic}
   size_t G1HeapRegionSize                         = 1048576                                   {product} {ergonomic}
    uintx GCDrainStackTargetSize                   = 64                                        {product} {ergonomic}
   size_t InitialHeapSize                          = 62914560                                  {product} {ergonomic}
   size_t MarkStackSize                            = 4194304                                   {product} {ergonomic}
   size_t MaxHeapSize                              = 991952896                                 {product} {ergonomic}
   size_t MaxNewSize                               = 594542592                                 {product} {ergonomic}
   size_t MinHeapDeltaBytes                        = 1048576                                   {product} {ergonomic}
   size_t MinHeapSize                              = 8388608                                   {product} {ergonomic}
    uintx NonNMethodCodeHeapSize                   = 5826188                                {pd product} {ergonomic}
    uintx NonProfiledCodeHeapSize                  = 122916026                              {pd product} {ergonomic}
    uintx ProfiledCodeHeapSize                     = 122916026                              {pd product} {ergonomic}
    uintx ReservedCodeCacheSize                    = 251658240                              {pd product} {ergonomic}
     bool SegmentedCodeCache                       = true                                      {product} {ergonomic}
     bool ShowCodeDetailsInExceptionMessages       = true                                   {manageable} {command line}
   size_t SoftMaxHeapSize                          = 991952896                              {manageable} {ergonomic}
     bool UseCompressedOops                        = true                           {product lp64_product} {ergonomic}
     bool UseG1GC                                  = true                                      {product} {ergonomic}

Logging:
Log output configuration:
 #0: stdout all=warning uptime,level,tags foldmultilines=false
 #1: stderr all=off uptime,level,tags foldmultilines=false

Environment Variables:
PATH=/home/zeph/.cargo/bin:/usr/local/sbin:/usr/local/bin:/usr/bin:/usr/lib/jvm/default/bin:/usr/bin/site_perl:/usr/bin/vendor_perl:/usr/bin/core_perl
SHELL=/usr/bin/bash
DISPLAY=:0
LANG=en_US.UTF-8
TERM=xterm-256color

Active Locale:
LC_ALL=en_US.UTF-8
LC_COLLATE=en_US.UTF-8
LC_CTYPE=en_US.UTF-8
LC_MESSAGES=en_US.UTF-8
LC_MONETARY=en_US.UTF-8
LC_NUMERIC=en_US.UTF-8
LC_TIME=en_US.UTF-8

Signal Handlers:
   SIGSEGV: 0x000078ab51a5f8d0 in libjvm.so+12974288, mask=11100100010111111101111111111110, flags=SA_RESTART|SA_SIGINFO, unblocked
    SIGBUS: 0x000078ab51a5f8d0 in libjvm.so+12974288, mask=11100100010111111101111111111110, flags=SA_RESTART|SA_SIGINFO, unblocked
    SIGFPE: 0x000078ab51a5f8d0 in libjvm.so+12974288, mask=11100100010111111101111111111110, flags=SA_RESTART|SA_SIGINFO, unblocked
   SIGPIPE: 0x000078ab5191df80 in libjvm.so+11657088, mask=11100100010111111101111111111110, flags=SA_RESTART|SA_SIGINFO, blocked
   SIGXFSZ: 0x000078ab5191df80 in libjvm.so+11657088, mask=11100100010111111101111111111110, flags=SA_RESTART|SA_SIGINFO, blocked
    SIGILL: 0x000078ab51a5f8d0 in libjvm.so+12974288, mask=11100100010111111101111111111110, flags=SA_RESTART|SA_SIGINFO, unblocked
   SIGUSR2: 0x000078ab5192bad0 in libjvm.so+11713232, mask=00000000000000000000000000000000, flags=SA_RESTART|SA_SIGINFO, blocked
    SIGHUP: 0x000078ab51916540 in libjvm.so+11625792, mask=11100100010111111101111111111110, flags=SA_RESTART|SA_SIGINFO, blocked
    SIGINT: 0x000078ab51916540 in libjvm.so+11625792, mask=11100100010111111101111111111110, flags=SA_RESTART|SA_SIGINFO, blocked
   SIGTERM: 0x000078ab51916540 in libjvm.so+11625792, mask=11100100010111111101111111111110, flags=SA_RESTART|SA_SIGINFO, blocked
   SIGQUIT: 0x000078ab51916540 in libjvm.so+11625792, mask=11100100010111111101111111111110, flags=SA_RESTART|SA_SIGINFO, blocked
   SIGTRAP: 0x000078ab51a5f8d0 in libjvm.so+12974288, mask=11100100010111111101111111111110, flags=SA_RESTART|SA_SIGINFO, unblocked


Periodic native trim disabled

---------------  S Y S T E M  ---------------

OS:
NAME="Arch Linux"
PRETTY_NAME="Arch Linux"
ID=arch
BUILD_ID=rolling
ANSI_COLOR="38;2;23;147;209"
HOME_URL="https://archlinux.org/"
DOCUMENTATION_URL="https://wiki.archlinux.org/"
SUPPORT_URL="https://bbs.archlinux.org/"
BUG_REPORT_URL="https://gitlab.archlinux.org/groups/archlinux/-/issues"
PRIVACY_POLICY_URL="https://terms.archlinux.org/docs/privacy-policy/"
LOGO=archlinux-logo
uname: Linux 6.11.6-arch1-1 #1 SMP PREEMPT_DYNAMIC Fri, 01 Nov 2024 03:30:41 +0000 x86_64
OS uptime: 4 days 20:29 hours
libc: glibc 2.40 NPTL 2.40 
rlimit (soft/hard): STACK 8192k/infinity , CORE infinity/infinity , NPROC 14753/14753 , NOFILE 524288/524288 , AS infinity/infinity , CPU infinity/infinity , DATA infinity/infinity , FSIZE infinity/infinity , MEMLOCK 8192k/8192k
load average: 4.25 2.57 1.80

/proc/meminfo:
MemTotal:        3871508 kB
MemFree:          129960 kB
MemAvailable:     612652 kB
Buffers:           12816 kB
Cached:          1171728 kB
SwapCached:        10360 kB
Active:          2538084 kB
Inactive:         418220 kB
Active(anon):    2142648 kB
Inactive(anon):   141516 kB
Active(file):     395436 kB
Inactive(file):   276704 kB
Unevictable:      312596 kB
Mlocked:              32 kB
SwapTotal:       1935356 kB
SwapFree:         918724 kB
Zswap:                 0 kB
Zswapped:              0 kB
Dirty:               176 kB
Writeback:             0 kB
AnonPages:       2050480 kB
Mapped:           406924 kB
Shmem:            512260 kB
KReclaimable:      38752 kB
Slab:             114288 kB
SReclaimable:      38752 kB
SUnreclaim:        75536 kB
KernelStack:       12360 kB
PageTables:        35048 kB
SecPageTables:         0 kB
NFS_Unstable:          0 kB
Bounce:                0 kB
WritebackTmp:          0 kB
CommitLimit:     3871108 kB
Committed_AS:   12498216 kB
VmallocTotal:   34359738367 kB
VmallocUsed:       56600 kB
VmallocChunk:          0 kB
Percpu:              984 kB
HardwareCorrupted:     0 kB
AnonHugePages:    569344 kB
ShmemHugePages:        0 kB
ShmemPmdMapped:        0 kB
FileHugePages:    137216 kB
FilePmdMapped:    124928 kB
CmaTotal:              0 kB
CmaFree:               0 kB
Unaccepted:            0 kB
HugePages_Total:       0
HugePages_Free:        0
HugePages_Rsvd:        0
HugePages_Surp:        0
Hugepagesize:       2048 kB
Hugetlb:               0 kB
DirectMap4k:      140744 kB
DirectMap2M:     3913728 kB
DirectMap1G:     2097152 kB

/sys/kernel/mm/transparent_hugepage/enabled: [always] madvise never
/sys/kernel/mm/transparent_hugepage/hpage_pmd_size: 2097152
/sys/kernel/mm/transparent_hugepage/defrag (defrag/compaction efforts parameter): always defer defer+madvise [madvise] never

Process Memory:
Virtual Size: 3843772K (peak: 3843896K)
Resident Set Size: 138416K (peak: 140084K) (anon: 60676K, file: 76776K, shmem: 964K)
Swapped out: 0K
C-Heap outstanding allocations: 27235K, retained: 4184K
glibc malloc tunables: (default)

/proc/sys/kernel/threads-max (system-wide limit on the number of threads): 29506
/proc/sys/vm/max_map_count (maximum number of memory map areas a process may have): 1048576
/proc/sys/vm/swappiness (control to define how aggressively the kernel swaps out anonymous memory): 60
/proc/sys/kernel/pid_max (system-wide limit on number of process identifiers): 4194304

container (cgroup) information:
container_type: cgroupv2
cpu_cpuset_cpus: not supported
cpu_memory_nodes: not supported
active_processor_count: 2
cpu_quota: no quota
cpu_period: 100000
cpu_shares: no shares
memory_limit_in_bytes: unlimited
memory_and_swap_limit_in_bytes: unlimited
memory_soft_limit_in_bytes: unlimited
memory_usage_in_bytes: 3175752 k
memory_max_usage_in_bytes: not supported
memory_swap_current_in_bytes: 926192 k
memory_swap_max_limit_in_bytes: unlimited
maximum number of tasks: unlimited
current number of tasks: 594

Steal ticks since vm start: 0
Steal ticks percentage since vm start:  0.000

CPU: total 2 (initial active 2) (2 cores per cpu, 1 threads per core) family 6 model 122 stepping 1 microcode 0x42, cx8, cmov, fxsr, mmx, 3dnowpref, sse, sse2, sse3, ssse3, sse4.1, sse4.2, popcnt, tsc, tscinvbit, aes, erms, clmul, sha, clflush, clflushopt, rdtscp, rdpid
CPU Model and flags from /proc/cpuinfo:
model name	: Intel(R) Celeron(R) N4000 CPU @ 1.10GHz
flags		: fpu vme de pse tsc msr pae mce cx8 apic sep mtrr pge mca cmov pat pse36 clflush dts acpi mmx fxsr sse sse2 ss ht tm pbe syscall nx pdpe1gb rdtscp lm constant_tsc art arch_perfmon pebs bts rep_good nopl xtopology nonstop_tsc cpuid aperfmperf tsc_known_freq pni pclmulqdq dtes64 monitor ds_cpl vmx est tm2 ssse3 sdbg cx16 xtpr pdcm sse4_1 sse4_2 x2apic movbe popcnt tsc_deadline_timer aes xsave rdrand lahf_lm 3dnowprefetch cpuid_fault cat_l2 pti cdp_l2 ssbd ibrs ibpb stibp ibrs_enhanced tpr_shadow flexpriority ept vpid ept_ad fsgsbase tsc_adjust smep erms mpx rdt_a rdseed smap clflushopt intel_pt sha_ni xsaveopt xsavec xgetbv1 xsaves dtherm ida arat pln pts vnmi umip rdpid md_clear arch_capabilities

Online cpus: 0-1
Offline cpus: 
BIOS frequency limitation: <Not Available>
Frequency switch latency (ns): 20000
Available cpu frequencies: <Not Available>
Current governor: schedutil
Core performance/turbo boost: <Not Available>

Memory: 4k page, physical 3871508k(612652k free), swap 1935356k(918724k free)
Page Sizes: 4k

vm_info: OpenJDK 64-Bit Server VM (21.0.5+11) for linux-amd64 JRE (21.0.5+11), built on 2024-10-16T10:19:33Z by "builduser" with gcc 14.2.1 20240910

END.
