#
# A fatal error has been detected by the Java Runtime Environment:
#
#  SIGSEGV (0xb) at pc=0x000070c9000f003d, pid=87109, tid=87110
#
# JRE version: OpenJDK Runtime Environment (21.0.5+11) (build 21.0.5+11)
# Java VM: OpenJDK 64-Bit Server VM (21.0.5+11, mixed mode, sharing, tiered, compressed oops, compressed class ptrs, g1 gc, linux-amd64)
# Problematic frame:
# J 493 c2 sun.misc.Unsafe.putLong(Ljava/lang/Object;JJ)V jdk.unsupported@21.0.5 (11 bytes) @ 0x000070c9000f003d [0x000070c9000f0000+0x000000000000003d]
#
# Core dump will be written. Default location: Core dumps may be processed with "/usr/lib/systemd/systemd-coredump %P %u %g %s %t %c %h" (or dumping to /home/zeph/mnt/JAVA/ZephyroGame/core.87109)
#
# If you would like to submit a bug report, please visit:
#   https://bugreport.java.com/bugreport/crash.jsp
#

---------------  S U M M A R Y ------------

Command Line: -Djava.library.path=lib/ -XX:+ShowCodeDetailsInExceptionMessages game.Main

Host: Intel(R) Celeron(R) N4000 CPU @ 1.10GHz, 2 cores, 3G, Arch Linux
Time: Thu Nov 21 18:45:50 2024 UTC elapsed time: 1.262196 seconds (0d 0h 0m 1s)

---------------  T H R E A D  ---------------

Current thread (0x000070c910019710):  JavaThread "main"             [_thread_in_Java, id=87110, stack(0x000070c916f00000,0x000070c917000000) (1024K)]

Stack: [0x000070c916f00000,0x000070c917000000],  sp=0x000070c916ffe620,  free space=1017k
Native frames: (J=compiled Java code, j=interpreted, Vv=VM code, C=native code)
J 493 c2 sun.misc.Unsafe.putLong(Ljava/lang/Object;JJ)V jdk.unsupported@21.0.5 (11 bytes) @ 0x000070c9000f003d [0x000070c9000f0000+0x000000000000003d]
j  org.joml.MemUtil$MemUtilUnsafe.put(Lorg/joml/Matrix3x2f;J)V+32
j  org.joml.MemUtil$MemUtilUnsafe.put(Lorg/joml/Matrix3x2f;ILjava/nio/FloatBuffer;)V+46
j  org.joml.Matrix3x2f.get(ILjava/nio/FloatBuffer;)Ljava/nio/FloatBuffer;+6
j  game.Display.Shader.addVertCoord(Lorg/joml/Matrix3x2f;)V+17
j  game.Display.Display.init()V+84
j  game.Display.Display.run()V+1
j  game.Main.main([Ljava/lang/String;)V+3
v  ~StubRoutines::call_stub 0x000070c8ffb38cc4
V  [libjvm.so+0x6d0894]
V  [libjvm.so+0xd8dc42]
V  [libjvm.so+0x7437b1]
C  [libjli.so+0x5507]
C  [libjli.so+0x574d]
C  [libc.so.6+0x9439d]

siginfo: si_signo: 11 (SIGSEGV), si_code: 1 (SEGV_MAPERR), si_addr: 0x0000000000000010

Registers:
RAX=0x000070c890128b20, RBX=0x000070c890128b20, RCX=0x0000000000000010, RDX=0x0000000000000000
RSP=0x000070c916ffe620, RBP=0x000070c916ffe6b8, RSI=0x00000000c4e31160, RDI=0x000070c916ffea40
R8 =0xbf800000bf800000, R9 =0x000070c910019710, R10=0x0000000000000000, R11=0x000070c9000f0020
R12=0x0000000000000000, R13=0x000070c916ffe640, R14=0x000070c916ffe6e0, R15=0x000070c910019710
RIP=0x000070c9000f003d, EFLAGS=0x0000000000010206, CSGSFS=0x002b000000000033, ERR=0x0000000000000006
  TRAPNO=0x000000000000000e


Register to memory mapping:

RAX={method} {0x000070c890128b20} 'putLong' '(Ljava/lang/Object;JJ)V' in 'sun/misc/Unsafe'
RBX={method} {0x000070c890128b20} 'putLong' '(Ljava/lang/Object;JJ)V' in 'sun/misc/Unsafe'
RCX=0x0000000000000010 is an unknown value
RDX=0x0 is null
RSP=0x000070c916ffe620 is pointing into the stack for thread: 0x000070c910019710
RBP=0x000070c916ffe6b8 is pointing into the stack for thread: 0x000070c910019710
RSI=0x00000000c4e31160 is an oop: sun.misc.Unsafe 
{0x00000000c4e31160} - klass: 'sun/misc/Unsafe'
 - ---- fields (total size 2 words):
RDI=0x000070c916ffea40 is pointing into the stack for thread: 0x000070c910019710
R8 =0xbf800000bf800000 is an unknown value
R9 =0x000070c910019710 is a thread
R10=0x0 is null
R11=0x000070c9000f0020 is at entry_point+32 in (nmethod*)0x000070c9000efe90
Compiled method (c2) 1265  493       4       sun.misc.Unsafe::putLong (11 bytes)
 total in heap  [0x000070c9000efe90,0x000070c9000f00c0] = 560
 relocation     [0x000070c9000effe8,0x000070c9000f0000] = 24
 main code      [0x000070c9000f0000,0x000070c9000f0078] = 120
 stub code      [0x000070c9000f0078,0x000070c9000f0090] = 24
 scopes data    [0x000070c9000f0090,0x000070c9000f0098] = 8
 scopes pcs     [0x000070c9000f0098,0x000070c9000f00b8] = 32
 dependencies   [0x000070c9000f00b8,0x000070c9000f00c0] = 8
R12=0x0 is null
R13=0x000070c916ffe640 is pointing into the stack for thread: 0x000070c910019710
R14=0x000070c916ffe6e0 is pointing into the stack for thread: 0x000070c910019710
R15=0x000070c910019710 is a thread

Top of Stack: (sp=0x000070c916ffe620)
0x000070c916ffe620:   000070c916ffe6b8 000070c8ffb50192
0x000070c916ffe630:   000070c916ffe6b8 000070c8ffb40180
0x000070c916ffe640:   bf800000bf800000 0000000000000000
0x000070c916ffe650:   0000000000000010 0000000000000000
0x000070c916ffe660:   0000000000000000 00000000c4e31160
0x000070c916ffe670:   000070c916ffe670 000070c890661920
0x000070c916ffe680:   0000000000000005 000070c89067b758
0x000070c916ffe690:   0000000000000000 00000000c887bf20
0x000070c916ffe6a0:   000070c890661960 000070c916ffe640
0x000070c916ffe6b0:   000070c916ffe6d0 000070c916ffe730
0x000070c916ffe6c0:   000070c8ffb40180 0000000000000000
0x000070c916ffe6d0:   0000000000000010 0000000000000000
0x000070c916ffe6e0:   00000000c885e3e0 000070c916ffe6e8
0x000070c916ffe6f0:   000070c89066a8f6 0000000000000005
0x000070c916ffe700:   000070c89067b758 0000000000000000
0x000070c916ffe710:   00000000c887bf20 000070c89066a940
0x000070c916ffe720:   000070c916ffe6d0 000070c916ffe740
0x000070c916ffe730:   000070c916ffe7a8 000070c8ffb40180
0x000070c916ffe740:   00000000c8824858 0000000000000000
0x000070c916ffe750:   00000000c885e3e0 00000000c8567e38
0x000070c916ffe760:   000070c916ffe760 000070c8906306e6
0x000070c916ffe770:   0000000000000004 000070c8906363f0
0x000070c916ffe780:   0000000000000000 00000000c885e2c8
0x000070c916ffe790:   000070c890630718 000070c916ffe740
0x000070c916ffe7a0:   000070c916ffe7b8 000070c916ffe818
0x000070c916ffe7b0:   000070c8ffb402f2 00000000c8824858
0x000070c916ffe7c0:   0000000000000000 00000000c885e3e0
0x000070c916ffe7d0:   000070c916ffe7d0 000070c890404ce1
0x000070c916ffe7e0:   0000000000000003 000070c890627918
0x000070c916ffe7f0:   0000000000000000 00000000c4e4dae0
0x000070c916ffe800:   000070c890404d18 000070c916ffe7b8
0x000070c916ffe810:   000070c916ffe828 000070c916ffe880 

Instructions: (pc=0x000070c9000f003d)
0x000070c9000eff3d:   70 00 00 00 00 00 00 00 00 00 00 00 00 00 00 00
0x000070c9000eff4d:   00 00 00 02 00 00 00 00 00 00 00 00 00 00 00 00
0x000070c9000eff5d:   00 00 00 00 00 00 00 00 00 00 00 00 00 0f 00 c9
0x000070c9000eff6d:   70 00 00 20 00 0f 00 c9 70 00 00 00 00 0f 00 c9
0x000070c9000eff7d:   70 00 00 00 00 00 00 ff ff ff ff e8 01 00 00 ff
0x000070c9000eff8d:   ff ff ff 70 01 00 00 e8 01 00 00 00 02 00 00 00
0x000070c9000eff9d:   02 00 00 00 00 00 00 08 02 00 00 28 02 00 00 30
0x000070c9000effad:   02 00 00 30 02 00 00 30 02 00 00 30 02 00 00 30
0x000070c9000effbd:   02 00 00 00 00 00 00 ed 01 00 00 00 00 00 00 02
0x000070c9000effcd:   00 00 00 ff ff ff ff ff ff ff ff 04 02 00 00 00
0x000070c9000effdd:   00 00 00 00 00 00 00 00 00 00 00 14 30 32 58 0e
0x000070c9000effed:   78 0e 40 11 31 05 31 0e 00 00 31 0f 31 00 00 00
0x000070c9000efffd:   00 00 00 44 8b 56 08 49 bb 00 00 00 9b c8 70 00
0x000070c9000f000d:   00 4d 03 d3 49 3b c2 0f 85 66 60 a9 ff 66 90 0f
0x000070c9000f001d:   1f 40 00 48 81 ec 18 00 00 00 48 89 6c 24 10 41
0x000070c9000f002d:   81 7f 20 01 00 00 00 0f 85 30 00 00 00 4c 8b d2
0x000070c9000f003d:   4d 89 04 0a 48 83 c4 10 5d 49 3b a7 48 04 00 00
0x000070c9000f004d:   0f 87 01 00 00 00 c3 49 ba 46 00 0f 00 c9 70 00
0x000070c9000f005d:   00 4d 89 97 60 04 00 00 e9 16 cb a9 ff e8 d1 c2
0x000070c9000f006d:   a7 ff e9 c6 ff ff ff f4 f4 f4 f4 e9 03 af ac ff
0x000070c9000f007d:   e8 00 00 00 00 48 83 2c 24 05 e9 14 c4 a9 ff f4
0x000070c9000f008d:   f4 f4 f4 ff 00 00 00 00 00 00 00 ff ff ff ff 00
0x000070c9000f009d:   00 00 00 00 00 00 00 00 00 00 00 91 00 00 00 00
0x000070c9000f00ad:   00 00 00 00 00 00 00 00 00 00 00 00 00 00 00 00
0x000070c9000f00bd:   00 00 00 00 00 00 00 00 00 00 00 00 00 00 00 00
0x000070c9000f00cd:   00 00 00 00 00 00 00 00 00 00 00 00 00 00 00 00
0x000070c9000f00dd:   00 00 00 00 00 00 00 00 00 00 00 00 00 00 00 00
0x000070c9000f00ed:   00 00 00 00 00 00 00 00 00 00 00 00 00 00 00 00
0x000070c9000f00fd:   00 00 00 00 00 00 00 00 00 00 00 00 00 00 00 00
0x000070c9000f010d:   00 00 00 00 00 00 00 00 00 00 00 00 00 00 00 00
0x000070c9000f011d:   00 00 00 00 00 00 00 00 00 00 00 00 00 00 00 00
0x000070c9000f012d:   00 00 00 00 00 00 00 00 00 00 00 00 00 00 00 00 


Stack slot to memory mapping:

stack at sp + 0 slots: 0x000070c916ffe6b8 is pointing into the stack for thread: 0x000070c910019710
stack at sp + 1 slots: 0x000070c8ffb50192 is at code_begin+146 in an Interpreter codelet
invokevirtual  182 invokevirtual  [0x000070c8ffb50100, 0x000070c8ffb505b8]  1208 bytes
stack at sp + 2 slots: 0x000070c916ffe6b8 is pointing into the stack for thread: 0x000070c910019710
stack at sp + 3 slots: 0x000070c8ffb40180 is at code_begin+1184 in an Interpreter codelet
return entry points  [0x000070c8ffb3fce0, 0x000070c8ffb40880]  2976 bytes
stack at sp + 4 slots: 0xbf800000bf800000 is an unknown value
stack at sp + 5 slots: 0x0 is null
stack at sp + 6 slots: 0x0000000000000010 is an unknown value
stack at sp + 7 slots: 0x0 is null


Compiled method (c2) 1272  493       4       sun.misc.Unsafe::putLong (11 bytes)
 total in heap  [0x000070c9000efe90,0x000070c9000f00c0] = 560
 relocation     [0x000070c9000effe8,0x000070c9000f0000] = 24
 main code      [0x000070c9000f0000,0x000070c9000f0078] = 120
 stub code      [0x000070c9000f0078,0x000070c9000f0090] = 24
 scopes data    [0x000070c9000f0090,0x000070c9000f0098] = 8
 scopes pcs     [0x000070c9000f0098,0x000070c9000f00b8] = 32
 dependencies   [0x000070c9000f00b8,0x000070c9000f00c0] = 8

[Constant Pool (empty)]

[MachCode]
[Entry Point]
  # {method} {0x000070c890128b20} 'putLong' '(Ljava/lang/Object;JJ)V' in 'sun/misc/Unsafe'
  # this:     rsi:rsi   = 'sun/misc/Unsafe'
  # parm0:    rdx:rdx   = 'java/lang/Object'
  # parm1:    rcx:rcx   = long
  # parm2:    r8:r8     = long
  #           [sp+0x20]  (sp of caller)
  0x000070c9000f0000: 448b 5608 | 49bb 0000 | 009b c870 | 0000 4d03 | d349 3bc2 

  0x000070c9000f0014: ;   {runtime_call ic_miss_stub}
  0x000070c9000f0014: 0f85 6660 | a9ff 6690 | 0f1f 4000 
[Verified Entry Point]
  0x000070c9000f0020: 4881 ec18 | 0000 0048 | 896c 2410 | 4181 7f20 | 0100 0000 | 0f85 3000 | 0000 4c8b | d24d 8904 
  0x000070c9000f0040: 0a48 83c4 

  0x000070c9000f0044: ;   {poll_return}
  0x000070c9000f0044: 105d 493b | a748 0400 | 000f 8701 | 0000 00c3 

  0x000070c9000f0054: ;   {internal_word}
  0x000070c9000f0054: 49ba 4600 | 0f00 c970 | 0000 4d89 | 9760 0400 

  0x000070c9000f0064: ;   {runtime_call SafepointBlob}
  0x000070c9000f0064: 00e9 16cb 

  0x000070c9000f0068: ;   {runtime_call StubRoutines (final stubs)}
  0x000070c9000f0068: a9ff e8d1 | c2a7 ffe9 | c6ff ffff | f4f4 f4f4 
[Exception Handler]
  0x000070c9000f0078: ;   {no_reloc}
  0x000070c9000f0078: e903 afac | ffe8 0000 | 0000 4883 

  0x000070c9000f0084: ;   {runtime_call DeoptimizationBlob}
  0x000070c9000f0084: 2c24 05e9 | 14c4 a9ff | f4f4 f4f4 
[/MachCode]


---------------  P R O C E S S  ---------------

Threads class SMR info:
_java_thread_list=0x000070c9100e9c60, length=10, elements={
0x000070c910019710, 0x000070c9100d09b0, 0x000070c9100d2040, 0x000070c9100d37d0,
0x000070c9100d4e10, 0x000070c9100d63b0, 0x000070c9100d7ef0, 0x000070c9100d95b0,
0x000070c9100e59f0, 0x000070c9100e8b20
}

Java Threads: ( => current thread )
=>0x000070c910019710 JavaThread "main"                              [_thread_in_Java, id=87110, stack(0x000070c916f00000,0x000070c917000000) (1024K)]
  0x000070c9100d09b0 JavaThread "Reference Handler"          daemon [_thread_blocked, id=87118, stack(0x000070c914700000,0x000070c914800000) (1024K)]
  0x000070c9100d2040 JavaThread "Finalizer"                  daemon [_thread_blocked, id=87119, stack(0x000070c9145ff000,0x000070c9146ff000) (1024K)]
  0x000070c9100d37d0 JavaThread "Signal Dispatcher"          daemon [_thread_blocked, id=87120, stack(0x000070c9144fe000,0x000070c9145fe000) (1024K)]
  0x000070c9100d4e10 JavaThread "Service Thread"             daemon [_thread_blocked, id=87121, stack(0x000070c9143fd000,0x000070c9144fd000) (1024K)]
  0x000070c9100d63b0 JavaThread "Monitor Deflation Thread"   daemon [_thread_blocked, id=87122, stack(0x000070c9142fc000,0x000070c9143fc000) (1024K)]
  0x000070c9100d7ef0 JavaThread "C2 CompilerThread0"         daemon [_thread_blocked, id=87123, stack(0x000070c9141fb000,0x000070c9142fb000) (1024K)]
  0x000070c9100d95b0 JavaThread "C1 CompilerThread0"         daemon [_thread_blocked, id=87124, stack(0x000070c9140fa000,0x000070c9141fa000) (1024K)]
  0x000070c9100e59f0 JavaThread "Notification Thread"        daemon [_thread_blocked, id=87125, stack(0x000070c90ff00000,0x000070c910000000) (1024K)]
  0x000070c9100e8b20 JavaThread "Common-Cleaner"             daemon [_thread_blocked, id=87126, stack(0x000070c8f8500000,0x000070c8f8600000) (1024K)]
Total: 10

Other Threads:
  0x000070c9100c78a0 VMThread "VM Thread"                           [id=87117, stack(0x000070c914bca000,0x000070c914cca000) (1024K)]
  0x000070c9100b6110 WatcherThread "VM Periodic Task Thread"        [id=87116, stack(0x000070c914ccb000,0x000070c914dcb000) (1024K)]
  0x000070c910052260 WorkerThread "GC Thread#0"                     [id=87111, stack(0x000070c9154ae000,0x000070c9155ae000) (1024K)]
  0x000070c888006300 WorkerThread "GC Thread#1"                     [id=87139, stack(0x000070c8e44fe000,0x000070c8e45fe000) (1024K)]
  0x000070c91005ae70 ConcurrentGCThread "G1 Main Marker"            [id=87112, stack(0x000070c9153ad000,0x000070c9154ad000) (1024K)]
  0x000070c91005be20 WorkerThread "G1 Conc#0"                       [id=87113, stack(0x000070c9152ac000,0x000070c9153ac000) (1024K)]
  0x000070c91009b920 ConcurrentGCThread "G1 Refine#0"               [id=87114, stack(0x000070c914fa9000,0x000070c9150a9000) (1024K)]
  0x000070c91009c8e0 ConcurrentGCThread "G1 Service"                [id=87115, stack(0x000070c914ea8000,0x000070c914fa8000) (1024K)]
Total: 8

Threads with active compile tasks:
Total: 0

VM state: not at safepoint (normal execution)

VM Mutex/Monitor currently owned by a thread: None

Heap address: 0x00000000c4e00000, size: 946 MB, Compressed Oops mode: 32-bit

CDS archive(s) mapped at: [0x000070c89b000000-0x000070c89bc97000-0x000070c89bc97000), size 13201408, SharedBaseAddress: 0x000070c89b000000, ArchiveRelocationMode: 1.
Compressed class space mapped at: 0x000070c89c000000-0x000070c8dc000000, reserved size: 1073741824
Narrow klass base: 0x000070c89b000000, Narrow klass shift: 0, Narrow klass range: 0x100000000

GC Precious Log:
 CardTable entry size: 512
 Card Set container configuration: InlinePtr #cards 5 size 8 Array Of Cards #cards 12 size 40 Howl #buckets 4 coarsen threshold 1843 Howl Bitmap #cards 512 size 80 coarsen threshold 460 Card regions per heap region 1 cards per card region 2048
 CPUs: 2 total, 2 available
 Memory: 3779M
 Large Page Support: Disabled
 NUMA Support: Disabled
 Compressed Oops: Enabled (32-bit)
 Heap Region Size: 1M
 Heap Min Capacity: 8M
 Heap Initial Capacity: 60M
 Heap Max Capacity: 946M
 Pre-touch: Disabled
 Parallel Workers: 2
 Concurrent Workers: 1
 Concurrent Refinement Workers: 2
 Periodic GC: Disabled

Heap:
 garbage-first heap   total 63488K, used 16175K [0x00000000c4e00000, 0x0000000100000000)
  region size 1024K, 6 young (6144K), 1 survivors (1024K)
 Metaspace       used 5903K, committed 6080K, reserved 1114112K
  class space    used 279K, committed 384K, reserved 1048576K

Heap Regions: E=young(eden), S=young(survivor), O=old, HS=humongous(starts), HC=humongous(continues), CS=collection set, F=free, TAMS=top-at-mark-start, PB=parsable bottom
|   0|0x00000000c4e00000, 0x00000000c4ebf7e8, 0x00000000c4f00000| 74%| O|  |TAMS 0x00000000c4e00000| PB 0x00000000c4e00000| Untracked 
|   1|0x00000000c4f00000, 0x00000000c5000000, 0x00000000c5000000|100%|HS|  |TAMS 0x00000000c4f00000| PB 0x00000000c4f00000| Complete 
|   2|0x00000000c5000000, 0x00000000c5100000, 0x00000000c5100000|100%|HC|  |TAMS 0x00000000c5000000| PB 0x00000000c5000000| Complete 
|   3|0x00000000c5100000, 0x00000000c5200000, 0x00000000c5200000|100%|HC|  |TAMS 0x00000000c5100000| PB 0x00000000c5100000| Complete 
|   4|0x00000000c5200000, 0x00000000c5300000, 0x00000000c5300000|100%|HC|  |TAMS 0x00000000c5200000| PB 0x00000000c5200000| Complete 
|   5|0x00000000c5300000, 0x00000000c5400000, 0x00000000c5400000|100%|HC|  |TAMS 0x00000000c5300000| PB 0x00000000c5300000| Complete 
|   6|0x00000000c5400000, 0x00000000c5500000, 0x00000000c5500000|100%|HS|  |TAMS 0x00000000c5400000| PB 0x00000000c5400000| Complete 
|   7|0x00000000c5500000, 0x00000000c5600000, 0x00000000c5600000|100%|HC|  |TAMS 0x00000000c5500000| PB 0x00000000c5500000| Complete 
|   8|0x00000000c5600000, 0x00000000c5700000, 0x00000000c5700000|100%|HC|  |TAMS 0x00000000c5600000| PB 0x00000000c5600000| Complete 
|   9|0x00000000c5700000, 0x00000000c5800000, 0x00000000c5800000|100%|HC|  |TAMS 0x00000000c5700000| PB 0x00000000c5700000| Complete 
|  10|0x00000000c5800000, 0x00000000c5900000, 0x00000000c5900000|100%|HC|  |TAMS 0x00000000c5800000| PB 0x00000000c5800000| Complete 
|  11|0x00000000c5900000, 0x00000000c5900000, 0x00000000c5a00000|  0%| F|  |TAMS 0x00000000c5900000| PB 0x00000000c5900000| Untracked 
|  12|0x00000000c5a00000, 0x00000000c5a00000, 0x00000000c5b00000|  0%| F|  |TAMS 0x00000000c5a00000| PB 0x00000000c5a00000| Untracked 
|  13|0x00000000c5b00000, 0x00000000c5b00000, 0x00000000c5c00000|  0%| F|  |TAMS 0x00000000c5b00000| PB 0x00000000c5b00000| Untracked 
|  14|0x00000000c5c00000, 0x00000000c5c00000, 0x00000000c5d00000|  0%| F|  |TAMS 0x00000000c5c00000| PB 0x00000000c5c00000| Untracked 
|  15|0x00000000c5d00000, 0x00000000c5d00000, 0x00000000c5e00000|  0%| F|  |TAMS 0x00000000c5d00000| PB 0x00000000c5d00000| Untracked 
|  16|0x00000000c5e00000, 0x00000000c5e00000, 0x00000000c5f00000|  0%| F|  |TAMS 0x00000000c5e00000| PB 0x00000000c5e00000| Untracked 
|  17|0x00000000c5f00000, 0x00000000c5f00000, 0x00000000c6000000|  0%| F|  |TAMS 0x00000000c5f00000| PB 0x00000000c5f00000| Untracked 
|  18|0x00000000c6000000, 0x00000000c6000000, 0x00000000c6100000|  0%| F|  |TAMS 0x00000000c6000000| PB 0x00000000c6000000| Untracked 
|  19|0x00000000c6100000, 0x00000000c6100000, 0x00000000c6200000|  0%| F|  |TAMS 0x00000000c6100000| PB 0x00000000c6100000| Untracked 
|  20|0x00000000c6200000, 0x00000000c6200000, 0x00000000c6300000|  0%| F|  |TAMS 0x00000000c6200000| PB 0x00000000c6200000| Untracked 
|  21|0x00000000c6300000, 0x00000000c6300000, 0x00000000c6400000|  0%| F|  |TAMS 0x00000000c6300000| PB 0x00000000c6300000| Untracked 
|  22|0x00000000c6400000, 0x00000000c6400000, 0x00000000c6500000|  0%| F|  |TAMS 0x00000000c6400000| PB 0x00000000c6400000| Untracked 
|  23|0x00000000c6500000, 0x00000000c6500000, 0x00000000c6600000|  0%| F|  |TAMS 0x00000000c6500000| PB 0x00000000c6500000| Untracked 
|  24|0x00000000c6600000, 0x00000000c6600000, 0x00000000c6700000|  0%| F|  |TAMS 0x00000000c6600000| PB 0x00000000c6600000| Untracked 
|  25|0x00000000c6700000, 0x00000000c6700000, 0x00000000c6800000|  0%| F|  |TAMS 0x00000000c6700000| PB 0x00000000c6700000| Untracked 
|  26|0x00000000c6800000, 0x00000000c6800000, 0x00000000c6900000|  0%| F|  |TAMS 0x00000000c6800000| PB 0x00000000c6800000| Untracked 
|  27|0x00000000c6900000, 0x00000000c6900000, 0x00000000c6a00000|  0%| F|  |TAMS 0x00000000c6900000| PB 0x00000000c6900000| Untracked 
|  28|0x00000000c6a00000, 0x00000000c6a00000, 0x00000000c6b00000|  0%| F|  |TAMS 0x00000000c6a00000| PB 0x00000000c6a00000| Untracked 
|  29|0x00000000c6b00000, 0x00000000c6b00000, 0x00000000c6c00000|  0%| F|  |TAMS 0x00000000c6b00000| PB 0x00000000c6b00000| Untracked 
|  30|0x00000000c6c00000, 0x00000000c6c00000, 0x00000000c6d00000|  0%| F|  |TAMS 0x00000000c6c00000| PB 0x00000000c6c00000| Untracked 
|  31|0x00000000c6d00000, 0x00000000c6d00000, 0x00000000c6e00000|  0%| F|  |TAMS 0x00000000c6d00000| PB 0x00000000c6d00000| Untracked 
|  32|0x00000000c6e00000, 0x00000000c6e00000, 0x00000000c6f00000|  0%| F|  |TAMS 0x00000000c6e00000| PB 0x00000000c6e00000| Untracked 
|  33|0x00000000c6f00000, 0x00000000c6f00000, 0x00000000c7000000|  0%| F|  |TAMS 0x00000000c6f00000| PB 0x00000000c6f00000| Untracked 
|  34|0x00000000c7000000, 0x00000000c7000000, 0x00000000c7100000|  0%| F|  |TAMS 0x00000000c7000000| PB 0x00000000c7000000| Untracked 
|  35|0x00000000c7100000, 0x00000000c7100000, 0x00000000c7200000|  0%| F|  |TAMS 0x00000000c7100000| PB 0x00000000c7100000| Untracked 
|  36|0x00000000c7200000, 0x00000000c7200000, 0x00000000c7300000|  0%| F|  |TAMS 0x00000000c7200000| PB 0x00000000c7200000| Untracked 
|  37|0x00000000c7300000, 0x00000000c7300000, 0x00000000c7400000|  0%| F|  |TAMS 0x00000000c7300000| PB 0x00000000c7300000| Untracked 
|  38|0x00000000c7400000, 0x00000000c7400000, 0x00000000c7500000|  0%| F|  |TAMS 0x00000000c7400000| PB 0x00000000c7400000| Untracked 
|  39|0x00000000c7500000, 0x00000000c7500000, 0x00000000c7600000|  0%| F|  |TAMS 0x00000000c7500000| PB 0x00000000c7500000| Untracked 
|  40|0x00000000c7600000, 0x00000000c7600000, 0x00000000c7700000|  0%| F|  |TAMS 0x00000000c7600000| PB 0x00000000c7600000| Untracked 
|  41|0x00000000c7700000, 0x00000000c7700000, 0x00000000c7800000|  0%| F|  |TAMS 0x00000000c7700000| PB 0x00000000c7700000| Untracked 
|  42|0x00000000c7800000, 0x00000000c7800000, 0x00000000c7900000|  0%| F|  |TAMS 0x00000000c7800000| PB 0x00000000c7800000| Untracked 
|  43|0x00000000c7900000, 0x00000000c7900000, 0x00000000c7a00000|  0%| F|  |TAMS 0x00000000c7900000| PB 0x00000000c7900000| Untracked 
|  44|0x00000000c7a00000, 0x00000000c7a00000, 0x00000000c7b00000|  0%| F|  |TAMS 0x00000000c7a00000| PB 0x00000000c7a00000| Untracked 
|  45|0x00000000c7b00000, 0x00000000c7b00000, 0x00000000c7c00000|  0%| F|  |TAMS 0x00000000c7b00000| PB 0x00000000c7b00000| Untracked 
|  46|0x00000000c7c00000, 0x00000000c7c00000, 0x00000000c7d00000|  0%| F|  |TAMS 0x00000000c7c00000| PB 0x00000000c7c00000| Untracked 
|  47|0x00000000c7d00000, 0x00000000c7d00000, 0x00000000c7e00000|  0%| F|  |TAMS 0x00000000c7d00000| PB 0x00000000c7d00000| Untracked 
|  48|0x00000000c7e00000, 0x00000000c7e00000, 0x00000000c7f00000|  0%| F|  |TAMS 0x00000000c7e00000| PB 0x00000000c7e00000| Untracked 
|  49|0x00000000c7f00000, 0x00000000c7f00000, 0x00000000c8000000|  0%| F|  |TAMS 0x00000000c7f00000| PB 0x00000000c7f00000| Untracked 
|  50|0x00000000c8000000, 0x00000000c8000000, 0x00000000c8100000|  0%| F|  |TAMS 0x00000000c8000000| PB 0x00000000c8000000| Untracked 
|  51|0x00000000c8100000, 0x00000000c8100000, 0x00000000c8200000|  0%| F|  |TAMS 0x00000000c8100000| PB 0x00000000c8100000| Untracked 
|  52|0x00000000c8200000, 0x00000000c8200000, 0x00000000c8300000|  0%| F|  |TAMS 0x00000000c8200000| PB 0x00000000c8200000| Untracked 
|  53|0x00000000c8300000, 0x00000000c8400000, 0x00000000c8400000|100%| S|CS|TAMS 0x00000000c8300000| PB 0x00000000c8300000| Complete 
|  54|0x00000000c8400000, 0x00000000c8400000, 0x00000000c8500000|  0%| F|  |TAMS 0x00000000c8400000| PB 0x00000000c8400000| Untracked 
|  55|0x00000000c8500000, 0x00000000c857b7d0, 0x00000000c8600000| 48%| E|  |TAMS 0x00000000c8500000| PB 0x00000000c8500000| Complete 
|  56|0x00000000c8600000, 0x00000000c8700000, 0x00000000c8700000|100%| E|CS|TAMS 0x00000000c8600000| PB 0x00000000c8600000| Complete 
|  57|0x00000000c8700000, 0x00000000c8800000, 0x00000000c8800000|100%| E|  |TAMS 0x00000000c8700000| PB 0x00000000c8700000| Complete 
|  58|0x00000000c8800000, 0x00000000c8900000, 0x00000000c8900000|100%| E|CS|TAMS 0x00000000c8800000| PB 0x00000000c8800000| Complete 
|  59|0x00000000c8900000, 0x00000000c8a00000, 0x00000000c8a00000|100%| E|CS|TAMS 0x00000000c8900000| PB 0x00000000c8900000| Complete 
| 944|0x00000000ffe00000, 0x00000000fff00000, 0x00000000fff00000|100%| O|  |TAMS 0x00000000ffe00000| PB 0x00000000ffe00000| Untracked 
| 945|0x00000000fff00000, 0x00000000fff0c670, 0x0000000100000000|  4%| O|  |TAMS 0x00000000fff00000| PB 0x00000000fff00000| Untracked 

Card table byte_map: [0x000070c916476000,0x000070c91664f000] _byte_map_base: 0x000070c915e4f000

Marking Bits: (CMBitMap*) 0x000070c910052d90
 Bits: [0x000070c9155ae000, 0x000070c916476000)

Polling page: 0x000070c91868c000

Metaspace:

Usage:
  Non-class:      5.49 MB used.
      Class:    279.94 KB used.
       Both:      5.76 MB used.

Virtual space:
  Non-class space:       64.00 MB reserved,       5.56 MB (  9%) committed,  1 nodes.
      Class space:        1.00 GB reserved,     384.00 KB ( <1%) committed,  1 nodes.
             Both:        1.06 GB reserved,       5.94 MB ( <1%) committed. 

Chunk freelists:
   Non-Class:  8.02 MB
       Class:  15.58 MB
        Both:  23.60 MB

MaxMetaspaceSize: unlimited
CompressedClassSpaceSize: 1.00 GB
Initial GC threshold: 21.00 MB
Current GC threshold: 21.00 MB
CDS: on
 - commit_granule_bytes: 65536.
 - commit_granule_words: 8192.
 - virtual_space_node_default_size: 8388608.
 - enlarge_chunks_in_place: 1.
 - use_allocation_guard: 0.


Internal statistics:

num_allocs_failed_limit: 0.
num_arena_births: 64.
num_arena_deaths: 0.
num_vsnodes_births: 2.
num_vsnodes_deaths: 0.
num_space_committed: 93.
num_space_uncommitted: 0.
num_chunks_returned_to_freelist: 0.
num_chunks_taken_from_freelist: 223.
num_chunk_merges: 0.
num_chunk_splits: 166.
num_chunks_enlarged: 129.
num_inconsistent_stats: 0.

CodeHeap 'non-profiled nmethods': size=120036Kb used=207Kb max_used=207Kb free=119828Kb
 bounds [0x000070c9000c7000, 0x000070c900337000, 0x000070c907600000]
CodeHeap 'profiled nmethods': size=120032Kb used=993Kb max_used=993Kb free=119038Kb
 bounds [0x000070c8f8600000, 0x000070c8f8870000, 0x000070c8ffb38000]
CodeHeap 'non-nmethods': size=5692Kb used=2142Kb max_used=2155Kb free=3550Kb
 bounds [0x000070c8ffb38000, 0x000070c8ffda8000, 0x000070c9000c7000]
 total_blobs=1785 nmethods=651 adapters=1041
 compilation: enabled
              stopped_count=0, restarted_count=0
 full_count=0

Compilation events (20 events):
Event: 1.250 Thread 0x000070c9100d95b0 nmethod 638 0x000070c8f86f1a90 code [0x000070c8f86f1c40, 0x000070c8f86f1df0]
Event: 1.250 Thread 0x000070c9100d95b0  639       3       jdk.internal.access.SharedSecrets::javaUtilJarAccess (19 bytes)
Event: 1.250 Thread 0x000070c9100d95b0 nmethod 639 0x000070c8f86f1f10 code [0x000070c8f86f2120, 0x000070c8f86f2598]
Event: 1.252 Thread 0x000070c9100d95b0  641   !   3       java.util.zip.Inflater::setInput (56 bytes)
Event: 1.252 Thread 0x000070c9100d95b0 nmethod 641 0x000070c8f86f2810 code [0x000070c8f86f29e0, 0x000070c8f86f2db8]
Event: 1.252 Thread 0x000070c9100d95b0  642       3       java.lang.StringConcatHelper::initialCoder (14 bytes)
Event: 1.252 Thread 0x000070c9100d95b0 nmethod 642 0x000070c8f86f2f90 code [0x000070c8f86f3120, 0x000070c8f86f3228]
Event: 1.255 Thread 0x000070c9100d95b0  643       3       java.lang.String::concat (15 bytes)
Event: 1.257 Thread 0x000070c9100d95b0 nmethod 643 0x000070c8f86f3290 code [0x000070c8f86f35e0, 0x000070c8f86f4868]
Event: 1.257 Thread 0x000070c9100d95b0  644       3       java.lang.StringConcatHelper::simpleConcat (94 bytes)
Event: 1.258 Thread 0x000070c9100d95b0 nmethod 644 0x000070c8f86f4f10 code [0x000070c8f86f5240, 0x000070c8f86f64a0]
Event: 1.258 Thread 0x000070c9100d95b0  645       3       java.lang.StringConcatHelper::newString (67 bytes)
Event: 1.258 Thread 0x000070c9100d95b0 nmethod 645 0x000070c8f86f6b10 code [0x000070c8f86f6d80, 0x000070c8f86f7728]
Event: 1.258 Thread 0x000070c9100d95b0  646  s    3       jdk.internal.loader.Resource::cachedInputStream (20 bytes)
Event: 1.259 Thread 0x000070c9100d95b0 nmethod 646 0x000070c8f86f7a90 code [0x000070c8f86f7c40, 0x000070c8f86f7f68]
Event: 1.260 Thread 0x000070c9100d95b0  648       3       java.util.WeakHashMap::indexFor (6 bytes)
Event: 1.260 Thread 0x000070c9100d95b0 nmethod 648 0x000070c8f86f8010 code [0x000070c8f86f81a0, 0x000070c8f86f8288]
Event: 1.261 Thread 0x000070c9100d95b0  650       3       java.lang.Object::equals (11 bytes)
Event: 1.261 Thread 0x000070c9100d95b0 nmethod 650 0x000070c8f86f8310 code [0x000070c8f86f84a0, 0x000070c8f86f85f8]
Event: 1.261 Thread 0x000070c9100d95b0  649       1       java.lang.reflect.Method::getName (5 bytes)

GC Heap History (2 events):
Event: 1.005 GC heap before
{Heap before GC invocations=0 (full 0):
 garbage-first heap   total 63488K, used 6193K [0x00000000c4e00000, 0x0000000100000000)
  region size 1024K, 6 young (6144K), 0 survivors (0K)
 Metaspace       used 3087K, committed 3200K, reserved 1114112K
  class space    used 188K, committed 256K, reserved 1048576K
}
Event: 1.012 GC heap after
{Heap after GC invocations=1 (full 0):
 garbage-first heap   total 63488K, used 2863K [0x00000000c4e00000, 0x0000000100000000)
  region size 1024K, 1 young (1024K), 1 survivors (1024K)
 Metaspace       used 3087K, committed 3200K, reserved 1114112K
  class space    used 188K, committed 256K, reserved 1048576K
}

Dll operation events (9 events):
Event: 0.007 Loaded shared library /usr/lib/jvm/java-21-openjdk/lib/libjava.so
Event: 0.064 Loaded shared library /usr/lib/jvm/java-21-openjdk/lib/libjsvml.so
Event: 0.097 Loaded shared library /usr/lib/jvm/java-21-openjdk/lib/libnio.so
Event: 0.101 Loaded shared library /usr/lib/jvm/java-21-openjdk/lib/libzip.so
Event: 0.224 Loaded shared library /usr/lib/jvm/java-21-openjdk/lib/libjimage.so
Event: 0.243 Loaded shared library /usr/lib/jvm/java-21-openjdk/lib/libnet.so
Event: 0.256 Loaded shared library /tmp/lwjgl_zeph/3.3.4+7/x64/liblwjgl.so
Event: 0.748 Loaded shared library /tmp/lwjgl_zeph/3.3.4+7/x64/liblwjgl_opengl.so
Event: 1.034 Loaded shared library /usr/lib/jvm/java-21-openjdk/lib/libverify.so

Deoptimization events (20 events):
Event: 0.757 Thread 0x000070c910019710 Uncommon trap: trap_request=0xffffff54 fr.pc=0x000070c9000ef6f0 relative=0x0000000000000070
Event: 0.757 Thread 0x000070c910019710 Uncommon trap: reason=speculate_null_assert action=make_not_entrant pc=0x000070c9000ef6f0 method=sun.misc.Unsafe.putLong(Ljava/lang/Object;JJ)V @ 7 c2
Event: 0.757 Thread 0x000070c910019710 DEOPT PACKING pc=0x000070c9000ef6f0 sp=0x000070c916ffe3c0
Event: 0.757 Thread 0x000070c910019710 DEOPT UNPACKING pc=0x000070c8ffb8bf93 sp=0x000070c916ffe358 mode 2
Event: 1.002 Thread 0x000070c910019710 DEOPT PACKING pc=0x000070c8f861a848 sp=0x000070c916ff9e20
Event: 1.002 Thread 0x000070c910019710 DEOPT UNPACKING pc=0x000070c8ffb8c710 sp=0x000070c916ff9260 mode 0
Event: 1.052 Thread 0x000070c910019710 Uncommon trap: trap_request=0xffffff54 fr.pc=0x000070c9000f136c relative=0x000000000000006c
Event: 1.052 Thread 0x000070c910019710 Uncommon trap: reason=speculate_null_assert action=make_not_entrant pc=0x000070c9000f136c method=sun.misc.Unsafe.getLong(Ljava/lang/Object;J)J @ 5 c2
Event: 1.052 Thread 0x000070c910019710 DEOPT PACKING pc=0x000070c9000f136c sp=0x000070c916ffe660
Event: 1.052 Thread 0x000070c910019710 DEOPT UNPACKING pc=0x000070c8ffb8bf93 sp=0x000070c916ffe608 mode 2
Event: 1.125 Thread 0x000070c910019710 DEOPT PACKING pc=0x000070c8f8602449 sp=0x000070c916ff97e0
Event: 1.125 Thread 0x000070c910019710 DEOPT UNPACKING pc=0x000070c8ffb8c710 sp=0x000070c916ff8c68 mode 0
Event: 1.140 Thread 0x000070c910019710 Uncommon trap: trap_request=0xffffff45 fr.pc=0x000070c9000ce8d8 relative=0x00000000000000b8
Event: 1.140 Thread 0x000070c910019710 Uncommon trap: reason=unstable_if action=reinterpret pc=0x000070c9000ce8d8 method=java.lang.String.isLatin1()Z @ 10 c2
Event: 1.140 Thread 0x000070c910019710 DEOPT PACKING pc=0x000070c9000ce8d8 sp=0x000070c916ffd0a0
Event: 1.140 Thread 0x000070c910019710 DEOPT UNPACKING pc=0x000070c8ffb8bf93 sp=0x000070c916ffd000 mode 2
Event: 1.140 Thread 0x000070c910019710 Uncommon trap: trap_request=0xffffff45 fr.pc=0x000070c9000d076c relative=0x000000000000006c
Event: 1.140 Thread 0x000070c910019710 Uncommon trap: reason=unstable_if action=reinterpret pc=0x000070c9000d076c method=java.lang.String.isLatin1()Z @ 10 c2
Event: 1.140 Thread 0x000070c910019710 DEOPT PACKING pc=0x000070c9000d076c sp=0x000070c916ffc5c0
Event: 1.140 Thread 0x000070c910019710 DEOPT UNPACKING pc=0x000070c8ffb8bf93 sp=0x000070c916ffc570 mode 2

Classes loaded (20 events):
Event: 1.086 Loading class java/io/BufferedReader
Event: 1.086 Loading class java/io/BufferedReader done
Event: 1.086 Loading class sun/nio/cs/StreamDecoder
Event: 1.087 Loading class sun/nio/cs/StreamDecoder done
Event: 1.087 Loading class sun/nio/cs/UTF_8$Decoder
Event: 1.087 Loading class java/nio/charset/CharsetDecoder
Event: 1.087 Loading class java/nio/charset/CharsetDecoder done
Event: 1.087 Loading class sun/nio/cs/UTF_8$Decoder done
Event: 1.115 Loading class java/io/Externalizable
Event: 1.115 Loading class java/io/Externalizable done
Event: 1.129 Loading class jdk/internal/module/ModulePatcher$PatchedModuleReader
Event: 1.130 Loading class jdk/internal/module/ModulePatcher$PatchedModuleReader done
Event: 1.130 Loading class sun/net/www/protocol/jrt/Handler
Event: 1.130 Loading class sun/net/www/protocol/jrt/Handler done
Event: 1.138 Loading class sun/text/resources/cldr/FormatData_en
Event: 1.138 Loading class sun/text/resources/cldr/FormatData_en done
Event: 1.138 Loading class sun/text/resources/cldr/FormatData_en_US
Event: 1.138 Loading class sun/text/resources/cldr/FormatData_en_US done
Event: 1.153 Loading class java/lang/SecurityException
Event: 1.153 Loading class java/lang/SecurityException done

Classes unloaded (0 events):
No events

Classes redefined (0 events):
No events

Internal exceptions (20 events):
Event: 0.206 Thread 0x000070c910019710 Exception <a 'java/lang/NoSuchMethodError'{0x00000000c8876be0}: 'void java.lang.invoke.DirectMethodHandle$Holder.invokeStatic(java.lang.Object, java.lang.Object)'> (0x00000000c8876be0) 
thrown [/usr/src/debug/java21-openjdk/jdk21u-jdk-21.0.5-11/src/hotspot/share/interpreter/linkResolver.cpp, line 772]
Event: 0.208 Thread 0x000070c910019710 Exception <a 'java/lang/NoSuchMethodError'{0x00000000c887bd18}: 'void java.lang.System.load(java.lang.String, java.lang.Class)'> (0x00000000c887bd18) 
thrown [/usr/src/debug/java21-openjdk/jdk21u-jdk-21.0.5-11/src/hotspot/share/interpreter/linkResolver.cpp, line 772]
Event: 0.208 Thread 0x000070c910019710 Exception <a 'java/lang/NoSuchMethodError'{0x00000000c887c9e8}: 'void java.lang.invoke.DirectMethodHandle$Holder.invokeSpecial(java.lang.Object, java.lang.Object, java.lang.Object)'> (0x00000000c887c9e8) 
thrown [/usr/src/debug/java21-openjdk/jdk21u-jdk-21.0.5-11/src/hotspot/share/interpreter/linkResolver.cpp, line 772]
Event: 0.212 Thread 0x000070c910019710 Exception <a 'java/lang/NoSuchMethodError'{0x00000000c888ec50}: 'java.lang.Object java.lang.invoke.DirectMethodHandle$Holder.invokeStatic(java.lang.Object, java.lang.Object, int)'> (0x00000000c888ec50) 
thrown [/usr/src/debug/java21-openjdk/jdk21u-jdk-21.0.5-11/src/hotspot/share/interpreter/linkResolver.cpp, line 772]
Event: 0.214 Thread 0x000070c910019710 Exception <a 'java/lang/NoSuchMethodError'{0x00000000c889a4a8}: 'void java.lang.invoke.DelegatingMethodHandle$Holder.delegate(java.lang.Object, java.lang.Object, int, java.lang.Object)'> (0x00000000c889a4a8) 
thrown [/usr/src/debug/java21-openjdk/jdk21u-jdk-21.0.5-11/src/hotspot/share/interpreter/linkResolver.cpp, line 772]
Event: 0.215 Thread 0x000070c910019710 Exception <a 'java/lang/NoSuchMethodError'{0x00000000c889e4a0}: 'int java.lang.invoke.DirectMethodHandle$Holder.invokeSpecial(java.lang.Object, java.lang.Object, java.lang.Object)'> (0x00000000c889e4a0) 
thrown [/usr/src/debug/java21-openjdk/jdk21u-jdk-21.0.5-11/src/hotspot/share/interpreter/linkResolver.cpp, line 772]
Event: 0.220 Thread 0x000070c910019710 Exception <a 'java/lang/NoSuchMethodError'{0x00000000c88b8e78}: 'void java.lang.System.loadLibrary(java.lang.String, java.lang.Class)'> (0x00000000c88b8e78) 
thrown [/usr/src/debug/java21-openjdk/jdk21u-jdk-21.0.5-11/src/hotspot/share/interpreter/linkResolver.cpp, line 772]
Event: 0.262 Thread 0x000070c910019710 Exception <a 'sun/nio/fs/UnixException'{0x00000000c878f8a8}> (0x00000000c878f8a8) 
thrown [/usr/src/debug/java21-openjdk/jdk21u-jdk-21.0.5-11/src/hotspot/share/prims/jni.cpp, line 520]
Event: 0.350 Thread 0x000070c910019710 Exception <a 'sun/nio/fs/UnixException'{0x00000000c864fd88}> (0x00000000c864fd88) 
thrown [/usr/src/debug/java21-openjdk/jdk21u-jdk-21.0.5-11/src/hotspot/share/prims/jni.cpp, line 520]
Event: 0.372 Thread 0x000070c910019710 Exception <a 'java/lang/NoSuchMethodError'{0x00000000c869a3e8}: 'int java.lang.invoke.DirectMethodHandle$Holder.invokeStaticInit(java.lang.Object, java.lang.Object, int, long)'> (0x00000000c869a3e8) 
thrown [/usr/src/debug/java21-openjdk/jdk21u-jdk-21.0.5-11/src/hotspot/share/interpreter/linkResolver.cpp, line 772]
Event: 0.373 Thread 0x000070c910019710 Exception <a 'java/lang/NoSuchMethodError'{0x00000000c869f758}: 'java.lang.Object java.lang.invoke.DirectMethodHandle$Holder.newInvokeSpecial(java.lang.Object, java.lang.Object, int)'> (0x00000000c869f758) 
thrown [/usr/src/debug/java21-openjdk/jdk21u-jdk-21.0.5-11/src/hotspot/share/interpreter/linkResolver.cpp, line 772]
Event: 0.378 Thread 0x000070c910019710 Exception <a 'java/lang/NoSuchMethodError'{0x00000000c86ade58}: 'int java.lang.invoke.DirectMethodHandle$Holder.invokeStaticInit(java.lang.Object, java.lang.Object, long, long)'> (0x00000000c86ade58) 
thrown [/usr/src/debug/java21-openjdk/jdk21u-jdk-21.0.5-11/src/hotspot/share/interpreter/linkResolver.cpp, line 772]
Event: 0.380 Thread 0x000070c910019710 Exception <a 'java/lang/NoSuchMethodError'{0x00000000c86b3900}: 'java.lang.Object java.lang.invoke.DirectMethodHandle$Holder.newInvokeSpecial(java.lang.Object, java.lang.Object, long)'> (0x00000000c86b3900) 
thrown [/usr/src/debug/java21-openjdk/jdk21u-jdk-21.0.5-11/src/hotspot/share/interpreter/linkResolver.cpp, line 772]
Event: 0.381 Thread 0x000070c910019710 Exception <a 'java/lang/NoSuchMethodError'{0x00000000c86b7a68}: 'java.lang.Object java.lang.invoke.Invokers$Holder.linkToTargetMethod(java.lang.Object, long, java.lang.Object)'> (0x00000000c86b7a68) 
thrown [/usr/src/debug/java21-openjdk/jdk21u-jdk-21.0.5-11/src/hotspot/share/interpreter/linkResolver.cpp, line 772]
Event: 0.382 Thread 0x000070c910019710 Exception <a 'java/lang/NoSuchMethodError'{0x00000000c86beef0}: 'int java.lang.invoke.DirectMethodHandle$Holder.invokeStaticInit(java.lang.Object, java.lang.Object, java.lang.Object, long)'> (0x00000000c86beef0) 
thrown [/usr/src/debug/java21-openjdk/jdk21u-jdk-21.0.5-11/src/hotspot/share/interpreter/linkResolver.cpp, line 772]
Event: 0.740 Thread 0x000070c910019710 Exception <a 'java/lang/NoSuchMethodError'{0x00000000c8591bd0}: 'void java.lang.System.load(java.lang.String, java.lang.Class)'> (0x00000000c8591bd0) 
thrown [/usr/src/debug/java21-openjdk/jdk21u-jdk-21.0.5-11/src/hotspot/share/interpreter/linkResolver.cpp, line 772]
Event: 0.742 Thread 0x000070c910019710 Exception <a 'java/lang/NoSuchMethodError'{0x00000000c8594640}: 'void java.lang.System.loadLibrary(java.lang.String, java.lang.Class)'> (0x00000000c8594640) 
thrown [/usr/src/debug/java21-openjdk/jdk21u-jdk-21.0.5-11/src/hotspot/share/interpreter/linkResolver.cpp, line 772]
Event: 0.747 Thread 0x000070c910019710 Exception <a 'sun/nio/fs/UnixException'{0x00000000c85a3a38}> (0x00000000c85a3a38) 
thrown [/usr/src/debug/java21-openjdk/jdk21u-jdk-21.0.5-11/src/hotspot/share/prims/jni.cpp, line 520]
Event: 0.752 Thread 0x000070c910019710 Exception <a 'sun/nio/fs/UnixException'{0x00000000c85ac828}> (0x00000000c85ac828) 
thrown [/usr/src/debug/java21-openjdk/jdk21u-jdk-21.0.5-11/src/hotspot/share/prims/jni.cpp, line 520]
Event: 1.261 Thread 0x000070c910019710 Implicit null exception at 0x000070c9000f003d to 0x0000000000000000

ZGC Phase Switch (0 events):
No events

VM Operations (6 events):
Event: 0.357 Executing VM operation: HandshakeAllThreads (Deoptimize)
Event: 0.357 Executing VM operation: HandshakeAllThreads (Deoptimize) done
Event: 1.005 Executing VM operation: G1CollectForAllocation (G1 Evacuation Pause)
Event: 1.012 Executing VM operation: G1CollectForAllocation (G1 Evacuation Pause) done
Event: 1.126 Executing VM operation: HandshakeAllThreads (Deoptimize)
Event: 1.127 Executing VM operation: HandshakeAllThreads (Deoptimize) done

Memory protections (10 events):
Event: 0.007 Protecting memory [0x000070c916f00000,0x000070c916f04000] with protection modes 0
Event: 0.055 Protecting memory [0x000070c914700000,0x000070c914704000] with protection modes 0
Event: 0.056 Protecting memory [0x000070c9145ff000,0x000070c914603000] with protection modes 0
Event: 0.056 Protecting memory [0x000070c9144fe000,0x000070c914502000] with protection modes 0
Event: 0.057 Protecting memory [0x000070c9143fd000,0x000070c914401000] with protection modes 0
Event: 0.058 Protecting memory [0x000070c9142fc000,0x000070c914300000] with protection modes 0
Event: 0.060 Protecting memory [0x000070c9141fb000,0x000070c9141ff000] with protection modes 0
Event: 0.065 Protecting memory [0x000070c9140fa000,0x000070c9140fe000] with protection modes 0
Event: 0.084 Protecting memory [0x000070c90ff00000,0x000070c90ff04000] with protection modes 0
Event: 0.087 Protecting memory [0x000070c8f8500000,0x000070c8f8504000] with protection modes 0

Nmethod flushes (0 events):
No events

Events (10 events):
Event: 0.042 Thread 0x000070c910019710 Thread added: 0x000070c910019710
Event: 0.055 Thread 0x000070c910019710 Thread added: 0x000070c9100d09b0
Event: 0.056 Thread 0x000070c910019710 Thread added: 0x000070c9100d2040
Event: 0.056 Thread 0x000070c910019710 Thread added: 0x000070c9100d37d0
Event: 0.057 Thread 0x000070c910019710 Thread added: 0x000070c9100d4e10
Event: 0.058 Thread 0x000070c910019710 Thread added: 0x000070c9100d63b0
Event: 0.060 Thread 0x000070c910019710 Thread added: 0x000070c9100d7ef0
Event: 0.062 Thread 0x000070c910019710 Thread added: 0x000070c9100d95b0
Event: 0.082 Thread 0x000070c910019710 Thread added: 0x000070c9100e59f0
Event: 0.086 Thread 0x000070c910019710 Thread added: 0x000070c9100e8b20


Dynamic libraries:
c4e00000-c8a00000 rw-p 00000000 00:00 0 
c8a00000-ffe00000 ---p 00000000 00:00 0 
ffe00000-fff0d000 rw-p 00cd6000 b3:02 329941                             /usr/lib/jvm/java-21-openjdk/lib/server/classes.jsa
fff0d000-100000000 rw-p 00000000 00:00 0 
5fbac536b000-5fbac536c000 r--p 00000000 b3:02 329516                     /usr/lib/jvm/java-21-openjdk/bin/java
5fbac536c000-5fbac536d000 r-xp 00001000 b3:02 329516                     /usr/lib/jvm/java-21-openjdk/bin/java
5fbac536d000-5fbac536e000 r--p 00002000 b3:02 329516                     /usr/lib/jvm/java-21-openjdk/bin/java
5fbac536e000-5fbac536f000 r--p 00002000 b3:02 329516                     /usr/lib/jvm/java-21-openjdk/bin/java
5fbac536f000-5fbac5370000 rw-p 00003000 b3:02 329516                     /usr/lib/jvm/java-21-openjdk/bin/java
5fbaedc13000-5fbaedc5b000 rw-p 00000000 00:00 0                          [heap]
70c857e00000-70c8582ab000 r--p 00000000 b3:02 181697                     /usr/lib/libLLVM.so.18.1
70c8582ab000-70c85ce9d000 r-xp 004ab000 b3:02 181697                     /usr/lib/libLLVM.so.18.1
70c85ce9d000-70c85fbf6000 r--p 0509d000 b3:02 181697                     /usr/lib/libLLVM.so.18.1
70c85fbf6000-70c85fdd1000 r--p 07df5000 b3:02 181697                     /usr/lib/libLLVM.so.18.1
70c85fdd1000-70c85fe1b000 rw-p 07fd0000 b3:02 181697                     /usr/lib/libLLVM.so.18.1
70c85fe1b000-70c85feb7000 rw-p 00000000 00:00 0 
70c860000000-70c8601c4000 rw-p 00000000 00:00 0 
70c8601c4000-70c864000000 ---p 00000000 00:00 0 
70c864000000-70c86434e000 rw-p 00000000 00:00 0 
70c86434e000-70c868000000 ---p 00000000 00:00 0 
70c86c000000-70c86c021000 rw-p 00000000 00:00 0 
70c86c021000-70c870000000 ---p 00000000 00:00 0 
70c870000000-70c870021000 rw-p 00000000 00:00 0 
70c870021000-70c874000000 ---p 00000000 00:00 0 
70c878000000-70c878021000 rw-p 00000000 00:00 0 
70c878021000-70c87c000000 ---p 00000000 00:00 0 
70c87c000000-70c87c021000 rw-p 00000000 00:00 0 
70c87c021000-70c880000000 ---p 00000000 00:00 0 
70c884000000-70c884021000 rw-p 00000000 00:00 0 
70c884021000-70c888000000 ---p 00000000 00:00 0 
70c888000000-70c888021000 rw-p 00000000 00:00 0 
70c888021000-70c88c000000 ---p 00000000 00:00 0 
70c890000000-70c890190000 rw-p 00000000 00:00 0 
70c890190000-70c890400000 ---p 00000000 00:00 0 
70c890400000-70c890510000 rw-p 00000000 00:00 0 
70c890510000-70c890550000 rw-p 00000000 00:00 0 
70c890550000-70c890800000 rw-p 00000000 00:00 0 
70c890800000-70c894000000 ---p 00000000 00:00 0 
70c894000000-70c894021000 rw-p 00000000 00:00 0 
70c894021000-70c898000000 ---p 00000000 00:00 0 
70c8989ff000-70c898a00000 ---p 00000000 00:00 0 
70c898a00000-70c899200000 rw-p 00000000 00:00 0 
70c899200000-70c89af50000 r--p 00000000 b3:02 149095                     /usr/lib/libicudata.so.75.1
70c89af50000-70c89af51000 r--p 01d4f000 b3:02 149095                     /usr/lib/libicudata.so.75.1
70c89b000000-70c89bc97000 rw-p 00001000 b3:02 329941                     /usr/lib/jvm/java-21-openjdk/lib/server/classes.jsa
70c89bc97000-70c89c000000 ---p 00000000 00:00 0 
70c89c000000-70c89c030000 rw-p 00000000 00:00 0 
70c89c030000-70c89c040000 ---p 00000000 00:00 0 
70c89c040000-70c89c070000 rw-p 00000000 00:00 0 
70c89c070000-70c8dc000000 ---p 00000000 00:00 0 
70c8dc000000-70c8dc021000 rw-p 00000000 00:00 0 
70c8dc021000-70c8e0000000 ---p 00000000 00:00 0 
70c8e0000000-70c8e0021000 rw-p 00000000 00:00 0 
70c8e0021000-70c8e4000000 ---p 00000000 00:00 0 
70c8e40bd000-70c8e42bd000 rw-s 1071d8000 00:10 1046                      anon_inode:i915.gem
70c8e42bd000-70c8e42fd000 rw-s 107698000 00:10 1046                      anon_inode:i915.gem
70c8e42fd000-70c8e44fd000 rw-s 10fe08000 00:10 1046                      anon_inode:i915.gem
70c8e44fd000-70c8e44fe000 ---p 00000000 00:00 0 
70c8e44fe000-70c8e45fe000 rw-p 00000000 00:00 0 
70c8e45fe000-70c8e45ff000 ---p 00000000 00:00 0 
70c8e45ff000-70c8e4dff000 rw-p 00000000 00:00 0 
70c8e4dff000-70c8e4fff000 rw-s 116e08000 00:10 1046                      anon_inode:i915.gem
70c8e4fff000-70c8e5000000 ---p 00000000 00:00 0 
70c8e5000000-70c8e5800000 rw-p 00000000 00:00 0 
70c8e5800000-70c8e5815000 r--p 00000000 b3:02 181759                     /usr/lib/libgallium-24.2.7-arch1.1.so
70c8e5815000-70c8e6ee4000 r-xp 00015000 b3:02 181759                     /usr/lib/libgallium-24.2.7-arch1.1.so
70c8e6ee4000-70c8e7c70000 r--p 016e4000 b3:02 181759                     /usr/lib/libgallium-24.2.7-arch1.1.so
70c8e7c70000-70c8e7d28000 r--p 0246f000 b3:02 181759                     /usr/lib/libgallium-24.2.7-arch1.1.so
70c8e7d28000-70c8e7d3f000 rw-p 02527000 b3:02 181759                     /usr/lib/libgallium-24.2.7-arch1.1.so
70c8e7d3f000-70c8e7f03000 rw-p 00000000 00:00 0 
70c8e7f27000-70c8e7f67000 rw-s 107658000 00:10 1046                      anon_inode:i915.gem
70c8e7f67000-70c8e7fa7000 rw-s 107108000 00:10 1046                      anon_inode:i915.gem
70c8e7fa7000-70c8e7fda000 r--p 00000000 00:2b 47                         /tmp/lwjgl_zeph/3.3.4+7/x64/liblwjgl_opengl.so
70c8e7fda000-70c8e7fee000 r-xp 00033000 00:2b 47                         /tmp/lwjgl_zeph/3.3.4+7/x64/liblwjgl_opengl.so
70c8e7fee000-70c8e7ffe000 r--p 00047000 00:2b 47                         /tmp/lwjgl_zeph/3.3.4+7/x64/liblwjgl_opengl.so
70c8e7ffe000-70c8e7fff000 r--p 00056000 00:2b 47                         /tmp/lwjgl_zeph/3.3.4+7/x64/liblwjgl_opengl.so
70c8e7fff000-70c8e8000000 rw-p 00057000 00:2b 47                         /tmp/lwjgl_zeph/3.3.4+7/x64/liblwjgl_opengl.so
70c8e8000000-70c8e8021000 rw-p 00000000 00:00 0 
70c8e8021000-70c8ec000000 ---p 00000000 00:00 0 
70c8ec000000-70c8ec021000 rw-p 00000000 00:00 0 
70c8ec021000-70c8f0000000 ---p 00000000 00:00 0 
70c8f0002000-70c8f0012000 rw-s 103288000 00:10 1046                      anon_inode:i915.gem
70c8f0012000-70c8f0014000 r--p 00000000 b3:02 329932                     /usr/lib/jvm/java-21-openjdk/lib/libverify.so
70c8f0014000-70c8f001b000 r-xp 00002000 b3:02 329932                     /usr/lib/jvm/java-21-openjdk/lib/libverify.so
70c8f001b000-70c8f001d000 r--p 00009000 b3:02 329932                     /usr/lib/jvm/java-21-openjdk/lib/libverify.so
70c8f001d000-70c8f001f000 r--p 0000a000 b3:02 329932                     /usr/lib/jvm/java-21-openjdk/lib/libverify.so
70c8f001f000-70c8f0020000 rw-p 0000c000 b3:02 329932                     /usr/lib/jvm/java-21-openjdk/lib/libverify.so
70c8f0020000-70c8f0040000 rw-s 1070e8000 00:10 1046                      anon_inode:i915.gem
70c8f0040000-70c8f0060000 rw-s 1070c8000 00:10 1046                      anon_inode:i915.gem
70c8f0060000-70c8f0070000 rw-s 103278000 00:10 1046                      anon_inode:i915.gem
70c8f0070000-70c8f0080000 rw-s 103268000 00:10 1046                      anon_inode:i915.gem
70c8f0080000-70c8f014b000 rw-p 00000000 00:00 0 
70c8f014b000-70c8f015b000 rw-s 1038ca000 00:10 1046                      anon_inode:i915.gem
70c8f015b000-70c8f016b000 rw-s 1033a8000 00:10 1046                      anon_inode:i915.gem
70c8f016b000-70c8f018b000 rw-s 103208000 00:10 1046                      anon_inode:i915.gem
70c8f018b000-70c8f01ab000 rw-s 103388000 00:10 1046                      anon_inode:i915.gem
70c8f01ab000-70c8f01bb000 rw-s 10e488000 00:10 1046                      anon_inode:i915.gem
70c8f01bb000-70c8f0286000 rw-p 00000000 00:00 0 
70c8f0286000-70c8f02a6000 rw-s 103368000 00:10 1046                      anon_inode:i915.gem
70c8f02a6000-70c8f02c6000 rw-s 10e468000 00:10 1046                      anon_inode:i915.gem
70c8f02c6000-70c8f02c7000 ---p 00000000 00:00 0 
70c8f02c7000-70c8f0ac7000 rw-p 00000000 00:00 0 
70c8f0ac7000-70c8f0ac8000 ---p 00000000 00:00 0 
70c8f0ac8000-70c8f12c8000 rw-p 00000000 00:00 0 
70c8f12c8000-70c8f12c9000 ---p 00000000 00:00 0 
70c8f12c9000-70c8f1ac9000 rw-p 00000000 00:00 0 
70c8f1ac9000-70c8f1c0a000 rw-s 00000000 b3:02 1179851                    /home/zeph/.cache/mesa_shader_cache_db/index
70c8f1c0a000-70c8f1c4a000 rw-s 103328000 00:10 1046                      anon_inode:i915.gem
70c8f1c4a000-70c8f1c91000 r--p 00000000 b3:02 149110                     /usr/lib/libicuuc.so.75.1
70c8f1c91000-70c8f1da3000 r-xp 00047000 b3:02 149110                     /usr/lib/libicuuc.so.75.1
70c8f1da3000-70c8f1e2e000 r--p 00159000 b3:02 149110                     /usr/lib/libicuuc.so.75.1
70c8f1e2e000-70c8f1e41000 r--p 001e4000 b3:02 149110                     /usr/lib/libicuuc.so.75.1
70c8f1e41000-70c8f1e42000 rw-p 001f7000 b3:02 149110                     /usr/lib/libicuuc.so.75.1
70c8f1e42000-70c8f1e44000 rw-p 00000000 00:00 0 
70c8f1e44000-70c8f1e65000 r--p 00000000 b3:02 149196                     /usr/lib/libxml2.so.2.13.5
70c8f1e65000-70c8f1f49000 r-xp 00021000 b3:02 149196                     /usr/lib/libxml2.so.2.13.5
70c8f1f49000-70c8f1f84000 r--p 00105000 b3:02 149196                     /usr/lib/libxml2.so.2.13.5
70c8f1f84000-70c8f1f8f000 r--p 00140000 b3:02 149196                     /usr/lib/libxml2.so.2.13.5
70c8f1f8f000-70c8f1f90000 rw-p 0014b000 b3:02 149196                     /usr/lib/libxml2.so.2.13.5
70c8f1f90000-70c8f1f91000 rw-p 00000000 00:00 0 
70c8f1f91000-70c8f1f9e000 r--p 00000000 b3:02 135366                     /usr/lib/libncursesw.so.6.5
70c8f1f9e000-70c8f1fe5000 r-xp 0000d000 b3:02 135366                     /usr/lib/libncursesw.so.6.5
70c8f1fe5000-70c8f1ffb000 r--p 00054000 b3:02 135366                     /usr/lib/libncursesw.so.6.5
70c8f1ffb000-70c8f1fff000 r--p 0006a000 b3:02 135366                     /usr/lib/libncursesw.so.6.5
70c8f1fff000-70c8f2000000 rw-p 0006e000 b3:02 135366                     /usr/lib/libncursesw.so.6.5
70c8f2000000-70c8f4021000 rw-p 00000000 00:00 0 
70c8f4021000-70c8f8000000 ---p 00000000 00:00 0 
70c8f8004000-70c8f8014000 rw-s 10e5f4000 00:10 1046                      anon_inode:i915.gem
70c8f8014000-70c8f8017000 r--p 00000000 b3:02 145974                     /usr/lib/liblzma.so.5.6.3
70c8f8017000-70c8f803a000 r-xp 00003000 b3:02 145974                     /usr/lib/liblzma.so.5.6.3
70c8f803a000-70c8f8045000 r--p 00026000 b3:02 145974                     /usr/lib/liblzma.so.5.6.3
70c8f8045000-70c8f8046000 r--p 00031000 b3:02 145974                     /usr/lib/liblzma.so.5.6.3
70c8f8046000-70c8f8047000 rw-p 00032000 b3:02 145974                     /usr/lib/liblzma.so.5.6.3
70c8f8047000-70c8f8049000 r--p 00000000 b3:02 181577                     /usr/lib/libpciaccess.so.0.11.1
70c8f8049000-70c8f804e000 r-xp 00002000 b3:02 181577                     /usr/lib/libpciaccess.so.0.11.1
70c8f804e000-70c8f8050000 r--p 00007000 b3:02 181577                     /usr/lib/libpciaccess.so.0.11.1
70c8f8050000-70c8f8051000 r--p 00008000 b3:02 181577                     /usr/lib/libpciaccess.so.0.11.1
70c8f8051000-70c8f8052000 rw-p 00009000 b3:02 181577                     /usr/lib/libpciaccess.so.0.11.1
70c8f8052000-70c8f8058000 r--p 00000000 b3:02 181648                     /usr/lib/libedit.so.0.0.73
70c8f8058000-70c8f8078000 r-xp 00006000 b3:02 181648                     /usr/lib/libedit.so.0.0.73
70c8f8078000-70c8f8085000 r--p 00026000 b3:02 181648                     /usr/lib/libedit.so.0.0.73
70c8f8085000-70c8f8087000 r--p 00033000 b3:02 181648                     /usr/lib/libedit.so.0.0.73
70c8f8087000-70c8f8088000 rw-p 00035000 b3:02 181648                     /usr/lib/libedit.so.0.0.73
70c8f8088000-70c8f808b000 rw-p 00000000 00:00 0 
70c8f808b000-70c8f808d000 r--p 00000000 b3:02 150786                     /usr/lib/libffi.so.8.1.4
70c8f808d000-70c8f8093000 r-xp 00002000 b3:02 150786                     /usr/lib/libffi.so.8.1.4
70c8f8093000-70c8f8094000 r--p 00008000 b3:02 150786                     /usr/lib/libffi.so.8.1.4
70c8f8094000-70c8f8095000 r--p 00009000 b3:02 150786                     /usr/lib/libffi.so.8.1.4
70c8f8095000-70c8f8096000 rw-p 0000a000 b3:02 150786                     /usr/lib/libffi.so.8.1.4
70c8f8096000-70c8f8099000 r--p 00000000 b3:02 181596                     /usr/lib/libdrm_intel.so.1.123.0
70c8f8099000-70c8f80af000 r-xp 00003000 b3:02 181596                     /usr/lib/libdrm_intel.so.1.123.0
70c8f80af000-70c8f80b8000 r--p 00019000 b3:02 181596                     /usr/lib/libdrm_intel.so.1.123.0
70c8f80b8000-70c8f80b9000 r--p 00022000 b3:02 181596                     /usr/lib/libdrm_intel.so.1.123.0
70c8f80b9000-70c8f80ba000 rw-p 00023000 b3:02 181596                     /usr/lib/libdrm_intel.so.1.123.0
70c8f80ba000-70c8f80bd000 r--p 00000000 b3:02 181593                     /usr/lib/libdrm_amdgpu.so.1.123.0
70c8f80bd000-70c8f80c2000 r-xp 00003000 b3:02 181593                     /usr/lib/libdrm_amdgpu.so.1.123.0
70c8f80c2000-70c8f80c4000 r--p 00008000 b3:02 181593                     /usr/lib/libdrm_amdgpu.so.1.123.0
70c8f80c4000-70c8f80c5000 r--p 00009000 b3:02 181593                     /usr/lib/libdrm_amdgpu.so.1.123.0
70c8f80c5000-70c8f80c6000 rw-p 0000a000 b3:02 181593                     /usr/lib/libdrm_amdgpu.so.1.123.0
70c8f80c6000-70c8f80c9000 r--p 00000000 b3:02 155848                     /usr/lib/libelf-0.192.so
70c8f80c9000-70c8f80dc000 r-xp 00003000 b3:02 155848                     /usr/lib/libelf-0.192.so
70c8f80dc000-70c8f80e0000 r--p 00016000 b3:02 155848                     /usr/lib/libelf-0.192.so
70c8f80e0000-70c8f80e1000 r--p 00019000 b3:02 155848                     /usr/lib/libelf-0.192.so
70c8f80e1000-70c8f80e2000 rw-p 0001a000 b3:02 155848                     /usr/lib/libelf-0.192.so
70c8f80e2000-70c8f80e4000 r--p 00000000 b3:02 181602                     /usr/lib/libdrm_radeon.so.1.123.0
70c8f80e4000-70c8f80ea000 r-xp 00002000 b3:02 181602                     /usr/lib/libdrm_radeon.so.1.123.0
70c8f80ea000-70c8f80ee000 r--p 00008000 b3:02 181602                     /usr/lib/libdrm_radeon.so.1.123.0
70c8f80ee000-70c8f80ef000 r--p 0000b000 b3:02 181602                     /usr/lib/libdrm_radeon.so.1.123.0
70c8f80ef000-70c8f80f0000 rw-p 0000c000 b3:02 181602                     /usr/lib/libdrm_radeon.so.1.123.0
70c8f80f0000-70c8f80f2000 r--p 00000000 b3:02 181713                     /usr/lib/libsensors.so.5.0.0
70c8f80f2000-70c8f80f9000 r-xp 00002000 b3:02 181713                     /usr/lib/libsensors.so.5.0.0
70c8f80f9000-70c8f80fd000 r--p 00009000 b3:02 181713                     /usr/lib/libsensors.so.5.0.0
70c8f80fd000-70c8f80fe000 r--p 0000d000 b3:02 181713                     /usr/lib/libsensors.so.5.0.0
70c8f80fe000-70c8f80ff000 rw-p 0000e000 b3:02 181713                     /usr/lib/libsensors.so.5.0.0
70c8f80ff000-70c8f810b000 r--p 00000000 b3:02 146266                     /usr/lib/libzstd.so.1.5.6
70c8f810b000-70c8f81cb000 r-xp 0000c000 b3:02 146266                     /usr/lib/libzstd.so.1.5.6
70c8f81cb000-70c8f81dc000 r--p 000cc000 b3:02 146266                     /usr/lib/libzstd.so.1.5.6
70c8f81dc000-70c8f81dd000 r--p 000dd000 b3:02 146266                     /usr/lib/libzstd.so.1.5.6
70c8f81dd000-70c8f81de000 rw-p 000de000 b3:02 146266                     /usr/lib/libzstd.so.1.5.6
70c8f81de000-70c8f81e1000 r--p 00000000 b3:02 176365                     /usr/lib/libxcb-xfixes.so.0.0.0
70c8f81e1000-70c8f81e4000 r-xp 00003000 b3:02 176365                     /usr/lib/libxcb-xfixes.so.0.0.0
70c8f81e4000-70c8f81e5000 r--p 00006000 b3:02 176365                     /usr/lib/libxcb-xfixes.so.0.0.0
70c8f81e5000-70c8f81e6000 r--p 00007000 b3:02 176365                     /usr/lib/libxcb-xfixes.so.0.0.0
70c8f81e6000-70c8f81e7000 rw-p 00008000 b3:02 176365                     /usr/lib/libxcb-xfixes.so.0.0.0
70c8f81e7000-70c8f81ea000 r--p 00000000 b3:02 176359                     /usr/lib/libxcb-sync.so.1.0.0
70c8f81ea000-70c8f81ed000 r-xp 00003000 b3:02 176359                     /usr/lib/libxcb-sync.so.1.0.0
70c8f81ed000-70c8f81ee000 r--p 00006000 b3:02 176359                     /usr/lib/libxcb-sync.so.1.0.0
70c8f81ee000-70c8f81ef000 r--p 00007000 b3:02 176359                     /usr/lib/libxcb-sync.so.1.0.0
70c8f81ef000-70c8f81f0000 rw-p 00008000 b3:02 176359                     /usr/lib/libxcb-sync.so.1.0.0
70c8f81f0000-70c8f81f1000 r--p 00000000 b3:02 176335                     /usr/lib/libxcb-present.so.0.0.0
70c8f81f1000-70c8f81f2000 r-xp 00001000 b3:02 176335                     /usr/lib/libxcb-present.so.0.0.0
70c8f81f2000-70c8f81f3000 r--p 00002000 b3:02 176335                     /usr/lib/libxcb-present.so.0.0.0
70c8f81f3000-70c8f81f4000 r--p 00002000 b3:02 176335                     /usr/lib/libxcb-present.so.0.0.0
70c8f81f4000-70c8f81f5000 rw-p 00003000 b3:02 176335                     /usr/lib/libxcb-present.so.0.0.0
70c8f81f5000-70c8f81f7000 r--p 00000000 b3:02 176329                     /usr/lib/libxcb-dri3.so.0.1.0
70c8f81f7000-70c8f81f9000 r-xp 00002000 b3:02 176329                     /usr/lib/libxcb-dri3.so.0.1.0
70c8f81f9000-70c8f81fa000 r--p 00004000 b3:02 176329                     /usr/lib/libxcb-dri3.so.0.1.0
70c8f81fa000-70c8f81fb000 r--p 00004000 b3:02 176329                     /usr/lib/libxcb-dri3.so.0.1.0
70c8f81fb000-70c8f81fc000 rw-p 00005000 b3:02 176329                     /usr/lib/libxcb-dri3.so.0.1.0
70c8f81fc000-70c8f8203000 r--p 00000000 b3:02 176338                     /usr/lib/libxcb-randr.so.0.1.0
70c8f8203000-70c8f8209000 r-xp 00007000 b3:02 176338                     /usr/lib/libxcb-randr.so.0.1.0
70c8f8209000-70c8f820c000 r--p 0000d000 b3:02 176338                     /usr/lib/libxcb-randr.so.0.1.0
70c8f820c000-70c8f820d000 r--p 00010000 b3:02 176338                     /usr/lib/libxcb-randr.so.0.1.0
70c8f820d000-70c8f820e000 rw-p 00011000 b3:02 176338                     /usr/lib/libxcb-randr.so.0.1.0
70c8f820e000-70c8f820f000 r--p 00000000 b3:02 181616                     /usr/lib/libxshmfence.so.1.0.0
70c8f820f000-70c8f8210000 r-xp 00001000 b3:02 181616                     /usr/lib/libxshmfence.so.1.0.0
70c8f8210000-70c8f8211000 r--p 00002000 b3:02 181616                     /usr/lib/libxshmfence.so.1.0.0
70c8f8211000-70c8f8212000 r--p 00002000 b3:02 181616                     /usr/lib/libxshmfence.so.1.0.0
70c8f8212000-70c8f8213000 rw-p 00003000 b3:02 181616                     /usr/lib/libxshmfence.so.1.0.0
70c8f8213000-70c8f8215000 r--p 00000000 b3:02 154964                     /usr/lib/libexpat.so.1.10.0
70c8f8215000-70c8f8232000 r-xp 00002000 b3:02 154964                     /usr/lib/libexpat.so.1.10.0
70c8f8232000-70c8f823a000 r--p 0001f000 b3:02 154964                     /usr/lib/libexpat.so.1.10.0
70c8f823a000-70c8f823c000 r--p 00026000 b3:02 154964                     /usr/lib/libexpat.so.1.10.0
70c8f823c000-70c8f823d000 rw-p 00028000 b3:02 154964                     /usr/lib/libexpat.so.1.10.0
70c8f823d000-70c8f8249000 r--p 00000000 b3:02 176332                     /usr/lib/libxcb-glx.so.0.0.0
70c8f8249000-70c8f8252000 r-xp 0000c000 b3:02 176332                     /usr/lib/libxcb-glx.so.0.0.0
70c8f8252000-70c8f8257000 r--p 00015000 b3:02 176332                     /usr/lib/libxcb-glx.so.0.0.0
70c8f8257000-70c8f8259000 r--p 0001a000 b3:02 176332                     /usr/lib/libxcb-glx.so.0.0.0
70c8f8259000-70c8f825a000 rw-p 0001c000 b3:02 176332                     /usr/lib/libxcb-glx.so.0.0.0
70c8f825a000-70c8f825f000 r--p 00000000 b3:02 181590                     /usr/lib/libdrm.so.2.123.0
70c8f825f000-70c8f826b000 r-xp 00005000 b3:02 181590                     /usr/lib/libdrm.so.2.123.0
70c8f826b000-70c8f826f000 r--p 00011000 b3:02 181590                     /usr/lib/libdrm.so.2.123.0
70c8f826f000-70c8f8270000 r--p 00015000 b3:02 181590                     /usr/lib/libdrm.so.2.123.0
70c8f8270000-70c8f8271000 rw-p 00016000 b3:02 181590                     /usr/lib/libdrm.so.2.123.0
70c8f8271000-70c8f8272000 r--p 00000000 b3:02 186207                     /usr/lib/libglapi.so.0.0.0
70c8f8272000-70c8f8280000 r-xp 00001000 b3:02 186207                     /usr/lib/libglapi.so.0.0.0
70c8f8280000-70c8f8294000 r--p 0000f000 b3:02 186207                     /usr/lib/libglapi.so.0.0.0
70c8f8294000-70c8f8298000 r--p 00023000 b3:02 186207                     /usr/lib/libglapi.so.0.0.0
70c8f8298000-70c8f8299000 rw-p 00027000 b3:02 186207                     /usr/lib/libglapi.so.0.0.0
70c8f8299000-70c8f82af000 r--p 00000000 b3:02 181748                     /usr/lib/libGLX_mesa.so.0.0.0
70c8f82af000-70c8f82ee000 r-xp 00016000 b3:02 181748                     /usr/lib/libGLX_mesa.so.0.0.0
70c8f82ee000-70c8f8301000 r--p 00055000 b3:02 181748                     /usr/lib/libGLX_mesa.so.0.0.0
70c8f8301000-70c8f8305000 r--p 00067000 b3:02 181748                     /usr/lib/libGLX_mesa.so.0.0.0
70c8f8305000-70c8f8306000 rw-p 0006b000 b3:02 181748                     /usr/lib/libGLX_mesa.so.0.0.0
70c8f8306000-70c8f8347000 r--p 00000000 b3:02 181820                     /usr/lib/libGLdispatch.so.0.0.0
70c8f8347000-70c8f8386000 r-xp 00041000 b3:02 181820                     /usr/lib/libGLdispatch.so.0.0.0
70c8f8386000-70c8f8399000 r--p 00080000 b3:02 181820                     /usr/lib/libGLdispatch.so.0.0.0
70c8f8399000-70c8f83b5000 r--p 00093000 b3:02 181820                     /usr/lib/libGLdispatch.so.0.0.0
70c8f83b5000-70c8f83b6000 rw-p 000af000 b3:02 181820                     /usr/lib/libGLdispatch.so.0.0.0
70c8f83b6000-70c8f83be000 rw-p 00000000 00:00 0 
70c8f83be000-70c8f83d5000 r--p 00000000 b3:02 178728                     /usr/lib/libX11.so.6.4.0
70c8f83d5000-70c8f8469000 r-xp 00017000 b3:02 178728                     /usr/lib/libX11.so.6.4.0
70c8f8469000-70c8f84f8000 r--p 000ab000 b3:02 178728                     /usr/lib/libX11.so.6.4.0
70c8f84f8000-70c8f84fb000 r--p 00139000 b3:02 178728                     /usr/lib/libX11.so.6.4.0
70c8f84fb000-70c8f84ff000 rw-p 0013c000 b3:02 178728                     /usr/lib/libX11.so.6.4.0
70c8f84ff000-70c8f8500000 ---p 00000000 00:00 0 
70c8f8500000-70c8f8504000 ---p 00000000 00:00 0 
70c8f8504000-70c8f8600000 rw-p 00000000 00:00 0 
70c8f8600000-70c8f8870000 rwxp 00000000 00:00 0 
70c8f8870000-70c8ffb38000 ---p 00000000 00:00 0 
70c8ffb38000-70c8ffda8000 rwxp 00000000 00:00 0 
70c8ffda8000-70c9000c7000 ---p 00000000 00:00 0 
70c9000c7000-70c900337000 rwxp 00000000 00:00 0 
70c900337000-70c907600000 ---p 00000000 00:00 0 
70c907600000-70c90fe0d000 r--s 00000000 b3:02 329934                     /usr/lib/jvm/java-21-openjdk/lib/modules
70c90fe0f000-70c90fe10000 r--p 00000000 b3:02 176356                     /usr/lib/libxcb-shm.so.0.0.0
70c90fe10000-70c90fe11000 r-xp 00001000 b3:02 176356                     /usr/lib/libxcb-shm.so.0.0.0
70c90fe11000-70c90fe12000 r--p 00002000 b3:02 176356                     /usr/lib/libxcb-shm.so.0.0.0
70c90fe12000-70c90fe13000 r--p 00002000 b3:02 176356                     /usr/lib/libxcb-shm.so.0.0.0
70c90fe13000-70c90fe14000 rw-p 00003000 b3:02 176356                     /usr/lib/libxcb-shm.so.0.0.0
70c90fe14000-70c90fe16000 r--p 00000000 b3:02 176326                     /usr/lib/libxcb-dri2.so.0.0.0
70c90fe16000-70c90fe18000 r-xp 00002000 b3:02 176326                     /usr/lib/libxcb-dri2.so.0.0.0
70c90fe18000-70c90fe19000 r--p 00004000 b3:02 176326                     /usr/lib/libxcb-dri2.so.0.0.0
70c90fe19000-70c90fe1a000 r--p 00004000 b3:02 176326                     /usr/lib/libxcb-dri2.so.0.0.0
70c90fe1a000-70c90fe1b000 rw-p 00005000 b3:02 176326                     /usr/lib/libxcb-dri2.so.0.0.0
70c90fe1b000-70c90fe1e000 r--p 00000000 b3:02 181817                     /usr/lib/libGLX.so.0.0.0
70c90fe1e000-70c90fe38000 r-xp 00003000 b3:02 181817                     /usr/lib/libGLX.so.0.0.0
70c90fe38000-70c90fe3b000 r--p 0001d000 b3:02 181817                     /usr/lib/libGLX.so.0.0.0
70c90fe3b000-70c90fe3c000 r--p 00020000 b3:02 181817                     /usr/lib/libGLX.so.0.0.0
70c90fe3c000-70c90fe3d000 rw-p 00021000 b3:02 181817                     /usr/lib/libGLX.so.0.0.0
70c90fe3d000-70c90fe4d000 rw-p 00000000 00:00 0 
70c90fe4d000-70c90fe4e000 r--p 00000000 b3:02 178725                     /usr/lib/libX11-xcb.so.1.0.0
70c90fe4e000-70c90fe4f000 r-xp 00001000 b3:02 178725                     /usr/lib/libX11-xcb.so.1.0.0
70c90fe4f000-70c90fe50000 r--p 00002000 b3:02 178725                     /usr/lib/libX11-xcb.so.1.0.0
70c90fe50000-70c90fe51000 r--p 00002000 b3:02 178725                     /usr/lib/libX11-xcb.so.1.0.0
70c90fe51000-70c90fe52000 rw-p 00003000 b3:02 178725                     /usr/lib/libX11-xcb.so.1.0.0
70c90fe52000-70c90fe53000 r--p 00000000 b3:02 182057                     /usr/lib/libXinerama.so.1.0.0
70c90fe53000-70c90fe54000 r-xp 00001000 b3:02 182057                     /usr/lib/libXinerama.so.1.0.0
70c90fe54000-70c90fe55000 r--p 00002000 b3:02 182057                     /usr/lib/libXinerama.so.1.0.0
70c90fe55000-70c90fe56000 r--p 00002000 b3:02 182057                     /usr/lib/libXinerama.so.1.0.0
70c90fe56000-70c90fe57000 rw-p 00003000 b3:02 182057                     /usr/lib/libXinerama.so.1.0.0
70c90fe57000-70c90fe5a000 r--p 00000000 b3:02 181990                     /usr/lib/libXcursor.so.1.0.2
70c90fe5a000-70c90fe60000 r-xp 00003000 b3:02 181990                     /usr/lib/libXcursor.so.1.0.2
70c90fe60000-70c90fe62000 r--p 00009000 b3:02 181990                     /usr/lib/libXcursor.so.1.0.2
70c90fe62000-70c90fe63000 r--p 0000a000 b3:02 181990                     /usr/lib/libXcursor.so.1.0.2
70c90fe63000-70c90fe64000 rw-p 0000b000 b3:02 181990                     /usr/lib/libXcursor.so.1.0.2
70c90fe64000-70c90fe66000 r--p 00000000 b3:02 180183                     /usr/lib/libXrender.so.1.3.0
70c90fe66000-70c90fe6d000 r-xp 00002000 b3:02 180183                     /usr/lib/libXrender.so.1.3.0
70c90fe6d000-70c90fe6e000 r--p 00009000 b3:02 180183                     /usr/lib/libXrender.so.1.3.0
70c90fe6e000-70c90fe6f000 r--p 00009000 b3:02 180183                     /usr/lib/libXrender.so.1.3.0
70c90fe6f000-70c90fe70000 rw-p 0000a000 b3:02 180183                     /usr/lib/libXrender.so.1.3.0
70c90fe70000-70c90fe7f000 r--p 00000000 00:2b 46                         /tmp/lwjgl_zeph/3.3.4+7/x64/libglfw.so
70c90fe7f000-70c90fea0000 r-xp 0000f000 00:2b 46                         /tmp/lwjgl_zeph/3.3.4+7/x64/libglfw.so
70c90fea0000-70c90fed4000 r--p 00030000 00:2b 46                         /tmp/lwjgl_zeph/3.3.4+7/x64/libglfw.so
70c90fed4000-70c90fed5000 ---p 00064000 00:2b 46                         /tmp/lwjgl_zeph/3.3.4+7/x64/libglfw.so
70c90fed5000-70c90fed9000 r--p 00064000 00:2b 46                         /tmp/lwjgl_zeph/3.3.4+7/x64/libglfw.so
70c90fed9000-70c90fedc000 rw-p 00068000 00:2b 46                         /tmp/lwjgl_zeph/3.3.4+7/x64/libglfw.so
70c90fedc000-70c90feff000 rw-p 00000000 00:00 0 
70c90feff000-70c90ff00000 ---p 00000000 00:00 0 
70c90ff00000-70c90ff04000 ---p 00000000 00:00 0 
70c90ff04000-70c910000000 rw-p 00000000 00:00 0 
70c910000000-70c9113c2000 rw-p 00000000 00:00 0 
70c9113c2000-70c914000000 ---p 00000000 00:00 0 
70c914001000-70c914003000 r--p 00000000 b3:02 179607                     /usr/lib/libXfixes.so.3.1.0
70c914003000-70c914006000 r-xp 00002000 b3:02 179607                     /usr/lib/libXfixes.so.3.1.0
70c914006000-70c914007000 r--p 00005000 b3:02 179607                     /usr/lib/libXfixes.so.3.1.0
70c914007000-70c914008000 r--p 00005000 b3:02 179607                     /usr/lib/libXfixes.so.3.1.0
70c914008000-70c914009000 rw-p 00006000 b3:02 179607                     /usr/lib/libXfixes.so.3.1.0
70c914009000-70c91400b000 r--p 00000000 b3:02 182066                     /usr/lib/libXrandr.so.2.2.0
70c91400b000-70c914012000 r-xp 00002000 b3:02 182066                     /usr/lib/libXrandr.so.2.2.0
70c914012000-70c914014000 r--p 00009000 b3:02 182066                     /usr/lib/libXrandr.so.2.2.0
70c914014000-70c914015000 r--p 0000a000 b3:02 182066                     /usr/lib/libXrandr.so.2.2.0
70c914015000-70c914016000 rw-p 0000b000 b3:02 182066                     /usr/lib/libXrandr.so.2.2.0
70c914016000-70c914019000 r--p 00000000 b3:02 179612                     /usr/lib/libXi.so.6.1.0
70c914019000-70c914025000 r-xp 00003000 b3:02 179612                     /usr/lib/libXi.so.6.1.0
70c914025000-70c914027000 r--p 0000f000 b3:02 179612                     /usr/lib/libXi.so.6.1.0
70c914027000-70c914028000 r--p 00011000 b3:02 179612                     /usr/lib/libXi.so.6.1.0
70c914028000-70c914029000 rw-p 00012000 b3:02 179612                     /usr/lib/libXi.so.6.1.0
70c914029000-70c91402d000 r--p 00000000 b3:02 179542                     /usr/lib/libXext.so.6.4.0
70c91402d000-70c914038000 r-xp 00004000 b3:02 179542                     /usr/lib/libXext.so.6.4.0
70c914038000-70c91403c000 r--p 0000f000 b3:02 179542                     /usr/lib/libXext.so.6.4.0
70c91403c000-70c91403d000 r--p 00012000 b3:02 179542                     /usr/lib/libXext.so.6.4.0
70c91403d000-70c91403e000 rw-p 00013000 b3:02 179542                     /usr/lib/libXext.so.6.4.0
70c91403e000-70c91403f000 r--p 00000000 b3:02 181620                     /usr/lib/libXxf86vm.so.1.0.0
70c91403f000-70c914042000 r-xp 00001000 b3:02 181620                     /usr/lib/libXxf86vm.so.1.0.0
70c914042000-70c914043000 r--p 00004000 b3:02 181620                     /usr/lib/libXxf86vm.so.1.0.0
70c914043000-70c914044000 r--p 00004000 b3:02 181620                     /usr/lib/libXxf86vm.so.1.0.0
70c914044000-70c914045000 rw-p 00005000 b3:02 181620                     /usr/lib/libXxf86vm.so.1.0.0
70c914045000-70c914047000 r--p 00000000 b3:02 176297                     /usr/lib/libXdmcp.so.6.0.0
70c914047000-70c914049000 r-xp 00002000 b3:02 176297                     /usr/lib/libXdmcp.so.6.0.0
70c914049000-70c91404b000 r--p 00004000 b3:02 176297                     /usr/lib/libXdmcp.so.6.0.0
70c91404b000-70c91404c000 r--p 00005000 b3:02 176297                     /usr/lib/libXdmcp.so.6.0.0
70c91404c000-70c91404d000 rw-p 00006000 b3:02 176297                     /usr/lib/libXdmcp.so.6.0.0
70c91404d000-70c91404e000 r--p 00000000 b3:02 176301                     /usr/lib/libXau.so.6.0.0
70c91404e000-70c91404f000 r-xp 00001000 b3:02 176301                     /usr/lib/libXau.so.6.0.0
70c91404f000-70c914050000 r--p 00002000 b3:02 176301                     /usr/lib/libXau.so.6.0.0
70c914050000-70c914051000 r--p 00002000 b3:02 176301                     /usr/lib/libXau.so.6.0.0
70c914051000-70c914052000 rw-p 00003000 b3:02 176301                     /usr/lib/libXau.so.6.0.0
70c914052000-70c91405e000 r--p 00000000 b3:02 176386                     /usr/lib/libxcb.so.1.1.0
70c91405e000-70c914072000 r-xp 0000c000 b3:02 176386                     /usr/lib/libxcb.so.1.1.0
70c914072000-70c91407b000 r--p 00020000 b3:02 176386                     /usr/lib/libxcb.so.1.1.0
70c91407b000-70c91407c000 r--p 00028000 b3:02 176386                     /usr/lib/libxcb.so.1.1.0
70c91407c000-70c91407d000 rw-p 00029000 b3:02 176386                     /usr/lib/libxcb.so.1.1.0
70c91407d000-70c91407e000 r--p 00000000 b3:02 134499                     /usr/lib/librt.so.1
70c91407e000-70c91407f000 r-xp 00001000 b3:02 134499                     /usr/lib/librt.so.1
70c91407f000-70c914080000 r--p 00002000 b3:02 134499                     /usr/lib/librt.so.1
70c914080000-70c914081000 r--p 00002000 b3:02 134499                     /usr/lib/librt.so.1
70c914081000-70c914082000 rw-p 00003000 b3:02 134499                     /usr/lib/librt.so.1
70c914082000-70c9140ac000 r--p 00000000 00:2b 45                         /tmp/lwjgl_zeph/3.3.4+7/x64/liblwjgl.so
70c9140ac000-70c9140de000 r-xp 0002a000 00:2b 45                         /tmp/lwjgl_zeph/3.3.4+7/x64/liblwjgl.so
70c9140de000-70c9140f7000 r--p 0005c000 00:2b 45                         /tmp/lwjgl_zeph/3.3.4+7/x64/liblwjgl.so
70c9140f7000-70c9140f8000 r--p 00074000 00:2b 45                         /tmp/lwjgl_zeph/3.3.4+7/x64/liblwjgl.so
70c9140f8000-70c9140f9000 rw-p 00075000 00:2b 45                         /tmp/lwjgl_zeph/3.3.4+7/x64/liblwjgl.so
70c9140f9000-70c9140fa000 ---p 00000000 00:00 0 
70c9140fa000-70c9140fe000 ---p 00000000 00:00 0 
70c9140fe000-70c9141fa000 rw-p 00000000 00:00 0 
70c9141fa000-70c9141fb000 ---p 00000000 00:00 0 
70c9141fb000-70c9141ff000 ---p 00000000 00:00 0 
70c9141ff000-70c9142fb000 rw-p 00000000 00:00 0 
70c9142fb000-70c9142fc000 ---p 00000000 00:00 0 
70c9142fc000-70c914300000 ---p 00000000 00:00 0 
70c914300000-70c9143fc000 rw-p 00000000 00:00 0 
70c9143fc000-70c9143fd000 ---p 00000000 00:00 0 
70c9143fd000-70c914401000 ---p 00000000 00:00 0 
70c914401000-70c9144fd000 rw-p 00000000 00:00 0 
70c9144fd000-70c9144fe000 ---p 00000000 00:00 0 
70c9144fe000-70c914502000 ---p 00000000 00:00 0 
70c914502000-70c9145fe000 rw-p 00000000 00:00 0 
70c9145fe000-70c9145ff000 ---p 00000000 00:00 0 
70c9145ff000-70c914603000 ---p 00000000 00:00 0 
70c914603000-70c9146ff000 rw-p 00000000 00:00 0 
70c9146ff000-70c914700000 ---p 00000000 00:00 0 
70c914700000-70c914704000 ---p 00000000 00:00 0 
70c914704000-70c914800000 rw-p 00000000 00:00 0 
70c914800000-70c914aeb000 r--p 00000000 b3:02 175391                     /usr/lib/locale/locale-archive
70c914aed000-70c914aee000 rw-s 10e605000 00:10 1046                      anon_inode:i915.gem
70c914aee000-70c914aef000 r--p 00000000 b3:02 134494                     /usr/lib/libpthread.so.0
70c914aef000-70c914af0000 r-xp 00001000 b3:02 134494                     /usr/lib/libpthread.so.0
70c914af0000-70c914af1000 r--p 00002000 b3:02 134494                     /usr/lib/libpthread.so.0
70c914af1000-70c914af2000 r--p 00002000 b3:02 134494                     /usr/lib/libpthread.so.0
70c914af2000-70c914af3000 rw-p 00003000 b3:02 134494                     /usr/lib/libpthread.so.0
70c914af3000-70c914af4000 r--p 00000000 b3:02 134472                     /usr/lib/libdl.so.2
70c914af4000-70c914af5000 r-xp 00001000 b3:02 134472                     /usr/lib/libdl.so.2
70c914af5000-70c914af6000 r--p 00002000 b3:02 134472                     /usr/lib/libdl.so.2
70c914af6000-70c914af7000 r--p 00002000 b3:02 134472                     /usr/lib/libdl.so.2
70c914af7000-70c914af8000 rw-p 00003000 b3:02 134472                     /usr/lib/libdl.so.2
70c914af8000-70c914afd000 r--p 00000000 b3:02 329917                     /usr/lib/jvm/java-21-openjdk/lib/libjsvml.so
70c914afd000-70c914b3e000 r-xp 00005000 b3:02 329917                     /usr/lib/jvm/java-21-openjdk/lib/libjsvml.so
70c914b3e000-70c914bc7000 r--p 00046000 b3:02 329917                     /usr/lib/jvm/java-21-openjdk/lib/libjsvml.so
70c914bc7000-70c914bc8000 r--p 000ce000 b3:02 329917                     /usr/lib/jvm/java-21-openjdk/lib/libjsvml.so
70c914bc8000-70c914bc9000 rw-p 000cf000 b3:02 329917                     /usr/lib/jvm/java-21-openjdk/lib/libjsvml.so
70c914bc9000-70c914bca000 ---p 00000000 00:00 0 
70c914bca000-70c914cca000 rw-p 00000000 00:00 0 
70c914cca000-70c914ccb000 ---p 00000000 00:00 0 
70c914ccb000-70c914dcb000 rw-p 00000000 00:00 0 
70c914dcb000-70c914ea7000 rw-p 00000000 00:00 0 
70c914ea7000-70c914ea8000 ---p 00000000 00:00 0 
70c914ea8000-70c914fa8000 rw-p 00000000 00:00 0 
70c914fa8000-70c914fa9000 ---p 00000000 00:00 0 
70c914fa9000-70c9150a9000 rw-p 00000000 00:00 0 
70c9150a9000-70c9152ab000 rw-p 00000000 00:00 0 
70c9152ab000-70c9152ac000 ---p 00000000 00:00 0 
70c9152ac000-70c9153ac000 rw-p 00000000 00:00 0 
70c9153ac000-70c9153ad000 ---p 00000000 00:00 0 
70c9153ad000-70c9154ad000 rw-p 00000000 00:00 0 
70c9154ad000-70c9154ae000 ---p 00000000 00:00 0 
70c9154ae000-70c9155ae000 rw-p 00000000 00:00 0 
70c9155ae000-70c91569e000 rw-p 00000000 00:00 0 
70c91569e000-70c91646e000 ---p 00000000 00:00 0 
70c91646e000-70c916472000 rw-p 00000000 00:00 0 
70c916472000-70c916494000 rw-p 00000000 00:00 0 
70c916494000-70c91664e000 ---p 00000000 00:00 0 
70c91664e000-70c91666d000 rw-p 00000000 00:00 0 
70c91666d000-70c916827000 ---p 00000000 00:00 0 
70c916827000-70c916a2f000 rw-p 00000000 00:00 0 
70c916a2f000-70c916b15000 ---p 00000000 00:00 0 
70c916b15000-70c916b1a000 rw-p 00000000 00:00 0 
70c916b1a000-70c916c00000 ---p 00000000 00:00 0 
70c916c00000-70c916c97000 r--p 00000000 b3:02 133657                     /usr/lib/libstdc++.so.6.0.33
70c916c97000-70c916de4000 r-xp 00097000 b3:02 133657                     /usr/lib/libstdc++.so.6.0.33
70c916de4000-70c916e74000 r--p 001e4000 b3:02 133657                     /usr/lib/libstdc++.so.6.0.33
70c916e74000-70c916e81000 r--p 00274000 b3:02 133657                     /usr/lib/libstdc++.so.6.0.33
70c916e81000-70c916e82000 rw-p 00281000 b3:02 133657                     /usr/lib/libstdc++.so.6.0.33
70c916e82000-70c916e86000 rw-p 00000000 00:00 0 
70c916e86000-70c916e87000 rw-s 10e604000 00:10 1046                      anon_inode:i915.gem
70c916e87000-70c916e97000 rw-s 107618000 00:10 1046                      anon_inode:i915.gem
70c916e97000-70c916ea7000 rw-s 10e3f8000 00:10 1046                      anon_inode:i915.gem
70c916ea7000-70c916ea9000 r--p 00000000 b3:02 329933                     /usr/lib/jvm/java-21-openjdk/lib/libzip.so
70c916ea9000-70c916ead000 r-xp 00002000 b3:02 329933                     /usr/lib/jvm/java-21-openjdk/lib/libzip.so
70c916ead000-70c916eaf000 r--p 00006000 b3:02 329933                     /usr/lib/jvm/java-21-openjdk/lib/libzip.so
70c916eaf000-70c916eb0000 r--p 00007000 b3:02 329933                     /usr/lib/jvm/java-21-openjdk/lib/libzip.so
70c916eb0000-70c916eb1000 rw-p 00008000 b3:02 329933                     /usr/lib/jvm/java-21-openjdk/lib/libzip.so
70c916eb1000-70c916eb4000 r--p 00000000 b3:02 329924                     /usr/lib/jvm/java-21-openjdk/lib/libnet.so
70c916eb4000-70c916ebb000 r-xp 00003000 b3:02 329924                     /usr/lib/jvm/java-21-openjdk/lib/libnet.so
70c916ebb000-70c916ebd000 r--p 0000a000 b3:02 329924                     /usr/lib/jvm/java-21-openjdk/lib/libnet.so
70c916ebd000-70c916ebe000 r--p 0000b000 b3:02 329924                     /usr/lib/jvm/java-21-openjdk/lib/libnet.so
70c916ebe000-70c916ebf000 rw-p 0000c000 b3:02 329924                     /usr/lib/jvm/java-21-openjdk/lib/libnet.so
70c916ebf000-70c916f00000 rw-p 00000000 00:00 0 
70c916f00000-70c916f04000 ---p 00000000 00:00 0 
70c916f04000-70c917000000 rw-p 00000000 00:00 0 
70c917000000-70c91700e000 r--p 00000000 b3:02 329944                     /usr/lib/jvm/java-21-openjdk/lib/server/libjvm.so
70c91700e000-70c917fa0000 r-xp 0000e000 b3:02 329944                     /usr/lib/jvm/java-21-openjdk/lib/server/libjvm.so
70c917fa0000-70c91818f000 r--p 00fa0000 b3:02 329944                     /usr/lib/jvm/java-21-openjdk/lib/server/libjvm.so
70c91818f000-70c918260000 r--p 0118e000 b3:02 329944                     /usr/lib/jvm/java-21-openjdk/lib/server/libjvm.so
70c918260000-70c91828a000 rw-p 0125f000 b3:02 329944                     /usr/lib/jvm/java-21-openjdk/lib/server/libjvm.so
70c91828a000-70c9182f0000 rw-p 00000000 00:00 0 
70c9182f0000-70c9182f1000 rw-s 00000000 00:01 46384                      /memfd:xshmfence (deleted)
70c9182f1000-70c9182f2000 rw-p 00000000 00:00 0 
70c9182f2000-70c9182f3000 r-xp 0005a000 00:2b 45                         /tmp/lwjgl_zeph/3.3.4+7/x64/liblwjgl.so
70c9182f3000-70c9182f4000 rw-p 00000000 00:00 0 
70c9182f4000-70c9182fb000 r--p 00000000 b3:02 329925                     /usr/lib/jvm/java-21-openjdk/lib/libnio.so
70c9182fb000-70c918304000 r-xp 00007000 b3:02 329925                     /usr/lib/jvm/java-21-openjdk/lib/libnio.so
70c918304000-70c918309000 r--p 00010000 b3:02 329925                     /usr/lib/jvm/java-21-openjdk/lib/libnio.so
70c918309000-70c91830a000 r--p 00014000 b3:02 329925                     /usr/lib/jvm/java-21-openjdk/lib/libnio.so
70c91830a000-70c91830b000 rw-p 00015000 b3:02 329925                     /usr/lib/jvm/java-21-openjdk/lib/libnio.so
70c91830b000-70c91832b000 rw-p 00000000 00:00 0 
70c91832b000-70c918335000 r--p 00000000 b3:02 329907                     /usr/lib/jvm/java-21-openjdk/lib/libjava.so
70c918335000-70c918342000 r-xp 0000a000 b3:02 329907                     /usr/lib/jvm/java-21-openjdk/lib/libjava.so
70c918342000-70c918347000 r--p 00017000 b3:02 329907                     /usr/lib/jvm/java-21-openjdk/lib/libjava.so
70c918347000-70c918348000 r--p 0001b000 b3:02 329907                     /usr/lib/jvm/java-21-openjdk/lib/libjava.so
70c918348000-70c918349000 rw-p 0001c000 b3:02 329907                     /usr/lib/jvm/java-21-openjdk/lib/libjava.so
70c918349000-70c91834a000 rw-p 00000000 00:00 0 
70c91834a000-70c91834e000 r--p 00000000 b3:02 133624                     /usr/lib/libgcc_s.so.1
70c91834e000-70c918372000 r-xp 00004000 b3:02 133624                     /usr/lib/libgcc_s.so.1
70c918372000-70c918376000 r--p 00028000 b3:02 133624                     /usr/lib/libgcc_s.so.1
70c918376000-70c918377000 r--p 0002b000 b3:02 133624                     /usr/lib/libgcc_s.so.1
70c918377000-70c918378000 rw-p 0002c000 b3:02 133624                     /usr/lib/libgcc_s.so.1
70c918378000-70c918386000 r--p 00000000 b3:02 134477                     /usr/lib/libm.so.6
70c918386000-70c918409000 r-xp 0000e000 b3:02 134477                     /usr/lib/libm.so.6
70c918409000-70c918465000 r--p 00091000 b3:02 134477                     /usr/lib/libm.so.6
70c918465000-70c918466000 r--p 000ec000 b3:02 134477                     /usr/lib/libm.so.6
70c918466000-70c918467000 rw-p 000ed000 b3:02 134477                     /usr/lib/libm.so.6
70c918467000-70c91846a000 rw-p 00000000 00:00 0 
70c91846a000-70c91846d000 r--p 00000000 b3:02 138543                     /usr/lib/libz.so.1.3.1
70c91846d000-70c91847b000 r-xp 00003000 b3:02 138543                     /usr/lib/libz.so.1.3.1
70c91847b000-70c918481000 r--p 00011000 b3:02 138543                     /usr/lib/libz.so.1.3.1
70c918481000-70c918482000 r--p 00017000 b3:02 138543                     /usr/lib/libz.so.1.3.1
70c918482000-70c918483000 rw-p 00018000 b3:02 138543                     /usr/lib/libz.so.1.3.1
70c918483000-70c9184a7000 r--p 00000000 b3:02 134467                     /usr/lib/libc.so.6
70c9184a7000-70c918618000 r-xp 00024000 b3:02 134467                     /usr/lib/libc.so.6
70c918618000-70c918666000 r--p 00195000 b3:02 134467                     /usr/lib/libc.so.6
70c918666000-70c91866a000 r--p 001e3000 b3:02 134467                     /usr/lib/libc.so.6
70c91866a000-70c91866c000 rw-p 001e7000 b3:02 134467                     /usr/lib/libc.so.6
70c91866c000-70c918674000 rw-p 00000000 00:00 0 
70c918674000-70c918675000 rw-s 10e606000 00:10 1046                      anon_inode:i915.gem
70c918675000-70c918676000 rw-s 101d74000 00:10 1046                      anon_inode:i915.gem
70c918676000-70c918677000 rw-s 101d73000 00:10 1046                      anon_inode:i915.gem
70c918677000-70c918678000 rw-s 1000d3000 00:10 1046                      anon_inode:i915.gem
70c918678000-70c91867d000 rw-p 00000000 00:00 0 
70c91867d000-70c918684000 ---p 00000000 00:00 0 
70c918684000-70c91868c000 rw-s 00000000 00:2b 2600                       /tmp/hsperfdata_zeph/87109
70c91868c000-70c91868d000 ---p 00000000 00:00 0 
70c91868d000-70c91868e000 r--p 00000000 00:00 0 
70c91868e000-70c91868f000 ---p 00000000 00:00 0 
70c91868f000-70c918690000 r--p 00000000 b3:02 329913                     /usr/lib/jvm/java-21-openjdk/lib/libjimage.so
70c918690000-70c918692000 r-xp 00001000 b3:02 329913                     /usr/lib/jvm/java-21-openjdk/lib/libjimage.so
70c918692000-70c918693000 r--p 00003000 b3:02 329913                     /usr/lib/jvm/java-21-openjdk/lib/libjimage.so
70c918693000-70c918694000 r--p 00003000 b3:02 329913                     /usr/lib/jvm/java-21-openjdk/lib/libjimage.so
70c918694000-70c918695000 rw-p 00004000 b3:02 329913                     /usr/lib/jvm/java-21-openjdk/lib/libjimage.so
70c918695000-70c918697000 r--p 00000000 b3:02 329914                     /usr/lib/jvm/java-21-openjdk/lib/libjli.so
70c918697000-70c9186a1000 r-xp 00002000 b3:02 329914                     /usr/lib/jvm/java-21-openjdk/lib/libjli.so
70c9186a1000-70c9186a4000 r--p 0000c000 b3:02 329914                     /usr/lib/jvm/java-21-openjdk/lib/libjli.so
70c9186a4000-70c9186a5000 r--p 0000e000 b3:02 329914                     /usr/lib/jvm/java-21-openjdk/lib/libjli.so
70c9186a5000-70c9186a6000 rw-p 0000f000 b3:02 329914                     /usr/lib/jvm/java-21-openjdk/lib/libjli.so
70c9186a6000-70c9186a8000 rw-p 00000000 00:00 0 
70c9186a8000-70c9186ac000 r--p 00000000 00:00 0                          [vvar]
70c9186ac000-70c9186ae000 r-xp 00000000 00:00 0                          [vdso]
70c9186ae000-70c9186af000 r--p 00000000 b3:02 134458                     /usr/lib/ld-linux-x86-64.so.2
70c9186af000-70c9186d8000 r-xp 00001000 b3:02 134458                     /usr/lib/ld-linux-x86-64.so.2
70c9186d8000-70c9186e2000 r--p 0002a000 b3:02 134458                     /usr/lib/ld-linux-x86-64.so.2
70c9186e2000-70c9186e4000 r--p 00034000 b3:02 134458                     /usr/lib/ld-linux-x86-64.so.2
70c9186e4000-70c9186e6000 rw-p 00036000 b3:02 134458                     /usr/lib/ld-linux-x86-64.so.2
7ffdb09db000-7ffdb09fc000 rw-p 00000000 00:00 0                          [stack]
ffffffffff600000-ffffffffff601000 --xp 00000000 00:00 0                  [vsyscall]
Total number of mappings: 514


VM Arguments:
jvm_args: -Djava.library.path=lib/ -XX:+ShowCodeDetailsInExceptionMessages 
java_command: game.Main
java_class_path (initial): /home/zeph/mnt/JAVA/ZephyroGame/target/classes:/home/zeph/.m2/repository/org/l33tlabs/twl/pngdecoder/1.0/pngdecoder-1.0.jar:/home/zeph/.m2/repository/org/joml/joml/1.10.8/joml-1.10.8.jar:/home/zeph/.m2/repository/org/lwjgl/lwjgl/3.3.4/lwjgl-3.3.4.jar:/home/zeph/.m2/repository/org/lwjgl/lwjgl-assimp/3.3.4/lwjgl-assimp-3.3.4.jar:/home/zeph/.m2/repository/org/lwjgl/lwjgl-bgfx/3.3.4/lwjgl-bgfx-3.3.4.jar:/home/zeph/.m2/repository/org/lwjgl/lwjgl-cuda/3.3.4/lwjgl-cuda-3.3.4.jar:/home/zeph/.m2/repository/org/lwjgl/lwjgl-fmod/3.3.4/lwjgl-fmod-3.3.4.jar:/home/zeph/.m2/repository/org/lwjgl/lwjgl-glfw/3.3.4/lwjgl-glfw-3.3.4.jar:/home/zeph/.m2/repository/org/lwjgl/lwjgl-nanovg/3.3.4/lwjgl-nanovg-3.3.4.jar:/home/zeph/.m2/repository/org/lwjgl/lwjgl-nuklear/3.3.4/lwjgl-nuklear-3.3.4.jar:/home/zeph/.m2/repository/org/lwjgl/lwjgl-openal/3.3.4/lwjgl-openal-3.3.4.jar:/home/zeph/.m2/repository/org/lwjgl/lwjgl-opencl/3.3.4/lwjgl-opencl-3.3.4.jar:/home/zeph/.m2/repository/org/lwjgl/lwjgl-opengl/3.3.4/lwjgl-opengl-3.3.4.jar:/home/zeph/.m2/repository/org/lwjgl/lwjgl-par/3.3.4/lwjgl-par-3.3.4.jar:/home/zeph/.m2/repository/org/lwjgl/lwjgl-shaderc/3.3.4/lwjgl-shaderc-3.3.4.jar:/home/zeph/.m2/repository/org/lwjgl/lwjgl-stb/3.3.4/lwjgl-stb-3.3.4.jar:/home/zeph/.m2/repository/org/lwjgl/lwjgl-vulkan/3.3.4/lwjgl-vulkan-3.3.4.jar:/home/zeph/.m2/repository/org/lwjgl/lwjgl/3.3.4/lwjgl-3.3.4-natives-linux.jar:/home/zeph/.m2/repository/org/lwjgl/lwjgl-assimp/3.3.4/lwjgl-assimp-3.3.4-natives-linux.jar:/home/zeph/.m2/repository/org/lwjgl/lwjgl-bgfx/3.3.4/lwjgl-bgfx-3.3.4-natives-linux.jar:/home/zeph/.m2/repository/org/lwjgl/lwjgl-glfw/3.3.4/lwjgl-glfw-3.3.4-natives-linux.jar:/home/zeph/.m2/repository/org/lwjgl/lwjgl-nanovg/3.3.4/lwjgl-nanovg-3.3.4-natives-linux.jar:/home/zeph/.m2/repository/org/lwjgl/lwjgl-nuklear/3.3.4/lwjgl-nuklear-3.3.4-natives-linux.jar:/home/zeph/.m2/repository/org/lwjgl/lwjgl-openal/3.3.4/lwjgl-openal-3.3.4-natives-linux.jar:/home/zeph/.m2/repository/org/lwjgl/lwjgl-opengl/3.3.4/lwjgl-opengl-3.3.4-natives-linux.jar:/home/zeph/.m2/repository/org/lwjgl/lwjgl-par/3.3.4/lwjgl-par-3.3.4-natives-linux.jar:/home/zeph/.m2/repository/org/lwjgl/lwjgl-shaderc/3.3.4/lwjgl-shaderc-3.3.4-natives-linux.jar:/home/zeph/.m2/repository/org/lwjgl/lwjgl-stb/3.3.4/lwjgl-stb-3.3.4-natives-linux.jar
Launcher Type: SUN_STANDARD

[Global flags]
     intx CICompilerCount                          = 2                                         {product} {ergonomic}
     uint ConcGCThreads                            = 1                                         {product} {ergonomic}
     uint G1ConcRefinementThreads                  = 2                                         {product} {ergonomic}
   size_t G1HeapRegionSize                         = 1048576                                   {product} {ergonomic}
    uintx GCDrainStackTargetSize                   = 64                                        {product} {ergonomic}
   size_t InitialHeapSize                          = 62914560                                  {product} {ergonomic}
   size_t MarkStackSize                            = 4194304                                   {product} {ergonomic}
   size_t MaxHeapSize                              = 991952896                                 {product} {ergonomic}
   size_t MaxNewSize                               = 594542592                                 {product} {ergonomic}
   size_t MinHeapDeltaBytes                        = 1048576                                   {product} {ergonomic}
   size_t MinHeapSize                              = 8388608                                   {product} {ergonomic}
    uintx NonNMethodCodeHeapSize                   = 5826188                                {pd product} {ergonomic}
    uintx NonProfiledCodeHeapSize                  = 122916026                              {pd product} {ergonomic}
    uintx ProfiledCodeHeapSize                     = 122916026                              {pd product} {ergonomic}
    uintx ReservedCodeCacheSize                    = 251658240                              {pd product} {ergonomic}
     bool SegmentedCodeCache                       = true                                      {product} {ergonomic}
     bool ShowCodeDetailsInExceptionMessages       = true                                   {manageable} {command line}
   size_t SoftMaxHeapSize                          = 991952896                              {manageable} {ergonomic}
     bool UseCompressedOops                        = true                           {product lp64_product} {ergonomic}
     bool UseG1GC                                  = true                                      {product} {ergonomic}

Logging:
Log output configuration:
 #0: stdout all=warning uptime,level,tags foldmultilines=false
 #1: stderr all=off uptime,level,tags foldmultilines=false

Environment Variables:
PATH=/home/zeph/.cargo/bin:/usr/local/sbin:/usr/local/bin:/usr/bin:/usr/lib/jvm/default/bin:/usr/bin/site_perl:/usr/bin/vendor_perl:/usr/bin/core_perl
SHELL=/usr/bin/bash
DISPLAY=:0
LANG=en_US.UTF-8
TERM=xterm-256color

Active Locale:
LC_ALL=en_US.UTF-8
LC_COLLATE=en_US.UTF-8
LC_CTYPE=en_US.UTF-8
LC_MESSAGES=en_US.UTF-8
LC_MONETARY=en_US.UTF-8
LC_NUMERIC=en_US.UTF-8
LC_TIME=en_US.UTF-8

Signal Handlers:
   SIGSEGV: 0x000070c917c5f8d0 in libjvm.so+12974288, mask=11100100010111111101111111111110, flags=SA_RESTART|SA_SIGINFO, unblocked
    SIGBUS: 0x000070c917c5f8d0 in libjvm.so+12974288, mask=11100100010111111101111111111110, flags=SA_RESTART|SA_SIGINFO, unblocked
    SIGFPE: 0x000070c917c5f8d0 in libjvm.so+12974288, mask=11100100010111111101111111111110, flags=SA_RESTART|SA_SIGINFO, unblocked
   SIGPIPE: 0x000070c917b1df80 in libjvm.so+11657088, mask=11100100010111111101111111111110, flags=SA_RESTART|SA_SIGINFO, blocked
   SIGXFSZ: 0x000070c917b1df80 in libjvm.so+11657088, mask=11100100010111111101111111111110, flags=SA_RESTART|SA_SIGINFO, blocked
    SIGILL: 0x000070c917c5f8d0 in libjvm.so+12974288, mask=11100100010111111101111111111110, flags=SA_RESTART|SA_SIGINFO, unblocked
   SIGUSR2: 0x000070c917b2bad0 in libjvm.so+11713232, mask=00000000000000000000000000000000, flags=SA_RESTART|SA_SIGINFO, blocked
    SIGHUP: 0x000070c917b16540 in libjvm.so+11625792, mask=11100100010111111101111111111110, flags=SA_RESTART|SA_SIGINFO, blocked
    SIGINT: 0x000070c917b16540 in libjvm.so+11625792, mask=11100100010111111101111111111110, flags=SA_RESTART|SA_SIGINFO, blocked
   SIGTERM: 0x000070c917b16540 in libjvm.so+11625792, mask=11100100010111111101111111111110, flags=SA_RESTART|SA_SIGINFO, blocked
   SIGQUIT: 0x000070c917b16540 in libjvm.so+11625792, mask=11100100010111111101111111111110, flags=SA_RESTART|SA_SIGINFO, blocked
   SIGTRAP: 0x000070c917c5f8d0 in libjvm.so+12974288, mask=11100100010111111101111111111110, flags=SA_RESTART|SA_SIGINFO, unblocked


Periodic native trim disabled

---------------  S Y S T E M  ---------------

OS:
NAME="Arch Linux"
PRETTY_NAME="Arch Linux"
ID=arch
BUILD_ID=rolling
ANSI_COLOR="38;2;23;147;209"
HOME_URL="https://archlinux.org/"
DOCUMENTATION_URL="https://wiki.archlinux.org/"
SUPPORT_URL="https://bbs.archlinux.org/"
BUG_REPORT_URL="https://gitlab.archlinux.org/groups/archlinux/-/issues"
PRIVACY_POLICY_URL="https://terms.archlinux.org/docs/privacy-policy/"
LOGO=archlinux-logo
uname: Linux 6.11.9-arch1-1 #1 SMP PREEMPT_DYNAMIC Sun, 17 Nov 2024 16:06:17 +0000 x86_64
OS uptime: 0 days 3:11 hours
libc: glibc 2.40 NPTL 2.40 
rlimit (soft/hard): STACK 8192k/infinity , CORE infinity/infinity , NPROC 14744/14744 , NOFILE 524288/524288 , AS infinity/infinity , CPU infinity/infinity , DATA infinity/infinity , FSIZE infinity/infinity , MEMLOCK 8192k/8192k
load average: 4.54 3.48 1.97

/proc/meminfo:
MemTotal:        3869884 kB
MemFree:          543960 kB
MemAvailable:    1193376 kB
Buffers:            8608 kB
Cached:          1217728 kB
SwapCached:         3440 kB
Active:          1748616 kB
Inactive:         715084 kB
Active(anon):    1117524 kB
Inactive(anon):   508164 kB
Active(file):     631092 kB
Inactive(file):   206920 kB
Unevictable:      269248 kB
Mlocked:               0 kB
SwapTotal:       1934844 kB
SwapFree:         441440 kB
Zswap:                 0 kB
Zswapped:              0 kB
Dirty:               256 kB
Writeback:            24 kB
AnonPages:       1491108 kB
Mapped:           384272 kB
Shmem:            388240 kB
KReclaimable:      40032 kB
Slab:             113108 kB
SReclaimable:      40032 kB
SUnreclaim:        73076 kB
KernelStack:       10832 kB
PageTables:        28864 kB
SecPageTables:         0 kB
NFS_Unstable:          0 kB
Bounce:                0 kB
WritebackTmp:          0 kB
CommitLimit:     3869784 kB
Committed_AS:   11238456 kB
VmallocTotal:   34359738367 kB
VmallocUsed:       55416 kB
VmallocChunk:          0 kB
Percpu:             1008 kB
HardwareCorrupted:     0 kB
AnonHugePages:    366592 kB
ShmemHugePages:        0 kB
ShmemPmdMapped:        0 kB
FileHugePages:    184320 kB
FilePmdMapped:    176128 kB
CmaTotal:              0 kB
CmaFree:               0 kB
Unaccepted:            0 kB
HugePages_Total:       0
HugePages_Free:        0
HugePages_Rsvd:        0
HugePages_Surp:        0
Hugepagesize:       2048 kB
Hugetlb:               0 kB
DirectMap4k:      138696 kB
DirectMap2M:     3915776 kB
DirectMap1G:     2097152 kB

/sys/kernel/mm/transparent_hugepage/enabled: [always] madvise never
/sys/kernel/mm/transparent_hugepage/hpage_pmd_size: 2097152
/sys/kernel/mm/transparent_hugepage/defrag (defrag/compaction efforts parameter): always defer defer+madvise [madvise] never

Process Memory:
Virtual Size: 3848644K (peak: 3848776K)
Resident Set Size: 159160K (peak: 161156K) (anon: 72180K, file: 85940K, shmem: 1040K)
Swapped out: 0K
C-Heap outstanding allocations: 27073K, retained: 4175K
glibc malloc tunables: (default)

/proc/sys/kernel/threads-max (system-wide limit on the number of threads): 29488
/proc/sys/vm/max_map_count (maximum number of memory map areas a process may have): 1048576
/proc/sys/vm/swappiness (control to define how aggressively the kernel swaps out anonymous memory): 60
/proc/sys/kernel/pid_max (system-wide limit on number of process identifiers): 4194304

container (cgroup) information:
container_type: cgroupv2
cpu_cpuset_cpus: not supported
cpu_memory_nodes: not supported
active_processor_count: 2
cpu_quota: no quota
cpu_period: 100000
cpu_shares: no shares
memory_limit_in_bytes: unlimited
memory_and_swap_limit_in_bytes: unlimited
memory_soft_limit_in_bytes: unlimited
memory_usage_in_bytes: 2480852 k
memory_max_usage_in_bytes: not supported
memory_swap_current_in_bytes: 1413880 k
memory_swap_max_limit_in_bytes: unlimited
maximum number of tasks: unlimited
current number of tasks: 494

Steal ticks since vm start: 0
Steal ticks percentage since vm start:  0.000

CPU: total 2 (initial active 2) (2 cores per cpu, 1 threads per core) family 6 model 122 stepping 1 microcode 0x42, cx8, cmov, fxsr, mmx, 3dnowpref, sse, sse2, sse3, ssse3, sse4.1, sse4.2, popcnt, tsc, tscinvbit, aes, erms, clmul, sha, clflush, clflushopt, rdtscp, rdpid
CPU Model and flags from /proc/cpuinfo:
model name	: Intel(R) Celeron(R) N4000 CPU @ 1.10GHz
flags		: fpu vme de pse tsc msr pae mce cx8 apic sep mtrr pge mca cmov pat pse36 clflush dts acpi mmx fxsr sse sse2 ss ht tm pbe syscall nx pdpe1gb rdtscp lm constant_tsc art arch_perfmon pebs bts rep_good nopl xtopology nonstop_tsc cpuid aperfmperf tsc_known_freq pni pclmulqdq dtes64 monitor ds_cpl vmx est tm2 ssse3 sdbg cx16 xtpr pdcm sse4_1 sse4_2 x2apic movbe popcnt tsc_deadline_timer aes xsave rdrand lahf_lm 3dnowprefetch cpuid_fault cat_l2 pti cdp_l2 ssbd ibrs ibpb stibp ibrs_enhanced tpr_shadow flexpriority ept vpid ept_ad fsgsbase tsc_adjust smep erms mpx rdt_a rdseed smap clflushopt intel_pt sha_ni xsaveopt xsavec xgetbv1 xsaves dtherm ida arat pln pts vnmi umip rdpid md_clear arch_capabilities

Online cpus: 0-1
Offline cpus: 
BIOS frequency limitation: <Not Available>
Frequency switch latency (ns): 20000
Available cpu frequencies: <Not Available>
Current governor: schedutil
Core performance/turbo boost: <Not Available>

Memory: 4k page, physical 3869884k(1193376k free), swap 1934844k(441440k free)
Page Sizes: 4k

vm_info: OpenJDK 64-Bit Server VM (21.0.5+11) for linux-amd64 JRE (21.0.5+11), built on 2024-10-16T10:19:33Z by "builduser" with gcc 14.2.1 20240910

END.
