#
# A fatal error has been detected by the Java Runtime Environment:
#
#  SIGSEGV (0xb) at pc=0x00007b7aab31670d, pid=495774, tid=495776
#
# JRE version: OpenJDK Runtime Environment (21.0.5+11) (build 21.0.5+11)
# Java VM: OpenJDK 64-Bit Server VM (21.0.5+11, mixed mode, sharing, tiered, compressed oops, compressed class ptrs, g1 gc, linux-amd64)
# Problematic frame:
# C  [libc.so.6+0xb070d]
#
# Core dump will be written. Default location: Core dumps may be processed with "/usr/lib/systemd/systemd-coredump %P %u %g %s %t %c %h" (or dumping to /home/zeph/mnt/JAVA/ZephyroGame/core.495774)
#
# If you would like to submit a bug report, please visit:
#   https://bugreport.java.com/bugreport/crash.jsp
# The crash happened outside the Java Virtual Machine in native code.
# See problematic frame for where to report the bug.
#

---------------  S U M M A R Y ------------

Command Line: -Djava.library.path=lib/ -XX:+ShowCodeDetailsInExceptionMessages game.Main

Host: Intel(R) Celeron(R) N4000 CPU @ 1.10GHz, 2 cores, 3G, Arch Linux
Time: Wed Nov 20 21:05:31 2024 UTC elapsed time: 2.233890 seconds (0d 0h 0m 2s)

---------------  T H R E A D  ---------------

Current thread (0x00007b7aa4019710):  JavaThread "main"             [_thread_in_native, id=495776, stack(0x00007b7aa9d00000,0x00007b7aa9e00000) (1024K)]

Stack: [0x00007b7aa9d00000,0x00007b7aa9e00000],  sp=0x00007b7aa9dfe3e8,  free space=1016k
Native frames: (J=compiled Java code, j=interpreted, Vv=VM code, C=native code)
C  [libc.so.6+0xb070d]
C  [libgallium-24.2.7-arch1.1.so+0x262a3c]
C  [libgallium-24.2.7-arch1.1.so+0x2638c3]
C  [libgallium-24.2.7-arch1.1.so+0x268b28]
j  org.lwjgl.opengl.GL15C.nglBufferData(IJJI)V+0
j  org.lwjgl.opengl.GL15C.glBufferData(ILjava/nio/FloatBuffer;I)V+15
j  org.lwjgl.opengl.GL15.glBufferData(ILjava/nio/FloatBuffer;I)V+3
j  game.Display.Shader.addVertexData(Ljava/nio/FloatBuffer;)V+14
j  game.Display.Display.init()V+110
j  game.Display.Display.run()V+1
j  game.Main.main([Ljava/lang/String;)V+3
v  ~StubRoutines::call_stub 0x00007b7a93b38cc4
V  [libjvm.so+0x6d0894]
V  [libjvm.so+0xd8dc42]
V  [libjvm.so+0x7437b1]
C  [libjli.so+0x5507]
C  [libjli.so+0x574d]
C  [libc.so.6+0x9439d]
Java frames: (J=compiled Java code, j=interpreted, Vv=VM code)
j  org.lwjgl.opengl.GL15C.nglBufferData(IJJI)V+0
j  org.lwjgl.opengl.GL15C.glBufferData(ILjava/nio/FloatBuffer;I)V+15
j  org.lwjgl.opengl.GL15.glBufferData(ILjava/nio/FloatBuffer;I)V+3
j  game.Display.Shader.addVertexData(Ljava/nio/FloatBuffer;)V+14
j  game.Display.Display.init()V+110
j  game.Display.Display.run()V+1
j  game.Main.main([Ljava/lang/String;)V+3
v  ~StubRoutines::call_stub 0x00007b7a93b38cc4

siginfo: si_signo: 11 (SIGSEGV), si_code: 1 (SEGV_MAPERR), si_addr: 0x0000000000000010

Registers:
RAX=0x00007b7a8c0010c0, RBX=0x0000000000000020, RCX=0x0000000000000000, RDX=0x0000000000000020
RSP=0x00007b7aa9dfe3e8, RBP=0x00007b7aa9dfe470, RSI=0x0000000000000010, RDI=0x00007b7a8c0010c0
R8 =0x0000000000000027, R9 =0x0000000102846000, R10=0x0000000000000001, R11=0x0000000000000246
R12=0x00007b7aa47f5ac0, R13=0x00007b7aa44f12e0, R14=0x0000000000000010, R15=0x0000000000000000
RIP=0x00007b7aab31670d, EFLAGS=0x0000000000010202, CSGSFS=0x002b000000000033, ERR=0x0000000000000004
  TRAPNO=0x000000000000000e


Register to memory mapping:

RAX=0x00007b7a8c0010c0 points into unknown readable memory: 0x0000000000000000 | 00 00 00 00 00 00 00 00
RBX=0x0000000000000020 is an unknown value
RCX=0x0 is null
RDX=0x0000000000000020 is an unknown value
RSP=0x00007b7aa9dfe3e8 is pointing into the stack for thread: 0x00007b7aa4019710
RBP=0x00007b7aa9dfe470 is pointing into the stack for thread: 0x00007b7aa4019710
RSI=0x0000000000000010 is an unknown value
RDI=0x00007b7a8c0010c0 points into unknown readable memory: 0x0000000000000000 | 00 00 00 00 00 00 00 00
R8 =0x0000000000000027 is an unknown value
R9 =0x0000000102846000 is an unknown value
R10=0x0000000000000001 is an unknown value
R11=0x0000000000000246 is an unknown value
R12=0x00007b7aa47f5ac0 points into unknown readable memory: 0x0000000000000002 | 02 00 00 00 00 00 00 00
R13=0x00007b7aa44f12e0 points into unknown readable memory: 0x00007b7aa4454a30 | 30 4a 45 a4 7a 7b 00 00
R14=0x0000000000000010 is an unknown value
R15=0x0 is null

Top of Stack: (sp=0x00007b7aa9dfe3e8)
0x00007b7aa9dfe3e8:   00007b7a79ecea30 00007b7aa9dfe420
0x00007b7aa9dfe3f8:   00007b7aa9dfe4a0 00007b7aa47f5ac0
0x00007b7aa9dfe408:   00007b7aa4454a30 0000000000000005
0x00007b7aa9dfe418:   00007b7aa50eed38 0000002000000000
0x00007b7aa9dfe428:   0000000100000000 00007b7a00010000
0x00007b7aa9dfe438:   8d696ae979c0eb00 00000000000003d8
0x00007b7aa9dfe448:   00007b7a847b4010 0000000000008892
0x00007b7aa9dfe458:   0000000000000020 00007b7aa44f12e0
0x00007b7aa9dfe468:   00007b7aa50cfcb0 00007b7aa9dfe550
0x00007b7aa9dfe478:   00007b7a79a62a3c 00007b7aa9dfe680
0x00007b7aa9dfe488:   00000103000088e4 00007b7aa4454a30
0x00007b7aa9dfe498:   0000000000000010 0000000000000000
0x00007b7aa9dfe4a8:   0000000000000000 0000000000000000
0x00007b7aa9dfe4b8:   0000000000000000 0000000000000000
0x00007b7aa9dfe4c8:   0000000000000000 0000000000000000
0x00007b7aa9dfe4d8:   0000000000000000 0001000100000020
0x00007b7aa9dfe4e8:   0000000000310001 0000001000000000
0x00007b7aa9dfe4f8:   0000000000000000 0000000000000000
0x00007b7aa9dfe508:   0000000000000000 00007b7a245df5f0
0x00007b7aa9dfe518:   8d696ae979c0eb00 00007b7aa9dfe550
0x00007b7aa9dfe528:   00007b7a847b4010 00007b7aa50cfcb0
0x00007b7aa9dfe538:   00000000000088e4 0000000000008892
0x00007b7aa9dfe548:   00007b7a7aeed9d1 00007b7aa9dfe5b0
0x00007b7aa9dfe558:   00007b7a79a638c3 00007b7aa50cfcb0
0x00007b7aa9dfe568:   00007b7a79a6388b 0000000000000010
0x00007b7aa9dfe578:   0000000000000020 00007b7a30011bf0
0x00007b7aa9dfe588:   00007b7a7aeed9d1 0000000000000010
0x00007b7aa9dfe598:   00000000000088e4 0000000000008892
0x00007b7aa9dfe5a8:   00007b7a847b4010 00007b7aa9dfe610
0x00007b7aa9dfe5b8:   00007b7a79a68b28 00007b7a7aeed9d1
0x00007b7aa9dfe5c8:   00007b7a79a68b06 0000000000000000
0x00007b7aa9dfe5d8:   0000000000000020 0000000000000000 

Instructions: (pc=0x00007b7aab31670d)
0x00007b7aab31660d:   f3 a4 fc c3 66 2e 0f 1f 84 00 00 00 00 00 66 2e
0x00007b7aab31661d:   0f 1f 84 00 00 00 00 00 66 2e 0f 1f 84 00 00 00
0x00007b7aab31662d:   00 00 66 2e 0f 1f 84 00 00 00 00 00 0f 1f 80 00
0x00007b7aab31663d:   00 00 00 f3 0f 1e fa 48 39 d1 0f 82 c3 4a 07 00
0x00007b7aab31664d:   0f 1f 00 f3 0f 1e fa 48 89 f8 48 01 d0 eb 1b 0f
0x00007b7aab31665d:   1f 40 00 f3 0f 1e fa 48 39 d1 0f 82 a3 4a 07 00
0x00007b7aab31666d:   0f 1f 00 f3 0f 1e fa 48 89 f8 48 83 fa 10 0f 82
0x00007b7aab31667d:   af 00 00 00 0f 10 06 48 83 fa 20 0f 87 0f 01 00
0x00007b7aab31668d:   00 0f 10 4c 16 f0 0f 11 07 0f 11 4c 17 f0 c3 0f
0x00007b7aab31669d:   1f 40 00 f3 0f 1e fa 48 39 d1 0f 82 63 4a 07 00
0x00007b7aab3166ad:   0f 1f 00 f3 0f 1e fa 48 89 f8 48 01 d0 eb 4b 0f
0x00007b7aab3166bd:   1f 40 00 f3 0f 1e fa 48 39 d1 0f 82 43 4a 07 00
0x00007b7aab3166cd:   66 66 2e 0f 1f 84 00 00 00 00 00 66 66 2e 0f 1f
0x00007b7aab3166dd:   84 00 00 00 00 00 66 66 2e 0f 1f 84 00 00 00 00
0x00007b7aab3166ed:   00 66 66 2e 0f 1f 84 00 00 00 00 00 0f 1f 80 00
0x00007b7aab3166fd:   00 00 00 f3 0f 1e fa 48 89 f8 48 83 fa 10 72 23
0x00007b7aab31670d:   0f 10 06 48 83 fa 20 77 7a 0f 10 4c 16 f0 0f 11
0x00007b7aab31671d:   07 0f 11 4c 17 f0 c3 66 66 2e 0f 1f 84 00 00 00
0x00007b7aab31672d:   00 00 90 83 fa 08 73 2b 83 fa 04 73 16 83 fa 01
0x00007b7aab31673d:   7c 10 8a 0e 74 0a 0f b7 74 16 fe 66 89 74 17 fe
0x00007b7aab31674d:   88 0f c3 8b 4c 16 fc 8b 36 89 4c 17 fc 89 37 c3
0x00007b7aab31675d:   0f 1f 00 48 8b 4c 16 f8 48 8b 36 48 89 37 48 89
0x00007b7aab31676d:   4c 17 f8 c3 0f 10 54 16 f0 0f 10 5c 16 e0 0f 11
0x00007b7aab31677d:   07 0f 11 4f 10 0f 11 54 17 f0 0f 11 5c 17 e0 c3
0x00007b7aab31678d:   0f 1f 00 48 3b 15 81 6a 13 00 0f 87 64 01 00 00
0x00007b7aab31679d:   48 81 fa 80 00 00 00 77 4a 0f 10 4e 10 48 83 fa
0x00007b7aab3167ad:   40 76 c1 0f 10 56 20 0f 10 5e 30 0f 10 64 16 f0
0x00007b7aab3167bd:   0f 10 6c 16 e0 0f 10 74 16 d0 0f 10 7c 16 c0 0f
0x00007b7aab3167cd:   11 07 0f 11 4f 10 0f 11 57 20 0f 11 5f 30 0f 11
0x00007b7aab3167dd:   64 17 f0 0f 11 6c 17 e0 0f 11 74 17 d0 0f 11 7c
0x00007b7aab3167ed:   17 c0 c3 48 89 f9 48 29 f1 48 39 d1 0f 82 91 00
0x00007b7aab3167fd:   00 00 48 3b 15 32 da 13 00 0f 87 14 01 00 00 4c 


Stack slot to memory mapping:

stack at sp + 0 slots: 0x00007b7a79ecea30: <offset 0x00000000006cea30> in /usr/lib/libgallium-24.2.7-arch1.1.so at 0x00007b7a79800000
stack at sp + 1 slots: 0x00007b7aa9dfe420 is pointing into the stack for thread: 0x00007b7aa4019710
stack at sp + 2 slots: 0x00007b7aa9dfe4a0 is pointing into the stack for thread: 0x00007b7aa4019710
stack at sp + 3 slots: 0x00007b7aa47f5ac0 points into unknown readable memory: 0x0000000000000002 | 02 00 00 00 00 00 00 00
stack at sp + 4 slots: 0x00007b7aa4454a30 points into unknown readable memory: 0x0000000000000000 | 00 00 00 00 00 00 00 00
stack at sp + 5 slots: 0x0000000000000005 is an unknown value
stack at sp + 6 slots: 0x00007b7aa50eed38 points into unknown readable memory: 0x00007b7aa47f5ac0 | c0 5a 7f a4 7a 7b 00 00
stack at sp + 7 slots: 0x0000002000000000 is an unknown value


---------------  P R O C E S S  ---------------

Threads class SMR info:
_java_thread_list=0x00007b7aa40e9c50, length=10, elements={
0x00007b7aa4019710, 0x00007b7aa40d0990, 0x00007b7aa40d2020, 0x00007b7aa40d37b0,
0x00007b7aa40d4df0, 0x00007b7aa40d6390, 0x00007b7aa40d7ed0, 0x00007b7aa40d9590,
0x00007b7aa40e59e0, 0x00007b7aa40e8b10
}

Java Threads: ( => current thread )
=>0x00007b7aa4019710 JavaThread "main"                              [_thread_in_native, id=495776, stack(0x00007b7aa9d00000,0x00007b7aa9e00000) (1024K)]
  0x00007b7aa40d0990 JavaThread "Reference Handler"          daemon [_thread_blocked, id=495784, stack(0x00007b7a85b00000,0x00007b7a85c00000) (1024K)]
  0x00007b7aa40d2020 JavaThread "Finalizer"                  daemon [_thread_blocked, id=495785, stack(0x00007b7a859ff000,0x00007b7a85aff000) (1024K)]
  0x00007b7aa40d37b0 JavaThread "Signal Dispatcher"          daemon [_thread_blocked, id=495786, stack(0x00007b7a858fe000,0x00007b7a859fe000) (1024K)]
  0x00007b7aa40d4df0 JavaThread "Service Thread"             daemon [_thread_blocked, id=495787, stack(0x00007b7a857fd000,0x00007b7a858fd000) (1024K)]
  0x00007b7aa40d6390 JavaThread "Monitor Deflation Thread"   daemon [_thread_blocked, id=495788, stack(0x00007b7a856fc000,0x00007b7a857fc000) (1024K)]
  0x00007b7aa40d7ed0 JavaThread "C2 CompilerThread0"         daemon [_thread_blocked, id=495789, stack(0x00007b7a855fb000,0x00007b7a856fb000) (1024K)]
  0x00007b7aa40d9590 JavaThread "C1 CompilerThread0"         daemon [_thread_blocked, id=495790, stack(0x00007b7a854fa000,0x00007b7a855fa000) (1024K)]
  0x00007b7aa40e59e0 JavaThread "Notification Thread"        daemon [_thread_blocked, id=495791, stack(0x00007b7a853f9000,0x00007b7a854f9000) (1024K)]
  0x00007b7aa40e8b10 JavaThread "Common-Cleaner"             daemon [_thread_blocked, id=495792, stack(0x00007b7a852f8000,0x00007b7a853f8000) (1024K)]
Total: 10

Other Threads:
  0x00007b7aa40c7880 VMThread "VM Thread"                           [id=495783, stack(0x00007b7a85f00000,0x00007b7a86000000) (1024K)]
  0x00007b7aa40b60f0 WatcherThread "VM Periodic Task Thread"        [id=495782, stack(0x00007b7a8c0fc000,0x00007b7a8c1fc000) (1024K)]
  0x00007b7aa4052260 WorkerThread "GC Thread#0"                     [id=495777, stack(0x00007b7aa9176000,0x00007b7aa9276000) (1024K)]
  0x00007b7a1c006300 WorkerThread "GC Thread#1"                     [id=495809, stack(0x00007b7a842b0000,0x00007b7a843b0000) (1024K)]
  0x00007b7aa405ae70 ConcurrentGCThread "G1 Main Marker"            [id=495778, stack(0x00007b7aa8100000,0x00007b7aa8200000) (1024K)]
  0x00007b7aa405be20 WorkerThread "G1 Conc#0"                       [id=495779, stack(0x00007b7aa3f00000,0x00007b7aa4000000) (1024K)]
  0x00007b7aa409b920 ConcurrentGCThread "G1 Refine#0"               [id=495780, stack(0x00007b7a8c2fe000,0x00007b7a8c3fe000) (1024K)]
  0x00007b7aa409c8e0 ConcurrentGCThread "G1 Service"                [id=495781, stack(0x00007b7a8c1fd000,0x00007b7a8c2fd000) (1024K)]
Total: 8

Threads with active compile tasks:
Total: 0

VM state: not at safepoint (normal execution)

VM Mutex/Monitor currently owned by a thread: None

Heap address: 0x00000000c4e00000, size: 946 MB, Compressed Oops mode: 32-bit

CDS archive(s) mapped at: [0x00007b7a2f000000-0x00007b7a2fc97000-0x00007b7a2fc97000), size 13201408, SharedBaseAddress: 0x00007b7a2f000000, ArchiveRelocationMode: 1.
Compressed class space mapped at: 0x00007b7a30000000-0x00007b7a70000000, reserved size: 1073741824
Narrow klass base: 0x00007b7a2f000000, Narrow klass shift: 0, Narrow klass range: 0x100000000

GC Precious Log:
 CardTable entry size: 512
 Card Set container configuration: InlinePtr #cards 5 size 8 Array Of Cards #cards 12 size 40 Howl #buckets 4 coarsen threshold 1843 Howl Bitmap #cards 512 size 80 coarsen threshold 460 Card regions per heap region 1 cards per card region 2048
 CPUs: 2 total, 2 available
 Memory: 3780M
 Large Page Support: Disabled
 NUMA Support: Disabled
 Compressed Oops: Enabled (32-bit)
 Heap Region Size: 1M
 Heap Min Capacity: 8M
 Heap Initial Capacity: 60M
 Heap Max Capacity: 946M
 Pre-touch: Disabled
 Parallel Workers: 2
 Concurrent Workers: 1
 Concurrent Refinement Workers: 2
 Periodic GC: Disabled

Heap:
 garbage-first heap   total 63488K, used 5917K [0x00000000c4e00000, 0x0000000100000000)
  region size 1024K, 6 young (6144K), 1 survivors (1024K)
 Metaspace       used 5816K, committed 6016K, reserved 1114112K
  class space    used 275K, committed 384K, reserved 1048576K

Heap Regions: E=young(eden), S=young(survivor), O=old, HS=humongous(starts), HC=humongous(continues), CS=collection set, F=free, TAMS=top-at-mark-start, PB=parsable bottom
|   0|0x00000000c4e00000, 0x00000000c4ebb010, 0x00000000c4f00000| 73%| O|  |TAMS 0x00000000c4e00000| PB 0x00000000c4e00000| Untracked 
|   1|0x00000000c4f00000, 0x00000000c4f00000, 0x00000000c5000000|  0%| F|  |TAMS 0x00000000c4f00000| PB 0x00000000c4f00000| Untracked 
|   2|0x00000000c5000000, 0x00000000c5000000, 0x00000000c5100000|  0%| F|  |TAMS 0x00000000c5000000| PB 0x00000000c5000000| Untracked 
|   3|0x00000000c5100000, 0x00000000c5100000, 0x00000000c5200000|  0%| F|  |TAMS 0x00000000c5100000| PB 0x00000000c5100000| Untracked 
|   4|0x00000000c5200000, 0x00000000c5200000, 0x00000000c5300000|  0%| F|  |TAMS 0x00000000c5200000| PB 0x00000000c5200000| Untracked 
|   5|0x00000000c5300000, 0x00000000c5300000, 0x00000000c5400000|  0%| F|  |TAMS 0x00000000c5300000| PB 0x00000000c5300000| Untracked 
|   6|0x00000000c5400000, 0x00000000c5400000, 0x00000000c5500000|  0%| F|  |TAMS 0x00000000c5400000| PB 0x00000000c5400000| Untracked 
|   7|0x00000000c5500000, 0x00000000c5500000, 0x00000000c5600000|  0%| F|  |TAMS 0x00000000c5500000| PB 0x00000000c5500000| Untracked 
|   8|0x00000000c5600000, 0x00000000c5600000, 0x00000000c5700000|  0%| F|  |TAMS 0x00000000c5600000| PB 0x00000000c5600000| Untracked 
|   9|0x00000000c5700000, 0x00000000c5700000, 0x00000000c5800000|  0%| F|  |TAMS 0x00000000c5700000| PB 0x00000000c5700000| Untracked 
|  10|0x00000000c5800000, 0x00000000c5800000, 0x00000000c5900000|  0%| F|  |TAMS 0x00000000c5800000| PB 0x00000000c5800000| Untracked 
|  11|0x00000000c5900000, 0x00000000c5900000, 0x00000000c5a00000|  0%| F|  |TAMS 0x00000000c5900000| PB 0x00000000c5900000| Untracked 
|  12|0x00000000c5a00000, 0x00000000c5a00000, 0x00000000c5b00000|  0%| F|  |TAMS 0x00000000c5a00000| PB 0x00000000c5a00000| Untracked 
|  13|0x00000000c5b00000, 0x00000000c5b00000, 0x00000000c5c00000|  0%| F|  |TAMS 0x00000000c5b00000| PB 0x00000000c5b00000| Untracked 
|  14|0x00000000c5c00000, 0x00000000c5c00000, 0x00000000c5d00000|  0%| F|  |TAMS 0x00000000c5c00000| PB 0x00000000c5c00000| Untracked 
|  15|0x00000000c5d00000, 0x00000000c5d00000, 0x00000000c5e00000|  0%| F|  |TAMS 0x00000000c5d00000| PB 0x00000000c5d00000| Untracked 
|  16|0x00000000c5e00000, 0x00000000c5e00000, 0x00000000c5f00000|  0%| F|  |TAMS 0x00000000c5e00000| PB 0x00000000c5e00000| Untracked 
|  17|0x00000000c5f00000, 0x00000000c5f00000, 0x00000000c6000000|  0%| F|  |TAMS 0x00000000c5f00000| PB 0x00000000c5f00000| Untracked 
|  18|0x00000000c6000000, 0x00000000c6000000, 0x00000000c6100000|  0%| F|  |TAMS 0x00000000c6000000| PB 0x00000000c6000000| Untracked 
|  19|0x00000000c6100000, 0x00000000c6100000, 0x00000000c6200000|  0%| F|  |TAMS 0x00000000c6100000| PB 0x00000000c6100000| Untracked 
|  20|0x00000000c6200000, 0x00000000c6200000, 0x00000000c6300000|  0%| F|  |TAMS 0x00000000c6200000| PB 0x00000000c6200000| Untracked 
|  21|0x00000000c6300000, 0x00000000c6300000, 0x00000000c6400000|  0%| F|  |TAMS 0x00000000c6300000| PB 0x00000000c6300000| Untracked 
|  22|0x00000000c6400000, 0x00000000c6400000, 0x00000000c6500000|  0%| F|  |TAMS 0x00000000c6400000| PB 0x00000000c6400000| Untracked 
|  23|0x00000000c6500000, 0x00000000c6500000, 0x00000000c6600000|  0%| F|  |TAMS 0x00000000c6500000| PB 0x00000000c6500000| Untracked 
|  24|0x00000000c6600000, 0x00000000c6600000, 0x00000000c6700000|  0%| F|  |TAMS 0x00000000c6600000| PB 0x00000000c6600000| Untracked 
|  25|0x00000000c6700000, 0x00000000c6700000, 0x00000000c6800000|  0%| F|  |TAMS 0x00000000c6700000| PB 0x00000000c6700000| Untracked 
|  26|0x00000000c6800000, 0x00000000c6800000, 0x00000000c6900000|  0%| F|  |TAMS 0x00000000c6800000| PB 0x00000000c6800000| Untracked 
|  27|0x00000000c6900000, 0x00000000c6900000, 0x00000000c6a00000|  0%| F|  |TAMS 0x00000000c6900000| PB 0x00000000c6900000| Untracked 
|  28|0x00000000c6a00000, 0x00000000c6a00000, 0x00000000c6b00000|  0%| F|  |TAMS 0x00000000c6a00000| PB 0x00000000c6a00000| Untracked 
|  29|0x00000000c6b00000, 0x00000000c6b00000, 0x00000000c6c00000|  0%| F|  |TAMS 0x00000000c6b00000| PB 0x00000000c6b00000| Untracked 
|  30|0x00000000c6c00000, 0x00000000c6c00000, 0x00000000c6d00000|  0%| F|  |TAMS 0x00000000c6c00000| PB 0x00000000c6c00000| Untracked 
|  31|0x00000000c6d00000, 0x00000000c6d00000, 0x00000000c6e00000|  0%| F|  |TAMS 0x00000000c6d00000| PB 0x00000000c6d00000| Untracked 
|  32|0x00000000c6e00000, 0x00000000c6e00000, 0x00000000c6f00000|  0%| F|  |TAMS 0x00000000c6e00000| PB 0x00000000c6e00000| Untracked 
|  33|0x00000000c6f00000, 0x00000000c6f00000, 0x00000000c7000000|  0%| F|  |TAMS 0x00000000c6f00000| PB 0x00000000c6f00000| Untracked 
|  34|0x00000000c7000000, 0x00000000c7000000, 0x00000000c7100000|  0%| F|  |TAMS 0x00000000c7000000| PB 0x00000000c7000000| Untracked 
|  35|0x00000000c7100000, 0x00000000c7100000, 0x00000000c7200000|  0%| F|  |TAMS 0x00000000c7100000| PB 0x00000000c7100000| Untracked 
|  36|0x00000000c7200000, 0x00000000c7200000, 0x00000000c7300000|  0%| F|  |TAMS 0x00000000c7200000| PB 0x00000000c7200000| Untracked 
|  37|0x00000000c7300000, 0x00000000c7300000, 0x00000000c7400000|  0%| F|  |TAMS 0x00000000c7300000| PB 0x00000000c7300000| Untracked 
|  38|0x00000000c7400000, 0x00000000c7400000, 0x00000000c7500000|  0%| F|  |TAMS 0x00000000c7400000| PB 0x00000000c7400000| Untracked 
|  39|0x00000000c7500000, 0x00000000c7500000, 0x00000000c7600000|  0%| F|  |TAMS 0x00000000c7500000| PB 0x00000000c7500000| Untracked 
|  40|0x00000000c7600000, 0x00000000c7600000, 0x00000000c7700000|  0%| F|  |TAMS 0x00000000c7600000| PB 0x00000000c7600000| Untracked 
|  41|0x00000000c7700000, 0x00000000c7700000, 0x00000000c7800000|  0%| F|  |TAMS 0x00000000c7700000| PB 0x00000000c7700000| Untracked 
|  42|0x00000000c7800000, 0x00000000c7800000, 0x00000000c7900000|  0%| F|  |TAMS 0x00000000c7800000| PB 0x00000000c7800000| Untracked 
|  43|0x00000000c7900000, 0x00000000c7900000, 0x00000000c7a00000|  0%| F|  |TAMS 0x00000000c7900000| PB 0x00000000c7900000| Untracked 
|  44|0x00000000c7a00000, 0x00000000c7a00000, 0x00000000c7b00000|  0%| F|  |TAMS 0x00000000c7a00000| PB 0x00000000c7a00000| Untracked 
|  45|0x00000000c7b00000, 0x00000000c7b00000, 0x00000000c7c00000|  0%| F|  |TAMS 0x00000000c7b00000| PB 0x00000000c7b00000| Untracked 
|  46|0x00000000c7c00000, 0x00000000c7c00000, 0x00000000c7d00000|  0%| F|  |TAMS 0x00000000c7c00000| PB 0x00000000c7c00000| Untracked 
|  47|0x00000000c7d00000, 0x00000000c7d00000, 0x00000000c7e00000|  0%| F|  |TAMS 0x00000000c7d00000| PB 0x00000000c7d00000| Untracked 
|  48|0x00000000c7e00000, 0x00000000c7e00000, 0x00000000c7f00000|  0%| F|  |TAMS 0x00000000c7e00000| PB 0x00000000c7e00000| Untracked 
|  49|0x00000000c7f00000, 0x00000000c7f00000, 0x00000000c8000000|  0%| F|  |TAMS 0x00000000c7f00000| PB 0x00000000c7f00000| Untracked 
|  50|0x00000000c8000000, 0x00000000c8000000, 0x00000000c8100000|  0%| F|  |TAMS 0x00000000c8000000| PB 0x00000000c8000000| Untracked 
|  51|0x00000000c8100000, 0x00000000c8100000, 0x00000000c8200000|  0%| F|  |TAMS 0x00000000c8100000| PB 0x00000000c8100000| Untracked 
|  52|0x00000000c8200000, 0x00000000c8200000, 0x00000000c8300000|  0%| F|  |TAMS 0x00000000c8200000| PB 0x00000000c8200000| Untracked 
|  53|0x00000000c8300000, 0x00000000c8400000, 0x00000000c8400000|100%| S|CS|TAMS 0x00000000c8300000| PB 0x00000000c8300000| Complete 
|  54|0x00000000c8400000, 0x00000000c8400000, 0x00000000c8500000|  0%| F|  |TAMS 0x00000000c8400000| PB 0x00000000c8400000| Untracked 
|  55|0x00000000c8500000, 0x00000000c8556fd8, 0x00000000c8600000| 33%| E|  |TAMS 0x00000000c8500000| PB 0x00000000c8500000| Complete 
|  56|0x00000000c8600000, 0x00000000c8700000, 0x00000000c8700000|100%| E|  |TAMS 0x00000000c8600000| PB 0x00000000c8600000| Complete 
|  57|0x00000000c8700000, 0x00000000c8800000, 0x00000000c8800000|100%| E|CS|TAMS 0x00000000c8700000| PB 0x00000000c8700000| Complete 
|  58|0x00000000c8800000, 0x00000000c8900000, 0x00000000c8900000|100%| E|CS|TAMS 0x00000000c8800000| PB 0x00000000c8800000| Complete 
|  59|0x00000000c8900000, 0x00000000c8a00000, 0x00000000c8a00000|100%| E|CS|TAMS 0x00000000c8900000| PB 0x00000000c8900000| Complete 
| 944|0x00000000ffe00000, 0x00000000fff00000, 0x00000000fff00000|100%| O|  |TAMS 0x00000000ffe00000| PB 0x00000000ffe00000| Untracked 
| 945|0x00000000fff00000, 0x00000000fff0c670, 0x0000000100000000|  4%| O|  |TAMS 0x00000000fff00000| PB 0x00000000fff00000| Untracked 

Card table byte_map: [0x00007b7aa9276000,0x00007b7aa944f000] _byte_map_base: 0x00007b7aa8c4f000

Marking Bits: (CMBitMap*) 0x00007b7aa4052d90
 Bits: [0x00007b7aa8200000, 0x00007b7aa90c8000)

Polling page: 0x00007b7aab46f000

Metaspace:

Usage:
  Non-class:      5.41 MB used.
      Class:    275.98 KB used.
       Both:      5.68 MB used.

Virtual space:
  Non-class space:       64.00 MB reserved,       5.50 MB (  9%) committed,  1 nodes.
      Class space:        1.00 GB reserved,     384.00 KB ( <1%) committed,  1 nodes.
             Both:        1.06 GB reserved,       5.88 MB ( <1%) committed. 

Chunk freelists:
   Non-Class:  8.05 MB
       Class:  15.58 MB
        Both:  23.62 MB

MaxMetaspaceSize: unlimited
CompressedClassSpaceSize: 1.00 GB
Initial GC threshold: 21.00 MB
Current GC threshold: 21.00 MB
CDS: on
 - commit_granule_bytes: 65536.
 - commit_granule_words: 8192.
 - virtual_space_node_default_size: 8388608.
 - enlarge_chunks_in_place: 1.
 - use_allocation_guard: 0.


Internal statistics:

num_allocs_failed_limit: 0.
num_arena_births: 64.
num_arena_deaths: 0.
num_vsnodes_births: 2.
num_vsnodes_deaths: 0.
num_space_committed: 92.
num_space_uncommitted: 0.
num_chunks_returned_to_freelist: 0.
num_chunks_taken_from_freelist: 225.
num_chunk_merges: 0.
num_chunk_splits: 162.
num_chunks_enlarged: 129.
num_inconsistent_stats: 0.

CodeHeap 'non-profiled nmethods': size=120036Kb used=199Kb max_used=199Kb free=119836Kb
 bounds [0x00007b7a940c7000, 0x00007b7a94337000, 0x00007b7a9b600000]
CodeHeap 'profiled nmethods': size=120032Kb used=916Kb max_used=916Kb free=119115Kb
 bounds [0x00007b7a8c600000, 0x00007b7a8c870000, 0x00007b7a93b38000]
CodeHeap 'non-nmethods': size=5692Kb used=2142Kb max_used=2156Kb free=3549Kb
 bounds [0x00007b7a93b38000, 0x00007b7a93da8000, 0x00007b7a940c7000]
 total_blobs=1757 nmethods=623 adapters=1041
 compilation: enabled
              stopped_count=0, restarted_count=0
 full_count=0

Compilation events (20 events):
Event: 2.218 Thread 0x00007b7aa40d9590  614       3       java.lang.StringConcatHelper::initialCoder (14 bytes)
Event: 2.219 Thread 0x00007b7aa40d9590 nmethod 614 0x00007b7a8c6deb10 code [0x00007b7a8c6deca0, 0x00007b7a8c6deda8]
Event: 2.219 Thread 0x00007b7aa40d9590  615       3       java.lang.String::concat (15 bytes)
Event: 2.220 Thread 0x00007b7aa40d9590 nmethod 615 0x00007b7a8c6dee10 code [0x00007b7a8c6df160, 0x00007b7a8c6e03e8]
Event: 2.221 Thread 0x00007b7aa40d9590  618       1       java.lang.reflect.Method::getName (5 bytes)
Event: 2.221 Thread 0x00007b7aa40d9590 nmethod 618 0x00007b7a940f8790 code [0x00007b7a940f8920, 0x00007b7a940f89e0]
Event: 2.221 Thread 0x00007b7aa40d9590  619       3       java.lang.Object::equals (11 bytes)
Event: 2.221 Thread 0x00007b7aa40d9590 nmethod 619 0x00007b7a8c6e0a90 code [0x00007b7a8c6e0c20, 0x00007b7a8c6e0d78]
Event: 2.221 Thread 0x00007b7aa40d9590  617       3       java.lang.StringConcatHelper::newString (67 bytes)
Event: 2.223 Thread 0x00007b7aa40d9590 nmethod 617 0x00007b7a8c6e0e10 code [0x00007b7a8c6e1080, 0x00007b7a8c6e1a28]
Event: 2.223 Thread 0x00007b7aa40d9590  616       3       java.lang.StringConcatHelper::simpleConcat (94 bytes)
Event: 2.225 Thread 0x00007b7aa40d9590 nmethod 616 0x00007b7a8c6e1d90 code [0x00007b7a8c6e20c0, 0x00007b7a8c6e3320]
Event: 2.225 Thread 0x00007b7aa40d9590  620       3       java.util.zip.ZipFile$ZipFileInflaterInputStream::fill (80 bytes)
Event: 2.225 Thread 0x00007b7aa40d9590 nmethod 620 0x00007b7a8c6e3990 code [0x00007b7a8c6e3b80, 0x00007b7a8c6e3ef0]
Event: 2.226 Thread 0x00007b7aa40d7ed0  623       4       jdk.internal.util.Preconditions::checkFromIndexSize (25 bytes)
Event: 2.227 Thread 0x00007b7aa40d7ed0 nmethod 623 0x00007b7a940f8a90 code [0x00007b7a940f8c00, 0x00007b7a940f8cd0]
Event: 2.229 Thread 0x00007b7aa40d9590  621   !   3       java.util.zip.ZipFile$ZipFileInputStream::read (135 bytes)
Event: 2.230 Thread 0x00007b7aa40d9590 nmethod 621 0x00007b7a8c6e4090 code [0x00007b7a8c6e42c0, 0x00007b7a8c6e4938]
Event: 2.230 Thread 0x00007b7aa40d9590  622       3       java.util.zip.ZipFile::ensureOpenOrZipException (19 bytes)
Event: 2.230 Thread 0x00007b7aa40d9590 nmethod 622 0x00007b7a8c6e4c90 code [0x00007b7a8c6e4e40, 0x00007b7a8c6e5000]

GC Heap History (2 events):
Event: 1.917 GC heap before
{Heap before GC invocations=0 (full 0):
 garbage-first heap   total 63488K, used 6193K [0x00000000c4e00000, 0x0000000100000000)
  region size 1024K, 6 young (6144K), 0 survivors (0K)
 Metaspace       used 3081K, committed 3200K, reserved 1114112K
  class space    used 188K, committed 256K, reserved 1048576K
}
Event: 1.925 GC heap after
{Heap after GC invocations=1 (full 0):
 garbage-first heap   total 63488K, used 2845K [0x00000000c4e00000, 0x0000000100000000)
  region size 1024K, 1 young (1024K), 1 survivors (1024K)
 Metaspace       used 3081K, committed 3200K, reserved 1114112K
  class space    used 188K, committed 256K, reserved 1048576K
}

Dll operation events (9 events):
Event: 0.005 Loaded shared library /usr/lib/jvm/java-21-openjdk/lib/libjava.so
Event: 0.156 Loaded shared library /usr/lib/jvm/java-21-openjdk/lib/libjsvml.so
Event: 0.222 Loaded shared library /usr/lib/jvm/java-21-openjdk/lib/libnio.so
Event: 0.232 Loaded shared library /usr/lib/jvm/java-21-openjdk/lib/libzip.so
Event: 0.566 Loaded shared library /usr/lib/jvm/java-21-openjdk/lib/libjimage.so
Event: 0.654 Loaded shared library /usr/lib/jvm/java-21-openjdk/lib/libnet.so
Event: 0.712 Loaded shared library /tmp/lwjgl_zeph/3.3.4+7/x64/liblwjgl.so
Event: 1.554 Loaded shared library /tmp/lwjgl_zeph/3.3.4+7/x64/liblwjgl_opengl.so
Event: 2.019 Loaded shared library /usr/lib/jvm/java-21-openjdk/lib/libverify.so

Deoptimization events (20 events):
Event: 0.992 Thread 0x00007b7aa4019710 DEOPT PACKING pc=0x00007b7a8c675375 sp=0x00007b7aa9dfd780
Event: 0.992 Thread 0x00007b7aa4019710 DEOPT UNPACKING pc=0x00007b7a93b8c710 sp=0x00007b7aa9dfcc38 mode 0
Event: 0.992 Thread 0x00007b7aa4019710 DEOPT PACKING pc=0x00007b7a8c675375 sp=0x00007b7aa9dfd780
Event: 0.992 Thread 0x00007b7aa4019710 DEOPT UNPACKING pc=0x00007b7a93b8c710 sp=0x00007b7aa9dfcc38 mode 0
Event: 1.732 Thread 0x00007b7aa4019710 Uncommon trap: trap_request=0xffffff54 fr.pc=0x00007b7a940f0570 relative=0x0000000000000070
Event: 1.732 Thread 0x00007b7aa4019710 Uncommon trap: reason=speculate_null_assert action=make_not_entrant pc=0x00007b7a940f0570 method=sun.misc.Unsafe.putLong(Ljava/lang/Object;JJ)V @ 7 c2
Event: 1.732 Thread 0x00007b7aa4019710 DEOPT PACKING pc=0x00007b7a940f0570 sp=0x00007b7aa9dfe1c0
Event: 1.732 Thread 0x00007b7aa4019710 DEOPT UNPACKING pc=0x00007b7a93b8bf93 sp=0x00007b7aa9dfe158 mode 2
Event: 1.913 Thread 0x00007b7aa4019710 DEOPT PACKING pc=0x00007b7a8c6131c8 sp=0x00007b7aa9df9de0
Event: 1.913 Thread 0x00007b7aa4019710 DEOPT UNPACKING pc=0x00007b7a93b8c710 sp=0x00007b7aa9df9220 mode 0
Event: 2.051 Thread 0x00007b7aa4019710 Uncommon trap: trap_request=0xffffff45 fr.pc=0x00007b7a940ce558 relative=0x00000000000000b8
Event: 2.051 Thread 0x00007b7aa4019710 Uncommon trap: reason=unstable_if action=reinterpret pc=0x00007b7a940ce558 method=java.lang.String.isLatin1()Z @ 10 c2
Event: 2.051 Thread 0x00007b7aa4019710 DEOPT PACKING pc=0x00007b7a940ce558 sp=0x00007b7aa9dfd090
Event: 2.051 Thread 0x00007b7aa4019710 DEOPT UNPACKING pc=0x00007b7a93b8bf93 sp=0x00007b7aa9dfcff0 mode 2
Event: 2.051 Thread 0x00007b7aa4019710 Uncommon trap: trap_request=0xffffff45 fr.pc=0x00007b7a940d06ec relative=0x000000000000006c
Event: 2.051 Thread 0x00007b7aa4019710 Uncommon trap: reason=unstable_if action=reinterpret pc=0x00007b7a940d06ec method=java.lang.String.isLatin1()Z @ 10 c2
Event: 2.051 Thread 0x00007b7aa4019710 DEOPT PACKING pc=0x00007b7a940d06ec sp=0x00007b7aa9dfc5b0
Event: 2.051 Thread 0x00007b7aa4019710 DEOPT UNPACKING pc=0x00007b7a93b8bf93 sp=0x00007b7aa9dfc560 mode 2
Event: 2.136 Thread 0x00007b7aa4019710 DEOPT PACKING pc=0x00007b7a8c602449 sp=0x00007b7aa9dfc680
Event: 2.136 Thread 0x00007b7aa4019710 DEOPT UNPACKING pc=0x00007b7a93b8c710 sp=0x00007b7aa9dfbb08 mode 0

Classes loaded (20 events):
Event: 1.943 Loading class sun/nio/cs/StreamDecoder
Event: 1.943 Loading class sun/nio/cs/StreamDecoder done
Event: 1.943 Loading class sun/nio/cs/UTF_8$Decoder
Event: 1.943 Loading class java/nio/charset/CharsetDecoder
Event: 1.943 Loading class java/nio/charset/CharsetDecoder done
Event: 1.943 Loading class sun/nio/cs/UTF_8$Decoder done
Event: 2.015 Loading class java/io/Externalizable
Event: 2.015 Loading class java/io/Externalizable done
Event: 2.037 Loading class jdk/internal/module/ModulePatcher$PatchedModuleReader
Event: 2.038 Loading class jdk/internal/module/ModulePatcher$PatchedModuleReader done
Event: 2.038 Loading class sun/net/www/protocol/jrt/Handler
Event: 2.038 Loading class sun/net/www/protocol/jrt/Handler done
Event: 2.049 Loading class sun/text/resources/cldr/FormatData_en
Event: 2.049 Loading class sun/text/resources/cldr/FormatData_en done
Event: 2.050 Loading class sun/text/resources/cldr/FormatData_en_US
Event: 2.050 Loading class sun/text/resources/cldr/FormatData_en_US done
Event: 2.072 Loading class java/lang/SecurityException
Event: 2.072 Loading class java/lang/SecurityException done
Event: 2.231 Loading class java/nio/HeapFloatBuffer
Event: 2.231 Loading class java/nio/HeapFloatBuffer done

Classes unloaded (0 events):
No events

Classes redefined (0 events):
No events

Internal exceptions (19 events):
Event: 0.486 Thread 0x00007b7aa4019710 Exception <a 'java/lang/NoSuchMethodError'{0x00000000c8875240}: 'void java.lang.invoke.DirectMethodHandle$Holder.invokeStatic(java.lang.Object, java.lang.Object)'> (0x00000000c8875240) 
thrown [/usr/src/debug/java21-openjdk/jdk21u-jdk-21.0.5-11/src/hotspot/share/interpreter/linkResolver.cpp, line 772]
Event: 0.496 Thread 0x00007b7aa4019710 Exception <a 'java/lang/NoSuchMethodError'{0x00000000c887a378}: 'void java.lang.System.load(java.lang.String, java.lang.Class)'> (0x00000000c887a378) 
thrown [/usr/src/debug/java21-openjdk/jdk21u-jdk-21.0.5-11/src/hotspot/share/interpreter/linkResolver.cpp, line 772]
Event: 0.497 Thread 0x00007b7aa4019710 Exception <a 'java/lang/NoSuchMethodError'{0x00000000c887b048}: 'void java.lang.invoke.DirectMethodHandle$Holder.invokeSpecial(java.lang.Object, java.lang.Object, java.lang.Object)'> (0x00000000c887b048) 
thrown [/usr/src/debug/java21-openjdk/jdk21u-jdk-21.0.5-11/src/hotspot/share/interpreter/linkResolver.cpp, line 772]
Event: 0.509 Thread 0x00007b7aa4019710 Exception <a 'java/lang/NoSuchMethodError'{0x00000000c888d2b8}: 'java.lang.Object java.lang.invoke.DirectMethodHandle$Holder.invokeStatic(java.lang.Object, java.lang.Object, int)'> (0x00000000c888d2b8) 
thrown [/usr/src/debug/java21-openjdk/jdk21u-jdk-21.0.5-11/src/hotspot/share/interpreter/linkResolver.cpp, line 772]
Event: 0.521 Thread 0x00007b7aa4019710 Exception <a 'java/lang/NoSuchMethodError'{0x00000000c8898b10}: 'void java.lang.invoke.DelegatingMethodHandle$Holder.delegate(java.lang.Object, java.lang.Object, int, java.lang.Object)'> (0x00000000c8898b10) 
thrown [/usr/src/debug/java21-openjdk/jdk21u-jdk-21.0.5-11/src/hotspot/share/interpreter/linkResolver.cpp, line 772]
Event: 0.521 Thread 0x00007b7aa4019710 Exception <a 'java/lang/NoSuchMethodError'{0x00000000c889cb08}: 'int java.lang.invoke.DirectMethodHandle$Holder.invokeSpecial(java.lang.Object, java.lang.Object, java.lang.Object)'> (0x00000000c889cb08) 
thrown [/usr/src/debug/java21-openjdk/jdk21u-jdk-21.0.5-11/src/hotspot/share/interpreter/linkResolver.cpp, line 772]
Event: 0.558 Thread 0x00007b7aa4019710 Exception <a 'java/lang/NoSuchMethodError'{0x00000000c88b7588}: 'void java.lang.System.loadLibrary(java.lang.String, java.lang.Class)'> (0x00000000c88b7588) 
thrown [/usr/src/debug/java21-openjdk/jdk21u-jdk-21.0.5-11/src/hotspot/share/interpreter/linkResolver.cpp, line 772]
Event: 0.725 Thread 0x00007b7aa4019710 Exception <a 'sun/nio/fs/UnixException'{0x00000000c87ac510}> (0x00000000c87ac510) 
thrown [/usr/src/debug/java21-openjdk/jdk21u-jdk-21.0.5-11/src/hotspot/share/prims/jni.cpp, line 520]
Event: 0.896 Thread 0x00007b7aa4019710 Exception <a 'sun/nio/fs/UnixException'{0x00000000c864de60}> (0x00000000c864de60) 
thrown [/usr/src/debug/java21-openjdk/jdk21u-jdk-21.0.5-11/src/hotspot/share/prims/jni.cpp, line 520]
Event: 0.916 Thread 0x00007b7aa4019710 Exception <a 'java/lang/NoSuchMethodError'{0x00000000c8698480}: 'int java.lang.invoke.DirectMethodHandle$Holder.invokeStaticInit(java.lang.Object, java.lang.Object, int, long)'> (0x00000000c8698480) 
thrown [/usr/src/debug/java21-openjdk/jdk21u-jdk-21.0.5-11/src/hotspot/share/interpreter/linkResolver.cpp, line 772]
Event: 0.917 Thread 0x00007b7aa4019710 Exception <a 'java/lang/NoSuchMethodError'{0x00000000c869d7f0}: 'java.lang.Object java.lang.invoke.DirectMethodHandle$Holder.newInvokeSpecial(java.lang.Object, java.lang.Object, int)'> (0x00000000c869d7f0) 
thrown [/usr/src/debug/java21-openjdk/jdk21u-jdk-21.0.5-11/src/hotspot/share/interpreter/linkResolver.cpp, line 772]
Event: 0.925 Thread 0x00007b7aa4019710 Exception <a 'java/lang/NoSuchMethodError'{0x00000000c86abef0}: 'int java.lang.invoke.DirectMethodHandle$Holder.invokeStaticInit(java.lang.Object, java.lang.Object, long, long)'> (0x00000000c86abef0) 
thrown [/usr/src/debug/java21-openjdk/jdk21u-jdk-21.0.5-11/src/hotspot/share/interpreter/linkResolver.cpp, line 772]
Event: 0.927 Thread 0x00007b7aa4019710 Exception <a 'java/lang/NoSuchMethodError'{0x00000000c86b1998}: 'java.lang.Object java.lang.invoke.DirectMethodHandle$Holder.newInvokeSpecial(java.lang.Object, java.lang.Object, long)'> (0x00000000c86b1998) 
thrown [/usr/src/debug/java21-openjdk/jdk21u-jdk-21.0.5-11/src/hotspot/share/interpreter/linkResolver.cpp, line 772]
Event: 0.928 Thread 0x00007b7aa4019710 Exception <a 'java/lang/NoSuchMethodError'{0x00000000c86b5b00}: 'java.lang.Object java.lang.invoke.Invokers$Holder.linkToTargetMethod(java.lang.Object, long, java.lang.Object)'> (0x00000000c86b5b00) 
thrown [/usr/src/debug/java21-openjdk/jdk21u-jdk-21.0.5-11/src/hotspot/share/interpreter/linkResolver.cpp, line 772]
Event: 0.931 Thread 0x00007b7aa4019710 Exception <a 'java/lang/NoSuchMethodError'{0x00000000c86bcf88}: 'int java.lang.invoke.DirectMethodHandle$Holder.invokeStaticInit(java.lang.Object, java.lang.Object, java.lang.Object, long)'> (0x00000000c86bcf88) 
thrown [/usr/src/debug/java21-openjdk/jdk21u-jdk-21.0.5-11/src/hotspot/share/interpreter/linkResolver.cpp, line 772]
Event: 1.535 Thread 0x00007b7aa4019710 Exception <a 'java/lang/NoSuchMethodError'{0x00000000c858fc40}: 'void java.lang.System.load(java.lang.String, java.lang.Class)'> (0x00000000c858fc40) 
thrown [/usr/src/debug/java21-openjdk/jdk21u-jdk-21.0.5-11/src/hotspot/share/interpreter/linkResolver.cpp, line 772]
Event: 1.539 Thread 0x00007b7aa4019710 Exception <a 'java/lang/NoSuchMethodError'{0x00000000c85926b0}: 'void java.lang.System.loadLibrary(java.lang.String, java.lang.Class)'> (0x00000000c85926b0) 
thrown [/usr/src/debug/java21-openjdk/jdk21u-jdk-21.0.5-11/src/hotspot/share/interpreter/linkResolver.cpp, line 772]
Event: 1.553 Thread 0x00007b7aa4019710 Exception <a 'sun/nio/fs/UnixException'{0x00000000c85a1aa8}> (0x00000000c85a1aa8) 
thrown [/usr/src/debug/java21-openjdk/jdk21u-jdk-21.0.5-11/src/hotspot/share/prims/jni.cpp, line 520]
Event: 1.567 Thread 0x00007b7aa4019710 Exception <a 'sun/nio/fs/UnixException'{0x00000000c85aa888}> (0x00000000c85aa888) 
thrown [/usr/src/debug/java21-openjdk/jdk21u-jdk-21.0.5-11/src/hotspot/share/prims/jni.cpp, line 520]

ZGC Phase Switch (0 events):
No events

VM Operations (8 events):
Event: 0.906 Executing VM operation: HandshakeAllThreads (Deoptimize)
Event: 0.906 Executing VM operation: HandshakeAllThreads (Deoptimize) done
Event: 1.906 Executing VM operation: Cleanup
Event: 1.906 Executing VM operation: Cleanup done
Event: 1.917 Executing VM operation: G1CollectForAllocation (G1 Evacuation Pause)
Event: 1.926 Executing VM operation: G1CollectForAllocation (G1 Evacuation Pause) done
Event: 2.034 Executing VM operation: HandshakeAllThreads (Deoptimize)
Event: 2.034 Executing VM operation: HandshakeAllThreads (Deoptimize) done

Memory protections (10 events):
Event: 0.004 Protecting memory [0x00007b7aa9d00000,0x00007b7aa9d04000] with protection modes 0
Event: 0.143 Protecting memory [0x00007b7a85b00000,0x00007b7a85b04000] with protection modes 0
Event: 0.149 Protecting memory [0x00007b7a859ff000,0x00007b7a85a03000] with protection modes 0
Event: 0.151 Protecting memory [0x00007b7a858fe000,0x00007b7a85902000] with protection modes 0
Event: 0.151 Protecting memory [0x00007b7a857fd000,0x00007b7a85801000] with protection modes 0
Event: 0.151 Protecting memory [0x00007b7a856fc000,0x00007b7a85700000] with protection modes 0
Event: 0.154 Protecting memory [0x00007b7a855fb000,0x00007b7a855ff000] with protection modes 0
Event: 0.169 Protecting memory [0x00007b7a854fa000,0x00007b7a854fe000] with protection modes 0
Event: 0.199 Protecting memory [0x00007b7a853f9000,0x00007b7a853fd000] with protection modes 0
Event: 0.215 Protecting memory [0x00007b7a852f8000,0x00007b7a852fc000] with protection modes 0

Nmethod flushes (0 events):
No events

Events (10 events):
Event: 0.084 Thread 0x00007b7aa4019710 Thread added: 0x00007b7aa4019710
Event: 0.143 Thread 0x00007b7aa4019710 Thread added: 0x00007b7aa40d0990
Event: 0.149 Thread 0x00007b7aa4019710 Thread added: 0x00007b7aa40d2020
Event: 0.151 Thread 0x00007b7aa4019710 Thread added: 0x00007b7aa40d37b0
Event: 0.151 Thread 0x00007b7aa4019710 Thread added: 0x00007b7aa40d4df0
Event: 0.151 Thread 0x00007b7aa4019710 Thread added: 0x00007b7aa40d6390
Event: 0.154 Thread 0x00007b7aa4019710 Thread added: 0x00007b7aa40d7ed0
Event: 0.166 Thread 0x00007b7aa4019710 Thread added: 0x00007b7aa40d9590
Event: 0.196 Thread 0x00007b7aa4019710 Thread added: 0x00007b7aa40e59e0
Event: 0.209 Thread 0x00007b7aa4019710 Thread added: 0x00007b7aa40e8b10


Dynamic libraries:
c4e00000-c8a00000 rw-p 00000000 00:00 0 
c8a00000-ffe00000 ---p 00000000 00:00 0 
ffe00000-fff0d000 rw-p 00cd6000 b3:02 329941                             /usr/lib/jvm/java-21-openjdk/lib/server/classes.jsa
fff0d000-100000000 rw-p 00000000 00:00 0 
5a0278551000-5a0278552000 r--p 00000000 b3:02 329516                     /usr/lib/jvm/java-21-openjdk/bin/java
5a0278552000-5a0278553000 r-xp 00001000 b3:02 329516                     /usr/lib/jvm/java-21-openjdk/bin/java
5a0278553000-5a0278554000 r--p 00002000 b3:02 329516                     /usr/lib/jvm/java-21-openjdk/bin/java
5a0278554000-5a0278555000 r--p 00002000 b3:02 329516                     /usr/lib/jvm/java-21-openjdk/bin/java
5a0278555000-5a0278556000 rw-p 00003000 b3:02 329516                     /usr/lib/jvm/java-21-openjdk/bin/java
5a028e5c4000-5a028e60c000 rw-p 00000000 00:00 0                          [heap]
7b79ebe00000-7b79ec2ab000 r--p 00000000 b3:02 181697                     /usr/lib/libLLVM.so.18.1
7b79ec2ab000-7b79f0e9d000 r-xp 004ab000 b3:02 181697                     /usr/lib/libLLVM.so.18.1
7b79f0e9d000-7b79f3bf6000 r--p 0509d000 b3:02 181697                     /usr/lib/libLLVM.so.18.1
7b79f3bf6000-7b79f3dd1000 r--p 07df5000 b3:02 181697                     /usr/lib/libLLVM.so.18.1
7b79f3dd1000-7b79f3e1b000 rw-p 07fd0000 b3:02 181697                     /usr/lib/libLLVM.so.18.1
7b79f3e1b000-7b79f3eb7000 rw-p 00000000 00:00 0 
7b79f4000000-7b79f41d1000 rw-p 00000000 00:00 0 
7b79f41d1000-7b79f8000000 ---p 00000000 00:00 0 
7b79f8000000-7b79f8323000 rw-p 00000000 00:00 0 
7b79f8323000-7b79fc000000 ---p 00000000 00:00 0 
7b7a00000000-7b7a00021000 rw-p 00000000 00:00 0 
7b7a00021000-7b7a04000000 ---p 00000000 00:00 0 
7b7a04000000-7b7a04021000 rw-p 00000000 00:00 0 
7b7a04021000-7b7a08000000 ---p 00000000 00:00 0 
7b7a0c000000-7b7a0c021000 rw-p 00000000 00:00 0 
7b7a0c021000-7b7a10000000 ---p 00000000 00:00 0 
7b7a10000000-7b7a10021000 rw-p 00000000 00:00 0 
7b7a10021000-7b7a14000000 ---p 00000000 00:00 0 
7b7a18000000-7b7a18021000 rw-p 00000000 00:00 0 
7b7a18021000-7b7a1c000000 ---p 00000000 00:00 0 
7b7a1c000000-7b7a1c021000 rw-p 00000000 00:00 0 
7b7a1c021000-7b7a20000000 ---p 00000000 00:00 0 
7b7a22200000-7b7a22201000 ---p 00000000 00:00 0 
7b7a22201000-7b7a22a01000 rw-p 00000000 00:00 0 
7b7a22c00000-7b7a22c01000 ---p 00000000 00:00 0 
7b7a22c01000-7b7a23401000 rw-p 00000000 00:00 0 
7b7a23600000-7b7a23601000 ---p 00000000 00:00 0 
7b7a23601000-7b7a23e01000 rw-p 00000000 00:00 0 
7b7a24000000-7b7a24180000 rw-p 00000000 00:00 0 
7b7a24180000-7b7a24400000 ---p 00000000 00:00 0 
7b7a24400000-7b7a24510000 rw-p 00000000 00:00 0 
7b7a24510000-7b7a24550000 rw-p 00000000 00:00 0 
7b7a24550000-7b7a24800000 rw-p 00000000 00:00 0 
7b7a24800000-7b7a28000000 ---p 00000000 00:00 0 
7b7a28000000-7b7a28021000 rw-p 00000000 00:00 0 
7b7a28021000-7b7a2c000000 ---p 00000000 00:00 0 
7b7a2c800000-7b7a2c801000 ---p 00000000 00:00 0 
7b7a2c801000-7b7a2d001000 rw-p 00000000 00:00 0 
7b7a2d200000-7b7a2ef50000 r--p 00000000 b3:02 149095                     /usr/lib/libicudata.so.75.1
7b7a2ef50000-7b7a2ef51000 r--p 01d4f000 b3:02 149095                     /usr/lib/libicudata.so.75.1
7b7a2f000000-7b7a2fc97000 rw-p 00001000 b3:02 329941                     /usr/lib/jvm/java-21-openjdk/lib/server/classes.jsa
7b7a2fc97000-7b7a30000000 ---p 00000000 00:00 0 
7b7a30000000-7b7a30030000 rw-p 00000000 00:00 0 
7b7a30030000-7b7a30040000 ---p 00000000 00:00 0 
7b7a30040000-7b7a30070000 rw-p 00000000 00:00 0 
7b7a30070000-7b7a70000000 ---p 00000000 00:00 0 
7b7a70000000-7b7a70021000 rw-p 00000000 00:00 0 
7b7a70021000-7b7a74000000 ---p 00000000 00:00 0 
7b7a74000000-7b7a74021000 rw-p 00000000 00:00 0 
7b7a74021000-7b7a78000000 ---p 00000000 00:00 0 
7b7a78400000-7b7a78401000 ---p 00000000 00:00 0 
7b7a78401000-7b7a78c01000 rw-p 00000000 00:00 0 
7b7a78e00000-7b7a78e01000 ---p 00000000 00:00 0 
7b7a78e01000-7b7a79601000 rw-p 00000000 00:00 0 
7b7a79800000-7b7a79815000 r--p 00000000 b3:02 181759                     /usr/lib/libgallium-24.2.7-arch1.1.so
7b7a79815000-7b7a7aee4000 r-xp 00015000 b3:02 181759                     /usr/lib/libgallium-24.2.7-arch1.1.so
7b7a7aee4000-7b7a7bc70000 r--p 016e4000 b3:02 181759                     /usr/lib/libgallium-24.2.7-arch1.1.so
7b7a7bc70000-7b7a7bd28000 r--p 0246f000 b3:02 181759                     /usr/lib/libgallium-24.2.7-arch1.1.so
7b7a7bd28000-7b7a7bd3f000 rw-p 02527000 b3:02 181759                     /usr/lib/libgallium-24.2.7-arch1.1.so
7b7a7bd3f000-7b7a7bf03000 rw-p 00000000 00:00 0 
7b7a7c000000-7b7a7c021000 rw-p 00000000 00:00 0 
7b7a7c021000-7b7a80000000 ---p 00000000 00:00 0 
7b7a80000000-7b7a80021000 rw-p 00000000 00:00 0 
7b7a80021000-7b7a84000000 ---p 00000000 00:00 0 
7b7a84251000-7b7a84291000 rw-s 1097b8000 00:10 1063                      anon_inode:i915.gem
7b7a84291000-7b7a84293000 r--p 00000000 b3:02 329932                     /usr/lib/jvm/java-21-openjdk/lib/libverify.so
7b7a84293000-7b7a8429a000 r-xp 00002000 b3:02 329932                     /usr/lib/jvm/java-21-openjdk/lib/libverify.so
7b7a8429a000-7b7a8429c000 r--p 00009000 b3:02 329932                     /usr/lib/jvm/java-21-openjdk/lib/libverify.so
7b7a8429c000-7b7a8429e000 r--p 0000a000 b3:02 329932                     /usr/lib/jvm/java-21-openjdk/lib/libverify.so
7b7a8429e000-7b7a8429f000 rw-p 0000c000 b3:02 329932                     /usr/lib/jvm/java-21-openjdk/lib/libverify.so
7b7a8429f000-7b7a842af000 rw-s 105880000 00:10 1063                      anon_inode:i915.gem
7b7a842af000-7b7a842b0000 ---p 00000000 00:00 0 
7b7a842b0000-7b7a843b0000 rw-p 00000000 00:00 0 
7b7a843b0000-7b7a843e3000 r--p 00000000 00:2a 232                        /tmp/lwjgl_zeph/3.3.4+7/x64/liblwjgl_opengl.so
7b7a843e3000-7b7a843f7000 r-xp 00033000 00:2a 232                        /tmp/lwjgl_zeph/3.3.4+7/x64/liblwjgl_opengl.so
7b7a843f7000-7b7a84407000 r--p 00047000 00:2a 232                        /tmp/lwjgl_zeph/3.3.4+7/x64/liblwjgl_opengl.so
7b7a84407000-7b7a84408000 r--p 00056000 00:2a 232                        /tmp/lwjgl_zeph/3.3.4+7/x64/liblwjgl_opengl.so
7b7a84408000-7b7a84409000 rw-p 00057000 00:2a 232                        /tmp/lwjgl_zeph/3.3.4+7/x64/liblwjgl_opengl.so
7b7a84409000-7b7a84429000 rw-s 10b718000 00:10 1063                      anon_inode:i915.gem
7b7a84429000-7b7a84449000 rw-s 10b6f8000 00:10 1063                      anon_inode:i915.gem
7b7a84449000-7b7a84459000 rw-s 10b6e8000 00:10 1063                      anon_inode:i915.gem
7b7a84459000-7b7a84469000 rw-s 10b6d8000 00:10 1063                      anon_inode:i915.gem
7b7a84469000-7b7a84534000 rw-p 00000000 00:00 0 
7b7a84534000-7b7a84544000 rw-s 106ee8000 00:10 1063                      anon_inode:i915.gem
7b7a84544000-7b7a84554000 rw-s 104265000 00:10 1063                      anon_inode:i915.gem
7b7a84554000-7b7a84574000 rw-s 10b6b8000 00:10 1063                      anon_inode:i915.gem
7b7a84574000-7b7a84594000 rw-s 104245000 00:10 1063                      anon_inode:i915.gem
7b7a84594000-7b7a845a4000 rw-s 106e78000 00:10 1063                      anon_inode:i915.gem
7b7a845a4000-7b7a847a4000 rw-s 10d4b8000 00:10 1063                      anon_inode:i915.gem
7b7a847a4000-7b7a847b4000 rw-s 107e41000 00:10 1063                      anon_inode:i915.gem
7b7a847b4000-7b7a8487f000 rw-p 00000000 00:00 0 
7b7a8487f000-7b7a8489f000 rw-s 107e21000 00:10 1063                      anon_inode:i915.gem
7b7a8489f000-7b7a848bf000 rw-s 106e58000 00:10 1063                      anon_inode:i915.gem
7b7a848bf000-7b7a84a00000 rw-s 00000000 b3:02 1179851                    /home/zeph/.cache/mesa_shader_cache_db/index
7b7a84a00000-7b7a84a40000 rw-s 1059b0000 00:10 1063                      anon_inode:i915.gem
7b7a84a40000-7b7a84a87000 r--p 00000000 b3:02 149110                     /usr/lib/libicuuc.so.75.1
7b7a84a87000-7b7a84b99000 r-xp 00047000 b3:02 149110                     /usr/lib/libicuuc.so.75.1
7b7a84b99000-7b7a84c24000 r--p 00159000 b3:02 149110                     /usr/lib/libicuuc.so.75.1
7b7a84c24000-7b7a84c37000 r--p 001e4000 b3:02 149110                     /usr/lib/libicuuc.so.75.1
7b7a84c37000-7b7a84c38000 rw-p 001f7000 b3:02 149110                     /usr/lib/libicuuc.so.75.1
7b7a84c38000-7b7a84c3a000 rw-p 00000000 00:00 0 
7b7a84c3a000-7b7a84c3d000 r--p 00000000 b3:02 145974                     /usr/lib/liblzma.so.5.6.3
7b7a84c3d000-7b7a84c60000 r-xp 00003000 b3:02 145974                     /usr/lib/liblzma.so.5.6.3
7b7a84c60000-7b7a84c6b000 r--p 00026000 b3:02 145974                     /usr/lib/liblzma.so.5.6.3
7b7a84c6b000-7b7a84c6c000 r--p 00031000 b3:02 145974                     /usr/lib/liblzma.so.5.6.3
7b7a84c6c000-7b7a84c6d000 rw-p 00032000 b3:02 145974                     /usr/lib/liblzma.so.5.6.3
7b7a84c6d000-7b7a84c6f000 r--p 00000000 b3:02 181577                     /usr/lib/libpciaccess.so.0.11.1
7b7a84c6f000-7b7a84c74000 r-xp 00002000 b3:02 181577                     /usr/lib/libpciaccess.so.0.11.1
7b7a84c74000-7b7a84c76000 r--p 00007000 b3:02 181577                     /usr/lib/libpciaccess.so.0.11.1
7b7a84c76000-7b7a84c77000 r--p 00008000 b3:02 181577                     /usr/lib/libpciaccess.so.0.11.1
7b7a84c77000-7b7a84c78000 rw-p 00009000 b3:02 181577                     /usr/lib/libpciaccess.so.0.11.1
7b7a84c78000-7b7a84c99000 r--p 00000000 b3:02 149196                     /usr/lib/libxml2.so.2.13.5
7b7a84c99000-7b7a84d7d000 r-xp 00021000 b3:02 149196                     /usr/lib/libxml2.so.2.13.5
7b7a84d7d000-7b7a84db8000 r--p 00105000 b3:02 149196                     /usr/lib/libxml2.so.2.13.5
7b7a84db8000-7b7a84dc3000 r--p 00140000 b3:02 149196                     /usr/lib/libxml2.so.2.13.5
7b7a84dc3000-7b7a84dc4000 rw-p 0014b000 b3:02 149196                     /usr/lib/libxml2.so.2.13.5
7b7a84dc4000-7b7a84dc5000 rw-p 00000000 00:00 0 
7b7a84dc5000-7b7a84dd2000 r--p 00000000 b3:02 135366                     /usr/lib/libncursesw.so.6.5
7b7a84dd2000-7b7a84e19000 r-xp 0000d000 b3:02 135366                     /usr/lib/libncursesw.so.6.5
7b7a84e19000-7b7a84e2f000 r--p 00054000 b3:02 135366                     /usr/lib/libncursesw.so.6.5
7b7a84e2f000-7b7a84e33000 r--p 0006a000 b3:02 135366                     /usr/lib/libncursesw.so.6.5
7b7a84e33000-7b7a84e34000 rw-p 0006e000 b3:02 135366                     /usr/lib/libncursesw.so.6.5
7b7a84e34000-7b7a84e3a000 r--p 00000000 b3:02 181648                     /usr/lib/libedit.so.0.0.73
7b7a84e3a000-7b7a84e5a000 r-xp 00006000 b3:02 181648                     /usr/lib/libedit.so.0.0.73
7b7a84e5a000-7b7a84e67000 r--p 00026000 b3:02 181648                     /usr/lib/libedit.so.0.0.73
7b7a84e67000-7b7a84e69000 r--p 00033000 b3:02 181648                     /usr/lib/libedit.so.0.0.73
7b7a84e69000-7b7a84e6a000 rw-p 00035000 b3:02 181648                     /usr/lib/libedit.so.0.0.73
7b7a84e6a000-7b7a84e6d000 rw-p 00000000 00:00 0 
7b7a84e6d000-7b7a84e6f000 r--p 00000000 b3:02 150786                     /usr/lib/libffi.so.8.1.4
7b7a84e6f000-7b7a84e75000 r-xp 00002000 b3:02 150786                     /usr/lib/libffi.so.8.1.4
7b7a84e75000-7b7a84e76000 r--p 00008000 b3:02 150786                     /usr/lib/libffi.so.8.1.4
7b7a84e76000-7b7a84e77000 r--p 00009000 b3:02 150786                     /usr/lib/libffi.so.8.1.4
7b7a84e77000-7b7a84e78000 rw-p 0000a000 b3:02 150786                     /usr/lib/libffi.so.8.1.4
7b7a84e78000-7b7a84e7b000 r--p 00000000 b3:02 181596                     /usr/lib/libdrm_intel.so.1.123.0
7b7a84e7b000-7b7a84e91000 r-xp 00003000 b3:02 181596                     /usr/lib/libdrm_intel.so.1.123.0
7b7a84e91000-7b7a84e9a000 r--p 00019000 b3:02 181596                     /usr/lib/libdrm_intel.so.1.123.0
7b7a84e9a000-7b7a84e9b000 r--p 00022000 b3:02 181596                     /usr/lib/libdrm_intel.so.1.123.0
7b7a84e9b000-7b7a84e9c000 rw-p 00023000 b3:02 181596                     /usr/lib/libdrm_intel.so.1.123.0
7b7a84e9c000-7b7a84e9f000 r--p 00000000 b3:02 181593                     /usr/lib/libdrm_amdgpu.so.1.123.0
7b7a84e9f000-7b7a84ea4000 r-xp 00003000 b3:02 181593                     /usr/lib/libdrm_amdgpu.so.1.123.0
7b7a84ea4000-7b7a84ea6000 r--p 00008000 b3:02 181593                     /usr/lib/libdrm_amdgpu.so.1.123.0
7b7a84ea6000-7b7a84ea7000 r--p 00009000 b3:02 181593                     /usr/lib/libdrm_amdgpu.so.1.123.0
7b7a84ea7000-7b7a84ea8000 rw-p 0000a000 b3:02 181593                     /usr/lib/libdrm_amdgpu.so.1.123.0
7b7a84ea8000-7b7a84eab000 r--p 00000000 b3:02 155848                     /usr/lib/libelf-0.192.so
7b7a84eab000-7b7a84ebe000 r-xp 00003000 b3:02 155848                     /usr/lib/libelf-0.192.so
7b7a84ebe000-7b7a84ec2000 r--p 00016000 b3:02 155848                     /usr/lib/libelf-0.192.so
7b7a84ec2000-7b7a84ec3000 r--p 00019000 b3:02 155848                     /usr/lib/libelf-0.192.so
7b7a84ec3000-7b7a84ec4000 rw-p 0001a000 b3:02 155848                     /usr/lib/libelf-0.192.so
7b7a84ec4000-7b7a84ec6000 r--p 00000000 b3:02 181602                     /usr/lib/libdrm_radeon.so.1.123.0
7b7a84ec6000-7b7a84ecc000 r-xp 00002000 b3:02 181602                     /usr/lib/libdrm_radeon.so.1.123.0
7b7a84ecc000-7b7a84ed0000 r--p 00008000 b3:02 181602                     /usr/lib/libdrm_radeon.so.1.123.0
7b7a84ed0000-7b7a84ed1000 r--p 0000b000 b3:02 181602                     /usr/lib/libdrm_radeon.so.1.123.0
7b7a84ed1000-7b7a84ed2000 rw-p 0000c000 b3:02 181602                     /usr/lib/libdrm_radeon.so.1.123.0
7b7a84ed2000-7b7a84ed4000 r--p 00000000 b3:02 181713                     /usr/lib/libsensors.so.5.0.0
7b7a84ed4000-7b7a84edb000 r-xp 00002000 b3:02 181713                     /usr/lib/libsensors.so.5.0.0
7b7a84edb000-7b7a84edf000 r--p 00009000 b3:02 181713                     /usr/lib/libsensors.so.5.0.0
7b7a84edf000-7b7a84ee0000 r--p 0000d000 b3:02 181713                     /usr/lib/libsensors.so.5.0.0
7b7a84ee0000-7b7a84ee1000 rw-p 0000e000 b3:02 181713                     /usr/lib/libsensors.so.5.0.0
7b7a84ee1000-7b7a84eed000 r--p 00000000 b3:02 146266                     /usr/lib/libzstd.so.1.5.6
7b7a84eed000-7b7a84fad000 r-xp 0000c000 b3:02 146266                     /usr/lib/libzstd.so.1.5.6
7b7a84fad000-7b7a84fbe000 r--p 000cc000 b3:02 146266                     /usr/lib/libzstd.so.1.5.6
7b7a84fbe000-7b7a84fbf000 r--p 000dd000 b3:02 146266                     /usr/lib/libzstd.so.1.5.6
7b7a84fbf000-7b7a84fc0000 rw-p 000de000 b3:02 146266                     /usr/lib/libzstd.so.1.5.6
7b7a84fc0000-7b7a84fc3000 r--p 00000000 b3:02 176365                     /usr/lib/libxcb-xfixes.so.0.0.0
7b7a84fc3000-7b7a84fc6000 r-xp 00003000 b3:02 176365                     /usr/lib/libxcb-xfixes.so.0.0.0
7b7a84fc6000-7b7a84fc7000 r--p 00006000 b3:02 176365                     /usr/lib/libxcb-xfixes.so.0.0.0
7b7a84fc7000-7b7a84fc8000 r--p 00007000 b3:02 176365                     /usr/lib/libxcb-xfixes.so.0.0.0
7b7a84fc8000-7b7a84fc9000 rw-p 00008000 b3:02 176365                     /usr/lib/libxcb-xfixes.so.0.0.0
7b7a84fc9000-7b7a84fcc000 r--p 00000000 b3:02 176359                     /usr/lib/libxcb-sync.so.1.0.0
7b7a84fcc000-7b7a84fcf000 r-xp 00003000 b3:02 176359                     /usr/lib/libxcb-sync.so.1.0.0
7b7a84fcf000-7b7a84fd0000 r--p 00006000 b3:02 176359                     /usr/lib/libxcb-sync.so.1.0.0
7b7a84fd0000-7b7a84fd1000 r--p 00007000 b3:02 176359                     /usr/lib/libxcb-sync.so.1.0.0
7b7a84fd1000-7b7a84fd2000 rw-p 00008000 b3:02 176359                     /usr/lib/libxcb-sync.so.1.0.0
7b7a84fd2000-7b7a84fd3000 r--p 00000000 b3:02 176335                     /usr/lib/libxcb-present.so.0.0.0
7b7a84fd3000-7b7a84fd4000 r-xp 00001000 b3:02 176335                     /usr/lib/libxcb-present.so.0.0.0
7b7a84fd4000-7b7a84fd5000 r--p 00002000 b3:02 176335                     /usr/lib/libxcb-present.so.0.0.0
7b7a84fd5000-7b7a84fd6000 r--p 00002000 b3:02 176335                     /usr/lib/libxcb-present.so.0.0.0
7b7a84fd6000-7b7a84fd7000 rw-p 00003000 b3:02 176335                     /usr/lib/libxcb-present.so.0.0.0
7b7a84fd7000-7b7a84fd9000 r--p 00000000 b3:02 176329                     /usr/lib/libxcb-dri3.so.0.1.0
7b7a84fd9000-7b7a84fdb000 r-xp 00002000 b3:02 176329                     /usr/lib/libxcb-dri3.so.0.1.0
7b7a84fdb000-7b7a84fdc000 r--p 00004000 b3:02 176329                     /usr/lib/libxcb-dri3.so.0.1.0
7b7a84fdc000-7b7a84fdd000 r--p 00004000 b3:02 176329                     /usr/lib/libxcb-dri3.so.0.1.0
7b7a84fdd000-7b7a84fde000 rw-p 00005000 b3:02 176329                     /usr/lib/libxcb-dri3.so.0.1.0
7b7a84fde000-7b7a84fe5000 r--p 00000000 b3:02 176338                     /usr/lib/libxcb-randr.so.0.1.0
7b7a84fe5000-7b7a84feb000 r-xp 00007000 b3:02 176338                     /usr/lib/libxcb-randr.so.0.1.0
7b7a84feb000-7b7a84fee000 r--p 0000d000 b3:02 176338                     /usr/lib/libxcb-randr.so.0.1.0
7b7a84fee000-7b7a84fef000 r--p 00010000 b3:02 176338                     /usr/lib/libxcb-randr.so.0.1.0
7b7a84fef000-7b7a84ff0000 rw-p 00011000 b3:02 176338                     /usr/lib/libxcb-randr.so.0.1.0
7b7a84ff0000-7b7a84ff2000 r--p 00000000 b3:02 154964                     /usr/lib/libexpat.so.1.10.0
7b7a84ff2000-7b7a8500f000 r-xp 00002000 b3:02 154964                     /usr/lib/libexpat.so.1.10.0
7b7a8500f000-7b7a85017000 r--p 0001f000 b3:02 154964                     /usr/lib/libexpat.so.1.10.0
7b7a85017000-7b7a85019000 r--p 00026000 b3:02 154964                     /usr/lib/libexpat.so.1.10.0
7b7a85019000-7b7a8501a000 rw-p 00028000 b3:02 154964                     /usr/lib/libexpat.so.1.10.0
7b7a8501a000-7b7a85026000 r--p 00000000 b3:02 176332                     /usr/lib/libxcb-glx.so.0.0.0
7b7a85026000-7b7a8502f000 r-xp 0000c000 b3:02 176332                     /usr/lib/libxcb-glx.so.0.0.0
7b7a8502f000-7b7a85034000 r--p 00015000 b3:02 176332                     /usr/lib/libxcb-glx.so.0.0.0
7b7a85034000-7b7a85036000 r--p 0001a000 b3:02 176332                     /usr/lib/libxcb-glx.so.0.0.0
7b7a85036000-7b7a85037000 rw-p 0001c000 b3:02 176332                     /usr/lib/libxcb-glx.so.0.0.0
7b7a85037000-7b7a85038000 r--p 00000000 b3:02 186207                     /usr/lib/libglapi.so.0.0.0
7b7a85038000-7b7a85046000 r-xp 00001000 b3:02 186207                     /usr/lib/libglapi.so.0.0.0
7b7a85046000-7b7a8505a000 r--p 0000f000 b3:02 186207                     /usr/lib/libglapi.so.0.0.0
7b7a8505a000-7b7a8505e000 r--p 00023000 b3:02 186207                     /usr/lib/libglapi.so.0.0.0
7b7a8505e000-7b7a8505f000 rw-p 00027000 b3:02 186207                     /usr/lib/libglapi.so.0.0.0
7b7a8505f000-7b7a85075000 r--p 00000000 b3:02 181748                     /usr/lib/libGLX_mesa.so.0.0.0
7b7a85075000-7b7a850b4000 r-xp 00016000 b3:02 181748                     /usr/lib/libGLX_mesa.so.0.0.0
7b7a850b4000-7b7a850c7000 r--p 00055000 b3:02 181748                     /usr/lib/libGLX_mesa.so.0.0.0
7b7a850c7000-7b7a850cb000 r--p 00067000 b3:02 181748                     /usr/lib/libGLX_mesa.so.0.0.0
7b7a850cb000-7b7a850cc000 rw-p 0006b000 b3:02 181748                     /usr/lib/libGLX_mesa.so.0.0.0
7b7a850cc000-7b7a8510d000 r--p 00000000 b3:02 181820                     /usr/lib/libGLdispatch.so.0.0.0
7b7a8510d000-7b7a8514c000 r-xp 00041000 b3:02 181820                     /usr/lib/libGLdispatch.so.0.0.0
7b7a8514c000-7b7a8515f000 r--p 00080000 b3:02 181820                     /usr/lib/libGLdispatch.so.0.0.0
7b7a8515f000-7b7a8517b000 r--p 00093000 b3:02 181820                     /usr/lib/libGLdispatch.so.0.0.0
7b7a8517b000-7b7a8517c000 rw-p 000af000 b3:02 181820                     /usr/lib/libGLdispatch.so.0.0.0
7b7a8517c000-7b7a85184000 rw-p 00000000 00:00 0 
7b7a85184000-7b7a85187000 r--p 00000000 b3:02 181817                     /usr/lib/libGLX.so.0.0.0
7b7a85187000-7b7a851a1000 r-xp 00003000 b3:02 181817                     /usr/lib/libGLX.so.0.0.0
7b7a851a1000-7b7a851a4000 r--p 0001d000 b3:02 181817                     /usr/lib/libGLX.so.0.0.0
7b7a851a4000-7b7a851a5000 r--p 00020000 b3:02 181817                     /usr/lib/libGLX.so.0.0.0
7b7a851a5000-7b7a851a6000 rw-p 00021000 b3:02 181817                     /usr/lib/libGLX.so.0.0.0
7b7a851a6000-7b7a851b6000 rw-p 00000000 00:00 0 
7b7a851b6000-7b7a851cd000 r--p 00000000 b3:02 178728                     /usr/lib/libX11.so.6.4.0
7b7a851cd000-7b7a85261000 r-xp 00017000 b3:02 178728                     /usr/lib/libX11.so.6.4.0
7b7a85261000-7b7a852f0000 r--p 000ab000 b3:02 178728                     /usr/lib/libX11.so.6.4.0
7b7a852f0000-7b7a852f3000 r--p 00139000 b3:02 178728                     /usr/lib/libX11.so.6.4.0
7b7a852f3000-7b7a852f7000 rw-p 0013c000 b3:02 178728                     /usr/lib/libX11.so.6.4.0
7b7a852f7000-7b7a852f8000 ---p 00000000 00:00 0 
7b7a852f8000-7b7a852fc000 ---p 00000000 00:00 0 
7b7a852fc000-7b7a853f8000 rw-p 00000000 00:00 0 
7b7a853f8000-7b7a853f9000 ---p 00000000 00:00 0 
7b7a853f9000-7b7a853fd000 ---p 00000000 00:00 0 
7b7a853fd000-7b7a854f9000 rw-p 00000000 00:00 0 
7b7a854f9000-7b7a854fa000 ---p 00000000 00:00 0 
7b7a854fa000-7b7a854fe000 ---p 00000000 00:00 0 
7b7a854fe000-7b7a855fa000 rw-p 00000000 00:00 0 
7b7a855fa000-7b7a855fb000 ---p 00000000 00:00 0 
7b7a855fb000-7b7a855ff000 ---p 00000000 00:00 0 
7b7a855ff000-7b7a856fb000 rw-p 00000000 00:00 0 
7b7a856fb000-7b7a856fc000 ---p 00000000 00:00 0 
7b7a856fc000-7b7a85700000 ---p 00000000 00:00 0 
7b7a85700000-7b7a857fc000 rw-p 00000000 00:00 0 
7b7a857fc000-7b7a857fd000 ---p 00000000 00:00 0 
7b7a857fd000-7b7a85801000 ---p 00000000 00:00 0 
7b7a85801000-7b7a858fd000 rw-p 00000000 00:00 0 
7b7a858fd000-7b7a858fe000 ---p 00000000 00:00 0 
7b7a858fe000-7b7a85902000 ---p 00000000 00:00 0 
7b7a85902000-7b7a859fe000 rw-p 00000000 00:00 0 
7b7a859fe000-7b7a859ff000 ---p 00000000 00:00 0 
7b7a859ff000-7b7a85a03000 ---p 00000000 00:00 0 
7b7a85a03000-7b7a85aff000 rw-p 00000000 00:00 0 
7b7a85aff000-7b7a85b00000 ---p 00000000 00:00 0 
7b7a85b00000-7b7a85b04000 ---p 00000000 00:00 0 
7b7a85b04000-7b7a85c00000 rw-p 00000000 00:00 0 
7b7a85c00000-7b7a85eeb000 r--p 00000000 b3:02 175391                     /usr/lib/locale/locale-archive
7b7a85eee000-7b7a85eef000 r--p 00000000 b3:02 181616                     /usr/lib/libxshmfence.so.1.0.0
7b7a85eef000-7b7a85ef0000 r-xp 00001000 b3:02 181616                     /usr/lib/libxshmfence.so.1.0.0
7b7a85ef0000-7b7a85ef1000 r--p 00002000 b3:02 181616                     /usr/lib/libxshmfence.so.1.0.0
7b7a85ef1000-7b7a85ef2000 r--p 00002000 b3:02 181616                     /usr/lib/libxshmfence.so.1.0.0
7b7a85ef2000-7b7a85ef3000 rw-p 00003000 b3:02 181616                     /usr/lib/libxshmfence.so.1.0.0
7b7a85ef3000-7b7a85ef4000 r--p 00000000 b3:02 176356                     /usr/lib/libxcb-shm.so.0.0.0
7b7a85ef4000-7b7a85ef5000 r-xp 00001000 b3:02 176356                     /usr/lib/libxcb-shm.so.0.0.0
7b7a85ef5000-7b7a85ef6000 r--p 00002000 b3:02 176356                     /usr/lib/libxcb-shm.so.0.0.0
7b7a85ef6000-7b7a85ef7000 r--p 00002000 b3:02 176356                     /usr/lib/libxcb-shm.so.0.0.0
7b7a85ef7000-7b7a85ef8000 rw-p 00003000 b3:02 176356                     /usr/lib/libxcb-shm.so.0.0.0
7b7a85ef8000-7b7a85efa000 r--p 00000000 b3:02 176326                     /usr/lib/libxcb-dri2.so.0.0.0
7b7a85efa000-7b7a85efc000 r-xp 00002000 b3:02 176326                     /usr/lib/libxcb-dri2.so.0.0.0
7b7a85efc000-7b7a85efd000 r--p 00004000 b3:02 176326                     /usr/lib/libxcb-dri2.so.0.0.0
7b7a85efd000-7b7a85efe000 r--p 00004000 b3:02 176326                     /usr/lib/libxcb-dri2.so.0.0.0
7b7a85efe000-7b7a85eff000 rw-p 00005000 b3:02 176326                     /usr/lib/libxcb-dri2.so.0.0.0
7b7a85eff000-7b7a85f00000 ---p 00000000 00:00 0 
7b7a85f00000-7b7a86000000 rw-p 00000000 00:00 0 
7b7a86000000-7b7a88021000 rw-p 00000000 00:00 0 
7b7a88021000-7b7a8c000000 ---p 00000000 00:00 0 
7b7a8c001000-7b7a8c003000 rw-s 102846000 00:10 1063                      anon_inode:i915.gem
7b7a8c003000-7b7a8c008000 r--p 00000000 b3:02 181590                     /usr/lib/libdrm.so.2.123.0
7b7a8c008000-7b7a8c014000 r-xp 00005000 b3:02 181590                     /usr/lib/libdrm.so.2.123.0
7b7a8c014000-7b7a8c018000 r--p 00011000 b3:02 181590                     /usr/lib/libdrm.so.2.123.0
7b7a8c018000-7b7a8c019000 r--p 00015000 b3:02 181590                     /usr/lib/libdrm.so.2.123.0
7b7a8c019000-7b7a8c01a000 rw-p 00016000 b3:02 181590                     /usr/lib/libdrm.so.2.123.0
7b7a8c01a000-7b7a8c01b000 r--p 00000000 b3:02 178725                     /usr/lib/libX11-xcb.so.1.0.0
7b7a8c01b000-7b7a8c01c000 r-xp 00001000 b3:02 178725                     /usr/lib/libX11-xcb.so.1.0.0
7b7a8c01c000-7b7a8c01d000 r--p 00002000 b3:02 178725                     /usr/lib/libX11-xcb.so.1.0.0
7b7a8c01d000-7b7a8c01e000 r--p 00002000 b3:02 178725                     /usr/lib/libX11-xcb.so.1.0.0
7b7a8c01e000-7b7a8c01f000 rw-p 00003000 b3:02 178725                     /usr/lib/libX11-xcb.so.1.0.0
7b7a8c01f000-7b7a8c021000 r--p 00000000 b3:02 179607                     /usr/lib/libXfixes.so.3.1.0
7b7a8c021000-7b7a8c024000 r-xp 00002000 b3:02 179607                     /usr/lib/libXfixes.so.3.1.0
7b7a8c024000-7b7a8c025000 r--p 00005000 b3:02 179607                     /usr/lib/libXfixes.so.3.1.0
7b7a8c025000-7b7a8c026000 r--p 00005000 b3:02 179607                     /usr/lib/libXfixes.so.3.1.0
7b7a8c026000-7b7a8c027000 rw-p 00006000 b3:02 179607                     /usr/lib/libXfixes.so.3.1.0
7b7a8c027000-7b7a8c02a000 r--p 00000000 b3:02 181990                     /usr/lib/libXcursor.so.1.0.2
7b7a8c02a000-7b7a8c030000 r-xp 00003000 b3:02 181990                     /usr/lib/libXcursor.so.1.0.2
7b7a8c030000-7b7a8c032000 r--p 00009000 b3:02 181990                     /usr/lib/libXcursor.so.1.0.2
7b7a8c032000-7b7a8c033000 r--p 0000a000 b3:02 181990                     /usr/lib/libXcursor.so.1.0.2
7b7a8c033000-7b7a8c034000 rw-p 0000b000 b3:02 181990                     /usr/lib/libXcursor.so.1.0.2
7b7a8c034000-7b7a8c036000 r--p 00000000 b3:02 182066                     /usr/lib/libXrandr.so.2.2.0
7b7a8c036000-7b7a8c03d000 r-xp 00002000 b3:02 182066                     /usr/lib/libXrandr.so.2.2.0
7b7a8c03d000-7b7a8c03f000 r--p 00009000 b3:02 182066                     /usr/lib/libXrandr.so.2.2.0
7b7a8c03f000-7b7a8c040000 r--p 0000a000 b3:02 182066                     /usr/lib/libXrandr.so.2.2.0
7b7a8c040000-7b7a8c041000 rw-p 0000b000 b3:02 182066                     /usr/lib/libXrandr.so.2.2.0
7b7a8c041000-7b7a8c04d000 r--p 00000000 b3:02 176386                     /usr/lib/libxcb.so.1.1.0
7b7a8c04d000-7b7a8c061000 r-xp 0000c000 b3:02 176386                     /usr/lib/libxcb.so.1.1.0
7b7a8c061000-7b7a8c06a000 r--p 00020000 b3:02 176386                     /usr/lib/libxcb.so.1.1.0
7b7a8c06a000-7b7a8c06b000 r--p 00028000 b3:02 176386                     /usr/lib/libxcb.so.1.1.0
7b7a8c06b000-7b7a8c06c000 rw-p 00029000 b3:02 176386                     /usr/lib/libxcb.so.1.1.0
7b7a8c06c000-7b7a8c07b000 r--p 00000000 00:2a 231                        /tmp/lwjgl_zeph/3.3.4+7/x64/libglfw.so
7b7a8c07b000-7b7a8c09c000 r-xp 0000f000 00:2a 231                        /tmp/lwjgl_zeph/3.3.4+7/x64/libglfw.so
7b7a8c09c000-7b7a8c0d0000 r--p 00030000 00:2a 231                        /tmp/lwjgl_zeph/3.3.4+7/x64/libglfw.so
7b7a8c0d0000-7b7a8c0d1000 ---p 00064000 00:2a 231                        /tmp/lwjgl_zeph/3.3.4+7/x64/libglfw.so
7b7a8c0d1000-7b7a8c0d5000 r--p 00064000 00:2a 231                        /tmp/lwjgl_zeph/3.3.4+7/x64/libglfw.so
7b7a8c0d5000-7b7a8c0d8000 rw-p 00068000 00:2a 231                        /tmp/lwjgl_zeph/3.3.4+7/x64/libglfw.so
7b7a8c0d8000-7b7a8c0fb000 rw-p 00000000 00:00 0 
7b7a8c0fb000-7b7a8c0fc000 ---p 00000000 00:00 0 
7b7a8c0fc000-7b7a8c1fc000 rw-p 00000000 00:00 0 
7b7a8c1fc000-7b7a8c1fd000 ---p 00000000 00:00 0 
7b7a8c1fd000-7b7a8c2fd000 rw-p 00000000 00:00 0 
7b7a8c2fd000-7b7a8c2fe000 ---p 00000000 00:00 0 
7b7a8c2fe000-7b7a8c3fe000 rw-p 00000000 00:00 0 
7b7a8c3fe000-7b7a8c600000 rw-p 00000000 00:00 0 
7b7a8c600000-7b7a8c870000 rwxp 00000000 00:00 0 
7b7a8c870000-7b7a93b38000 ---p 00000000 00:00 0 
7b7a93b38000-7b7a93da8000 rwxp 00000000 00:00 0 
7b7a93da8000-7b7a940c7000 ---p 00000000 00:00 0 
7b7a940c7000-7b7a94337000 rwxp 00000000 00:00 0 
7b7a94337000-7b7a9b600000 ---p 00000000 00:00 0 
7b7a9b600000-7b7aa3e0d000 r--s 00000000 b3:02 329934                     /usr/lib/jvm/java-21-openjdk/lib/modules
7b7aa3e0d000-7b7aa3e0f000 r--p 00000000 b3:02 180183                     /usr/lib/libXrender.so.1.3.0
7b7aa3e0f000-7b7aa3e16000 r-xp 00002000 b3:02 180183                     /usr/lib/libXrender.so.1.3.0
7b7aa3e16000-7b7aa3e17000 r--p 00009000 b3:02 180183                     /usr/lib/libXrender.so.1.3.0
7b7aa3e17000-7b7aa3e18000 r--p 00009000 b3:02 180183                     /usr/lib/libXrender.so.1.3.0
7b7aa3e18000-7b7aa3e19000 rw-p 0000a000 b3:02 180183                     /usr/lib/libXrender.so.1.3.0
7b7aa3e19000-7b7aa3e1d000 r--p 00000000 b3:02 179542                     /usr/lib/libXext.so.6.4.0
7b7aa3e1d000-7b7aa3e28000 r-xp 00004000 b3:02 179542                     /usr/lib/libXext.so.6.4.0
7b7aa3e28000-7b7aa3e2c000 r--p 0000f000 b3:02 179542                     /usr/lib/libXext.so.6.4.0
7b7aa3e2c000-7b7aa3e2d000 r--p 00012000 b3:02 179542                     /usr/lib/libXext.so.6.4.0
7b7aa3e2d000-7b7aa3e2e000 rw-p 00013000 b3:02 179542                     /usr/lib/libXext.so.6.4.0
7b7aa3e2e000-7b7aa3e33000 r--p 00000000 b3:02 329917                     /usr/lib/jvm/java-21-openjdk/lib/libjsvml.so
7b7aa3e33000-7b7aa3e74000 r-xp 00005000 b3:02 329917                     /usr/lib/jvm/java-21-openjdk/lib/libjsvml.so
7b7aa3e74000-7b7aa3efd000 r--p 00046000 b3:02 329917                     /usr/lib/jvm/java-21-openjdk/lib/libjsvml.so
7b7aa3efd000-7b7aa3efe000 r--p 000ce000 b3:02 329917                     /usr/lib/jvm/java-21-openjdk/lib/libjsvml.so
7b7aa3efe000-7b7aa3eff000 rw-p 000cf000 b3:02 329917                     /usr/lib/jvm/java-21-openjdk/lib/libjsvml.so
7b7aa3eff000-7b7aa3f00000 ---p 00000000 00:00 0 
7b7aa3f00000-7b7aa4000000 rw-p 00000000 00:00 0 
7b7aa4000000-7b7aa543d000 rw-p 00000000 00:00 0 
7b7aa543d000-7b7aa8000000 ---p 00000000 00:00 0 
7b7aa8000000-7b7aa8001000 rw-s 107420000 00:10 1063                      anon_inode:i915.gem
7b7aa8001000-7b7aa8002000 rw-s 10741f000 00:10 1063                      anon_inode:i915.gem
7b7aa8002000-7b7aa8003000 r--p 00000000 b3:02 182057                     /usr/lib/libXinerama.so.1.0.0
7b7aa8003000-7b7aa8004000 r-xp 00001000 b3:02 182057                     /usr/lib/libXinerama.so.1.0.0
7b7aa8004000-7b7aa8005000 r--p 00002000 b3:02 182057                     /usr/lib/libXinerama.so.1.0.0
7b7aa8005000-7b7aa8006000 r--p 00002000 b3:02 182057                     /usr/lib/libXinerama.so.1.0.0
7b7aa8006000-7b7aa8007000 rw-p 00003000 b3:02 182057                     /usr/lib/libXinerama.so.1.0.0
7b7aa8007000-7b7aa8031000 r--p 00000000 00:2a 230                        /tmp/lwjgl_zeph/3.3.4+7/x64/liblwjgl.so
7b7aa8031000-7b7aa8063000 r-xp 0002a000 00:2a 230                        /tmp/lwjgl_zeph/3.3.4+7/x64/liblwjgl.so
7b7aa8063000-7b7aa807c000 r--p 0005c000 00:2a 230                        /tmp/lwjgl_zeph/3.3.4+7/x64/liblwjgl.so
7b7aa807c000-7b7aa807d000 r--p 00074000 00:2a 230                        /tmp/lwjgl_zeph/3.3.4+7/x64/liblwjgl.so
7b7aa807d000-7b7aa807e000 rw-p 00075000 00:2a 230                        /tmp/lwjgl_zeph/3.3.4+7/x64/liblwjgl.so
7b7aa807e000-7b7aa80ff000 rw-p 00000000 00:00 0 
7b7aa80ff000-7b7aa8100000 ---p 00000000 00:00 0 
7b7aa8100000-7b7aa8200000 rw-p 00000000 00:00 0 
7b7aa8200000-7b7aa82f0000 rw-p 00000000 00:00 0 
7b7aa82f0000-7b7aa90c0000 ---p 00000000 00:00 0 
7b7aa90c0000-7b7aa90c8000 rw-p 00000000 00:00 0 
7b7aa90c8000-7b7aa90cb000 r--p 00000000 b3:02 179612                     /usr/lib/libXi.so.6.1.0
7b7aa90cb000-7b7aa90d7000 r-xp 00003000 b3:02 179612                     /usr/lib/libXi.so.6.1.0
7b7aa90d7000-7b7aa90d9000 r--p 0000f000 b3:02 179612                     /usr/lib/libXi.so.6.1.0
7b7aa90d9000-7b7aa90da000 r--p 00011000 b3:02 179612                     /usr/lib/libXi.so.6.1.0
7b7aa90da000-7b7aa90db000 rw-p 00012000 b3:02 179612                     /usr/lib/libXi.so.6.1.0
7b7aa90db000-7b7aa90dc000 r--p 00000000 b3:02 181620                     /usr/lib/libXxf86vm.so.1.0.0
7b7aa90dc000-7b7aa90df000 r-xp 00001000 b3:02 181620                     /usr/lib/libXxf86vm.so.1.0.0
7b7aa90df000-7b7aa90e0000 r--p 00004000 b3:02 181620                     /usr/lib/libXxf86vm.so.1.0.0
7b7aa90e0000-7b7aa90e1000 r--p 00004000 b3:02 181620                     /usr/lib/libXxf86vm.so.1.0.0
7b7aa90e1000-7b7aa90e2000 rw-p 00005000 b3:02 181620                     /usr/lib/libXxf86vm.so.1.0.0
7b7aa90e2000-7b7aa90e4000 r--p 00000000 b3:02 176297                     /usr/lib/libXdmcp.so.6.0.0
7b7aa90e4000-7b7aa90e6000 r-xp 00002000 b3:02 176297                     /usr/lib/libXdmcp.so.6.0.0
7b7aa90e6000-7b7aa90e8000 r--p 00004000 b3:02 176297                     /usr/lib/libXdmcp.so.6.0.0
7b7aa90e8000-7b7aa90e9000 r--p 00005000 b3:02 176297                     /usr/lib/libXdmcp.so.6.0.0
7b7aa90e9000-7b7aa90ea000 rw-p 00006000 b3:02 176297                     /usr/lib/libXdmcp.so.6.0.0
7b7aa90ea000-7b7aa90eb000 r--p 00000000 b3:02 176301                     /usr/lib/libXau.so.6.0.0
7b7aa90eb000-7b7aa90ec000 r-xp 00001000 b3:02 176301                     /usr/lib/libXau.so.6.0.0
7b7aa90ec000-7b7aa90ed000 r--p 00002000 b3:02 176301                     /usr/lib/libXau.so.6.0.0
7b7aa90ed000-7b7aa90ee000 r--p 00002000 b3:02 176301                     /usr/lib/libXau.so.6.0.0
7b7aa90ee000-7b7aa90ef000 rw-p 00003000 b3:02 176301                     /usr/lib/libXau.so.6.0.0
7b7aa90ef000-7b7aa90f0000 r--p 00000000 b3:02 134499                     /usr/lib/librt.so.1
7b7aa90f0000-7b7aa90f1000 r-xp 00001000 b3:02 134499                     /usr/lib/librt.so.1
7b7aa90f1000-7b7aa90f2000 r--p 00002000 b3:02 134499                     /usr/lib/librt.so.1
7b7aa90f2000-7b7aa90f3000 r--p 00002000 b3:02 134499                     /usr/lib/librt.so.1
7b7aa90f3000-7b7aa90f4000 rw-p 00003000 b3:02 134499                     /usr/lib/librt.so.1
7b7aa90f4000-7b7aa90f5000 r--p 00000000 b3:02 134494                     /usr/lib/libpthread.so.0
7b7aa90f5000-7b7aa90f6000 r-xp 00001000 b3:02 134494                     /usr/lib/libpthread.so.0
7b7aa90f6000-7b7aa90f7000 r--p 00002000 b3:02 134494                     /usr/lib/libpthread.so.0
7b7aa90f7000-7b7aa90f8000 r--p 00002000 b3:02 134494                     /usr/lib/libpthread.so.0
7b7aa90f8000-7b7aa90f9000 rw-p 00003000 b3:02 134494                     /usr/lib/libpthread.so.0
7b7aa90f9000-7b7aa90fa000 rw-s 00000000 00:01 225844                     /memfd:xshmfence (deleted)
7b7aa90fa000-7b7aa910a000 rw-s 106ed8000 00:10 1063                      anon_inode:i915.gem
7b7aa910a000-7b7aa911a000 rw-s 1040e8000 00:10 1063                      anon_inode:i915.gem
7b7aa911a000-7b7aa9175000 rw-p 00000000 00:00 0 
7b7aa9175000-7b7aa9176000 ---p 00000000 00:00 0 
7b7aa9176000-7b7aa9276000 rw-p 00000000 00:00 0 
7b7aa9276000-7b7aa9294000 rw-p 00000000 00:00 0 
7b7aa9294000-7b7aa944e000 ---p 00000000 00:00 0 
7b7aa944e000-7b7aa946d000 rw-p 00000000 00:00 0 
7b7aa946d000-7b7aa9627000 ---p 00000000 00:00 0 
7b7aa9627000-7b7aa982f000 rw-p 00000000 00:00 0 
7b7aa982f000-7b7aa9915000 ---p 00000000 00:00 0 
7b7aa9915000-7b7aa991a000 rw-p 00000000 00:00 0 
7b7aa991a000-7b7aa9a00000 ---p 00000000 00:00 0 
7b7aa9a00000-7b7aa9a97000 r--p 00000000 b3:02 133657                     /usr/lib/libstdc++.so.6.0.33
7b7aa9a97000-7b7aa9be4000 r-xp 00097000 b3:02 133657                     /usr/lib/libstdc++.so.6.0.33
7b7aa9be4000-7b7aa9c74000 r--p 001e4000 b3:02 133657                     /usr/lib/libstdc++.so.6.0.33
7b7aa9c74000-7b7aa9c81000 r--p 00274000 b3:02 133657                     /usr/lib/libstdc++.so.6.0.33
7b7aa9c81000-7b7aa9c82000 rw-p 00281000 b3:02 133657                     /usr/lib/libstdc++.so.6.0.33
7b7aa9c82000-7b7aa9c87000 rw-p 00000000 00:00 0 
7b7aa9c87000-7b7aa9c89000 r--p 00000000 b3:02 329933                     /usr/lib/jvm/java-21-openjdk/lib/libzip.so
7b7aa9c89000-7b7aa9c8d000 r-xp 00002000 b3:02 329933                     /usr/lib/jvm/java-21-openjdk/lib/libzip.so
7b7aa9c8d000-7b7aa9c8f000 r--p 00006000 b3:02 329933                     /usr/lib/jvm/java-21-openjdk/lib/libzip.so
7b7aa9c8f000-7b7aa9c90000 r--p 00007000 b3:02 329933                     /usr/lib/jvm/java-21-openjdk/lib/libzip.so
7b7aa9c90000-7b7aa9c91000 rw-p 00008000 b3:02 329933                     /usr/lib/jvm/java-21-openjdk/lib/libzip.so
7b7aa9c91000-7b7aa9c94000 r--p 00000000 b3:02 329924                     /usr/lib/jvm/java-21-openjdk/lib/libnet.so
7b7aa9c94000-7b7aa9c9b000 r-xp 00003000 b3:02 329924                     /usr/lib/jvm/java-21-openjdk/lib/libnet.so
7b7aa9c9b000-7b7aa9c9d000 r--p 0000a000 b3:02 329924                     /usr/lib/jvm/java-21-openjdk/lib/libnet.so
7b7aa9c9d000-7b7aa9c9e000 r--p 0000b000 b3:02 329924                     /usr/lib/jvm/java-21-openjdk/lib/libnet.so
7b7aa9c9e000-7b7aa9c9f000 rw-p 0000c000 b3:02 329924                     /usr/lib/jvm/java-21-openjdk/lib/libnet.so
7b7aa9c9f000-7b7aa9d00000 rw-p 00000000 00:00 0 
7b7aa9d00000-7b7aa9d04000 ---p 00000000 00:00 0 
7b7aa9d04000-7b7aa9e00000 rw-p 00000000 00:00 0 
7b7aa9e00000-7b7aa9e0e000 r--p 00000000 b3:02 329944                     /usr/lib/jvm/java-21-openjdk/lib/server/libjvm.so
7b7aa9e0e000-7b7aaada0000 r-xp 0000e000 b3:02 329944                     /usr/lib/jvm/java-21-openjdk/lib/server/libjvm.so
7b7aaada0000-7b7aaaf8f000 r--p 00fa0000 b3:02 329944                     /usr/lib/jvm/java-21-openjdk/lib/server/libjvm.so
7b7aaaf8f000-7b7aab060000 r--p 0118e000 b3:02 329944                     /usr/lib/jvm/java-21-openjdk/lib/server/libjvm.so
7b7aab060000-7b7aab08a000 rw-p 0125f000 b3:02 329944                     /usr/lib/jvm/java-21-openjdk/lib/server/libjvm.so
7b7aab08a000-7b7aab0f0000 rw-p 00000000 00:00 0 
7b7aab0f0000-7b7aab0f1000 r-xp 0005a000 00:2a 230                        /tmp/lwjgl_zeph/3.3.4+7/x64/liblwjgl.so
7b7aab0f1000-7b7aab0f2000 rw-p 00000000 00:00 0 
7b7aab0f2000-7b7aab0f3000 r--p 00000000 b3:02 134472                     /usr/lib/libdl.so.2
7b7aab0f3000-7b7aab0f4000 r-xp 00001000 b3:02 134472                     /usr/lib/libdl.so.2
7b7aab0f4000-7b7aab0f5000 r--p 00002000 b3:02 134472                     /usr/lib/libdl.so.2
7b7aab0f5000-7b7aab0f6000 r--p 00002000 b3:02 134472                     /usr/lib/libdl.so.2
7b7aab0f6000-7b7aab0f7000 rw-p 00003000 b3:02 134472                     /usr/lib/libdl.so.2
7b7aab0f7000-7b7aab0fe000 r--p 00000000 b3:02 329925                     /usr/lib/jvm/java-21-openjdk/lib/libnio.so
7b7aab0fe000-7b7aab107000 r-xp 00007000 b3:02 329925                     /usr/lib/jvm/java-21-openjdk/lib/libnio.so
7b7aab107000-7b7aab10c000 r--p 00010000 b3:02 329925                     /usr/lib/jvm/java-21-openjdk/lib/libnio.so
7b7aab10c000-7b7aab10d000 r--p 00014000 b3:02 329925                     /usr/lib/jvm/java-21-openjdk/lib/libnio.so
7b7aab10d000-7b7aab10e000 rw-p 00015000 b3:02 329925                     /usr/lib/jvm/java-21-openjdk/lib/libnio.so
7b7aab10e000-7b7aab118000 r--p 00000000 b3:02 329907                     /usr/lib/jvm/java-21-openjdk/lib/libjava.so
7b7aab118000-7b7aab125000 r-xp 0000a000 b3:02 329907                     /usr/lib/jvm/java-21-openjdk/lib/libjava.so
7b7aab125000-7b7aab12a000 r--p 00017000 b3:02 329907                     /usr/lib/jvm/java-21-openjdk/lib/libjava.so
7b7aab12a000-7b7aab12b000 r--p 0001b000 b3:02 329907                     /usr/lib/jvm/java-21-openjdk/lib/libjava.so
7b7aab12b000-7b7aab12c000 rw-p 0001c000 b3:02 329907                     /usr/lib/jvm/java-21-openjdk/lib/libjava.so
7b7aab12c000-7b7aab12d000 rw-p 00000000 00:00 0 
7b7aab12d000-7b7aab131000 r--p 00000000 b3:02 133624                     /usr/lib/libgcc_s.so.1
7b7aab131000-7b7aab155000 r-xp 00004000 b3:02 133624                     /usr/lib/libgcc_s.so.1
7b7aab155000-7b7aab159000 r--p 00028000 b3:02 133624                     /usr/lib/libgcc_s.so.1
7b7aab159000-7b7aab15a000 r--p 0002b000 b3:02 133624                     /usr/lib/libgcc_s.so.1
7b7aab15a000-7b7aab15b000 rw-p 0002c000 b3:02 133624                     /usr/lib/libgcc_s.so.1
7b7aab15b000-7b7aab169000 r--p 00000000 b3:02 134477                     /usr/lib/libm.so.6
7b7aab169000-7b7aab1ec000 r-xp 0000e000 b3:02 134477                     /usr/lib/libm.so.6
7b7aab1ec000-7b7aab248000 r--p 00091000 b3:02 134477                     /usr/lib/libm.so.6
7b7aab248000-7b7aab249000 r--p 000ec000 b3:02 134477                     /usr/lib/libm.so.6
7b7aab249000-7b7aab24a000 rw-p 000ed000 b3:02 134477                     /usr/lib/libm.so.6
7b7aab24a000-7b7aab24d000 rw-p 00000000 00:00 0 
7b7aab24d000-7b7aab250000 r--p 00000000 b3:02 138543                     /usr/lib/libz.so.1.3.1
7b7aab250000-7b7aab25e000 r-xp 00003000 b3:02 138543                     /usr/lib/libz.so.1.3.1
7b7aab25e000-7b7aab264000 r--p 00011000 b3:02 138543                     /usr/lib/libz.so.1.3.1
7b7aab264000-7b7aab265000 r--p 00017000 b3:02 138543                     /usr/lib/libz.so.1.3.1
7b7aab265000-7b7aab266000 rw-p 00018000 b3:02 138543                     /usr/lib/libz.so.1.3.1
7b7aab266000-7b7aab28a000 r--p 00000000 b3:02 134467                     /usr/lib/libc.so.6
7b7aab28a000-7b7aab3fb000 r-xp 00024000 b3:02 134467                     /usr/lib/libc.so.6
7b7aab3fb000-7b7aab449000 r--p 00195000 b3:02 134467                     /usr/lib/libc.so.6
7b7aab449000-7b7aab44d000 r--p 001e3000 b3:02 134467                     /usr/lib/libc.so.6
7b7aab44d000-7b7aab44f000 rw-p 001e7000 b3:02 134467                     /usr/lib/libc.so.6
7b7aab44f000-7b7aab457000 rw-p 00000000 00:00 0 
7b7aab458000-7b7aab459000 rw-s 102287000 00:10 1063                      anon_inode:i915.gem
7b7aab459000-7b7aab45a000 rw-s 102286000 00:10 1063                      anon_inode:i915.gem
7b7aab45a000-7b7aab45b000 rw-s 102285000 00:10 1063                      anon_inode:i915.gem
7b7aab45b000-7b7aab460000 rw-p 00000000 00:00 0 
7b7aab460000-7b7aab467000 ---p 00000000 00:00 0 
7b7aab467000-7b7aab46f000 rw-s 00000000 00:2a 19328                      /tmp/hsperfdata_zeph/495774
7b7aab46f000-7b7aab470000 ---p 00000000 00:00 0 
7b7aab470000-7b7aab471000 r--p 00000000 00:00 0 
7b7aab471000-7b7aab472000 ---p 00000000 00:00 0 
7b7aab472000-7b7aab473000 r--p 00000000 b3:02 329913                     /usr/lib/jvm/java-21-openjdk/lib/libjimage.so
7b7aab473000-7b7aab475000 r-xp 00001000 b3:02 329913                     /usr/lib/jvm/java-21-openjdk/lib/libjimage.so
7b7aab475000-7b7aab476000 r--p 00003000 b3:02 329913                     /usr/lib/jvm/java-21-openjdk/lib/libjimage.so
7b7aab476000-7b7aab477000 r--p 00003000 b3:02 329913                     /usr/lib/jvm/java-21-openjdk/lib/libjimage.so
7b7aab477000-7b7aab478000 rw-p 00004000 b3:02 329913                     /usr/lib/jvm/java-21-openjdk/lib/libjimage.so
7b7aab478000-7b7aab47a000 r--p 00000000 b3:02 329914                     /usr/lib/jvm/java-21-openjdk/lib/libjli.so
7b7aab47a000-7b7aab484000 r-xp 00002000 b3:02 329914                     /usr/lib/jvm/java-21-openjdk/lib/libjli.so
7b7aab484000-7b7aab487000 r--p 0000c000 b3:02 329914                     /usr/lib/jvm/java-21-openjdk/lib/libjli.so
7b7aab487000-7b7aab488000 r--p 0000e000 b3:02 329914                     /usr/lib/jvm/java-21-openjdk/lib/libjli.so
7b7aab488000-7b7aab489000 rw-p 0000f000 b3:02 329914                     /usr/lib/jvm/java-21-openjdk/lib/libjli.so
7b7aab489000-7b7aab48b000 rw-p 00000000 00:00 0 
7b7aab48b000-7b7aab48f000 r--p 00000000 00:00 0                          [vvar]
7b7aab48f000-7b7aab491000 r-xp 00000000 00:00 0                          [vdso]
7b7aab491000-7b7aab492000 r--p 00000000 b3:02 134458                     /usr/lib/ld-linux-x86-64.so.2
7b7aab492000-7b7aab4bb000 r-xp 00001000 b3:02 134458                     /usr/lib/ld-linux-x86-64.so.2
7b7aab4bb000-7b7aab4c5000 r--p 0002a000 b3:02 134458                     /usr/lib/ld-linux-x86-64.so.2
7b7aab4c5000-7b7aab4c7000 r--p 00034000 b3:02 134458                     /usr/lib/ld-linux-x86-64.so.2
7b7aab4c7000-7b7aab4c9000 rw-p 00036000 b3:02 134458                     /usr/lib/ld-linux-x86-64.so.2
7ffea9487000-7ffea94a8000 rw-p 00000000 00:00 0                          [stack]
ffffffffff600000-ffffffffff601000 --xp 00000000 00:00 0                  [vsyscall]
Total number of mappings: 509


VM Arguments:
jvm_args: -Djava.library.path=lib/ -XX:+ShowCodeDetailsInExceptionMessages 
java_command: game.Main
java_class_path (initial): /home/zeph/mnt/JAVA/ZephyroGame/target/classes:/home/zeph/.m2/repository/org/l33tlabs/twl/pngdecoder/1.0/pngdecoder-1.0.jar:/home/zeph/.m2/repository/org/joml/joml/1.10.8/joml-1.10.8.jar:/home/zeph/.m2/repository/org/lwjgl/lwjgl/3.3.4/lwjgl-3.3.4.jar:/home/zeph/.m2/repository/org/lwjgl/lwjgl-assimp/3.3.4/lwjgl-assimp-3.3.4.jar:/home/zeph/.m2/repository/org/lwjgl/lwjgl-bgfx/3.3.4/lwjgl-bgfx-3.3.4.jar:/home/zeph/.m2/repository/org/lwjgl/lwjgl-cuda/3.3.4/lwjgl-cuda-3.3.4.jar:/home/zeph/.m2/repository/org/lwjgl/lwjgl-fmod/3.3.4/lwjgl-fmod-3.3.4.jar:/home/zeph/.m2/repository/org/lwjgl/lwjgl-glfw/3.3.4/lwjgl-glfw-3.3.4.jar:/home/zeph/.m2/repository/org/lwjgl/lwjgl-nanovg/3.3.4/lwjgl-nanovg-3.3.4.jar:/home/zeph/.m2/repository/org/lwjgl/lwjgl-nuklear/3.3.4/lwjgl-nuklear-3.3.4.jar:/home/zeph/.m2/repository/org/lwjgl/lwjgl-openal/3.3.4/lwjgl-openal-3.3.4.jar:/home/zeph/.m2/repository/org/lwjgl/lwjgl-opencl/3.3.4/lwjgl-opencl-3.3.4.jar:/home/zeph/.m2/repository/org/lwjgl/lwjgl-opengl/3.3.4/lwjgl-opengl-3.3.4.jar:/home/zeph/.m2/repository/org/lwjgl/lwjgl-par/3.3.4/lwjgl-par-3.3.4.jar:/home/zeph/.m2/repository/org/lwjgl/lwjgl-shaderc/3.3.4/lwjgl-shaderc-3.3.4.jar:/home/zeph/.m2/repository/org/lwjgl/lwjgl-stb/3.3.4/lwjgl-stb-3.3.4.jar:/home/zeph/.m2/repository/org/lwjgl/lwjgl-vulkan/3.3.4/lwjgl-vulkan-3.3.4.jar:/home/zeph/.m2/repository/org/lwjgl/lwjgl/3.3.4/lwjgl-3.3.4-natives-linux.jar:/home/zeph/.m2/repository/org/lwjgl/lwjgl-assimp/3.3.4/lwjgl-assimp-3.3.4-natives-linux.jar:/home/zeph/.m2/repository/org/lwjgl/lwjgl-bgfx/3.3.4/lwjgl-bgfx-3.3.4-natives-linux.jar:/home/zeph/.m2/repository/org/lwjgl/lwjgl-glfw/3.3.4/lwjgl-glfw-3.3.4-natives-linux.jar:/home/zeph/.m2/repository/org/lwjgl/lwjgl-nanovg/3.3.4/lwjgl-nanovg-3.3.4-natives-linux.jar:/home/zeph/.m2/repository/org/lwjgl/lwjgl-nuklear/3.3.4/lwjgl-nuklear-3.3.4-natives-linux.jar:/home/zeph/.m2/repository/org/lwjgl/lwjgl-openal/3.3.4/lwjgl-openal-3.3.4-natives-linux.jar:/home/zeph/.m2/repository/org/lwjgl/lwjgl-opengl/3.3.4/lwjgl-opengl-3.3.4-natives-linux.jar:/home/zeph/.m2/repository/org/lwjgl/lwjgl-par/3.3.4/lwjgl-par-3.3.4-natives-linux.jar:/home/zeph/.m2/repository/org/lwjgl/lwjgl-shaderc/3.3.4/lwjgl-shaderc-3.3.4-natives-linux.jar:/home/zeph/.m2/repository/org/lwjgl/lwjgl-stb/3.3.4/lwjgl-stb-3.3.4-natives-linux.jar
Launcher Type: SUN_STANDARD

[Global flags]
     intx CICompilerCount                          = 2                                         {product} {ergonomic}
     uint ConcGCThreads                            = 1                                         {product} {ergonomic}
     uint G1ConcRefinementThreads                  = 2                                         {product} {ergonomic}
   size_t G1HeapRegionSize                         = 1048576                                   {product} {ergonomic}
    uintx GCDrainStackTargetSize                   = 64                                        {product} {ergonomic}
   size_t InitialHeapSize                          = 62914560                                  {product} {ergonomic}
   size_t MarkStackSize                            = 4194304                                   {product} {ergonomic}
   size_t MaxHeapSize                              = 991952896                                 {product} {ergonomic}
   size_t MaxNewSize                               = 594542592                                 {product} {ergonomic}
   size_t MinHeapDeltaBytes                        = 1048576                                   {product} {ergonomic}
   size_t MinHeapSize                              = 8388608                                   {product} {ergonomic}
    uintx NonNMethodCodeHeapSize                   = 5826188                                {pd product} {ergonomic}
    uintx NonProfiledCodeHeapSize                  = 122916026                              {pd product} {ergonomic}
    uintx ProfiledCodeHeapSize                     = 122916026                              {pd product} {ergonomic}
    uintx ReservedCodeCacheSize                    = 251658240                              {pd product} {ergonomic}
     bool SegmentedCodeCache                       = true                                      {product} {ergonomic}
     bool ShowCodeDetailsInExceptionMessages       = true                                   {manageable} {command line}
   size_t SoftMaxHeapSize                          = 991952896                              {manageable} {ergonomic}
     bool UseCompressedOops                        = true                           {product lp64_product} {ergonomic}
     bool UseG1GC                                  = true                                      {product} {ergonomic}

Logging:
Log output configuration:
 #0: stdout all=warning uptime,level,tags foldmultilines=false
 #1: stderr all=off uptime,level,tags foldmultilines=false

Environment Variables:
PATH=/home/zeph/.cargo/bin:/usr/local/sbin:/usr/local/bin:/usr/bin:/usr/lib/jvm/default/bin:/usr/bin/site_perl:/usr/bin/vendor_perl:/usr/bin/core_perl
SHELL=/usr/bin/bash
DISPLAY=:0
LANG=en_US.UTF-8
TERM=xterm-256color

Active Locale:
LC_ALL=en_US.UTF-8
LC_COLLATE=en_US.UTF-8
LC_CTYPE=en_US.UTF-8
LC_MESSAGES=en_US.UTF-8
LC_MONETARY=en_US.UTF-8
LC_NUMERIC=en_US.UTF-8
LC_TIME=en_US.UTF-8

Signal Handlers:
   SIGSEGV: 0x00007b7aaaa5f8d0 in libjvm.so+12974288, mask=11100100010111111101111111111110, flags=SA_RESTART|SA_SIGINFO, unblocked
    SIGBUS: 0x00007b7aaaa5f8d0 in libjvm.so+12974288, mask=11100100010111111101111111111110, flags=SA_RESTART|SA_SIGINFO, unblocked
    SIGFPE: 0x00007b7aaaa5f8d0 in libjvm.so+12974288, mask=11100100010111111101111111111110, flags=SA_RESTART|SA_SIGINFO, unblocked
   SIGPIPE: 0x00007b7aaa91df80 in libjvm.so+11657088, mask=11100100010111111101111111111110, flags=SA_RESTART|SA_SIGINFO, blocked
   SIGXFSZ: 0x00007b7aaa91df80 in libjvm.so+11657088, mask=11100100010111111101111111111110, flags=SA_RESTART|SA_SIGINFO, blocked
    SIGILL: 0x00007b7aaaa5f8d0 in libjvm.so+12974288, mask=11100100010111111101111111111110, flags=SA_RESTART|SA_SIGINFO, unblocked
   SIGUSR2: 0x00007b7aaa92bad0 in libjvm.so+11713232, mask=00000000000000000000000000000000, flags=SA_RESTART|SA_SIGINFO, blocked
    SIGHUP: 0x00007b7aaa916540 in libjvm.so+11625792, mask=11100100010111111101111111111110, flags=SA_RESTART|SA_SIGINFO, blocked
    SIGINT: 0x00007b7aaa916540 in libjvm.so+11625792, mask=11100100010111111101111111111110, flags=SA_RESTART|SA_SIGINFO, blocked
   SIGTERM: 0x00007b7aaa916540 in libjvm.so+11625792, mask=11100100010111111101111111111110, flags=SA_RESTART|SA_SIGINFO, blocked
   SIGQUIT: 0x00007b7aaa916540 in libjvm.so+11625792, mask=11100100010111111101111111111110, flags=SA_RESTART|SA_SIGINFO, blocked
   SIGTRAP: 0x00007b7aaaa5f8d0 in libjvm.so+12974288, mask=11100100010111111101111111111110, flags=SA_RESTART|SA_SIGINFO, unblocked


Periodic native trim disabled

---------------  S Y S T E M  ---------------

OS:
NAME="Arch Linux"
PRETTY_NAME="Arch Linux"
ID=arch
BUILD_ID=rolling
ANSI_COLOR="38;2;23;147;209"
HOME_URL="https://archlinux.org/"
DOCUMENTATION_URL="https://wiki.archlinux.org/"
SUPPORT_URL="https://bbs.archlinux.org/"
BUG_REPORT_URL="https://gitlab.archlinux.org/groups/archlinux/-/issues"
PRIVACY_POLICY_URL="https://terms.archlinux.org/docs/privacy-policy/"
LOGO=archlinux-logo
uname: Linux 6.11.6-arch1-1 #1 SMP PREEMPT_DYNAMIC Fri, 01 Nov 2024 03:30:41 +0000 x86_64
OS uptime: 6 days 1:37 hours
libc: glibc 2.40 NPTL 2.40 
rlimit (soft/hard): STACK 8192k/infinity , CORE infinity/infinity , NPROC 14753/14753 , NOFILE 524288/524288 , AS infinity/infinity , CPU infinity/infinity , DATA infinity/infinity , FSIZE infinity/infinity , MEMLOCK 8192k/8192k
load average: 5.47 2.86 1.31

/proc/meminfo:
MemTotal:        3871508 kB
MemFree:          119732 kB
MemAvailable:     678216 kB
Buffers:            8968 kB
Cached:          1190256 kB
SwapCached:         3736 kB
Active:          1345644 kB
Inactive:        1481404 kB
Active(anon):     839212 kB
Inactive(anon):  1282212 kB
Active(file):     506432 kB
Inactive(file):   199192 kB
Unevictable:      274252 kB
Mlocked:              32 kB
SwapTotal:       1935356 kB
SwapFree:         627560 kB
Zswap:                 0 kB
Zswapped:              0 kB
Dirty:               380 kB
Writeback:             0 kB
AnonPages:       1899584 kB
Mapped:           332932 kB
Shmem:            493452 kB
KReclaimable:     123364 kB
Slab:             212076 kB
SReclaimable:     123364 kB
SUnreclaim:        88712 kB
KernelStack:       14712 kB
PageTables:        41328 kB
SecPageTables:         0 kB
NFS_Unstable:          0 kB
Bounce:                0 kB
WritebackTmp:          0 kB
CommitLimit:     3871108 kB
Committed_AS:   12462592 kB
VmallocTotal:   34359738367 kB
VmallocUsed:       59000 kB
VmallocChunk:          0 kB
Percpu:             1032 kB
HardwareCorrupted:     0 kB
AnonHugePages:    335872 kB
ShmemHugePages:        0 kB
ShmemPmdMapped:        0 kB
FileHugePages:     61440 kB
FilePmdMapped:     61440 kB
CmaTotal:              0 kB
CmaFree:               0 kB
Unaccepted:            0 kB
HugePages_Total:       0
HugePages_Free:        0
HugePages_Rsvd:        0
HugePages_Surp:        0
Hugepagesize:       2048 kB
Hugetlb:               0 kB
DirectMap4k:      142792 kB
DirectMap2M:     3911680 kB
DirectMap1G:     2097152 kB

/sys/kernel/mm/transparent_hugepage/enabled: [always] madvise never
/sys/kernel/mm/transparent_hugepage/hpage_pmd_size: 2097152
/sys/kernel/mm/transparent_hugepage/defrag (defrag/compaction efforts parameter): always defer defer+madvise [madvise] never

Process Memory:
Virtual Size: 3844040K (peak: 3844040K)
Resident Set Size: 118512K (peak: 120400K) (anon: 58656K, file: 58792K, shmem: 1064K)
Swapped out: 0K
C-Heap outstanding allocations: 27426K, retained: 4165K
glibc malloc tunables: (default)

/proc/sys/kernel/threads-max (system-wide limit on the number of threads): 29506
/proc/sys/vm/max_map_count (maximum number of memory map areas a process may have): 1048576
/proc/sys/vm/swappiness (control to define how aggressively the kernel swaps out anonymous memory): 60
/proc/sys/kernel/pid_max (system-wide limit on number of process identifiers): 4194304

container (cgroup) information:
container_type: cgroupv2
cpu_cpuset_cpus: not supported
cpu_memory_nodes: not supported
active_processor_count: 2
cpu_quota: no quota
cpu_period: 100000
cpu_shares: no shares
memory_limit_in_bytes: unlimited
memory_and_swap_limit_in_bytes: unlimited
memory_soft_limit_in_bytes: unlimited
memory_usage_in_bytes: 3051964 k
memory_max_usage_in_bytes: not supported
memory_swap_current_in_bytes: 1204288 k
memory_swap_max_limit_in_bytes: unlimited
maximum number of tasks: unlimited
current number of tasks: 716

Steal ticks since vm start: 0
Steal ticks percentage since vm start:  0.000

CPU: total 2 (initial active 2) (2 cores per cpu, 1 threads per core) family 6 model 122 stepping 1 microcode 0x42, cx8, cmov, fxsr, mmx, 3dnowpref, sse, sse2, sse3, ssse3, sse4.1, sse4.2, popcnt, tsc, tscinvbit, aes, erms, clmul, sha, clflush, clflushopt, rdtscp, rdpid
CPU Model and flags from /proc/cpuinfo:
model name	: Intel(R) Celeron(R) N4000 CPU @ 1.10GHz
flags		: fpu vme de pse tsc msr pae mce cx8 apic sep mtrr pge mca cmov pat pse36 clflush dts acpi mmx fxsr sse sse2 ss ht tm pbe syscall nx pdpe1gb rdtscp lm constant_tsc art arch_perfmon pebs bts rep_good nopl xtopology nonstop_tsc cpuid aperfmperf tsc_known_freq pni pclmulqdq dtes64 monitor ds_cpl vmx est tm2 ssse3 sdbg cx16 xtpr pdcm sse4_1 sse4_2 x2apic movbe popcnt tsc_deadline_timer aes xsave rdrand lahf_lm 3dnowprefetch cpuid_fault cat_l2 pti cdp_l2 ssbd ibrs ibpb stibp ibrs_enhanced tpr_shadow flexpriority ept vpid ept_ad fsgsbase tsc_adjust smep erms mpx rdt_a rdseed smap clflushopt intel_pt sha_ni xsaveopt xsavec xgetbv1 xsaves dtherm ida arat pln pts vnmi umip rdpid md_clear arch_capabilities

Online cpus: 0-1
Offline cpus: 
BIOS frequency limitation: <Not Available>
Frequency switch latency (ns): 20000
Available cpu frequencies: <Not Available>
Current governor: schedutil
Core performance/turbo boost: <Not Available>

Memory: 4k page, physical 3871508k(677712k free), swap 1935356k(627560k free)
Page Sizes: 4k

vm_info: OpenJDK 64-Bit Server VM (21.0.5+11) for linux-amd64 JRE (21.0.5+11), built on 2024-10-16T10:19:33Z by "builduser" with gcc 14.2.1 20240910

END.
