#
# A fatal error has been detected by the Java Runtime Environment:
#
#  SIGSEGV (0xb) at pc=0x00007fd702ee570d, pid=479548, tid=479549
#
# JRE version: OpenJDK Runtime Environment (21.0.5+11) (build 21.0.5+11)
# Java VM: OpenJDK 64-Bit Server VM (21.0.5+11, mixed mode, sharing, tiered, compressed oops, compressed class ptrs, g1 gc, linux-amd64)
# Problematic frame:
# C  [libc.so.6+0xb070d]
#
# Core dump will be written. Default location: Core dumps may be processed with "/usr/lib/systemd/systemd-coredump %P %u %g %s %t %c %h" (or dumping to /home/zeph/mnt/JAVA/ZephyroGame/core.479548)
#
# If you would like to submit a bug report, please visit:
#   https://bugreport.java.com/bugreport/crash.jsp
# The crash happened outside the Java Virtual Machine in native code.
# See problematic frame for where to report the bug.
#

---------------  S U M M A R Y ------------

Command Line: -Djava.library.path=lib/ -XX:+ShowCodeDetailsInExceptionMessages game.Main

Host: Intel(R) Celeron(R) N4000 CPU @ 1.10GHz, 2 cores, 3G, Arch Linux
Time: Wed Nov 20 19:25:08 2024 UTC elapsed time: 1.858093 seconds (0d 0h 0m 1s)

---------------  T H R E A D  ---------------

Current thread (0x00007fd6fc019710):  JavaThread "main"             [_thread_in_native, id=479549, stack(0x00007fd701900000,0x00007fd701a00000) (1024K)]

Stack: [0x00007fd701900000,0x00007fd701a00000],  sp=0x00007fd7019fe3e8,  free space=1016k
Native frames: (J=compiled Java code, j=interpreted, Vv=VM code, C=native code)
C  [libc.so.6+0xb070d]
C  [libgallium-24.2.7-arch1.1.so+0x262a3c]
C  [libgallium-24.2.7-arch1.1.so+0x2638c3]
C  [libgallium-24.2.7-arch1.1.so+0x268b28]
j  org.lwjgl.opengl.GL15C.nglBufferData(IJJI)V+0
j  org.lwjgl.opengl.GL15C.glBufferData(ILjava/nio/FloatBuffer;I)V+15
j  org.lwjgl.opengl.GL15.glBufferData(ILjava/nio/FloatBuffer;I)V+3
j  game.Display.Shader.addVertexData(Ljava/nio/FloatBuffer;)V+14
j  game.Display.Display.init()V+154
j  game.Display.Display.run()V+1
j  game.Main.main([Ljava/lang/String;)V+3
v  ~StubRoutines::call_stub 0x00007fd6ebb38cc4
V  [libjvm.so+0x6d0894]
V  [libjvm.so+0xd8dc42]
V  [libjvm.so+0x7437b1]
C  [libjli.so+0x5507]
C  [libjli.so+0x574d]
C  [libc.so.6+0x9439d]
Java frames: (J=compiled Java code, j=interpreted, Vv=VM code)
j  org.lwjgl.opengl.GL15C.nglBufferData(IJJI)V+0
j  org.lwjgl.opengl.GL15C.glBufferData(ILjava/nio/FloatBuffer;I)V+15
j  org.lwjgl.opengl.GL15.glBufferData(ILjava/nio/FloatBuffer;I)V+3
j  game.Display.Shader.addVertexData(Ljava/nio/FloatBuffer;)V+14
j  game.Display.Display.init()V+154
j  game.Display.Display.run()V+1
j  game.Main.main([Ljava/lang/String;)V+3
v  ~StubRoutines::call_stub 0x00007fd6ebb38cc4

siginfo: si_signo: 11 (SIGSEGV), si_code: 1 (SEGV_MAPERR), si_addr: 0x0000000000000010

Registers:
RAX=0x00007fd6e44c80c0, RBX=0x0000000000000020, RCX=0x0000000000000000, RDX=0x0000000000000020
RSP=0x00007fd7019fe3e8, RBP=0x00007fd7019fe470, RSI=0x0000000000000010, RDI=0x00007fd6e44c80c0
R8 =0x0000000000000027, R9 =0x0000000107422000, R10=0x0000000000000001, R11=0x0000000000000246
R12=0x00007fd6fd093180, R13=0x00007fd6fc4c0020, R14=0x0000000000000010, R15=0x0000000000000000
RIP=0x00007fd702ee570d, EFLAGS=0x0000000000010202, CSGSFS=0x002b000000000033, ERR=0x0000000000000004
  TRAPNO=0x000000000000000e


Register to memory mapping:

RAX=0x00007fd6e44c80c0 points into unknown readable memory: 0x0000000000000000 | 00 00 00 00 00 00 00 00
RBX=0x0000000000000020 is an unknown value
RCX=0x0 is null
RDX=0x0000000000000020 is an unknown value
RSP=0x00007fd7019fe3e8 is pointing into the stack for thread: 0x00007fd6fc019710
RBP=0x00007fd7019fe470 is pointing into the stack for thread: 0x00007fd6fc019710
RSI=0x0000000000000010 is an unknown value
RDI=0x00007fd6e44c80c0 points into unknown readable memory: 0x0000000000000000 | 00 00 00 00 00 00 00 00
R8 =0x0000000000000027 is an unknown value
R9 =0x0000000107422000 is an unknown value
R10=0x0000000000000001 is an unknown value
R11=0x0000000000000246 is an unknown value
R12=0x00007fd6fd093180 points into unknown readable memory: 0x0000000000000002 | 02 00 00 00 00 00 00 00
R13=0x00007fd6fc4c0020 points into unknown readable memory: 0x00007fd6fc423aa0 | a0 3a 42 fc d6 7f 00 00
R14=0x0000000000000010 is an unknown value
R15=0x0 is null

Top of Stack: (sp=0x00007fd7019fe3e8)
0x00007fd7019fe3e8:   00007fd6d9ecea30 00007fd7019fe420
0x00007fd7019fe3f8:   00007fd7019fe4a0 00007fd6fd093180
0x00007fd7019fe408:   00007fd6fc423aa0 0000000000000005
0x00007fd7019fe418:   00007fd6fd0c0038 0000002000000000
0x00007fd7019fe428:   0000000100000000 00007fd700010000
0x00007fd7019fe438:   110dea0dd0c1c600 0000000000000000
0x00007fd7019fe448:   00007fd6e0385010 0000000000008893
0x00007fd7019fe458:   0000000000000020 00007fd6fc4c0020
0x00007fd7019fe468:   00007fd6fd0a0850 00007fd7019fe550
0x00007fd7019fe478:   00007fd6d9a62a3c 00007fd7019fe680
0x00007fd7019fe488:   00000103000088e4 00007fd6fc423aa0
0x00007fd7019fe498:   0000000000000010 0000000000000000
0x00007fd7019fe4a8:   0000000000000000 0000000000000000
0x00007fd7019fe4b8:   0000000000000000 0000000000000000
0x00007fd7019fe4c8:   0000000000000000 0000000000000000
0x00007fd7019fe4d8:   0000000000000000 0001000100000020
0x00007fd7019fe4e8:   0000000000310001 0000002000000000
0x00007fd7019fe4f8:   0000000000000000 0000000000000000
0x00007fd7019fe508:   0000000000000000 00007fd6785df5e8
0x00007fd7019fe518:   110dea0dd0c1c600 00007fd7019fe550
0x00007fd7019fe528:   00007fd6e0385010 00007fd6fd0a0850
0x00007fd7019fe538:   00000000000088e4 0000000000008893
0x00007fd7019fe548:   00007fd6daeed9d1 00007fd7019fe5b0
0x00007fd7019fe558:   00007fd6d9a638c3 00007fd6fd0a0850
0x00007fd7019fe568:   00007fd6d9a6388b 0000000000000010
0x00007fd7019fe578:   0000000000000020 00007fd684011bf0
0x00007fd7019fe588:   00007fd6daeed9d1 0000000000000010
0x00007fd7019fe598:   00000000000088e4 0000000000008893
0x00007fd7019fe5a8:   00007fd6e0385010 00007fd7019fe610
0x00007fd7019fe5b8:   00007fd6d9a68b28 00007fd6daeed9d1
0x00007fd7019fe5c8:   00007fd6d9a68b06 0000000000000000
0x00007fd7019fe5d8:   0000000000000020 0000000000000000 

Instructions: (pc=0x00007fd702ee570d)
0x00007fd702ee560d:   f3 a4 fc c3 66 2e 0f 1f 84 00 00 00 00 00 66 2e
0x00007fd702ee561d:   0f 1f 84 00 00 00 00 00 66 2e 0f 1f 84 00 00 00
0x00007fd702ee562d:   00 00 66 2e 0f 1f 84 00 00 00 00 00 0f 1f 80 00
0x00007fd702ee563d:   00 00 00 f3 0f 1e fa 48 39 d1 0f 82 c3 4a 07 00
0x00007fd702ee564d:   0f 1f 00 f3 0f 1e fa 48 89 f8 48 01 d0 eb 1b 0f
0x00007fd702ee565d:   1f 40 00 f3 0f 1e fa 48 39 d1 0f 82 a3 4a 07 00
0x00007fd702ee566d:   0f 1f 00 f3 0f 1e fa 48 89 f8 48 83 fa 10 0f 82
0x00007fd702ee567d:   af 00 00 00 0f 10 06 48 83 fa 20 0f 87 0f 01 00
0x00007fd702ee568d:   00 0f 10 4c 16 f0 0f 11 07 0f 11 4c 17 f0 c3 0f
0x00007fd702ee569d:   1f 40 00 f3 0f 1e fa 48 39 d1 0f 82 63 4a 07 00
0x00007fd702ee56ad:   0f 1f 00 f3 0f 1e fa 48 89 f8 48 01 d0 eb 4b 0f
0x00007fd702ee56bd:   1f 40 00 f3 0f 1e fa 48 39 d1 0f 82 43 4a 07 00
0x00007fd702ee56cd:   66 66 2e 0f 1f 84 00 00 00 00 00 66 66 2e 0f 1f
0x00007fd702ee56dd:   84 00 00 00 00 00 66 66 2e 0f 1f 84 00 00 00 00
0x00007fd702ee56ed:   00 66 66 2e 0f 1f 84 00 00 00 00 00 0f 1f 80 00
0x00007fd702ee56fd:   00 00 00 f3 0f 1e fa 48 89 f8 48 83 fa 10 72 23
0x00007fd702ee570d:   0f 10 06 48 83 fa 20 77 7a 0f 10 4c 16 f0 0f 11
0x00007fd702ee571d:   07 0f 11 4c 17 f0 c3 66 66 2e 0f 1f 84 00 00 00
0x00007fd702ee572d:   00 00 90 83 fa 08 73 2b 83 fa 04 73 16 83 fa 01
0x00007fd702ee573d:   7c 10 8a 0e 74 0a 0f b7 74 16 fe 66 89 74 17 fe
0x00007fd702ee574d:   88 0f c3 8b 4c 16 fc 8b 36 89 4c 17 fc 89 37 c3
0x00007fd702ee575d:   0f 1f 00 48 8b 4c 16 f8 48 8b 36 48 89 37 48 89
0x00007fd702ee576d:   4c 17 f8 c3 0f 10 54 16 f0 0f 10 5c 16 e0 0f 11
0x00007fd702ee577d:   07 0f 11 4f 10 0f 11 54 17 f0 0f 11 5c 17 e0 c3
0x00007fd702ee578d:   0f 1f 00 48 3b 15 81 6a 13 00 0f 87 64 01 00 00
0x00007fd702ee579d:   48 81 fa 80 00 00 00 77 4a 0f 10 4e 10 48 83 fa
0x00007fd702ee57ad:   40 76 c1 0f 10 56 20 0f 10 5e 30 0f 10 64 16 f0
0x00007fd702ee57bd:   0f 10 6c 16 e0 0f 10 74 16 d0 0f 10 7c 16 c0 0f
0x00007fd702ee57cd:   11 07 0f 11 4f 10 0f 11 57 20 0f 11 5f 30 0f 11
0x00007fd702ee57dd:   64 17 f0 0f 11 6c 17 e0 0f 11 74 17 d0 0f 11 7c
0x00007fd702ee57ed:   17 c0 c3 48 89 f9 48 29 f1 48 39 d1 0f 82 91 00
0x00007fd702ee57fd:   00 00 48 3b 15 32 da 13 00 0f 87 14 01 00 00 4c 


Stack slot to memory mapping:

stack at sp + 0 slots: 0x00007fd6d9ecea30: <offset 0x00000000006cea30> in /usr/lib/libgallium-24.2.7-arch1.1.so at 0x00007fd6d9800000
stack at sp + 1 slots: 0x00007fd7019fe420 is pointing into the stack for thread: 0x00007fd6fc019710
stack at sp + 2 slots: 0x00007fd7019fe4a0 is pointing into the stack for thread: 0x00007fd6fc019710
stack at sp + 3 slots: 0x00007fd6fd093180 points into unknown readable memory: 0x0000000000000002 | 02 00 00 00 00 00 00 00
stack at sp + 4 slots: 0x00007fd6fc423aa0 points into unknown readable memory: 0x0000000000000000 | 00 00 00 00 00 00 00 00
stack at sp + 5 slots: 0x0000000000000005 is an unknown value
stack at sp + 6 slots: 0x00007fd6fd0c0038 points into unknown readable memory: 0x00007fd6fd093180 | 80 31 09 fd d6 7f 00 00
stack at sp + 7 slots: 0x0000002000000000 is an unknown value


---------------  P R O C E S S  ---------------

Threads class SMR info:
_java_thread_list=0x00007fd6fc0e9a60, length=10, elements={
0x00007fd6fc019710, 0x00007fd6fc0d0990, 0x00007fd6fc0d2020, 0x00007fd6fc0d37b0,
0x00007fd6fc0d4df0, 0x00007fd6fc0d6390, 0x00007fd6fc0d7ed0, 0x00007fd6fc0d9590,
0x00007fd6fc0e57f0, 0x00007fd6fc0e8920
}

Java Threads: ( => current thread )
=>0x00007fd6fc019710 JavaThread "main"                              [_thread_in_native, id=479549, stack(0x00007fd701900000,0x00007fd701a00000) (1024K)]
  0x00007fd6fc0d0990 JavaThread "Reference Handler"          daemon [_thread_blocked, id=479558, stack(0x00007fd700350000,0x00007fd700450000) (1024K)]
  0x00007fd6fc0d2020 JavaThread "Finalizer"                  daemon [_thread_blocked, id=479559, stack(0x00007fd70024f000,0x00007fd70034f000) (1024K)]
  0x00007fd6fc0d37b0 JavaThread "Signal Dispatcher"          daemon [_thread_blocked, id=479560, stack(0x00007fd70014e000,0x00007fd70024e000) (1024K)]
  0x00007fd6fc0d4df0 JavaThread "Service Thread"             daemon [_thread_blocked, id=479561, stack(0x00007fd70004d000,0x00007fd70014d000) (1024K)]
  0x00007fd6fc0d6390 JavaThread "Monitor Deflation Thread"   daemon [_thread_blocked, id=479562, stack(0x00007fd6fbf00000,0x00007fd6fc000000) (1024K)]
  0x00007fd6fc0d7ed0 JavaThread "C2 CompilerThread0"         daemon [_thread_blocked, id=479563, stack(0x00007fd6e4500000,0x00007fd6e4600000) (1024K)]
  0x00007fd6fc0d9590 JavaThread "C1 CompilerThread0"         daemon [_thread_blocked, id=479564, stack(0x00007fd6e1500000,0x00007fd6e1600000) (1024K)]
  0x00007fd6fc0e57f0 JavaThread "Notification Thread"        daemon [_thread_blocked, id=479565, stack(0x00007fd6e1100000,0x00007fd6e1200000) (1024K)]
  0x00007fd6fc0e8920 JavaThread "Common-Cleaner"             daemon [_thread_blocked, id=479566, stack(0x00007fd6e0fff000,0x00007fd6e10ff000) (1024K)]
Total: 10

Other Threads:
  0x00007fd6fc0c7880 VMThread "VM Thread"                           [id=479556, stack(0x00007fd700451000,0x00007fd700551000) (1024K)]
  0x00007fd6fc0b60f0 WatcherThread "VM Periodic Task Thread"        [id=479555, stack(0x00007fd700552000,0x00007fd700652000) (1024K)]
  0x00007fd6fc052260 WorkerThread "GC Thread#0"                     [id=479550, stack(0x00007fd700d76000,0x00007fd700e76000) (1024K)]
  0x00007fd670006300 WorkerThread "GC Thread#1"                     [id=479583, stack(0x00007fd6d9700000,0x00007fd6d9800000) (1024K)]
  0x00007fd6fc05ae70 ConcurrentGCThread "G1 Main Marker"            [id=479551, stack(0x00007fd700c75000,0x00007fd700d75000) (1024K)]
  0x00007fd6fc05be20 WorkerThread "G1 Conc#0"                       [id=479552, stack(0x00007fd700b74000,0x00007fd700c74000) (1024K)]
  0x00007fd6fc09b920 ConcurrentGCThread "G1 Refine#0"               [id=479553, stack(0x00007fd700871000,0x00007fd700971000) (1024K)]
  0x00007fd6fc09c8e0 ConcurrentGCThread "G1 Service"                [id=479554, stack(0x00007fd700770000,0x00007fd700870000) (1024K)]
Total: 8

Threads with active compile tasks:
Total: 0

VM state: not at safepoint (normal execution)

VM Mutex/Monitor currently owned by a thread: None

Heap address: 0x00000000c4e00000, size: 946 MB, Compressed Oops mode: 32-bit

CDS archive(s) mapped at: [0x00007fd683000000-0x00007fd683c97000-0x00007fd683c97000), size 13201408, SharedBaseAddress: 0x00007fd683000000, ArchiveRelocationMode: 1.
Compressed class space mapped at: 0x00007fd684000000-0x00007fd6c4000000, reserved size: 1073741824
Narrow klass base: 0x00007fd683000000, Narrow klass shift: 0, Narrow klass range: 0x100000000

GC Precious Log:
 CardTable entry size: 512
 Card Set container configuration: InlinePtr #cards 5 size 8 Array Of Cards #cards 12 size 40 Howl #buckets 4 coarsen threshold 1843 Howl Bitmap #cards 512 size 80 coarsen threshold 460 Card regions per heap region 1 cards per card region 2048
 CPUs: 2 total, 2 available
 Memory: 3780M
 Large Page Support: Disabled
 NUMA Support: Disabled
 Compressed Oops: Enabled (32-bit)
 Heap Region Size: 1M
 Heap Min Capacity: 8M
 Heap Initial Capacity: 60M
 Heap Max Capacity: 946M
 Pre-touch: Disabled
 Parallel Workers: 2
 Concurrent Workers: 1
 Concurrent Refinement Workers: 2
 Periodic GC: Disabled

Heap:
 garbage-first heap   total 63488K, used 3058K [0x00000000c4e00000, 0x0000000100000000)
  region size 1024K, 2 young (2048K), 1 survivors (1024K)
 Metaspace       used 5823K, committed 6016K, reserved 1114112K
  class space    used 277K, committed 384K, reserved 1048576K

Heap Regions: E=young(eden), S=young(survivor), O=old, HS=humongous(starts), HC=humongous(continues), CS=collection set, F=free, TAMS=top-at-mark-start, PB=parsable bottom
|   0|0x00000000c4e00000, 0x00000000c4f00000, 0x00000000c4f00000|100%| O|  |TAMS 0x00000000c4e00000| PB 0x00000000c4e00000| Untracked 
|   1|0x00000000c4f00000, 0x00000000c4facce0, 0x00000000c5000000| 67%| O|  |TAMS 0x00000000c4f00000| PB 0x00000000c4f00000| Untracked 
|   2|0x00000000c5000000, 0x00000000c5000000, 0x00000000c5100000|  0%| F|  |TAMS 0x00000000c5000000| PB 0x00000000c5000000| Untracked 
|   3|0x00000000c5100000, 0x00000000c5100000, 0x00000000c5200000|  0%| F|  |TAMS 0x00000000c5100000| PB 0x00000000c5100000| Untracked 
|   4|0x00000000c5200000, 0x00000000c5200000, 0x00000000c5300000|  0%| F|  |TAMS 0x00000000c5200000| PB 0x00000000c5200000| Untracked 
|   5|0x00000000c5300000, 0x00000000c5300000, 0x00000000c5400000|  0%| F|  |TAMS 0x00000000c5300000| PB 0x00000000c5300000| Untracked 
|   6|0x00000000c5400000, 0x00000000c5400000, 0x00000000c5500000|  0%| F|  |TAMS 0x00000000c5400000| PB 0x00000000c5400000| Untracked 
|   7|0x00000000c5500000, 0x00000000c5500000, 0x00000000c5600000|  0%| F|  |TAMS 0x00000000c5500000| PB 0x00000000c5500000| Untracked 
|   8|0x00000000c5600000, 0x00000000c5600000, 0x00000000c5700000|  0%| F|  |TAMS 0x00000000c5600000| PB 0x00000000c5600000| Untracked 
|   9|0x00000000c5700000, 0x00000000c5700000, 0x00000000c5800000|  0%| F|  |TAMS 0x00000000c5700000| PB 0x00000000c5700000| Untracked 
|  10|0x00000000c5800000, 0x00000000c5800000, 0x00000000c5900000|  0%| F|  |TAMS 0x00000000c5800000| PB 0x00000000c5800000| Untracked 
|  11|0x00000000c5900000, 0x00000000c5900000, 0x00000000c5a00000|  0%| F|  |TAMS 0x00000000c5900000| PB 0x00000000c5900000| Untracked 
|  12|0x00000000c5a00000, 0x00000000c5a00000, 0x00000000c5b00000|  0%| F|  |TAMS 0x00000000c5a00000| PB 0x00000000c5a00000| Untracked 
|  13|0x00000000c5b00000, 0x00000000c5b00000, 0x00000000c5c00000|  0%| F|  |TAMS 0x00000000c5b00000| PB 0x00000000c5b00000| Untracked 
|  14|0x00000000c5c00000, 0x00000000c5c00000, 0x00000000c5d00000|  0%| F|  |TAMS 0x00000000c5c00000| PB 0x00000000c5c00000| Untracked 
|  15|0x00000000c5d00000, 0x00000000c5d00000, 0x00000000c5e00000|  0%| F|  |TAMS 0x00000000c5d00000| PB 0x00000000c5d00000| Untracked 
|  16|0x00000000c5e00000, 0x00000000c5e00000, 0x00000000c5f00000|  0%| F|  |TAMS 0x00000000c5e00000| PB 0x00000000c5e00000| Untracked 
|  17|0x00000000c5f00000, 0x00000000c5f00000, 0x00000000c6000000|  0%| F|  |TAMS 0x00000000c5f00000| PB 0x00000000c5f00000| Untracked 
|  18|0x00000000c6000000, 0x00000000c6000000, 0x00000000c6100000|  0%| F|  |TAMS 0x00000000c6000000| PB 0x00000000c6000000| Untracked 
|  19|0x00000000c6100000, 0x00000000c6100000, 0x00000000c6200000|  0%| F|  |TAMS 0x00000000c6100000| PB 0x00000000c6100000| Untracked 
|  20|0x00000000c6200000, 0x00000000c6200000, 0x00000000c6300000|  0%| F|  |TAMS 0x00000000c6200000| PB 0x00000000c6200000| Untracked 
|  21|0x00000000c6300000, 0x00000000c6300000, 0x00000000c6400000|  0%| F|  |TAMS 0x00000000c6300000| PB 0x00000000c6300000| Untracked 
|  22|0x00000000c6400000, 0x00000000c6400000, 0x00000000c6500000|  0%| F|  |TAMS 0x00000000c6400000| PB 0x00000000c6400000| Untracked 
|  23|0x00000000c6500000, 0x00000000c6500000, 0x00000000c6600000|  0%| F|  |TAMS 0x00000000c6500000| PB 0x00000000c6500000| Untracked 
|  24|0x00000000c6600000, 0x00000000c6600000, 0x00000000c6700000|  0%| F|  |TAMS 0x00000000c6600000| PB 0x00000000c6600000| Untracked 
|  25|0x00000000c6700000, 0x00000000c6700000, 0x00000000c6800000|  0%| F|  |TAMS 0x00000000c6700000| PB 0x00000000c6700000| Untracked 
|  26|0x00000000c6800000, 0x00000000c6800000, 0x00000000c6900000|  0%| F|  |TAMS 0x00000000c6800000| PB 0x00000000c6800000| Untracked 
|  27|0x00000000c6900000, 0x00000000c6900000, 0x00000000c6a00000|  0%| F|  |TAMS 0x00000000c6900000| PB 0x00000000c6900000| Untracked 
|  28|0x00000000c6a00000, 0x00000000c6a00000, 0x00000000c6b00000|  0%| F|  |TAMS 0x00000000c6a00000| PB 0x00000000c6a00000| Untracked 
|  29|0x00000000c6b00000, 0x00000000c6b00000, 0x00000000c6c00000|  0%| F|  |TAMS 0x00000000c6b00000| PB 0x00000000c6b00000| Untracked 
|  30|0x00000000c6c00000, 0x00000000c6c00000, 0x00000000c6d00000|  0%| F|  |TAMS 0x00000000c6c00000| PB 0x00000000c6c00000| Untracked 
|  31|0x00000000c6d00000, 0x00000000c6d00000, 0x00000000c6e00000|  0%| F|  |TAMS 0x00000000c6d00000| PB 0x00000000c6d00000| Untracked 
|  32|0x00000000c6e00000, 0x00000000c6e00000, 0x00000000c6f00000|  0%| F|  |TAMS 0x00000000c6e00000| PB 0x00000000c6e00000| Untracked 
|  33|0x00000000c6f00000, 0x00000000c6f00000, 0x00000000c7000000|  0%| F|  |TAMS 0x00000000c6f00000| PB 0x00000000c6f00000| Untracked 
|  34|0x00000000c7000000, 0x00000000c7000000, 0x00000000c7100000|  0%| F|  |TAMS 0x00000000c7000000| PB 0x00000000c7000000| Untracked 
|  35|0x00000000c7100000, 0x00000000c7100000, 0x00000000c7200000|  0%| F|  |TAMS 0x00000000c7100000| PB 0x00000000c7100000| Untracked 
|  36|0x00000000c7200000, 0x00000000c7200000, 0x00000000c7300000|  0%| F|  |TAMS 0x00000000c7200000| PB 0x00000000c7200000| Untracked 
|  37|0x00000000c7300000, 0x00000000c7300000, 0x00000000c7400000|  0%| F|  |TAMS 0x00000000c7300000| PB 0x00000000c7300000| Untracked 
|  38|0x00000000c7400000, 0x00000000c7400000, 0x00000000c7500000|  0%| F|  |TAMS 0x00000000c7400000| PB 0x00000000c7400000| Untracked 
|  39|0x00000000c7500000, 0x00000000c7500000, 0x00000000c7600000|  0%| F|  |TAMS 0x00000000c7500000| PB 0x00000000c7500000| Untracked 
|  40|0x00000000c7600000, 0x00000000c7600000, 0x00000000c7700000|  0%| F|  |TAMS 0x00000000c7600000| PB 0x00000000c7600000| Untracked 
|  41|0x00000000c7700000, 0x00000000c7700000, 0x00000000c7800000|  0%| F|  |TAMS 0x00000000c7700000| PB 0x00000000c7700000| Untracked 
|  42|0x00000000c7800000, 0x00000000c7800000, 0x00000000c7900000|  0%| F|  |TAMS 0x00000000c7800000| PB 0x00000000c7800000| Untracked 
|  43|0x00000000c7900000, 0x00000000c7900000, 0x00000000c7a00000|  0%| F|  |TAMS 0x00000000c7900000| PB 0x00000000c7900000| Untracked 
|  44|0x00000000c7a00000, 0x00000000c7a00000, 0x00000000c7b00000|  0%| F|  |TAMS 0x00000000c7a00000| PB 0x00000000c7a00000| Untracked 
|  45|0x00000000c7b00000, 0x00000000c7b00000, 0x00000000c7c00000|  0%| F|  |TAMS 0x00000000c7b00000| PB 0x00000000c7b00000| Untracked 
|  46|0x00000000c7c00000, 0x00000000c7c00000, 0x00000000c7d00000|  0%| F|  |TAMS 0x00000000c7c00000| PB 0x00000000c7c00000| Untracked 
|  47|0x00000000c7d00000, 0x00000000c7d00000, 0x00000000c7e00000|  0%| F|  |TAMS 0x00000000c7d00000| PB 0x00000000c7d00000| Untracked 
|  48|0x00000000c7e00000, 0x00000000c7e00000, 0x00000000c7f00000|  0%| F|  |TAMS 0x00000000c7e00000| PB 0x00000000c7e00000| Untracked 
|  49|0x00000000c7f00000, 0x00000000c7f00000, 0x00000000c8000000|  0%| F|  |TAMS 0x00000000c7f00000| PB 0x00000000c7f00000| Untracked 
|  50|0x00000000c8000000, 0x00000000c8000000, 0x00000000c8100000|  0%| F|  |TAMS 0x00000000c8000000| PB 0x00000000c8000000| Untracked 
|  51|0x00000000c8100000, 0x00000000c8100000, 0x00000000c8200000|  0%| F|  |TAMS 0x00000000c8100000| PB 0x00000000c8100000| Untracked 
|  52|0x00000000c8200000, 0x00000000c8200000, 0x00000000c8300000|  0%| F|  |TAMS 0x00000000c8200000| PB 0x00000000c8200000| Untracked 
|  53|0x00000000c8300000, 0x00000000c8300000, 0x00000000c8400000|  0%| F|  |TAMS 0x00000000c8300000| PB 0x00000000c8300000| Untracked 
|  54|0x00000000c8400000, 0x00000000c8400000, 0x00000000c8500000|  0%| F|  |TAMS 0x00000000c8400000| PB 0x00000000c8400000| Untracked 
|  55|0x00000000c8500000, 0x00000000c85436e0, 0x00000000c8600000| 26%| S|CS|TAMS 0x00000000c8500000| PB 0x00000000c8500000| Complete 
|  56|0x00000000c8600000, 0x00000000c8600000, 0x00000000c8700000|  0%| F|  |TAMS 0x00000000c8600000| PB 0x00000000c8600000| Untracked 
|  57|0x00000000c8700000, 0x00000000c8700000, 0x00000000c8800000|  0%| F|  |TAMS 0x00000000c8700000| PB 0x00000000c8700000| Untracked 
|  58|0x00000000c8800000, 0x00000000c8800000, 0x00000000c8900000|  0%| F|  |TAMS 0x00000000c8800000| PB 0x00000000c8800000| Untracked 
|  59|0x00000000c8900000, 0x00000000c8958588, 0x00000000c8a00000| 34%| E|  |TAMS 0x00000000c8900000| PB 0x00000000c8900000| Complete 
| 944|0x00000000ffe00000, 0x00000000fff00000, 0x00000000fff00000|100%| O|  |TAMS 0x00000000ffe00000| PB 0x00000000ffe00000| Untracked 
| 945|0x00000000fff00000, 0x00000000fff0c670, 0x0000000100000000|  4%| O|  |TAMS 0x00000000fff00000| PB 0x00000000fff00000| Untracked 

Card table byte_map: [0x00007fd700e76000,0x00007fd70104f000] _byte_map_base: 0x00007fd70084f000

Marking Bits: (CMBitMap*) 0x00007fd6fc052d90
 Bits: [0x00007fd6e3600000, 0x00007fd6e44c8000)

Polling page: 0x00007fd70303e000

Metaspace:

Usage:
  Non-class:      5.42 MB used.
      Class:    277.11 KB used.
       Both:      5.69 MB used.

Virtual space:
  Non-class space:       64.00 MB reserved,       5.50 MB (  9%) committed,  1 nodes.
      Class space:        1.00 GB reserved,     384.00 KB ( <1%) committed,  1 nodes.
             Both:        1.06 GB reserved,       5.88 MB ( <1%) committed. 

Chunk freelists:
   Non-Class:  8.05 MB
       Class:  15.58 MB
        Both:  23.62 MB

MaxMetaspaceSize: unlimited
CompressedClassSpaceSize: 1.00 GB
Initial GC threshold: 21.00 MB
Current GC threshold: 21.00 MB
CDS: on
 - commit_granule_bytes: 65536.
 - commit_granule_words: 8192.
 - virtual_space_node_default_size: 8388608.
 - enlarge_chunks_in_place: 1.
 - use_allocation_guard: 0.


Internal statistics:

num_allocs_failed_limit: 0.
num_arena_births: 64.
num_arena_deaths: 0.
num_vsnodes_births: 2.
num_vsnodes_deaths: 0.
num_space_committed: 92.
num_space_uncommitted: 0.
num_chunks_returned_to_freelist: 0.
num_chunks_taken_from_freelist: 225.
num_chunk_merges: 0.
num_chunk_splits: 162.
num_chunks_enlarged: 129.
num_inconsistent_stats: 0.

CodeHeap 'non-profiled nmethods': size=120036Kb used=200Kb max_used=200Kb free=119836Kb
 bounds [0x00007fd6ec0c7000, 0x00007fd6ec337000, 0x00007fd6f3600000]
CodeHeap 'profiled nmethods': size=120032Kb used=893Kb max_used=893Kb free=119138Kb
 bounds [0x00007fd6e4600000, 0x00007fd6e4870000, 0x00007fd6ebb38000]
CodeHeap 'non-nmethods': size=5692Kb used=2141Kb max_used=2155Kb free=3550Kb
 bounds [0x00007fd6ebb38000, 0x00007fd6ebda8000, 0x00007fd6ec0c7000]
 total_blobs=1759 nmethods=625 adapters=1041
 compilation: enabled
              stopped_count=0, restarted_count=0
 full_count=0

Compilation events (20 events):
Event: 1.813 Thread 0x00007fd6fc0d9590 nmethod 616 0x00007fd6e46d8510 code [0x00007fd6e46d8720, 0x00007fd6e46d8b98]
Event: 1.818 Thread 0x00007fd6fc0d7ed0 nmethod 612 0x00007fd6ec0f7f10 code [0x00007fd6ec0f80c0, 0x00007fd6ec0f8688]
Event: 1.820 Thread 0x00007fd6fc0d9590  617       3       java.lang.StringConcatHelper::initialCoder (14 bytes)
Event: 1.821 Thread 0x00007fd6fc0d9590 nmethod 617 0x00007fd6e46d8e10 code [0x00007fd6e46d8fa0, 0x00007fd6e46d90a8]
Event: 1.824 Thread 0x00007fd6fc0d9590  618       3       java.lang.String::concat (15 bytes)
Event: 1.825 Thread 0x00007fd6fc0d9590 nmethod 618 0x00007fd6e46d9110 code [0x00007fd6e46d9460, 0x00007fd6e46da6e8]
Event: 1.825 Thread 0x00007fd6fc0d9590  619       3       java.lang.StringConcatHelper::simpleConcat (94 bytes)
Event: 1.826 Thread 0x00007fd6fc0d9590 nmethod 619 0x00007fd6e46dad90 code [0x00007fd6e46db0c0, 0x00007fd6e46dc320]
Event: 1.826 Thread 0x00007fd6fc0d9590  620       3       java.lang.StringConcatHelper::newString (67 bytes)
Event: 1.827 Thread 0x00007fd6fc0d9590 nmethod 620 0x00007fd6e46dc990 code [0x00007fd6e46dcc00, 0x00007fd6e46dd5a8]
Event: 1.830 Thread 0x00007fd6fc0d7ed0  623       4       java.lang.String::equals (56 bytes)
Event: 1.832 Thread 0x00007fd6fc0d7ed0 nmethod 623 0x00007fd6ec0f8910 code [0x00007fd6ec0f8aa0, 0x00007fd6ec0f8c78]
Event: 1.832 Thread 0x00007fd6fc0d9590  621       1       java.lang.reflect.Method::getName (5 bytes)
Event: 1.832 Thread 0x00007fd6fc0d9590 nmethod 621 0x00007fd6ec0f8d10 code [0x00007fd6ec0f8ea0, 0x00007fd6ec0f8f60]
Event: 1.832 Thread 0x00007fd6fc0d9590  622       3       java.lang.Object::equals (11 bytes)
Event: 1.832 Thread 0x00007fd6fc0d9590 nmethod 622 0x00007fd6e46dd910 code [0x00007fd6e46ddaa0, 0x00007fd6e46ddbf8]
Event: 1.843 Thread 0x00007fd6fc0d9590  624   !   3       java.util.zip.Inflater::setInput (56 bytes)
Event: 1.844 Thread 0x00007fd6fc0d9590 nmethod 624 0x00007fd6e46ddc90 code [0x00007fd6e46dde60, 0x00007fd6e46de238]
Event: 1.847 Thread 0x00007fd6fc0d9590  625       3       java.security.CodeSource::getCertificates (95 bytes)
Event: 1.848 Thread 0x00007fd6fc0d9590 nmethod 625 0x00007fd6e46de410 code [0x00007fd6e46de680, 0x00007fd6e46df1b8]

GC Heap History (4 events):
Event: 1.361 GC heap before
{Heap before GC invocations=0 (full 0):
 garbage-first heap   total 63488K, used 6193K [0x00000000c4e00000, 0x0000000100000000)
  region size 1024K, 6 young (6144K), 0 survivors (0K)
 Metaspace       used 3065K, committed 3200K, reserved 1114112K
  class space    used 188K, committed 256K, reserved 1048576K
}
Event: 1.394 GC heap after
{Heap after GC invocations=1 (full 0):
 garbage-first heap   total 63488K, used 2866K [0x00000000c4e00000, 0x0000000100000000)
  region size 1024K, 1 young (1024K), 1 survivors (1024K)
 Metaspace       used 3065K, committed 3200K, reserved 1114112K
  class space    used 188K, committed 256K, reserved 1048576K
}
Event: 1.813 GC heap before
{Heap before GC invocations=1 (full 0):
 garbage-first heap   total 63488K, used 5938K [0x00000000c4e00000, 0x0000000100000000)
  region size 1024K, 5 young (5120K), 1 survivors (1024K)
 Metaspace       used 5651K, committed 5824K, reserved 1114112K
  class space    used 271K, committed 384K, reserved 1048576K
}
Event: 1.816 GC heap after
{Heap after GC invocations=2 (full 0):
 garbage-first heap   total 63488K, used 3058K [0x00000000c4e00000, 0x0000000100000000)
  region size 1024K, 1 young (1024K), 1 survivors (1024K)
 Metaspace       used 5651K, committed 5824K, reserved 1114112K
  class space    used 271K, committed 384K, reserved 1048576K
}

Dll operation events (9 events):
Event: 0.004 Loaded shared library /usr/lib/jvm/java-21-openjdk/lib/libjava.so
Event: 0.051 Loaded shared library /usr/lib/jvm/java-21-openjdk/lib/libjsvml.so
Event: 0.085 Loaded shared library /usr/lib/jvm/java-21-openjdk/lib/libnio.so
Event: 0.088 Loaded shared library /usr/lib/jvm/java-21-openjdk/lib/libzip.so
Event: 0.240 Loaded shared library /usr/lib/jvm/java-21-openjdk/lib/libjimage.so
Event: 0.262 Loaded shared library /usr/lib/jvm/java-21-openjdk/lib/libnet.so
Event: 0.275 Loaded shared library /tmp/lwjgl_zeph/3.3.4+7/x64/liblwjgl.so
Event: 0.903 Loaded shared library /tmp/lwjgl_zeph/3.3.4+7/x64/liblwjgl_opengl.so
Event: 1.577 Loaded shared library /usr/lib/jvm/java-21-openjdk/lib/libverify.so

Deoptimization events (20 events):
Event: 0.463 Thread 0x00007fd6fc019710 DEOPT PACKING pc=0x00007fd6e466d475 sp=0x00007fd7019fd780
Event: 0.463 Thread 0x00007fd6fc019710 DEOPT UNPACKING pc=0x00007fd6ebb8c710 sp=0x00007fd7019fcc38 mode 0
Event: 0.463 Thread 0x00007fd6fc019710 DEOPT PACKING pc=0x00007fd6e466d6c5 sp=0x00007fd7019fd780
Event: 0.463 Thread 0x00007fd6fc019710 DEOPT UNPACKING pc=0x00007fd6ebb8c710 sp=0x00007fd7019fcc38 mode 0
Event: 0.463 Thread 0x00007fd6fc019710 DEOPT PACKING pc=0x00007fd6e466d475 sp=0x00007fd7019fd780
Event: 0.463 Thread 0x00007fd6fc019710 DEOPT UNPACKING pc=0x00007fd6ebb8c710 sp=0x00007fd7019fcc38 mode 0
Event: 0.463 Thread 0x00007fd6fc019710 DEOPT PACKING pc=0x00007fd6e466d475 sp=0x00007fd7019fd780
Event: 0.463 Thread 0x00007fd6fc019710 DEOPT UNPACKING pc=0x00007fd6ebb8c710 sp=0x00007fd7019fcc38 mode 0
Event: 1.357 Thread 0x00007fd6fc019710 DEOPT PACKING pc=0x00007fd6e46123c8 sp=0x00007fd7019f9de0
Event: 1.357 Thread 0x00007fd6fc019710 DEOPT UNPACKING pc=0x00007fd6ebb8c710 sp=0x00007fd7019f9220 mode 0
Event: 1.623 Thread 0x00007fd6fc019710 Uncommon trap: trap_request=0xffffff45 fr.pc=0x00007fd6ec0cebd8 relative=0x00000000000000b8
Event: 1.623 Thread 0x00007fd6fc019710 Uncommon trap: reason=unstable_if action=reinterpret pc=0x00007fd6ec0cebd8 method=java.lang.String.isLatin1()Z @ 10 c2
Event: 1.623 Thread 0x00007fd6fc019710 DEOPT PACKING pc=0x00007fd6ec0cebd8 sp=0x00007fd7019fd090
Event: 1.623 Thread 0x00007fd6fc019710 DEOPT UNPACKING pc=0x00007fd6ebb8bf93 sp=0x00007fd7019fcff0 mode 2
Event: 1.623 Thread 0x00007fd6fc019710 Uncommon trap: trap_request=0xffffff45 fr.pc=0x00007fd6ec0d196c relative=0x000000000000006c
Event: 1.623 Thread 0x00007fd6fc019710 Uncommon trap: reason=unstable_if action=reinterpret pc=0x00007fd6ec0d196c method=java.lang.String.isLatin1()Z @ 10 c2
Event: 1.623 Thread 0x00007fd6fc019710 DEOPT PACKING pc=0x00007fd6ec0d196c sp=0x00007fd7019fc5b0
Event: 1.623 Thread 0x00007fd6fc019710 DEOPT UNPACKING pc=0x00007fd6ebb8bf93 sp=0x00007fd7019fc560 mode 2
Event: 1.727 Thread 0x00007fd6fc019710 DEOPT PACKING pc=0x00007fd6e4602a49 sp=0x00007fd7019fc680
Event: 1.727 Thread 0x00007fd6fc019710 DEOPT UNPACKING pc=0x00007fd6ebb8c710 sp=0x00007fd7019fbb08 mode 0

Classes loaded (20 events):
Event: 1.484 Loading class java/nio/charset/CharsetDecoder done
Event: 1.484 Loading class sun/nio/cs/UTF_8$Decoder done
Event: 1.574 Loading class java/io/Externalizable
Event: 1.574 Loading class java/io/Externalizable done
Event: 1.594 Loading class jdk/internal/module/ModulePatcher$PatchedModuleReader
Event: 1.594 Loading class jdk/internal/module/ModulePatcher$PatchedModuleReader done
Event: 1.594 Loading class jdk/internal/foreign/MemorySessionImpl
Event: 1.596 Loading class java/lang/foreign/MemorySegment$Scope
Event: 1.597 Loading class java/lang/foreign/MemorySegment$Scope done
Event: 1.597 Loading class jdk/internal/foreign/MemorySessionImpl done
Event: 1.597 Loading class sun/net/www/protocol/jrt/Handler
Event: 1.597 Loading class sun/net/www/protocol/jrt/Handler done
Event: 1.616 Loading class sun/text/resources/cldr/FormatData_en
Event: 1.621 Loading class sun/text/resources/cldr/FormatData_en done
Event: 1.622 Loading class sun/text/resources/cldr/FormatData_en_US
Event: 1.622 Loading class sun/text/resources/cldr/FormatData_en_US done
Event: 1.637 Loading class java/lang/SecurityException
Event: 1.637 Loading class java/lang/SecurityException done
Event: 1.848 Loading class java/nio/HeapFloatBuffer
Event: 1.849 Loading class java/nio/HeapFloatBuffer done

Classes unloaded (0 events):
No events

Classes redefined (0 events):
No events

Internal exceptions (19 events):
Event: 0.205 Thread 0x00007fd6fc019710 Exception <a 'java/lang/NoSuchMethodError'{0x00000000c8875a68}: 'void java.lang.invoke.DirectMethodHandle$Holder.invokeStatic(java.lang.Object, java.lang.Object)'> (0x00000000c8875a68) 
thrown [/usr/src/debug/java21-openjdk/jdk21u-jdk-21.0.5-11/src/hotspot/share/interpreter/linkResolver.cpp, line 772]
Event: 0.209 Thread 0x00007fd6fc019710 Exception <a 'java/lang/NoSuchMethodError'{0x00000000c887aba0}: 'void java.lang.System.load(java.lang.String, java.lang.Class)'> (0x00000000c887aba0) 
thrown [/usr/src/debug/java21-openjdk/jdk21u-jdk-21.0.5-11/src/hotspot/share/interpreter/linkResolver.cpp, line 772]
Event: 0.209 Thread 0x00007fd6fc019710 Exception <a 'java/lang/NoSuchMethodError'{0x00000000c887b870}: 'void java.lang.invoke.DirectMethodHandle$Holder.invokeSpecial(java.lang.Object, java.lang.Object, java.lang.Object)'> (0x00000000c887b870) 
thrown [/usr/src/debug/java21-openjdk/jdk21u-jdk-21.0.5-11/src/hotspot/share/interpreter/linkResolver.cpp, line 772]
Event: 0.219 Thread 0x00007fd6fc019710 Exception <a 'java/lang/NoSuchMethodError'{0x00000000c888db70}: 'java.lang.Object java.lang.invoke.DirectMethodHandle$Holder.invokeStatic(java.lang.Object, java.lang.Object, int)'> (0x00000000c888db70) 
thrown [/usr/src/debug/java21-openjdk/jdk21u-jdk-21.0.5-11/src/hotspot/share/interpreter/linkResolver.cpp, line 772]
Event: 0.224 Thread 0x00007fd6fc019710 Exception <a 'java/lang/NoSuchMethodError'{0x00000000c88993c8}: 'void java.lang.invoke.DelegatingMethodHandle$Holder.delegate(java.lang.Object, java.lang.Object, int, java.lang.Object)'> (0x00000000c88993c8) 
thrown [/usr/src/debug/java21-openjdk/jdk21u-jdk-21.0.5-11/src/hotspot/share/interpreter/linkResolver.cpp, line 772]
Event: 0.226 Thread 0x00007fd6fc019710 Exception <a 'java/lang/NoSuchMethodError'{0x00000000c889d3c0}: 'int java.lang.invoke.DirectMethodHandle$Holder.invokeSpecial(java.lang.Object, java.lang.Object, java.lang.Object)'> (0x00000000c889d3c0) 
thrown [/usr/src/debug/java21-openjdk/jdk21u-jdk-21.0.5-11/src/hotspot/share/interpreter/linkResolver.cpp, line 772]
Event: 0.237 Thread 0x00007fd6fc019710 Exception <a 'java/lang/NoSuchMethodError'{0x00000000c88b7d68}: 'void java.lang.System.loadLibrary(java.lang.String, java.lang.Class)'> (0x00000000c88b7d68) 
thrown [/usr/src/debug/java21-openjdk/jdk21u-jdk-21.0.5-11/src/hotspot/share/interpreter/linkResolver.cpp, line 772]
Event: 0.281 Thread 0x00007fd6fc019710 Exception <a 'sun/nio/fs/UnixException'{0x00000000c87ad4f0}> (0x00000000c87ad4f0) 
thrown [/usr/src/debug/java21-openjdk/jdk21u-jdk-21.0.5-11/src/hotspot/share/prims/jni.cpp, line 520]
Event: 0.383 Thread 0x00007fd6fc019710 Exception <a 'sun/nio/fs/UnixException'{0x00000000c864f0c0}> (0x00000000c864f0c0) 
thrown [/usr/src/debug/java21-openjdk/jdk21u-jdk-21.0.5-11/src/hotspot/share/prims/jni.cpp, line 520]
Event: 0.403 Thread 0x00007fd6fc019710 Exception <a 'java/lang/NoSuchMethodError'{0x00000000c8699998}: 'int java.lang.invoke.DirectMethodHandle$Holder.invokeStaticInit(java.lang.Object, java.lang.Object, int, long)'> (0x00000000c8699998) 
thrown [/usr/src/debug/java21-openjdk/jdk21u-jdk-21.0.5-11/src/hotspot/share/interpreter/linkResolver.cpp, line 772]
Event: 0.403 Thread 0x00007fd6fc019710 Exception <a 'java/lang/NoSuchMethodError'{0x00000000c869eac0}: 'java.lang.Object java.lang.invoke.DirectMethodHandle$Holder.newInvokeSpecial(java.lang.Object, java.lang.Object, int)'> (0x00000000c869eac0) 
thrown [/usr/src/debug/java21-openjdk/jdk21u-jdk-21.0.5-11/src/hotspot/share/interpreter/linkResolver.cpp, line 772]
Event: 0.409 Thread 0x00007fd6fc019710 Exception <a 'java/lang/NoSuchMethodError'{0x00000000c86ad1c0}: 'int java.lang.invoke.DirectMethodHandle$Holder.invokeStaticInit(java.lang.Object, java.lang.Object, long, long)'> (0x00000000c86ad1c0) 
thrown [/usr/src/debug/java21-openjdk/jdk21u-jdk-21.0.5-11/src/hotspot/share/interpreter/linkResolver.cpp, line 772]
Event: 0.410 Thread 0x00007fd6fc019710 Exception <a 'java/lang/NoSuchMethodError'{0x00000000c86b2c68}: 'java.lang.Object java.lang.invoke.DirectMethodHandle$Holder.newInvokeSpecial(java.lang.Object, java.lang.Object, long)'> (0x00000000c86b2c68) 
thrown [/usr/src/debug/java21-openjdk/jdk21u-jdk-21.0.5-11/src/hotspot/share/interpreter/linkResolver.cpp, line 772]
Event: 0.410 Thread 0x00007fd6fc019710 Exception <a 'java/lang/NoSuchMethodError'{0x00000000c86b7090}: 'java.lang.Object java.lang.invoke.Invokers$Holder.linkToTargetMethod(java.lang.Object, long, java.lang.Object)'> (0x00000000c86b7090) 
thrown [/usr/src/debug/java21-openjdk/jdk21u-jdk-21.0.5-11/src/hotspot/share/interpreter/linkResolver.cpp, line 772]
Event: 0.417 Thread 0x00007fd6fc019710 Exception <a 'java/lang/NoSuchMethodError'{0x00000000c86be2d8}: 'int java.lang.invoke.DirectMethodHandle$Holder.invokeStaticInit(java.lang.Object, java.lang.Object, java.lang.Object, long)'> (0x00000000c86be2d8) 
thrown [/usr/src/debug/java21-openjdk/jdk21u-jdk-21.0.5-11/src/hotspot/share/interpreter/linkResolver.cpp, line 772]
Event: 0.884 Thread 0x00007fd6fc019710 Exception <a 'java/lang/NoSuchMethodError'{0x00000000c8590fd0}: 'void java.lang.System.load(java.lang.String, java.lang.Class)'> (0x00000000c8590fd0) 
thrown [/usr/src/debug/java21-openjdk/jdk21u-jdk-21.0.5-11/src/hotspot/share/interpreter/linkResolver.cpp, line 772]
Event: 0.889 Thread 0x00007fd6fc019710 Exception <a 'java/lang/NoSuchMethodError'{0x00000000c8593a40}: 'void java.lang.System.loadLibrary(java.lang.String, java.lang.Class)'> (0x00000000c8593a40) 
thrown [/usr/src/debug/java21-openjdk/jdk21u-jdk-21.0.5-11/src/hotspot/share/interpreter/linkResolver.cpp, line 772]
Event: 0.902 Thread 0x00007fd6fc019710 Exception <a 'sun/nio/fs/UnixException'{0x00000000c85a2e38}> (0x00000000c85a2e38) 
thrown [/usr/src/debug/java21-openjdk/jdk21u-jdk-21.0.5-11/src/hotspot/share/prims/jni.cpp, line 520]
Event: 0.920 Thread 0x00007fd6fc019710 Exception <a 'sun/nio/fs/UnixException'{0x00000000c85abc18}> (0x00000000c85abc18) 
thrown [/usr/src/debug/java21-openjdk/jdk21u-jdk-21.0.5-11/src/hotspot/share/prims/jni.cpp, line 520]

ZGC Phase Switch (0 events):
No events

VM Operations (8 events):
Event: 0.396 Executing VM operation: HandshakeAllThreads (Deoptimize)
Event: 0.397 Executing VM operation: HandshakeAllThreads (Deoptimize) done
Event: 1.361 Executing VM operation: G1CollectForAllocation (G1 Evacuation Pause)
Event: 1.394 Executing VM operation: G1CollectForAllocation (G1 Evacuation Pause) done
Event: 1.591 Executing VM operation: HandshakeAllThreads (Deoptimize)
Event: 1.591 Executing VM operation: HandshakeAllThreads (Deoptimize) done
Event: 1.813 Executing VM operation: G1CollectForAllocation (G1 Evacuation Pause)
Event: 1.816 Executing VM operation: G1CollectForAllocation (G1 Evacuation Pause) done

Memory protections (10 events):
Event: 0.003 Protecting memory [0x00007fd701900000,0x00007fd701904000] with protection modes 0
Event: 0.046 Protecting memory [0x00007fd700350000,0x00007fd700354000] with protection modes 0
Event: 0.046 Protecting memory [0x00007fd70024f000,0x00007fd700253000] with protection modes 0
Event: 0.048 Protecting memory [0x00007fd70014e000,0x00007fd700152000] with protection modes 0
Event: 0.049 Protecting memory [0x00007fd70004d000,0x00007fd700051000] with protection modes 0
Event: 0.050 Protecting memory [0x00007fd6fbf00000,0x00007fd6fbf04000] with protection modes 0
Event: 0.050 Protecting memory [0x00007fd6e4500000,0x00007fd6e4504000] with protection modes 0
Event: 0.055 Protecting memory [0x00007fd6e1500000,0x00007fd6e1504000] with protection modes 0
Event: 0.076 Protecting memory [0x00007fd6e1100000,0x00007fd6e1104000] with protection modes 0
Event: 0.078 Protecting memory [0x00007fd6e0fff000,0x00007fd6e1003000] with protection modes 0

Nmethod flushes (0 events):
No events

Events (10 events):
Event: 0.032 Thread 0x00007fd6fc019710 Thread added: 0x00007fd6fc019710
Event: 0.045 Thread 0x00007fd6fc019710 Thread added: 0x00007fd6fc0d0990
Event: 0.046 Thread 0x00007fd6fc019710 Thread added: 0x00007fd6fc0d2020
Event: 0.048 Thread 0x00007fd6fc019710 Thread added: 0x00007fd6fc0d37b0
Event: 0.049 Thread 0x00007fd6fc019710 Thread added: 0x00007fd6fc0d4df0
Event: 0.050 Thread 0x00007fd6fc019710 Thread added: 0x00007fd6fc0d6390
Event: 0.050 Thread 0x00007fd6fc019710 Thread added: 0x00007fd6fc0d7ed0
Event: 0.055 Thread 0x00007fd6fc019710 Thread added: 0x00007fd6fc0d9590
Event: 0.076 Thread 0x00007fd6fc019710 Thread added: 0x00007fd6fc0e57f0
Event: 0.078 Thread 0x00007fd6fc019710 Thread added: 0x00007fd6fc0e8920


Dynamic libraries:
c4e00000-c8a00000 rw-p 00000000 00:00 0 
c8a00000-ffe00000 ---p 00000000 00:00 0 
ffe00000-fff0d000 rw-p 00cd6000 b3:02 329941                             /usr/lib/jvm/java-21-openjdk/lib/server/classes.jsa
fff0d000-100000000 rw-p 00000000 00:00 0 
5804eb4e4000-5804eb4e5000 r--p 00000000 b3:02 329516                     /usr/lib/jvm/java-21-openjdk/bin/java
5804eb4e5000-5804eb4e6000 r-xp 00001000 b3:02 329516                     /usr/lib/jvm/java-21-openjdk/bin/java
5804eb4e6000-5804eb4e7000 r--p 00002000 b3:02 329516                     /usr/lib/jvm/java-21-openjdk/bin/java
5804eb4e7000-5804eb4e8000 r--p 00002000 b3:02 329516                     /usr/lib/jvm/java-21-openjdk/bin/java
5804eb4e8000-5804eb4e9000 rw-p 00003000 b3:02 329516                     /usr/lib/jvm/java-21-openjdk/bin/java
5804f6d64000-5804f6dac000 rw-p 00000000 00:00 0                          [heap]
7fd63fe00000-7fd6402ab000 r--p 00000000 b3:02 181697                     /usr/lib/libLLVM.so.18.1
7fd6402ab000-7fd644e9d000 r-xp 004ab000 b3:02 181697                     /usr/lib/libLLVM.so.18.1
7fd644e9d000-7fd647bf6000 r--p 0509d000 b3:02 181697                     /usr/lib/libLLVM.so.18.1
7fd647bf6000-7fd647dd1000 r--p 07df5000 b3:02 181697                     /usr/lib/libLLVM.so.18.1
7fd647dd1000-7fd647e1b000 rw-p 07fd0000 b3:02 181697                     /usr/lib/libLLVM.so.18.1
7fd647e1b000-7fd647eb7000 rw-p 00000000 00:00 0 
7fd648000000-7fd64815a000 rw-p 00000000 00:00 0 
7fd64815a000-7fd64c000000 ---p 00000000 00:00 0 
7fd64c000000-7fd64c1b3000 rw-p 00000000 00:00 0 
7fd64c1b3000-7fd650000000 ---p 00000000 00:00 0 
7fd654000000-7fd654021000 rw-p 00000000 00:00 0 
7fd654021000-7fd658000000 ---p 00000000 00:00 0 
7fd658000000-7fd658021000 rw-p 00000000 00:00 0 
7fd658021000-7fd65c000000 ---p 00000000 00:00 0 
7fd660000000-7fd660021000 rw-p 00000000 00:00 0 
7fd660021000-7fd664000000 ---p 00000000 00:00 0 
7fd664000000-7fd664021000 rw-p 00000000 00:00 0 
7fd664021000-7fd668000000 ---p 00000000 00:00 0 
7fd66c000000-7fd66c021000 rw-p 00000000 00:00 0 
7fd66c021000-7fd670000000 ---p 00000000 00:00 0 
7fd670000000-7fd670021000 rw-p 00000000 00:00 0 
7fd670021000-7fd674000000 ---p 00000000 00:00 0 
7fd678000000-7fd678180000 rw-p 00000000 00:00 0 
7fd678180000-7fd678400000 ---p 00000000 00:00 0 
7fd678400000-7fd678510000 rw-p 00000000 00:00 0 
7fd678510000-7fd678550000 rw-p 00000000 00:00 0 
7fd678550000-7fd678800000 rw-p 00000000 00:00 0 
7fd678800000-7fd67c000000 ---p 00000000 00:00 0 
7fd67c000000-7fd67c021000 rw-p 00000000 00:00 0 
7fd67c021000-7fd680000000 ---p 00000000 00:00 0 
7fd682600000-7fd682601000 ---p 00000000 00:00 0 
7fd682601000-7fd682e01000 rw-p 00000000 00:00 0 
7fd683000000-7fd683c97000 rw-p 00001000 b3:02 329941                     /usr/lib/jvm/java-21-openjdk/lib/server/classes.jsa
7fd683c97000-7fd684000000 ---p 00000000 00:00 0 
7fd684000000-7fd684030000 rw-p 00000000 00:00 0 
7fd684030000-7fd684040000 ---p 00000000 00:00 0 
7fd684040000-7fd684070000 rw-p 00000000 00:00 0 
7fd684070000-7fd6c4000000 ---p 00000000 00:00 0 
7fd6c4000000-7fd6c4021000 rw-p 00000000 00:00 0 
7fd6c4021000-7fd6c8000000 ---p 00000000 00:00 0 
7fd6c8000000-7fd6c8021000 rw-p 00000000 00:00 0 
7fd6c8021000-7fd6cc000000 ---p 00000000 00:00 0 
7fd6cc400000-7fd6cc401000 ---p 00000000 00:00 0 
7fd6cc401000-7fd6ccc01000 rw-p 00000000 00:00 0 
7fd6cce00000-7fd6cce01000 ---p 00000000 00:00 0 
7fd6cce01000-7fd6cd601000 rw-p 00000000 00:00 0 
7fd6cd800000-7fd6cd801000 ---p 00000000 00:00 0 
7fd6cd801000-7fd6ce001000 rw-p 00000000 00:00 0 
7fd6ce200000-7fd6cff50000 r--p 00000000 b3:02 149095                     /usr/lib/libicudata.so.75.1
7fd6cff50000-7fd6cff51000 r--p 01d4f000 b3:02 149095                     /usr/lib/libicudata.so.75.1
7fd6d0000000-7fd6d0021000 rw-p 00000000 00:00 0 
7fd6d0021000-7fd6d4000000 ---p 00000000 00:00 0 
7fd6d4000000-7fd6d4021000 rw-p 00000000 00:00 0 
7fd6d4021000-7fd6d8000000 ---p 00000000 00:00 0 
7fd6d8400000-7fd6d8401000 ---p 00000000 00:00 0 
7fd6d8401000-7fd6d8c01000 rw-p 00000000 00:00 0 
7fd6d8e00000-7fd6d8e01000 ---p 00000000 00:00 0 
7fd6d8e01000-7fd6d9601000 rw-p 00000000 00:00 0 
7fd6d96ff000-7fd6d9700000 ---p 00000000 00:00 0 
7fd6d9700000-7fd6d9800000 rw-p 00000000 00:00 0 
7fd6d9800000-7fd6d9815000 r--p 00000000 b3:02 181759                     /usr/lib/libgallium-24.2.7-arch1.1.so
7fd6d9815000-7fd6daee4000 r-xp 00015000 b3:02 181759                     /usr/lib/libgallium-24.2.7-arch1.1.so
7fd6daee4000-7fd6dbc70000 r--p 016e4000 b3:02 181759                     /usr/lib/libgallium-24.2.7-arch1.1.so
7fd6dbc70000-7fd6dbd28000 r--p 0246f000 b3:02 181759                     /usr/lib/libgallium-24.2.7-arch1.1.so
7fd6dbd28000-7fd6dbd3f000 rw-p 02527000 b3:02 181759                     /usr/lib/libgallium-24.2.7-arch1.1.so
7fd6dbd3f000-7fd6dbf03000 rw-p 00000000 00:00 0 
7fd6dbf19000-7fd6dbf59000 rw-s 10b858000 00:10 1063                      anon_inode:i915.gem
7fd6dbf59000-7fd6dbf5b000 r--p 00000000 b3:02 329932                     /usr/lib/jvm/java-21-openjdk/lib/libverify.so
7fd6dbf5b000-7fd6dbf62000 r-xp 00002000 b3:02 329932                     /usr/lib/jvm/java-21-openjdk/lib/libverify.so
7fd6dbf62000-7fd6dbf64000 r--p 00009000 b3:02 329932                     /usr/lib/jvm/java-21-openjdk/lib/libverify.so
7fd6dbf64000-7fd6dbf66000 r--p 0000a000 b3:02 329932                     /usr/lib/jvm/java-21-openjdk/lib/libverify.so
7fd6dbf66000-7fd6dbf67000 rw-p 0000c000 b3:02 329932                     /usr/lib/jvm/java-21-openjdk/lib/libverify.so
7fd6dbf67000-7fd6dbf9a000 r--p 00000000 00:2a 232                        /tmp/lwjgl_zeph/3.3.4+7/x64/liblwjgl_opengl.so
7fd6dbf9a000-7fd6dbfae000 r-xp 00033000 00:2a 232                        /tmp/lwjgl_zeph/3.3.4+7/x64/liblwjgl_opengl.so
7fd6dbfae000-7fd6dbfbe000 r--p 00047000 00:2a 232                        /tmp/lwjgl_zeph/3.3.4+7/x64/liblwjgl_opengl.so
7fd6dbfbe000-7fd6dbfbf000 r--p 00056000 00:2a 232                        /tmp/lwjgl_zeph/3.3.4+7/x64/liblwjgl_opengl.so
7fd6dbfbf000-7fd6dbfc0000 rw-p 00057000 00:2a 232                        /tmp/lwjgl_zeph/3.3.4+7/x64/liblwjgl_opengl.so
7fd6dbfc0000-7fd6dbfe0000 rw-s 109748000 00:10 1063                      anon_inode:i915.gem
7fd6dbfe0000-7fd6dc000000 rw-s 109728000 00:10 1063                      anon_inode:i915.gem
7fd6dc000000-7fd6dc021000 rw-p 00000000 00:00 0 
7fd6dc021000-7fd6e0000000 ---p 00000000 00:00 0 
7fd6e000a000-7fd6e001a000 rw-s 10b848000 00:10 1063                      anon_inode:i915.gem
7fd6e001a000-7fd6e002a000 rw-s 10f328000 00:10 1063                      anon_inode:i915.gem
7fd6e002a000-7fd6e003a000 rw-s 10f318000 00:10 1063                      anon_inode:i915.gem
7fd6e003a000-7fd6e0105000 rw-p 00000000 00:00 0 
7fd6e0105000-7fd6e0115000 rw-s 10f308000 00:10 1063                      anon_inode:i915.gem
7fd6e0115000-7fd6e0125000 rw-s 10f2f8000 00:10 1063                      anon_inode:i915.gem
7fd6e0125000-7fd6e0145000 rw-s 109708000 00:10 1063                      anon_inode:i915.gem
7fd6e0145000-7fd6e0165000 rw-s 1096e8000 00:10 1063                      anon_inode:i915.gem
7fd6e0165000-7fd6e0175000 rw-s 1096d8000 00:10 1063                      anon_inode:i915.gem
7fd6e0175000-7fd6e0375000 rw-s 112cb8000 00:10 1063                      anon_inode:i915.gem
7fd6e0375000-7fd6e0385000 rw-s 1001f4000 00:10 1063                      anon_inode:i915.gem
7fd6e0385000-7fd6e0450000 rw-p 00000000 00:00 0 
7fd6e0450000-7fd6e0470000 rw-s 1096b8000 00:10 1063                      anon_inode:i915.gem
7fd6e0470000-7fd6e0490000 rw-s 1001d4000 00:10 1063                      anon_inode:i915.gem
7fd6e0490000-7fd6e05d1000 rw-s 00000000 b3:02 1179851                    /home/zeph/.cache/mesa_shader_cache_db/index
7fd6e05d1000-7fd6e0611000 rw-s 107d71000 00:10 1063                      anon_inode:i915.gem
7fd6e0611000-7fd6e0658000 r--p 00000000 b3:02 149110                     /usr/lib/libicuuc.so.75.1
7fd6e0658000-7fd6e076a000 r-xp 00047000 b3:02 149110                     /usr/lib/libicuuc.so.75.1
7fd6e076a000-7fd6e07f5000 r--p 00159000 b3:02 149110                     /usr/lib/libicuuc.so.75.1
7fd6e07f5000-7fd6e0808000 r--p 001e4000 b3:02 149110                     /usr/lib/libicuuc.so.75.1
7fd6e0808000-7fd6e0809000 rw-p 001f7000 b3:02 149110                     /usr/lib/libicuuc.so.75.1
7fd6e0809000-7fd6e080b000 rw-p 00000000 00:00 0 
7fd6e080b000-7fd6e080e000 r--p 00000000 b3:02 145974                     /usr/lib/liblzma.so.5.6.3
7fd6e080e000-7fd6e0831000 r-xp 00003000 b3:02 145974                     /usr/lib/liblzma.so.5.6.3
7fd6e0831000-7fd6e083c000 r--p 00026000 b3:02 145974                     /usr/lib/liblzma.so.5.6.3
7fd6e083c000-7fd6e083d000 r--p 00031000 b3:02 145974                     /usr/lib/liblzma.so.5.6.3
7fd6e083d000-7fd6e083e000 rw-p 00032000 b3:02 145974                     /usr/lib/liblzma.so.5.6.3
7fd6e083e000-7fd6e0840000 r--p 00000000 b3:02 181577                     /usr/lib/libpciaccess.so.0.11.1
7fd6e0840000-7fd6e0845000 r-xp 00002000 b3:02 181577                     /usr/lib/libpciaccess.so.0.11.1
7fd6e0845000-7fd6e0847000 r--p 00007000 b3:02 181577                     /usr/lib/libpciaccess.so.0.11.1
7fd6e0847000-7fd6e0848000 r--p 00008000 b3:02 181577                     /usr/lib/libpciaccess.so.0.11.1
7fd6e0848000-7fd6e0849000 rw-p 00009000 b3:02 181577                     /usr/lib/libpciaccess.so.0.11.1
7fd6e0849000-7fd6e086a000 r--p 00000000 b3:02 149196                     /usr/lib/libxml2.so.2.13.5
7fd6e086a000-7fd6e094e000 r-xp 00021000 b3:02 149196                     /usr/lib/libxml2.so.2.13.5
7fd6e094e000-7fd6e0989000 r--p 00105000 b3:02 149196                     /usr/lib/libxml2.so.2.13.5
7fd6e0989000-7fd6e0994000 r--p 00140000 b3:02 149196                     /usr/lib/libxml2.so.2.13.5
7fd6e0994000-7fd6e0995000 rw-p 0014b000 b3:02 149196                     /usr/lib/libxml2.so.2.13.5
7fd6e0995000-7fd6e0996000 rw-p 00000000 00:00 0 
7fd6e0996000-7fd6e09a3000 r--p 00000000 b3:02 135366                     /usr/lib/libncursesw.so.6.5
7fd6e09a3000-7fd6e09ea000 r-xp 0000d000 b3:02 135366                     /usr/lib/libncursesw.so.6.5
7fd6e09ea000-7fd6e0a00000 r--p 00054000 b3:02 135366                     /usr/lib/libncursesw.so.6.5
7fd6e0a00000-7fd6e0a04000 r--p 0006a000 b3:02 135366                     /usr/lib/libncursesw.so.6.5
7fd6e0a04000-7fd6e0a05000 rw-p 0006e000 b3:02 135366                     /usr/lib/libncursesw.so.6.5
7fd6e0a05000-7fd6e0a0b000 r--p 00000000 b3:02 181648                     /usr/lib/libedit.so.0.0.73
7fd6e0a0b000-7fd6e0a2b000 r-xp 00006000 b3:02 181648                     /usr/lib/libedit.so.0.0.73
7fd6e0a2b000-7fd6e0a38000 r--p 00026000 b3:02 181648                     /usr/lib/libedit.so.0.0.73
7fd6e0a38000-7fd6e0a3a000 r--p 00033000 b3:02 181648                     /usr/lib/libedit.so.0.0.73
7fd6e0a3a000-7fd6e0a3b000 rw-p 00035000 b3:02 181648                     /usr/lib/libedit.so.0.0.73
7fd6e0a3b000-7fd6e0a3e000 rw-p 00000000 00:00 0 
7fd6e0a3e000-7fd6e0a40000 r--p 00000000 b3:02 150786                     /usr/lib/libffi.so.8.1.4
7fd6e0a40000-7fd6e0a46000 r-xp 00002000 b3:02 150786                     /usr/lib/libffi.so.8.1.4
7fd6e0a46000-7fd6e0a47000 r--p 00008000 b3:02 150786                     /usr/lib/libffi.so.8.1.4
7fd6e0a47000-7fd6e0a48000 r--p 00009000 b3:02 150786                     /usr/lib/libffi.so.8.1.4
7fd6e0a48000-7fd6e0a49000 rw-p 0000a000 b3:02 150786                     /usr/lib/libffi.so.8.1.4
7fd6e0a49000-7fd6e0a4c000 r--p 00000000 b3:02 181596                     /usr/lib/libdrm_intel.so.1.123.0
7fd6e0a4c000-7fd6e0a62000 r-xp 00003000 b3:02 181596                     /usr/lib/libdrm_intel.so.1.123.0
7fd6e0a62000-7fd6e0a6b000 r--p 00019000 b3:02 181596                     /usr/lib/libdrm_intel.so.1.123.0
7fd6e0a6b000-7fd6e0a6c000 r--p 00022000 b3:02 181596                     /usr/lib/libdrm_intel.so.1.123.0
7fd6e0a6c000-7fd6e0a6d000 rw-p 00023000 b3:02 181596                     /usr/lib/libdrm_intel.so.1.123.0
7fd6e0a6d000-7fd6e0a70000 r--p 00000000 b3:02 181593                     /usr/lib/libdrm_amdgpu.so.1.123.0
7fd6e0a70000-7fd6e0a75000 r-xp 00003000 b3:02 181593                     /usr/lib/libdrm_amdgpu.so.1.123.0
7fd6e0a75000-7fd6e0a77000 r--p 00008000 b3:02 181593                     /usr/lib/libdrm_amdgpu.so.1.123.0
7fd6e0a77000-7fd6e0a78000 r--p 00009000 b3:02 181593                     /usr/lib/libdrm_amdgpu.so.1.123.0
7fd6e0a78000-7fd6e0a79000 rw-p 0000a000 b3:02 181593                     /usr/lib/libdrm_amdgpu.so.1.123.0
7fd6e0a79000-7fd6e0a7c000 r--p 00000000 b3:02 155848                     /usr/lib/libelf-0.192.so
7fd6e0a7c000-7fd6e0a8f000 r-xp 00003000 b3:02 155848                     /usr/lib/libelf-0.192.so
7fd6e0a8f000-7fd6e0a93000 r--p 00016000 b3:02 155848                     /usr/lib/libelf-0.192.so
7fd6e0a93000-7fd6e0a94000 r--p 00019000 b3:02 155848                     /usr/lib/libelf-0.192.so
7fd6e0a94000-7fd6e0a95000 rw-p 0001a000 b3:02 155848                     /usr/lib/libelf-0.192.so
7fd6e0a95000-7fd6e0a97000 r--p 00000000 b3:02 181602                     /usr/lib/libdrm_radeon.so.1.123.0
7fd6e0a97000-7fd6e0a9d000 r-xp 00002000 b3:02 181602                     /usr/lib/libdrm_radeon.so.1.123.0
7fd6e0a9d000-7fd6e0aa1000 r--p 00008000 b3:02 181602                     /usr/lib/libdrm_radeon.so.1.123.0
7fd6e0aa1000-7fd6e0aa2000 r--p 0000b000 b3:02 181602                     /usr/lib/libdrm_radeon.so.1.123.0
7fd6e0aa2000-7fd6e0aa3000 rw-p 0000c000 b3:02 181602                     /usr/lib/libdrm_radeon.so.1.123.0
7fd6e0aa3000-7fd6e0aa5000 r--p 00000000 b3:02 181713                     /usr/lib/libsensors.so.5.0.0
7fd6e0aa5000-7fd6e0aac000 r-xp 00002000 b3:02 181713                     /usr/lib/libsensors.so.5.0.0
7fd6e0aac000-7fd6e0ab0000 r--p 00009000 b3:02 181713                     /usr/lib/libsensors.so.5.0.0
7fd6e0ab0000-7fd6e0ab1000 r--p 0000d000 b3:02 181713                     /usr/lib/libsensors.so.5.0.0
7fd6e0ab1000-7fd6e0ab2000 rw-p 0000e000 b3:02 181713                     /usr/lib/libsensors.so.5.0.0
7fd6e0ab2000-7fd6e0abe000 r--p 00000000 b3:02 146266                     /usr/lib/libzstd.so.1.5.6
7fd6e0abe000-7fd6e0b7e000 r-xp 0000c000 b3:02 146266                     /usr/lib/libzstd.so.1.5.6
7fd6e0b7e000-7fd6e0b8f000 r--p 000cc000 b3:02 146266                     /usr/lib/libzstd.so.1.5.6
7fd6e0b8f000-7fd6e0b90000 r--p 000dd000 b3:02 146266                     /usr/lib/libzstd.so.1.5.6
7fd6e0b90000-7fd6e0b91000 rw-p 000de000 b3:02 146266                     /usr/lib/libzstd.so.1.5.6
7fd6e0b91000-7fd6e0b94000 r--p 00000000 b3:02 176365                     /usr/lib/libxcb-xfixes.so.0.0.0
7fd6e0b94000-7fd6e0b97000 r-xp 00003000 b3:02 176365                     /usr/lib/libxcb-xfixes.so.0.0.0
7fd6e0b97000-7fd6e0b98000 r--p 00006000 b3:02 176365                     /usr/lib/libxcb-xfixes.so.0.0.0
7fd6e0b98000-7fd6e0b99000 r--p 00007000 b3:02 176365                     /usr/lib/libxcb-xfixes.so.0.0.0
7fd6e0b99000-7fd6e0b9a000 rw-p 00008000 b3:02 176365                     /usr/lib/libxcb-xfixes.so.0.0.0
7fd6e0b9a000-7fd6e0b9d000 r--p 00000000 b3:02 176359                     /usr/lib/libxcb-sync.so.1.0.0
7fd6e0b9d000-7fd6e0ba0000 r-xp 00003000 b3:02 176359                     /usr/lib/libxcb-sync.so.1.0.0
7fd6e0ba0000-7fd6e0ba1000 r--p 00006000 b3:02 176359                     /usr/lib/libxcb-sync.so.1.0.0
7fd6e0ba1000-7fd6e0ba2000 r--p 00007000 b3:02 176359                     /usr/lib/libxcb-sync.so.1.0.0
7fd6e0ba2000-7fd6e0ba3000 rw-p 00008000 b3:02 176359                     /usr/lib/libxcb-sync.so.1.0.0
7fd6e0ba3000-7fd6e0ba4000 r--p 00000000 b3:02 176335                     /usr/lib/libxcb-present.so.0.0.0
7fd6e0ba4000-7fd6e0ba5000 r-xp 00001000 b3:02 176335                     /usr/lib/libxcb-present.so.0.0.0
7fd6e0ba5000-7fd6e0ba6000 r--p 00002000 b3:02 176335                     /usr/lib/libxcb-present.so.0.0.0
7fd6e0ba6000-7fd6e0ba7000 r--p 00002000 b3:02 176335                     /usr/lib/libxcb-present.so.0.0.0
7fd6e0ba7000-7fd6e0ba8000 rw-p 00003000 b3:02 176335                     /usr/lib/libxcb-present.so.0.0.0
7fd6e0ba8000-7fd6e0baa000 r--p 00000000 b3:02 176329                     /usr/lib/libxcb-dri3.so.0.1.0
7fd6e0baa000-7fd6e0bac000 r-xp 00002000 b3:02 176329                     /usr/lib/libxcb-dri3.so.0.1.0
7fd6e0bac000-7fd6e0bad000 r--p 00004000 b3:02 176329                     /usr/lib/libxcb-dri3.so.0.1.0
7fd6e0bad000-7fd6e0bae000 r--p 00004000 b3:02 176329                     /usr/lib/libxcb-dri3.so.0.1.0
7fd6e0bae000-7fd6e0baf000 rw-p 00005000 b3:02 176329                     /usr/lib/libxcb-dri3.so.0.1.0
7fd6e0baf000-7fd6e0bb6000 r--p 00000000 b3:02 176338                     /usr/lib/libxcb-randr.so.0.1.0
7fd6e0bb6000-7fd6e0bbc000 r-xp 00007000 b3:02 176338                     /usr/lib/libxcb-randr.so.0.1.0
7fd6e0bbc000-7fd6e0bbf000 r--p 0000d000 b3:02 176338                     /usr/lib/libxcb-randr.so.0.1.0
7fd6e0bbf000-7fd6e0bc0000 r--p 00010000 b3:02 176338                     /usr/lib/libxcb-randr.so.0.1.0
7fd6e0bc0000-7fd6e0bc1000 rw-p 00011000 b3:02 176338                     /usr/lib/libxcb-randr.so.0.1.0
7fd6e0bc1000-7fd6e0bc2000 r--p 00000000 b3:02 181616                     /usr/lib/libxshmfence.so.1.0.0
7fd6e0bc2000-7fd6e0bc3000 r-xp 00001000 b3:02 181616                     /usr/lib/libxshmfence.so.1.0.0
7fd6e0bc3000-7fd6e0bc4000 r--p 00002000 b3:02 181616                     /usr/lib/libxshmfence.so.1.0.0
7fd6e0bc4000-7fd6e0bc5000 r--p 00002000 b3:02 181616                     /usr/lib/libxshmfence.so.1.0.0
7fd6e0bc5000-7fd6e0bc6000 rw-p 00003000 b3:02 181616                     /usr/lib/libxshmfence.so.1.0.0
7fd6e0bc6000-7fd6e0bc8000 r--p 00000000 b3:02 154964                     /usr/lib/libexpat.so.1.10.0
7fd6e0bc8000-7fd6e0be5000 r-xp 00002000 b3:02 154964                     /usr/lib/libexpat.so.1.10.0
7fd6e0be5000-7fd6e0bed000 r--p 0001f000 b3:02 154964                     /usr/lib/libexpat.so.1.10.0
7fd6e0bed000-7fd6e0bef000 r--p 00026000 b3:02 154964                     /usr/lib/libexpat.so.1.10.0
7fd6e0bef000-7fd6e0bf0000 rw-p 00028000 b3:02 154964                     /usr/lib/libexpat.so.1.10.0
7fd6e0bf0000-7fd6e0bf1000 r--p 00000000 b3:02 176356                     /usr/lib/libxcb-shm.so.0.0.0
7fd6e0bf1000-7fd6e0bf2000 r-xp 00001000 b3:02 176356                     /usr/lib/libxcb-shm.so.0.0.0
7fd6e0bf2000-7fd6e0bf3000 r--p 00002000 b3:02 176356                     /usr/lib/libxcb-shm.so.0.0.0
7fd6e0bf3000-7fd6e0bf4000 r--p 00002000 b3:02 176356                     /usr/lib/libxcb-shm.so.0.0.0
7fd6e0bf4000-7fd6e0bf5000 rw-p 00003000 b3:02 176356                     /usr/lib/libxcb-shm.so.0.0.0
7fd6e0bf5000-7fd6e0bf7000 r--p 00000000 b3:02 176326                     /usr/lib/libxcb-dri2.so.0.0.0
7fd6e0bf7000-7fd6e0bf9000 r-xp 00002000 b3:02 176326                     /usr/lib/libxcb-dri2.so.0.0.0
7fd6e0bf9000-7fd6e0bfa000 r--p 00004000 b3:02 176326                     /usr/lib/libxcb-dri2.so.0.0.0
7fd6e0bfa000-7fd6e0bfb000 r--p 00004000 b3:02 176326                     /usr/lib/libxcb-dri2.so.0.0.0
7fd6e0bfb000-7fd6e0bfc000 rw-p 00005000 b3:02 176326                     /usr/lib/libxcb-dri2.so.0.0.0
7fd6e0bfc000-7fd6e0c08000 r--p 00000000 b3:02 176332                     /usr/lib/libxcb-glx.so.0.0.0
7fd6e0c08000-7fd6e0c11000 r-xp 0000c000 b3:02 176332                     /usr/lib/libxcb-glx.so.0.0.0
7fd6e0c11000-7fd6e0c16000 r--p 00015000 b3:02 176332                     /usr/lib/libxcb-glx.so.0.0.0
7fd6e0c16000-7fd6e0c18000 r--p 0001a000 b3:02 176332                     /usr/lib/libxcb-glx.so.0.0.0
7fd6e0c18000-7fd6e0c19000 rw-p 0001c000 b3:02 176332                     /usr/lib/libxcb-glx.so.0.0.0
7fd6e0c19000-7fd6e0c1e000 r--p 00000000 b3:02 181590                     /usr/lib/libdrm.so.2.123.0
7fd6e0c1e000-7fd6e0c2a000 r-xp 00005000 b3:02 181590                     /usr/lib/libdrm.so.2.123.0
7fd6e0c2a000-7fd6e0c2e000 r--p 00011000 b3:02 181590                     /usr/lib/libdrm.so.2.123.0
7fd6e0c2e000-7fd6e0c2f000 r--p 00015000 b3:02 181590                     /usr/lib/libdrm.so.2.123.0
7fd6e0c2f000-7fd6e0c30000 rw-p 00016000 b3:02 181590                     /usr/lib/libdrm.so.2.123.0
7fd6e0c30000-7fd6e0c31000 r--p 00000000 b3:02 186207                     /usr/lib/libglapi.so.0.0.0
7fd6e0c31000-7fd6e0c3f000 r-xp 00001000 b3:02 186207                     /usr/lib/libglapi.so.0.0.0
7fd6e0c3f000-7fd6e0c53000 r--p 0000f000 b3:02 186207                     /usr/lib/libglapi.so.0.0.0
7fd6e0c53000-7fd6e0c57000 r--p 00023000 b3:02 186207                     /usr/lib/libglapi.so.0.0.0
7fd6e0c57000-7fd6e0c58000 rw-p 00027000 b3:02 186207                     /usr/lib/libglapi.so.0.0.0
7fd6e0c58000-7fd6e0c6e000 r--p 00000000 b3:02 181748                     /usr/lib/libGLX_mesa.so.0.0.0
7fd6e0c6e000-7fd6e0cad000 r-xp 00016000 b3:02 181748                     /usr/lib/libGLX_mesa.so.0.0.0
7fd6e0cad000-7fd6e0cc0000 r--p 00055000 b3:02 181748                     /usr/lib/libGLX_mesa.so.0.0.0
7fd6e0cc0000-7fd6e0cc4000 r--p 00067000 b3:02 181748                     /usr/lib/libGLX_mesa.so.0.0.0
7fd6e0cc4000-7fd6e0cc5000 rw-p 0006b000 b3:02 181748                     /usr/lib/libGLX_mesa.so.0.0.0
7fd6e0cc5000-7fd6e0d06000 r--p 00000000 b3:02 181820                     /usr/lib/libGLdispatch.so.0.0.0
7fd6e0d06000-7fd6e0d45000 r-xp 00041000 b3:02 181820                     /usr/lib/libGLdispatch.so.0.0.0
7fd6e0d45000-7fd6e0d58000 r--p 00080000 b3:02 181820                     /usr/lib/libGLdispatch.so.0.0.0
7fd6e0d58000-7fd6e0d74000 r--p 00093000 b3:02 181820                     /usr/lib/libGLdispatch.so.0.0.0
7fd6e0d74000-7fd6e0d75000 rw-p 000af000 b3:02 181820                     /usr/lib/libGLdispatch.so.0.0.0
7fd6e0d75000-7fd6e0d7d000 rw-p 00000000 00:00 0 
7fd6e0d7d000-7fd6e0d80000 r--p 00000000 b3:02 181817                     /usr/lib/libGLX.so.0.0.0
7fd6e0d80000-7fd6e0d9a000 r-xp 00003000 b3:02 181817                     /usr/lib/libGLX.so.0.0.0
7fd6e0d9a000-7fd6e0d9d000 r--p 0001d000 b3:02 181817                     /usr/lib/libGLX.so.0.0.0
7fd6e0d9d000-7fd6e0d9e000 r--p 00020000 b3:02 181817                     /usr/lib/libGLX.so.0.0.0
7fd6e0d9e000-7fd6e0d9f000 rw-p 00021000 b3:02 181817                     /usr/lib/libGLX.so.0.0.0
7fd6e0d9f000-7fd6e0daf000 rw-p 00000000 00:00 0 
7fd6e0daf000-7fd6e0db1000 r--p 00000000 b3:02 179607                     /usr/lib/libXfixes.so.3.1.0
7fd6e0db1000-7fd6e0db4000 r-xp 00002000 b3:02 179607                     /usr/lib/libXfixes.so.3.1.0
7fd6e0db4000-7fd6e0db5000 r--p 00005000 b3:02 179607                     /usr/lib/libXfixes.so.3.1.0
7fd6e0db5000-7fd6e0db6000 r--p 00005000 b3:02 179607                     /usr/lib/libXfixes.so.3.1.0
7fd6e0db6000-7fd6e0db7000 rw-p 00006000 b3:02 179607                     /usr/lib/libXfixes.so.3.1.0
7fd6e0db7000-7fd6e0dce000 r--p 00000000 b3:02 178728                     /usr/lib/libX11.so.6.4.0
7fd6e0dce000-7fd6e0e62000 r-xp 00017000 b3:02 178728                     /usr/lib/libX11.so.6.4.0
7fd6e0e62000-7fd6e0ef1000 r--p 000ab000 b3:02 178728                     /usr/lib/libX11.so.6.4.0
7fd6e0ef1000-7fd6e0ef4000 r--p 00139000 b3:02 178728                     /usr/lib/libX11.so.6.4.0
7fd6e0ef4000-7fd6e0ef8000 rw-p 0013c000 b3:02 178728                     /usr/lib/libX11.so.6.4.0
7fd6e0ef8000-7fd6e0f07000 r--p 00000000 00:2a 231                        /tmp/lwjgl_zeph/3.3.4+7/x64/libglfw.so
7fd6e0f07000-7fd6e0f28000 r-xp 0000f000 00:2a 231                        /tmp/lwjgl_zeph/3.3.4+7/x64/libglfw.so
7fd6e0f28000-7fd6e0f5c000 r--p 00030000 00:2a 231                        /tmp/lwjgl_zeph/3.3.4+7/x64/libglfw.so
7fd6e0f5c000-7fd6e0f5d000 ---p 00064000 00:2a 231                        /tmp/lwjgl_zeph/3.3.4+7/x64/libglfw.so
7fd6e0f5d000-7fd6e0f61000 r--p 00064000 00:2a 231                        /tmp/lwjgl_zeph/3.3.4+7/x64/libglfw.so
7fd6e0f61000-7fd6e0f64000 rw-p 00068000 00:2a 231                        /tmp/lwjgl_zeph/3.3.4+7/x64/libglfw.so
7fd6e0f64000-7fd6e0f87000 rw-p 00000000 00:00 0 
7fd6e0f87000-7fd6e0fb1000 r--p 00000000 00:2a 230                        /tmp/lwjgl_zeph/3.3.4+7/x64/liblwjgl.so
7fd6e0fb1000-7fd6e0fe3000 r-xp 0002a000 00:2a 230                        /tmp/lwjgl_zeph/3.3.4+7/x64/liblwjgl.so
7fd6e0fe3000-7fd6e0ffc000 r--p 0005c000 00:2a 230                        /tmp/lwjgl_zeph/3.3.4+7/x64/liblwjgl.so
7fd6e0ffc000-7fd6e0ffd000 r--p 00074000 00:2a 230                        /tmp/lwjgl_zeph/3.3.4+7/x64/liblwjgl.so
7fd6e0ffd000-7fd6e0ffe000 rw-p 00075000 00:2a 230                        /tmp/lwjgl_zeph/3.3.4+7/x64/liblwjgl.so
7fd6e0ffe000-7fd6e0fff000 ---p 00000000 00:00 0 
7fd6e0fff000-7fd6e1003000 ---p 00000000 00:00 0 
7fd6e1003000-7fd6e10ff000 rw-p 00000000 00:00 0 
7fd6e10ff000-7fd6e1100000 ---p 00000000 00:00 0 
7fd6e1100000-7fd6e1104000 ---p 00000000 00:00 0 
7fd6e1104000-7fd6e1200000 rw-p 00000000 00:00 0 
7fd6e1200000-7fd6e14eb000 r--p 00000000 b3:02 175391                     /usr/lib/locale/locale-archive
7fd6e14ed000-7fd6e14ee000 r--p 00000000 b3:02 178725                     /usr/lib/libX11-xcb.so.1.0.0
7fd6e14ee000-7fd6e14ef000 r-xp 00001000 b3:02 178725                     /usr/lib/libX11-xcb.so.1.0.0
7fd6e14ef000-7fd6e14f0000 r--p 00002000 b3:02 178725                     /usr/lib/libX11-xcb.so.1.0.0
7fd6e14f0000-7fd6e14f1000 r--p 00002000 b3:02 178725                     /usr/lib/libX11-xcb.so.1.0.0
7fd6e14f1000-7fd6e14f2000 rw-p 00003000 b3:02 178725                     /usr/lib/libX11-xcb.so.1.0.0
7fd6e14f2000-7fd6e14f5000 r--p 00000000 b3:02 181990                     /usr/lib/libXcursor.so.1.0.2
7fd6e14f5000-7fd6e14fb000 r-xp 00003000 b3:02 181990                     /usr/lib/libXcursor.so.1.0.2
7fd6e14fb000-7fd6e14fd000 r--p 00009000 b3:02 181990                     /usr/lib/libXcursor.so.1.0.2
7fd6e14fd000-7fd6e14fe000 r--p 0000a000 b3:02 181990                     /usr/lib/libXcursor.so.1.0.2
7fd6e14fe000-7fd6e14ff000 rw-p 0000b000 b3:02 181990                     /usr/lib/libXcursor.so.1.0.2
7fd6e14ff000-7fd6e1500000 ---p 00000000 00:00 0 
7fd6e1500000-7fd6e1504000 ---p 00000000 00:00 0 
7fd6e1504000-7fd6e1600000 rw-p 00000000 00:00 0 
7fd6e1600000-7fd6e36f0000 rw-p 00000000 00:00 0 
7fd6e36f0000-7fd6e44c0000 ---p 00000000 00:00 0 
7fd6e44c0000-7fd6e44c8000 rw-p 00000000 00:00 0 
7fd6e44c8000-7fd6e44ca000 rw-s 107422000 00:10 1063                      anon_inode:i915.gem
7fd6e44ca000-7fd6e44cb000 rw-s 1012e6000 00:10 1063                      anon_inode:i915.gem
7fd6e44cb000-7fd6e44cd000 r--p 00000000 b3:02 180183                     /usr/lib/libXrender.so.1.3.0
7fd6e44cd000-7fd6e44d4000 r-xp 00002000 b3:02 180183                     /usr/lib/libXrender.so.1.3.0
7fd6e44d4000-7fd6e44d5000 r--p 00009000 b3:02 180183                     /usr/lib/libXrender.so.1.3.0
7fd6e44d5000-7fd6e44d6000 r--p 00009000 b3:02 180183                     /usr/lib/libXrender.so.1.3.0
7fd6e44d6000-7fd6e44d7000 rw-p 0000a000 b3:02 180183                     /usr/lib/libXrender.so.1.3.0
7fd6e44d7000-7fd6e44da000 r--p 00000000 b3:02 179612                     /usr/lib/libXi.so.6.1.0
7fd6e44da000-7fd6e44e6000 r-xp 00003000 b3:02 179612                     /usr/lib/libXi.so.6.1.0
7fd6e44e6000-7fd6e44e8000 r--p 0000f000 b3:02 179612                     /usr/lib/libXi.so.6.1.0
7fd6e44e8000-7fd6e44e9000 r--p 00011000 b3:02 179612                     /usr/lib/libXi.so.6.1.0
7fd6e44e9000-7fd6e44ea000 rw-p 00012000 b3:02 179612                     /usr/lib/libXi.so.6.1.0
7fd6e44ea000-7fd6e44ee000 r--p 00000000 b3:02 179542                     /usr/lib/libXext.so.6.4.0
7fd6e44ee000-7fd6e44f9000 r-xp 00004000 b3:02 179542                     /usr/lib/libXext.so.6.4.0
7fd6e44f9000-7fd6e44fd000 r--p 0000f000 b3:02 179542                     /usr/lib/libXext.so.6.4.0
7fd6e44fd000-7fd6e44fe000 r--p 00012000 b3:02 179542                     /usr/lib/libXext.so.6.4.0
7fd6e44fe000-7fd6e44ff000 rw-p 00013000 b3:02 179542                     /usr/lib/libXext.so.6.4.0
7fd6e44ff000-7fd6e4500000 ---p 00000000 00:00 0 
7fd6e4500000-7fd6e4504000 ---p 00000000 00:00 0 
7fd6e4504000-7fd6e4600000 rw-p 00000000 00:00 0 
7fd6e4600000-7fd6e4870000 rwxp 00000000 00:00 0 
7fd6e4870000-7fd6ebb38000 ---p 00000000 00:00 0 
7fd6ebb38000-7fd6ebda8000 rwxp 00000000 00:00 0 
7fd6ebda8000-7fd6ec0c7000 ---p 00000000 00:00 0 
7fd6ec0c7000-7fd6ec337000 rwxp 00000000 00:00 0 
7fd6ec337000-7fd6f3600000 ---p 00000000 00:00 0 
7fd6f3600000-7fd6fbe0d000 r--s 00000000 b3:02 329934                     /usr/lib/jvm/java-21-openjdk/lib/modules
7fd6fbe0d000-7fd6fbe0e000 r--p 00000000 b3:02 182057                     /usr/lib/libXinerama.so.1.0.0
7fd6fbe0e000-7fd6fbe0f000 r-xp 00001000 b3:02 182057                     /usr/lib/libXinerama.so.1.0.0
7fd6fbe0f000-7fd6fbe10000 r--p 00002000 b3:02 182057                     /usr/lib/libXinerama.so.1.0.0
7fd6fbe10000-7fd6fbe11000 r--p 00002000 b3:02 182057                     /usr/lib/libXinerama.so.1.0.0
7fd6fbe11000-7fd6fbe12000 rw-p 00003000 b3:02 182057                     /usr/lib/libXinerama.so.1.0.0
7fd6fbe12000-7fd6fbe14000 r--p 00000000 b3:02 182066                     /usr/lib/libXrandr.so.2.2.0
7fd6fbe14000-7fd6fbe1b000 r-xp 00002000 b3:02 182066                     /usr/lib/libXrandr.so.2.2.0
7fd6fbe1b000-7fd6fbe1d000 r--p 00009000 b3:02 182066                     /usr/lib/libXrandr.so.2.2.0
7fd6fbe1d000-7fd6fbe1e000 r--p 0000a000 b3:02 182066                     /usr/lib/libXrandr.so.2.2.0
7fd6fbe1e000-7fd6fbe1f000 rw-p 0000b000 b3:02 182066                     /usr/lib/libXrandr.so.2.2.0
7fd6fbe1f000-7fd6fbe20000 r--p 00000000 b3:02 181620                     /usr/lib/libXxf86vm.so.1.0.0
7fd6fbe20000-7fd6fbe23000 r-xp 00001000 b3:02 181620                     /usr/lib/libXxf86vm.so.1.0.0
7fd6fbe23000-7fd6fbe24000 r--p 00004000 b3:02 181620                     /usr/lib/libXxf86vm.so.1.0.0
7fd6fbe24000-7fd6fbe25000 r--p 00004000 b3:02 181620                     /usr/lib/libXxf86vm.so.1.0.0
7fd6fbe25000-7fd6fbe26000 rw-p 00005000 b3:02 181620                     /usr/lib/libXxf86vm.so.1.0.0
7fd6fbe26000-7fd6fbe28000 r--p 00000000 b3:02 176297                     /usr/lib/libXdmcp.so.6.0.0
7fd6fbe28000-7fd6fbe2a000 r-xp 00002000 b3:02 176297                     /usr/lib/libXdmcp.so.6.0.0
7fd6fbe2a000-7fd6fbe2c000 r--p 00004000 b3:02 176297                     /usr/lib/libXdmcp.so.6.0.0
7fd6fbe2c000-7fd6fbe2d000 r--p 00005000 b3:02 176297                     /usr/lib/libXdmcp.so.6.0.0
7fd6fbe2d000-7fd6fbe2e000 rw-p 00006000 b3:02 176297                     /usr/lib/libXdmcp.so.6.0.0
7fd6fbe2e000-7fd6fbe33000 r--p 00000000 b3:02 329917                     /usr/lib/jvm/java-21-openjdk/lib/libjsvml.so
7fd6fbe33000-7fd6fbe74000 r-xp 00005000 b3:02 329917                     /usr/lib/jvm/java-21-openjdk/lib/libjsvml.so
7fd6fbe74000-7fd6fbefd000 r--p 00046000 b3:02 329917                     /usr/lib/jvm/java-21-openjdk/lib/libjsvml.so
7fd6fbefd000-7fd6fbefe000 r--p 000ce000 b3:02 329917                     /usr/lib/jvm/java-21-openjdk/lib/libjsvml.so
7fd6fbefe000-7fd6fbeff000 rw-p 000cf000 b3:02 329917                     /usr/lib/jvm/java-21-openjdk/lib/libjsvml.so
7fd6fbeff000-7fd6fbf00000 ---p 00000000 00:00 0 
7fd6fbf00000-7fd6fbf04000 ---p 00000000 00:00 0 
7fd6fbf04000-7fd6fc000000 rw-p 00000000 00:00 0 
7fd6fc000000-7fd6fd40d000 rw-p 00000000 00:00 0 
7fd6fd40d000-7fd700000000 ---p 00000000 00:00 0 
7fd700000000-7fd70000c000 r--p 00000000 b3:02 176386                     /usr/lib/libxcb.so.1.1.0
7fd70000c000-7fd700020000 r-xp 0000c000 b3:02 176386                     /usr/lib/libxcb.so.1.1.0
7fd700020000-7fd700029000 r--p 00020000 b3:02 176386                     /usr/lib/libxcb.so.1.1.0
7fd700029000-7fd70002a000 r--p 00028000 b3:02 176386                     /usr/lib/libxcb.so.1.1.0
7fd70002a000-7fd70002b000 rw-p 00029000 b3:02 176386                     /usr/lib/libxcb.so.1.1.0
7fd70002b000-7fd70002c000 rw-s 1012e5000 00:10 1063                      anon_inode:i915.gem
7fd70002c000-7fd70003c000 rw-s 103a38000 00:10 1063                      anon_inode:i915.gem
7fd70003c000-7fd70004c000 rw-s 107c71000 00:10 1063                      anon_inode:i915.gem
7fd70004c000-7fd70004d000 ---p 00000000 00:00 0 
7fd70004d000-7fd700051000 ---p 00000000 00:00 0 
7fd700051000-7fd70014d000 rw-p 00000000 00:00 0 
7fd70014d000-7fd70014e000 ---p 00000000 00:00 0 
7fd70014e000-7fd700152000 ---p 00000000 00:00 0 
7fd700152000-7fd70024e000 rw-p 00000000 00:00 0 
7fd70024e000-7fd70024f000 ---p 00000000 00:00 0 
7fd70024f000-7fd700253000 ---p 00000000 00:00 0 
7fd700253000-7fd70034f000 rw-p 00000000 00:00 0 
7fd70034f000-7fd700350000 ---p 00000000 00:00 0 
7fd700350000-7fd700354000 ---p 00000000 00:00 0 
7fd700354000-7fd700450000 rw-p 00000000 00:00 0 
7fd700450000-7fd700451000 ---p 00000000 00:00 0 
7fd700451000-7fd700551000 rw-p 00000000 00:00 0 
7fd700551000-7fd700552000 ---p 00000000 00:00 0 
7fd700552000-7fd700652000 rw-p 00000000 00:00 0 
7fd700652000-7fd70076f000 rw-p 00000000 00:00 0 
7fd70076f000-7fd700770000 ---p 00000000 00:00 0 
7fd700770000-7fd700870000 rw-p 00000000 00:00 0 
7fd700870000-7fd700871000 ---p 00000000 00:00 0 
7fd700871000-7fd700971000 rw-p 00000000 00:00 0 
7fd700971000-7fd700b73000 rw-p 00000000 00:00 0 
7fd700b73000-7fd700b74000 ---p 00000000 00:00 0 
7fd700b74000-7fd700c74000 rw-p 00000000 00:00 0 
7fd700c74000-7fd700c75000 ---p 00000000 00:00 0 
7fd700c75000-7fd700d75000 rw-p 00000000 00:00 0 
7fd700d75000-7fd700d76000 ---p 00000000 00:00 0 
7fd700d76000-7fd700e76000 rw-p 00000000 00:00 0 
7fd700e76000-7fd700e94000 rw-p 00000000 00:00 0 
7fd700e94000-7fd70104e000 ---p 00000000 00:00 0 
7fd70104e000-7fd70106d000 rw-p 00000000 00:00 0 
7fd70106d000-7fd701227000 ---p 00000000 00:00 0 
7fd701227000-7fd70142f000 rw-p 00000000 00:00 0 
7fd70142f000-7fd701515000 ---p 00000000 00:00 0 
7fd701515000-7fd70151a000 rw-p 00000000 00:00 0 
7fd70151a000-7fd701600000 ---p 00000000 00:00 0 
7fd701600000-7fd701697000 r--p 00000000 b3:02 133657                     /usr/lib/libstdc++.so.6.0.33
7fd701697000-7fd7017e4000 r-xp 00097000 b3:02 133657                     /usr/lib/libstdc++.so.6.0.33
7fd7017e4000-7fd701874000 r--p 001e4000 b3:02 133657                     /usr/lib/libstdc++.so.6.0.33
7fd701874000-7fd701881000 r--p 00274000 b3:02 133657                     /usr/lib/libstdc++.so.6.0.33
7fd701881000-7fd701882000 rw-p 00281000 b3:02 133657                     /usr/lib/libstdc++.so.6.0.33
7fd701882000-7fd701886000 rw-p 00000000 00:00 0 
7fd701886000-7fd701887000 rw-s 00000000 00:01 221531                     /memfd:xshmfence (deleted)
7fd701887000-7fd701888000 rw-p 00000000 00:00 0 
7fd701888000-7fd701889000 r--p 00000000 b3:02 176301                     /usr/lib/libXau.so.6.0.0
7fd701889000-7fd70188a000 r-xp 00001000 b3:02 176301                     /usr/lib/libXau.so.6.0.0
7fd70188a000-7fd70188b000 r--p 00002000 b3:02 176301                     /usr/lib/libXau.so.6.0.0
7fd70188b000-7fd70188c000 r--p 00002000 b3:02 176301                     /usr/lib/libXau.so.6.0.0
7fd70188c000-7fd70188d000 rw-p 00003000 b3:02 176301                     /usr/lib/libXau.so.6.0.0
7fd70188d000-7fd70188e000 r--p 00000000 b3:02 134499                     /usr/lib/librt.so.1
7fd70188e000-7fd70188f000 r-xp 00001000 b3:02 134499                     /usr/lib/librt.so.1
7fd70188f000-7fd701890000 r--p 00002000 b3:02 134499                     /usr/lib/librt.so.1
7fd701890000-7fd701891000 r--p 00002000 b3:02 134499                     /usr/lib/librt.so.1
7fd701891000-7fd701892000 rw-p 00003000 b3:02 134499                     /usr/lib/librt.so.1
7fd701892000-7fd701893000 r--p 00000000 b3:02 134494                     /usr/lib/libpthread.so.0
7fd701893000-7fd701894000 r-xp 00001000 b3:02 134494                     /usr/lib/libpthread.so.0
7fd701894000-7fd701895000 r--p 00002000 b3:02 134494                     /usr/lib/libpthread.so.0
7fd701895000-7fd701896000 r--p 00002000 b3:02 134494                     /usr/lib/libpthread.so.0
7fd701896000-7fd701897000 rw-p 00003000 b3:02 134494                     /usr/lib/libpthread.so.0
7fd701897000-7fd701898000 r--p 00000000 b3:02 134472                     /usr/lib/libdl.so.2
7fd701898000-7fd701899000 r-xp 00001000 b3:02 134472                     /usr/lib/libdl.so.2
7fd701899000-7fd70189a000 r--p 00002000 b3:02 134472                     /usr/lib/libdl.so.2
7fd70189a000-7fd70189b000 r--p 00002000 b3:02 134472                     /usr/lib/libdl.so.2
7fd70189b000-7fd70189c000 rw-p 00003000 b3:02 134472                     /usr/lib/libdl.so.2
7fd70189c000-7fd70189f000 r--p 00000000 b3:02 329924                     /usr/lib/jvm/java-21-openjdk/lib/libnet.so
7fd70189f000-7fd7018a6000 r-xp 00003000 b3:02 329924                     /usr/lib/jvm/java-21-openjdk/lib/libnet.so
7fd7018a6000-7fd7018a8000 r--p 0000a000 b3:02 329924                     /usr/lib/jvm/java-21-openjdk/lib/libnet.so
7fd7018a8000-7fd7018a9000 r--p 0000b000 b3:02 329924                     /usr/lib/jvm/java-21-openjdk/lib/libnet.so
7fd7018a9000-7fd7018aa000 rw-p 0000c000 b3:02 329924                     /usr/lib/jvm/java-21-openjdk/lib/libnet.so
7fd7018aa000-7fd7018b1000 r--p 00000000 b3:02 329925                     /usr/lib/jvm/java-21-openjdk/lib/libnio.so
7fd7018b1000-7fd7018ba000 r-xp 00007000 b3:02 329925                     /usr/lib/jvm/java-21-openjdk/lib/libnio.so
7fd7018ba000-7fd7018bf000 r--p 00010000 b3:02 329925                     /usr/lib/jvm/java-21-openjdk/lib/libnio.so
7fd7018bf000-7fd7018c0000 r--p 00014000 b3:02 329925                     /usr/lib/jvm/java-21-openjdk/lib/libnio.so
7fd7018c0000-7fd7018c1000 rw-p 00015000 b3:02 329925                     /usr/lib/jvm/java-21-openjdk/lib/libnio.so
7fd7018c1000-7fd7018e1000 rw-p 00000000 00:00 0 
7fd7018e1000-7fd7018eb000 r--p 00000000 b3:02 329907                     /usr/lib/jvm/java-21-openjdk/lib/libjava.so
7fd7018eb000-7fd7018f8000 r-xp 0000a000 b3:02 329907                     /usr/lib/jvm/java-21-openjdk/lib/libjava.so
7fd7018f8000-7fd7018fd000 r--p 00017000 b3:02 329907                     /usr/lib/jvm/java-21-openjdk/lib/libjava.so
7fd7018fd000-7fd7018fe000 r--p 0001b000 b3:02 329907                     /usr/lib/jvm/java-21-openjdk/lib/libjava.so
7fd7018fe000-7fd7018ff000 rw-p 0001c000 b3:02 329907                     /usr/lib/jvm/java-21-openjdk/lib/libjava.so
7fd7018ff000-7fd701900000 rw-p 00000000 00:00 0 
7fd701900000-7fd701904000 ---p 00000000 00:00 0 
7fd701904000-7fd701a00000 rw-p 00000000 00:00 0 
7fd701a00000-7fd701a0e000 r--p 00000000 b3:02 329944                     /usr/lib/jvm/java-21-openjdk/lib/server/libjvm.so
7fd701a0e000-7fd7029a0000 r-xp 0000e000 b3:02 329944                     /usr/lib/jvm/java-21-openjdk/lib/server/libjvm.so
7fd7029a0000-7fd702b8f000 r--p 00fa0000 b3:02 329944                     /usr/lib/jvm/java-21-openjdk/lib/server/libjvm.so
7fd702b8f000-7fd702c60000 r--p 0118e000 b3:02 329944                     /usr/lib/jvm/java-21-openjdk/lib/server/libjvm.so
7fd702c60000-7fd702c8a000 rw-p 0125f000 b3:02 329944                     /usr/lib/jvm/java-21-openjdk/lib/server/libjvm.so
7fd702c8a000-7fd702cf0000 rw-p 00000000 00:00 0 
7fd702cf0000-7fd702cf1000 r-xp 0005a000 00:2a 230                        /tmp/lwjgl_zeph/3.3.4+7/x64/liblwjgl.so
7fd702cf1000-7fd702cf2000 rw-p 00000000 00:00 0 
7fd702cf2000-7fd702cf4000 r--p 00000000 b3:02 329933                     /usr/lib/jvm/java-21-openjdk/lib/libzip.so
7fd702cf4000-7fd702cf8000 r-xp 00002000 b3:02 329933                     /usr/lib/jvm/java-21-openjdk/lib/libzip.so
7fd702cf8000-7fd702cfa000 r--p 00006000 b3:02 329933                     /usr/lib/jvm/java-21-openjdk/lib/libzip.so
7fd702cfa000-7fd702cfb000 r--p 00007000 b3:02 329933                     /usr/lib/jvm/java-21-openjdk/lib/libzip.so
7fd702cfb000-7fd702cfc000 rw-p 00008000 b3:02 329933                     /usr/lib/jvm/java-21-openjdk/lib/libzip.so
7fd702cfc000-7fd702d00000 r--p 00000000 b3:02 133624                     /usr/lib/libgcc_s.so.1
7fd702d00000-7fd702d24000 r-xp 00004000 b3:02 133624                     /usr/lib/libgcc_s.so.1
7fd702d24000-7fd702d28000 r--p 00028000 b3:02 133624                     /usr/lib/libgcc_s.so.1
7fd702d28000-7fd702d29000 r--p 0002b000 b3:02 133624                     /usr/lib/libgcc_s.so.1
7fd702d29000-7fd702d2a000 rw-p 0002c000 b3:02 133624                     /usr/lib/libgcc_s.so.1
7fd702d2a000-7fd702d38000 r--p 00000000 b3:02 134477                     /usr/lib/libm.so.6
7fd702d38000-7fd702dbb000 r-xp 0000e000 b3:02 134477                     /usr/lib/libm.so.6
7fd702dbb000-7fd702e17000 r--p 00091000 b3:02 134477                     /usr/lib/libm.so.6
7fd702e17000-7fd702e18000 r--p 000ec000 b3:02 134477                     /usr/lib/libm.so.6
7fd702e18000-7fd702e19000 rw-p 000ed000 b3:02 134477                     /usr/lib/libm.so.6
7fd702e19000-7fd702e1c000 rw-p 00000000 00:00 0 
7fd702e1c000-7fd702e1f000 r--p 00000000 b3:02 138543                     /usr/lib/libz.so.1.3.1
7fd702e1f000-7fd702e2d000 r-xp 00003000 b3:02 138543                     /usr/lib/libz.so.1.3.1
7fd702e2d000-7fd702e33000 r--p 00011000 b3:02 138543                     /usr/lib/libz.so.1.3.1
7fd702e33000-7fd702e34000 r--p 00017000 b3:02 138543                     /usr/lib/libz.so.1.3.1
7fd702e34000-7fd702e35000 rw-p 00018000 b3:02 138543                     /usr/lib/libz.so.1.3.1
7fd702e35000-7fd702e59000 r--p 00000000 b3:02 134467                     /usr/lib/libc.so.6
7fd702e59000-7fd702fca000 r-xp 00024000 b3:02 134467                     /usr/lib/libc.so.6
7fd702fca000-7fd703018000 r--p 00195000 b3:02 134467                     /usr/lib/libc.so.6
7fd703018000-7fd70301c000 r--p 001e3000 b3:02 134467                     /usr/lib/libc.so.6
7fd70301c000-7fd70301e000 rw-p 001e7000 b3:02 134467                     /usr/lib/libc.so.6
7fd70301e000-7fd703026000 rw-p 00000000 00:00 0 
7fd703027000-7fd703028000 rw-s 1041f1000 00:10 1063                      anon_inode:i915.gem
7fd703028000-7fd703029000 rw-s 1041f0000 00:10 1063                      anon_inode:i915.gem
7fd703029000-7fd70302a000 rw-s 10418d000 00:10 1063                      anon_inode:i915.gem
7fd70302a000-7fd70302f000 rw-p 00000000 00:00 0 
7fd70302f000-7fd703036000 ---p 00000000 00:00 0 
7fd703036000-7fd70303e000 rw-s 00000000 00:2a 18747                      /tmp/hsperfdata_zeph/479548
7fd70303e000-7fd70303f000 ---p 00000000 00:00 0 
7fd70303f000-7fd703040000 r--p 00000000 00:00 0 
7fd703040000-7fd703041000 ---p 00000000 00:00 0 
7fd703041000-7fd703042000 r--p 00000000 b3:02 329913                     /usr/lib/jvm/java-21-openjdk/lib/libjimage.so
7fd703042000-7fd703044000 r-xp 00001000 b3:02 329913                     /usr/lib/jvm/java-21-openjdk/lib/libjimage.so
7fd703044000-7fd703045000 r--p 00003000 b3:02 329913                     /usr/lib/jvm/java-21-openjdk/lib/libjimage.so
7fd703045000-7fd703046000 r--p 00003000 b3:02 329913                     /usr/lib/jvm/java-21-openjdk/lib/libjimage.so
7fd703046000-7fd703047000 rw-p 00004000 b3:02 329913                     /usr/lib/jvm/java-21-openjdk/lib/libjimage.so
7fd703047000-7fd703049000 r--p 00000000 b3:02 329914                     /usr/lib/jvm/java-21-openjdk/lib/libjli.so
7fd703049000-7fd703053000 r-xp 00002000 b3:02 329914                     /usr/lib/jvm/java-21-openjdk/lib/libjli.so
7fd703053000-7fd703056000 r--p 0000c000 b3:02 329914                     /usr/lib/jvm/java-21-openjdk/lib/libjli.so
7fd703056000-7fd703057000 r--p 0000e000 b3:02 329914                     /usr/lib/jvm/java-21-openjdk/lib/libjli.so
7fd703057000-7fd703058000 rw-p 0000f000 b3:02 329914                     /usr/lib/jvm/java-21-openjdk/lib/libjli.so
7fd703058000-7fd70305a000 rw-p 00000000 00:00 0 
7fd70305a000-7fd70305e000 r--p 00000000 00:00 0                          [vvar]
7fd70305e000-7fd703060000 r-xp 00000000 00:00 0                          [vdso]
7fd703060000-7fd703061000 r--p 00000000 b3:02 134458                     /usr/lib/ld-linux-x86-64.so.2
7fd703061000-7fd70308a000 r-xp 00001000 b3:02 134458                     /usr/lib/ld-linux-x86-64.so.2
7fd70308a000-7fd703094000 r--p 0002a000 b3:02 134458                     /usr/lib/ld-linux-x86-64.so.2
7fd703094000-7fd703096000 r--p 00034000 b3:02 134458                     /usr/lib/ld-linux-x86-64.so.2
7fd703096000-7fd703098000 rw-p 00036000 b3:02 134458                     /usr/lib/ld-linux-x86-64.so.2
7ffcd3d70000-7ffcd3d91000 rw-p 00000000 00:00 0                          [stack]
ffffffffff600000-ffffffffff601000 --xp 00000000 00:00 0                  [vsyscall]
Total number of mappings: 509


VM Arguments:
jvm_args: -Djava.library.path=lib/ -XX:+ShowCodeDetailsInExceptionMessages 
java_command: game.Main
java_class_path (initial): /home/zeph/mnt/JAVA/ZephyroGame/target/classes:/home/zeph/.m2/repository/org/l33tlabs/twl/pngdecoder/1.0/pngdecoder-1.0.jar:/home/zeph/.m2/repository/org/joml/joml/1.10.8/joml-1.10.8.jar:/home/zeph/.m2/repository/org/lwjgl/lwjgl/3.3.4/lwjgl-3.3.4.jar:/home/zeph/.m2/repository/org/lwjgl/lwjgl-assimp/3.3.4/lwjgl-assimp-3.3.4.jar:/home/zeph/.m2/repository/org/lwjgl/lwjgl-bgfx/3.3.4/lwjgl-bgfx-3.3.4.jar:/home/zeph/.m2/repository/org/lwjgl/lwjgl-cuda/3.3.4/lwjgl-cuda-3.3.4.jar:/home/zeph/.m2/repository/org/lwjgl/lwjgl-fmod/3.3.4/lwjgl-fmod-3.3.4.jar:/home/zeph/.m2/repository/org/lwjgl/lwjgl-glfw/3.3.4/lwjgl-glfw-3.3.4.jar:/home/zeph/.m2/repository/org/lwjgl/lwjgl-nanovg/3.3.4/lwjgl-nanovg-3.3.4.jar:/home/zeph/.m2/repository/org/lwjgl/lwjgl-nuklear/3.3.4/lwjgl-nuklear-3.3.4.jar:/home/zeph/.m2/repository/org/lwjgl/lwjgl-openal/3.3.4/lwjgl-openal-3.3.4.jar:/home/zeph/.m2/repository/org/lwjgl/lwjgl-opencl/3.3.4/lwjgl-opencl-3.3.4.jar:/home/zeph/.m2/repository/org/lwjgl/lwjgl-opengl/3.3.4/lwjgl-opengl-3.3.4.jar:/home/zeph/.m2/repository/org/lwjgl/lwjgl-par/3.3.4/lwjgl-par-3.3.4.jar:/home/zeph/.m2/repository/org/lwjgl/lwjgl-shaderc/3.3.4/lwjgl-shaderc-3.3.4.jar:/home/zeph/.m2/repository/org/lwjgl/lwjgl-stb/3.3.4/lwjgl-stb-3.3.4.jar:/home/zeph/.m2/repository/org/lwjgl/lwjgl-vulkan/3.3.4/lwjgl-vulkan-3.3.4.jar:/home/zeph/.m2/repository/org/lwjgl/lwjgl/3.3.4/lwjgl-3.3.4-natives-linux.jar:/home/zeph/.m2/repository/org/lwjgl/lwjgl-assimp/3.3.4/lwjgl-assimp-3.3.4-natives-linux.jar:/home/zeph/.m2/repository/org/lwjgl/lwjgl-bgfx/3.3.4/lwjgl-bgfx-3.3.4-natives-linux.jar:/home/zeph/.m2/repository/org/lwjgl/lwjgl-glfw/3.3.4/lwjgl-glfw-3.3.4-natives-linux.jar:/home/zeph/.m2/repository/org/lwjgl/lwjgl-nanovg/3.3.4/lwjgl-nanovg-3.3.4-natives-linux.jar:/home/zeph/.m2/repository/org/lwjgl/lwjgl-nuklear/3.3.4/lwjgl-nuklear-3.3.4-natives-linux.jar:/home/zeph/.m2/repository/org/lwjgl/lwjgl-openal/3.3.4/lwjgl-openal-3.3.4-natives-linux.jar:/home/zeph/.m2/repository/org/lwjgl/lwjgl-opengl/3.3.4/lwjgl-opengl-3.3.4-natives-linux.jar:/home/zeph/.m2/repository/org/lwjgl/lwjgl-par/3.3.4/lwjgl-par-3.3.4-natives-linux.jar:/home/zeph/.m2/repository/org/lwjgl/lwjgl-shaderc/3.3.4/lwjgl-shaderc-3.3.4-natives-linux.jar:/home/zeph/.m2/repository/org/lwjgl/lwjgl-stb/3.3.4/lwjgl-stb-3.3.4-natives-linux.jar
Launcher Type: SUN_STANDARD

[Global flags]
     intx CICompilerCount                          = 2                                         {product} {ergonomic}
     uint ConcGCThreads                            = 1                                         {product} {ergonomic}
     uint G1ConcRefinementThreads                  = 2                                         {product} {ergonomic}
   size_t G1HeapRegionSize                         = 1048576                                   {product} {ergonomic}
    uintx GCDrainStackTargetSize                   = 64                                        {product} {ergonomic}
   size_t InitialHeapSize                          = 62914560                                  {product} {ergonomic}
   size_t MarkStackSize                            = 4194304                                   {product} {ergonomic}
   size_t MaxHeapSize                              = 991952896                                 {product} {ergonomic}
   size_t MaxNewSize                               = 594542592                                 {product} {ergonomic}
   size_t MinHeapDeltaBytes                        = 1048576                                   {product} {ergonomic}
   size_t MinHeapSize                              = 8388608                                   {product} {ergonomic}
    uintx NonNMethodCodeHeapSize                   = 5826188                                {pd product} {ergonomic}
    uintx NonProfiledCodeHeapSize                  = 122916026                              {pd product} {ergonomic}
    uintx ProfiledCodeHeapSize                     = 122916026                              {pd product} {ergonomic}
    uintx ReservedCodeCacheSize                    = 251658240                              {pd product} {ergonomic}
     bool SegmentedCodeCache                       = true                                      {product} {ergonomic}
     bool ShowCodeDetailsInExceptionMessages       = true                                   {manageable} {command line}
   size_t SoftMaxHeapSize                          = 991952896                              {manageable} {ergonomic}
     bool UseCompressedOops                        = true                           {product lp64_product} {ergonomic}
     bool UseG1GC                                  = true                                      {product} {ergonomic}

Logging:
Log output configuration:
 #0: stdout all=warning uptime,level,tags foldmultilines=false
 #1: stderr all=off uptime,level,tags foldmultilines=false

Environment Variables:
PATH=/home/zeph/.cargo/bin:/usr/local/sbin:/usr/local/bin:/usr/bin:/usr/lib/jvm/default/bin:/usr/bin/site_perl:/usr/bin/vendor_perl:/usr/bin/core_perl
SHELL=/usr/bin/bash
DISPLAY=:0
LANG=en_US.UTF-8
TERM=xterm-256color

Active Locale:
LC_ALL=en_US.UTF-8
LC_COLLATE=en_US.UTF-8
LC_CTYPE=en_US.UTF-8
LC_MESSAGES=en_US.UTF-8
LC_MONETARY=en_US.UTF-8
LC_NUMERIC=en_US.UTF-8
LC_TIME=en_US.UTF-8

Signal Handlers:
   SIGSEGV: 0x00007fd70265f8d0 in libjvm.so+12974288, mask=11100100010111111101111111111110, flags=SA_RESTART|SA_SIGINFO, unblocked
    SIGBUS: 0x00007fd70265f8d0 in libjvm.so+12974288, mask=11100100010111111101111111111110, flags=SA_RESTART|SA_SIGINFO, unblocked
    SIGFPE: 0x00007fd70265f8d0 in libjvm.so+12974288, mask=11100100010111111101111111111110, flags=SA_RESTART|SA_SIGINFO, unblocked
   SIGPIPE: 0x00007fd70251df80 in libjvm.so+11657088, mask=11100100010111111101111111111110, flags=SA_RESTART|SA_SIGINFO, blocked
   SIGXFSZ: 0x00007fd70251df80 in libjvm.so+11657088, mask=11100100010111111101111111111110, flags=SA_RESTART|SA_SIGINFO, blocked
    SIGILL: 0x00007fd70265f8d0 in libjvm.so+12974288, mask=11100100010111111101111111111110, flags=SA_RESTART|SA_SIGINFO, unblocked
   SIGUSR2: 0x00007fd70252bad0 in libjvm.so+11713232, mask=00000000000000000000000000000000, flags=SA_RESTART|SA_SIGINFO, blocked
    SIGHUP: 0x00007fd702516540 in libjvm.so+11625792, mask=11100100010111111101111111111110, flags=SA_RESTART|SA_SIGINFO, blocked
    SIGINT: 0x00007fd702516540 in libjvm.so+11625792, mask=11100100010111111101111111111110, flags=SA_RESTART|SA_SIGINFO, blocked
   SIGTERM: 0x00007fd702516540 in libjvm.so+11625792, mask=11100100010111111101111111111110, flags=SA_RESTART|SA_SIGINFO, blocked
   SIGQUIT: 0x00007fd702516540 in libjvm.so+11625792, mask=11100100010111111101111111111110, flags=SA_RESTART|SA_SIGINFO, blocked
   SIGTRAP: 0x00007fd70265f8d0 in libjvm.so+12974288, mask=11100100010111111101111111111110, flags=SA_RESTART|SA_SIGINFO, unblocked


Periodic native trim disabled

---------------  S Y S T E M  ---------------

OS:
NAME="Arch Linux"
PRETTY_NAME="Arch Linux"
ID=arch
BUILD_ID=rolling
ANSI_COLOR="38;2;23;147;209"
HOME_URL="https://archlinux.org/"
DOCUMENTATION_URL="https://wiki.archlinux.org/"
SUPPORT_URL="https://bbs.archlinux.org/"
BUG_REPORT_URL="https://gitlab.archlinux.org/groups/archlinux/-/issues"
PRIVACY_POLICY_URL="https://terms.archlinux.org/docs/privacy-policy/"
LOGO=archlinux-logo
uname: Linux 6.11.6-arch1-1 #1 SMP PREEMPT_DYNAMIC Fri, 01 Nov 2024 03:30:41 +0000 x86_64
OS uptime: 5 days 23:56 hours
libc: glibc 2.40 NPTL 2.40 
rlimit (soft/hard): STACK 8192k/infinity , CORE infinity/infinity , NPROC 14753/14753 , NOFILE 524288/524288 , AS infinity/infinity , CPU infinity/infinity , DATA infinity/infinity , FSIZE infinity/infinity , MEMLOCK 8192k/8192k
load average: 1.28 1.01 0.86

/proc/meminfo:
MemTotal:        3871508 kB
MemFree:          165896 kB
MemAvailable:     474352 kB
Buffers:           16232 kB
Cached:           912800 kB
SwapCached:         4652 kB
Active:          1898656 kB
Inactive:         836712 kB
Active(anon):    1662528 kB
Inactive(anon):   616728 kB
Active(file):     236128 kB
Inactive(file):   219984 kB
Unevictable:      323688 kB
Mlocked:              32 kB
SwapTotal:       1935356 kB
SwapFree:         597668 kB
Zswap:                 0 kB
Zswapped:              0 kB
Dirty:               376 kB
Writeback:             4 kB
AnonPages:       2126712 kB
Mapped:           363036 kB
Shmem:            472836 kB
KReclaimable:     122332 kB
Slab:             210100 kB
SReclaimable:     122332 kB
SUnreclaim:        87768 kB
KernelStack:       15792 kB
PageTables:        44704 kB
SecPageTables:         0 kB
NFS_Unstable:          0 kB
Bounce:                0 kB
WritebackTmp:          0 kB
CommitLimit:     3871108 kB
Committed_AS:   12791740 kB
VmallocTotal:   34359738367 kB
VmallocUsed:       60104 kB
VmallocChunk:          0 kB
Percpu:             1008 kB
HardwareCorrupted:     0 kB
AnonHugePages:    337920 kB
ShmemHugePages:        0 kB
ShmemPmdMapped:        0 kB
FileHugePages:     59392 kB
FilePmdMapped:     59392 kB
CmaTotal:              0 kB
CmaFree:               0 kB
Unaccepted:            0 kB
HugePages_Total:       0
HugePages_Free:        0
HugePages_Rsvd:        0
HugePages_Surp:        0
Hugepagesize:       2048 kB
Hugetlb:               0 kB
DirectMap4k:      142792 kB
DirectMap2M:     3911680 kB
DirectMap1G:     2097152 kB

/sys/kernel/mm/transparent_hugepage/enabled: [always] madvise never
/sys/kernel/mm/transparent_hugepage/hpage_pmd_size: 2097152
/sys/kernel/mm/transparent_hugepage/defrag (defrag/compaction efforts parameter): always defer defer+madvise [madvise] never

Process Memory:
Virtual Size: 3844040K (peak: 3844040K)
Resident Set Size: 114612K (peak: 115624K) (anon: 57384K, file: 56260K, shmem: 968K)
Swapped out: 0K
C-Heap outstanding allocations: 25992K, retained: 3471K
glibc malloc tunables: (default)

/proc/sys/kernel/threads-max (system-wide limit on the number of threads): 29506
/proc/sys/vm/max_map_count (maximum number of memory map areas a process may have): 1048576
/proc/sys/vm/swappiness (control to define how aggressively the kernel swaps out anonymous memory): 60
/proc/sys/kernel/pid_max (system-wide limit on number of process identifiers): 4194304

container (cgroup) information:
container_type: cgroupv2
cpu_cpuset_cpus: not supported
cpu_memory_nodes: not supported
active_processor_count: 2
cpu_quota: no quota
cpu_period: 100000
cpu_shares: no shares
memory_limit_in_bytes: unlimited
memory_and_swap_limit_in_bytes: unlimited
memory_soft_limit_in_bytes: unlimited
memory_usage_in_bytes: 3033164 k
memory_max_usage_in_bytes: not supported
memory_swap_current_in_bytes: 1223868 k
memory_swap_max_limit_in_bytes: unlimited
maximum number of tasks: unlimited
current number of tasks: 773

Steal ticks since vm start: 0
Steal ticks percentage since vm start:  0.000

CPU: total 2 (initial active 2) (2 cores per cpu, 1 threads per core) family 6 model 122 stepping 1 microcode 0x42, cx8, cmov, fxsr, mmx, 3dnowpref, sse, sse2, sse3, ssse3, sse4.1, sse4.2, popcnt, tsc, tscinvbit, aes, erms, clmul, sha, clflush, clflushopt, rdtscp, rdpid
CPU Model and flags from /proc/cpuinfo:
model name	: Intel(R) Celeron(R) N4000 CPU @ 1.10GHz
flags		: fpu vme de pse tsc msr pae mce cx8 apic sep mtrr pge mca cmov pat pse36 clflush dts acpi mmx fxsr sse sse2 ss ht tm pbe syscall nx pdpe1gb rdtscp lm constant_tsc art arch_perfmon pebs bts rep_good nopl xtopology nonstop_tsc cpuid aperfmperf tsc_known_freq pni pclmulqdq dtes64 monitor ds_cpl vmx est tm2 ssse3 sdbg cx16 xtpr pdcm sse4_1 sse4_2 x2apic movbe popcnt tsc_deadline_timer aes xsave rdrand lahf_lm 3dnowprefetch cpuid_fault cat_l2 pti cdp_l2 ssbd ibrs ibpb stibp ibrs_enhanced tpr_shadow flexpriority ept vpid ept_ad fsgsbase tsc_adjust smep erms mpx rdt_a rdseed smap clflushopt intel_pt sha_ni xsaveopt xsavec xgetbv1 xsaves dtherm ida arat pln pts vnmi umip rdpid md_clear arch_capabilities

Online cpus: 0-1
Offline cpus: 
BIOS frequency limitation: <Not Available>
Frequency switch latency (ns): 20000
Available cpu frequencies: <Not Available>
Current governor: schedutil
Core performance/turbo boost: <Not Available>

Memory: 4k page, physical 3871508k(474352k free), swap 1935356k(597668k free)
Page Sizes: 4k

vm_info: OpenJDK 64-Bit Server VM (21.0.5+11) for linux-amd64 JRE (21.0.5+11), built on 2024-10-16T10:19:33Z by "builduser" with gcc 14.2.1 20240910

END.
