#
# A fatal error has been detected by the Java Runtime Environment:
#
#  EXCEPTION_ACCESS_VIOLATION (0xc0000005) at pc=0x00007fffaa8fd17a, pid=49476, tid=0x0000000000003fd4
#
# JRE version: Java(TM) SE Runtime Environment (8.0_421) (build 1.8.0_421-b09)
# Java VM: Java HotSpot(TM) 64-Bit Server VM (25.421-b09 mixed mode windows-amd64 compressed oops)
# Problematic frame:
# C  [lwjgl_opengl.dll+0xd17a]
#
# Failed to write core dump. Minidumps are not enabled by default on client versions of Windows
#
# If you would like to submit a bug report, please visit:
#   http://bugreport.java.com/bugreport/crash.jsp
# The crash happened outside the Java Virtual Machine in native code.
# See problematic frame for where to report the bug.
#

---------------  T H R E A D  ---------------

Current thread (0x000001c79925c800):  JavaThread "main" [_thread_in_native, id=16340, stack(0x000000b46d300000,0x000000b46d400000)]

siginfo: ExceptionCode=0xc0000005, reading address 0x0000000000000000

Registers:
RAX=0x0000000000000000, RBX=0x000001c7bcf64e38, RCX=0x0000000000000b71, RDX=0x000000b46d3ff638
RSP=0x000000b46d3ff5b8, RBP=0x000000b46d3ff628, RSI=0x0000000000000000, RDI=0x000001c79ad483fd
R8 =0x0000000000000b71, R9 =0x0000000000000004, R10=0x000001c79ad5a042, R11=0x00007ffef2b4a540
R12=0x0000000000000000, R13=0x000001c7bcf64e30, R14=0x000000b46d3ff648, R15=0x000001c79925c800
RIP=0x00007fffaa8fd17a, EFLAGS=0x0000000000010206

Top of Stack: (sp=0x000000b46d3ff5b8)
0x000000b46d3ff5b8:   000001c79ad5a06e 000001c7bcf64e38
0x000000b46d3ff5c8:   000000b46d3ff628 0000000000000000
0x000000b46d3ff5d8:   000001c79925c800 000001c79ad59d22
0x000000b46d3ff5e8:   000000b46d3ff5e8 000001c7bcf64e30
0x000000b46d3ff5f8:   000000b46d3ff648 000001c7bcf70128
0x000000b46d3ff608:   0000000000000000 000001c7bcf64e38
0x000000b46d3ff618:   0000000000000000 000000b46d3ff648
0x000000b46d3ff628:   000000b46d3ff690 000001c79ad483fd
0x000000b46d3ff638:   00000007181a4cf0 000001c79ad52e38
0x000000b46d3ff648:   0000000000000b71 000000b46d3ff650
0x000000b46d3ff658:   000001c7bcf11c39 000000b46d3ff6a0
0x000000b46d3ff668:   000001c7bcf3c988 0000000000000000
0x000000b46d3ff678:   000001c7bcf11c60 000000b46d3ff648
0x000000b46d3ff688:   000000b46d3ff6a0 000000b46d3ff6e8
0x000000b46d3ff698:   000001c79ad483fd 0000000000000b71
0x000000b46d3ff6a8:   000000b46d3ff6a8 000001c7bcd98a30 

Instructions: (pc=0x00007fffaa8fd17a)
0x00007fffaa8fd15a:   70 0a 00 00 89 c1 49 ff e2 cc cc cc cc cc cc cc
0x00007fffaa8fd16a:   cc cc cc cc cc cc 48 8b 01 48 8b 40 18 44 89 c1
0x00007fffaa8fd17a:   48 ff 20 cc cc cc 48 8b 01 48 8b 40 18 44 89 c1
0x00007fffaa8fd18a:   48 ff 60 08 cc cc 44 89 ca 48 8b 01 48 8b 40 18 


Register to memory mapping:

RAX=0x0000000000000000 is an unknown value
RBX={method} {0x000001c7bcf64e40} 'glEnable' '(I)V' in 'org/lwjgl/opengl/GL11C'
RCX=0x0000000000000b71 is an unknown value
RDX=0x000000b46d3ff638 is pointing into the stack for thread: 0x000001c79925c800
RSP=0x000000b46d3ff5b8 is pointing into the stack for thread: 0x000001c79925c800
RBP=0x000000b46d3ff628 is pointing into the stack for thread: 0x000001c79925c800
RSI=0x0000000000000000 is an unknown value
RDI=0x000001c79ad483fd is at code_begin+2301 in an Interpreter codelet
invoke return entry points  [0x000001c79ad47b00, 0x000001c79ad484e0]  2528 bytes
R8 =0x0000000000000b71 is an unknown value
R9 =0x0000000000000004 is an unknown value
R10=0x000001c79ad5a042 is at code_begin+962 in an Interpreter codelet
method entry point (kind = native)  [0x000001c79ad59c80, 0x000001c79ad5a720]  2720 bytes
R11=0x00007ffef2b4a540 is an unknown value
R12=0x0000000000000000 is an unknown value
R13=0x000001c7bcf64e30 is pointing into metadata
R14=0x000000b46d3ff648 is pointing into the stack for thread: 0x000001c79925c800
R15=0x000001c79925c800 is a thread


Stack: [0x000000b46d300000,0x000000b46d400000],  sp=0x000000b46d3ff5b8,  free space=1021k
Native frames: (J=compiled Java code, j=interpreted, Vv=VM code, C=native code)
C  [lwjgl_opengl.dll+0xd17a]

Java frames: (J=compiled Java code, j=interpreted, Vv=VM code)
j  org.lwjgl.opengl.GL11C.glEnable(I)V+0
j  org.lwjgl.opengl.GL11.glEnable(I)V+1
j  game.Display.Window.Init()V+72
j  game.Display.Display.Initialize()V+23
j  game.Display.Display.Run()V+1
j  game.Main.main([Ljava/lang/String;)V+3
v  ~StubRoutines::call_stub

---------------  P R O C E S S  ---------------

Java Threads: ( => current thread )
  0x000001c7c0247800 JavaThread "Service Thread" daemon [_thread_blocked, id=35400, stack(0x000000b46f200000,0x000000b46f300000)]
  0x000001c7c016d000 JavaThread "C1 CompilerThread11" daemon [_thread_blocked, id=16328, stack(0x000000b46f100000,0x000000b46f200000)]
  0x000001c7c016a000 JavaThread "C1 CompilerThread10" daemon [_thread_blocked, id=63668, stack(0x000000b46f000000,0x000000b46f100000)]
  0x000001c7c0169000 JavaThread "C1 CompilerThread9" daemon [_thread_blocked, id=31456, stack(0x000000b46ef00000,0x000000b46f000000)]
  0x000001c7c0168800 JavaThread "C1 CompilerThread8" daemon [_thread_blocked, id=35716, stack(0x000000b46ee00000,0x000000b46ef00000)]
  0x000001c7c0167000 JavaThread "C2 CompilerThread7" daemon [_thread_blocked, id=49932, stack(0x000000b46ed00000,0x000000b46ee00000)]
  0x000001c7c0167800 JavaThread "C2 CompilerThread6" daemon [_thread_blocked, id=41664, stack(0x000000b46ec00000,0x000000b46ed00000)]
  0x000001c7c016c000 JavaThread "C2 CompilerThread5" daemon [_thread_blocked, id=15936, stack(0x000000b46eb00000,0x000000b46ec00000)]
  0x000001c7c016d800 JavaThread "C2 CompilerThread4" daemon [_thread_blocked, id=21600, stack(0x000000b46ea00000,0x000000b46eb00000)]
  0x000001c7c0157000 JavaThread "C2 CompilerThread3" daemon [_thread_blocked, id=62816, stack(0x000000b46e900000,0x000000b46ea00000)]
  0x000001c7c0154800 JavaThread "C2 CompilerThread2" daemon [_thread_blocked, id=66992, stack(0x000000b46e800000,0x000000b46e900000)]
  0x000001c7c0153800 JavaThread "C2 CompilerThread1" daemon [_thread_blocked, id=63860, stack(0x000000b46e700000,0x000000b46e800000)]
  0x000001c7c0150000 JavaThread "C2 CompilerThread0" daemon [_thread_blocked, id=66252, stack(0x000000b46e600000,0x000000b46e700000)]
  0x000001c7c014f000 JavaThread "Attach Listener" daemon [_thread_blocked, id=48388, stack(0x000000b46e500000,0x000000b46e600000)]
  0x000001c7c014a800 JavaThread "Signal Dispatcher" daemon [_thread_blocked, id=60488, stack(0x000000b46e400000,0x000000b46e500000)]
  0x000001c7bd45e000 JavaThread "Finalizer" daemon [_thread_blocked, id=47984, stack(0x000000b46e300000,0x000000b46e400000)]
  0x000001c7bd456000 JavaThread "Reference Handler" daemon [_thread_blocked, id=26596, stack(0x000000b46e200000,0x000000b46e300000)]
=>0x000001c79925c800 JavaThread "main" [_thread_in_native, id=16340, stack(0x000000b46d300000,0x000000b46d400000)]

Other Threads:
  0x000001c7bd44c000 VMThread [stack: 0x000000b46e100000,0x000000b46e200000] [id=25444]
  0x000001c7c024a800 WatcherThread [stack: 0x000000b46f300000,0x000000b46f400000] [id=47756]

VM state:not at safepoint (normal execution)

VM Mutex/Monitor currently owned by a thread: None

heap address: 0x00000005c5000000, size: 8112 MB, Compressed Oops mode: Zero based, Oop shift amount: 3
Narrow klass base: 0x0000000000000000, Narrow klass shift: 3
Compressed class space size: 1073741824 Address: 0x00000007c0000000

Heap:
 PSYoungGen      total 151552K, used 18214K [0x0000000717000000, 0x0000000721900000, 0x00000007c0000000)
  eden space 130048K, 14% used [0x0000000717000000,0x00000007181c9b60,0x000000071ef00000)
  from space 21504K, 0% used [0x0000000720400000,0x0000000720400000,0x0000000721900000)
  to   space 21504K, 0% used [0x000000071ef00000,0x000000071ef00000,0x0000000720400000)
 ParOldGen       total 347136K, used 0K [0x00000005c5000000, 0x00000005da300000, 0x0000000717000000)
  object space 347136K, 0% used [0x00000005c5000000,0x00000005c5000000,0x00000005da300000)
 Metaspace       used 6763K, capacity 6908K, committed 7168K, reserved 1056768K
  class space    used 683K, capacity 756K, committed 768K, reserved 1048576K

Card table byte_map: [0x000001c7aa100000,0x000001c7ab0e0000] byte_map_base: 0x000001c7a72d8000

Marking Bits: (ParMarkBitMap*) 0x00007ffef313f200
 Begin Bits: [0x000001c7abb70000, 0x000001c7b3a30000)
 End Bits:   [0x000001c7b3a30000, 0x000001c7bb8f0000)

Polling page: 0x000001c799540000

CodeCache: size=245760Kb used=4421Kb max_used=4431Kb free=241338Kb
 bounds [0x000001c79ad40000, 0x000001c79b1a0000, 0x000001c7a9d40000]
 total_blobs=1531 nmethods=603 adapters=838
 compilation: enabled

Compilation events (10 events):
Event: 1.433 Thread 0x000001c7c016d000 nmethod 598 0x000001c79b18fd50 code [0x000001c79b18fec0, 0x000001c79b190178]
Event: 1.433 Thread 0x000001c7c016d800  599       4       java.lang.String::indexOf (25 bytes)
Event: 1.433 Thread 0x000001c7c016d800 nmethod 599 0x000001c79b192f50 code [0x000001c79b1930a0, 0x000001c79b193168]
Event: 1.434 Thread 0x000001c7c0150000 nmethod 581 0x000001c79b190d50 code [0x000001c79b190ea0, 0x000001c79b191828]
Event: 1.435 Thread 0x000001c7c016d000  600       1       java.security.CodeSource::getLocation (5 bytes)
Event: 1.435 Thread 0x000001c7c016d000 nmethod 600 0x000001c79b190a90 code [0x000001c79b190be0, 0x000001c79b190cf8]
Event: 1.435 Thread 0x000001c7c016a000  602       3       org.lwjgl.system.MemoryUtil::memPutAddress (29 bytes)
Event: 1.436 Thread 0x000001c7c016d000  603       1       java.lang.Integer::toUnsignedLong (7 bytes)
Event: 1.436 Thread 0x000001c7c016d000 nmethod 603 0x000001c79b190410 code [0x000001c79b190560, 0x000001c79b190658]
Event: 1.436 Thread 0x000001c7c016a000 nmethod 602 0x000001c79b192c10 code [0x000001c79b192d60, 0x000001c79b192ed8]

GC Heap History (0 events):
No events

Deoptimization events (2 events):
Event: 0.172 Thread 0x000001c79925c800 Uncommon trap: reason=loop_limit_check action=maybe_recompile pc=0x000001c79b0788d8 method=java.lang.String.equals(Ljava/lang/Object;)Z @ 56
Event: 0.300 Thread 0x000001c79925c800 Uncommon trap: reason=unstable_if action=reinterpret pc=0x000001c79b0c4b64 method=java.lang.String.indexOf([CII[CIII)I @ 3

Classes redefined (0 events):
No events

Internal exceptions (10 events):
Event: 0.288 Thread 0x000001c79925c800 Exception <a 'java/security/PrivilegedActionException'> (0x0000000717f05558) thrown at [C:\jenkins\workspace\8-2-build-windows-x64-cygwin-sans-NAS\jdk8u421\1068\hotspot\src\share\vm\prims\jvm.cpp, line 1513]
Event: 0.288 Thread 0x000001c79925c800 Exception <a 'java/security/PrivilegedActionException'> (0x0000000717f05768) thrown at [C:\jenkins\workspace\8-2-build-windows-x64-cygwin-sans-NAS\jdk8u421\1068\hotspot\src\share\vm\prims\jvm.cpp, line 1513]
Event: 0.289 Thread 0x000001c79925c800 Exception <a 'java/security/PrivilegedActionException'> (0x0000000717f10bd0) thrown at [C:\jenkins\workspace\8-2-build-windows-x64-cygwin-sans-NAS\jdk8u421\1068\hotspot\src\share\vm\prims\jvm.cpp, line 1513]
Event: 0.289 Thread 0x000001c79925c800 Exception <a 'java/security/PrivilegedActionException'> (0x0000000717f10de0) thrown at [C:\jenkins\workspace\8-2-build-windows-x64-cygwin-sans-NAS\jdk8u421\1068\hotspot\src\share\vm\prims\jvm.cpp, line 1513]
Event: 0.328 Thread 0x000001c79925c800 Exception <a 'sun/nio/fs/WindowsException'> (0x0000000717f74028) thrown at [C:\jenkins\workspace\8-2-build-windows-x64-cygwin-sans-NAS\jdk8u421\1068\hotspot\src\share\vm\prims\jni.cpp, line 710]
Event: 0.328 Thread 0x000001c79925c800 Exception <a 'sun/nio/fs/WindowsException'> (0x0000000717f74710) thrown at [C:\jenkins\workspace\8-2-build-windows-x64-cygwin-sans-NAS\jdk8u421\1068\hotspot\src\share\vm\prims\jni.cpp, line 710]
Event: 1.417 Thread 0x000001c79925c800 Exception <a 'sun/nio/fs/WindowsException'> (0x000000071813b7c0) thrown at [C:\jenkins\workspace\8-2-build-windows-x64-cygwin-sans-NAS\jdk8u421\1068\hotspot\src\share\vm\prims\jni.cpp, line 710]
Event: 1.417 Thread 0x000001c79925c800 Exception <a 'sun/nio/fs/WindowsException'> (0x000000071813bf08) thrown at [C:\jenkins\workspace\8-2-build-windows-x64-cygwin-sans-NAS\jdk8u421\1068\hotspot\src\share\vm\prims\jni.cpp, line 710]
Event: 1.428 Thread 0x000001c79925c800 Exception <a 'sun/nio/fs/WindowsException'> (0x000000071814e290) thrown at [C:\jenkins\workspace\8-2-build-windows-x64-cygwin-sans-NAS\jdk8u421\1068\hotspot\src\share\vm\prims\jni.cpp, line 710]
Event: 1.428 Thread 0x000001c79925c800 Exception <a 'sun/nio/fs/WindowsException'> (0x000000071814e890) thrown at [C:\jenkins\workspace\8-2-build-windows-x64-cygwin-sans-NAS\jdk8u421\1068\hotspot\src\share\vm\prims\jni.cpp, line 710]

Events (10 events):
Event: 1.432 loading class org/lwjgl/system/MemoryManage$DebugAllocator
Event: 1.432 loading class org/lwjgl/system/MemoryManage$DebugAllocator done
Event: 1.433 loading class org/lwjgl/system/libc/LibCStdlib
Event: 1.433 loading class org/lwjgl/system/libc/LibCStdlib done
Event: 1.434 loading class org/lwjgl/opengl/GL$1
Event: 1.434 loading class org/lwjgl/opengl/GL$1 done
Event: 1.435 loading class org/lwjgl/system/SharedLibrary$Delegate
Event: 1.435 loading class org/lwjgl/system/SharedLibrary$Delegate done
Event: 1.436 loading class org/lwjgl/opengl/GL11C
Event: 1.436 loading class org/lwjgl/opengl/GL11C done


Dynamic libraries:
0x00007ff6b6e20000 - 0x00007ff6b6e6f000 	C:\Program Files\Java\jre1.8.0_421\bin\java.exe
0x00007fffe1a50000 - 0x00007fffe1c67000 	C:\WINDOWS\SYSTEM32\ntdll.dll
0x00007fffdfbb0000 - 0x00007fffdfc74000 	C:\WINDOWS\System32\KERNEL32.DLL
0x00007fffdf0c0000 - 0x00007fffdf477000 	C:\WINDOWS\System32\KERNELBASE.dll
0x00007fffdfc80000 - 0x00007fffdfd32000 	C:\WINDOWS\System32\ADVAPI32.dll
0x00007fffdfd40000 - 0x00007fffdfde7000 	C:\WINDOWS\System32\msvcrt.dll
0x00007fffe0d90000 - 0x00007fffe0e38000 	C:\WINDOWS\System32\sechost.dll
0x00007fffdf5f0000 - 0x00007fffdf618000 	C:\WINDOWS\System32\bcrypt.dll
0x00007fffe0c70000 - 0x00007fffe0d84000 	C:\WINDOWS\System32\RPCRT4.dll
0x00007fffe0910000 - 0x00007fffe0abf000 	C:\WINDOWS\System32\USER32.dll
0x00007fffdef00000 - 0x00007fffdef26000 	C:\WINDOWS\System32\win32u.dll
0x00007fffe0860000 - 0x00007fffe0889000 	C:\WINDOWS\System32\GDI32.dll
0x00007fffdede0000 - 0x00007fffdeef8000 	C:\WINDOWS\System32\gdi32full.dll
0x00007fffdf620000 - 0x00007fffdf6ba000 	C:\WINDOWS\System32\msvcp_win.dll
0x00007fffdef30000 - 0x00007fffdf041000 	C:\WINDOWS\System32\ucrtbase.dll
0x00007fffc4b60000 - 0x00007fffc4df3000 	C:\WINDOWS\WinSxS\amd64_microsoft.windows.common-controls_6595b64144ccf1df_6.0.22621.3672_none_2713b9d173822955\COMCTL32.dll
0x00007fffe0770000 - 0x00007fffe07a1000 	C:\WINDOWS\System32\IMM32.DLL
0x00007fffb0650000 - 0x00007fffb066b000 	C:\Program Files\Java\jre1.8.0_421\bin\vcruntime140.dll
0x00007fffcac80000 - 0x00007fffcac8c000 	C:\Program Files\Java\jre1.8.0_421\bin\vcruntime140_1.dll
0x00007fff9d5a0000 - 0x00007fff9d62e000 	C:\Program Files\Java\jre1.8.0_421\bin\msvcp140.dll
0x00007ffef2910000 - 0x00007ffef31b9000 	C:\Program Files\Java\jre1.8.0_421\bin\server\jvm.dll
0x00007fffdf7f0000 - 0x00007fffdf7f8000 	C:\WINDOWS\System32\PSAPI.DLL
0x00007fffca3c0000 - 0x00007fffca3c9000 	C:\WINDOWS\SYSTEM32\WSOCK32.dll
0x00007fffd5e00000 - 0x00007fffd5e34000 	C:\WINDOWS\SYSTEM32\WINMM.dll
0x00007fffe0890000 - 0x00007fffe0901000 	C:\WINDOWS\System32\WS2_32.dll
0x00007fffda6b0000 - 0x00007fffda6ba000 	C:\WINDOWS\SYSTEM32\VERSION.dll
0x00007fffdde60000 - 0x00007fffdde78000 	C:\WINDOWS\SYSTEM32\kernel.appcore.dll
0x00007fffca380000 - 0x00007fffca390000 	C:\Program Files\Java\jre1.8.0_421\bin\verify.dll
0x00007fffaef50000 - 0x00007fffaef7b000 	C:\Program Files\Java\jre1.8.0_421\bin\java.dll
0x00007fffadd70000 - 0x00007fffadd88000 	C:\Program Files\Java\jre1.8.0_421\bin\zip.dll
0x00007fffdfea0000 - 0x00007fffe0709000 	C:\WINDOWS\System32\SHELL32.dll
0x00007fffdcc90000 - 0x00007fffdd58f000 	C:\WINDOWS\SYSTEM32\windows.storage.dll
0x00007fffe0f40000 - 0x00007fffe12ce000 	C:\WINDOWS\System32\combase.dll
0x00007fffdcb50000 - 0x00007fffdcc8f000 	C:\WINDOWS\SYSTEM32\wintypes.dll
0x00007fffe0e40000 - 0x00007fffe0f39000 	C:\WINDOWS\System32\SHCORE.dll
0x00007fffe0710000 - 0x00007fffe076e000 	C:\WINDOWS\System32\shlwapi.dll
0x00007fffdec90000 - 0x00007fffdecb7000 	C:\WINDOWS\SYSTEM32\profapi.dll
0x00007fffa9520000 - 0x00007fffa953c000 	C:\Program Files\Java\jre1.8.0_421\bin\net.dll
0x00007fffde2c0000 - 0x00007fffde329000 	C:\WINDOWS\system32\mswsock.dll
0x00007fffa6ce0000 - 0x00007fffa6cf3000 	C:\Program Files\Java\jre1.8.0_421\bin\nio.dll
0x00007fff9fe00000 - 0x00007fff9fe7b000 	C:\Users\james\AppData\Local\Temp\lwjgl_Xtrau505\3.3.4+7\x64\lwjgl.dll
0x00007fff9ed80000 - 0x00007fff9ee05000 	C:\Users\james\AppData\Local\Temp\lwjgl_Xtrau505\3.3.4+7\x64\glfw.dll
0x00007fff5f1b0000 - 0x00007fff5f1f6000 	C:\WINDOWS\SYSTEM32\dinput8.dll
0x00007fffaf6c0000 - 0x00007fffaf6d1000 	C:\WINDOWS\SYSTEM32\xinput1_4.dll
0x00007fffdea80000 - 0x00007fffdeace000 	C:\WINDOWS\SYSTEM32\cfgmgr32.dll
0x00007fffdea20000 - 0x00007fffdea4c000 	C:\WINDOWS\SYSTEM32\DEVOBJ.dll
0x00007fffdc420000 - 0x00007fffdc44b000 	C:\WINDOWS\SYSTEM32\dwmapi.dll
0x00007fffbd990000 - 0x00007fffbdba3000 	C:\WINDOWS\SYSTEM32\inputhost.dll
0x00007fffd3e70000 - 0x00007fffd3fa3000 	C:\WINDOWS\SYSTEM32\CoreMessaging.dll
0x00007fffd7260000 - 0x00007fffd7311000 	C:\WINDOWS\system32\uxtheme.dll
0x00007fff96f70000 - 0x00007fff970a1000 	C:\ProgramData\A-Volute\DellInc.AlienwareSoundCenter\Modules\ScheduledModules\x64\AudioDevProps2.dll
0x00007fffe0ac0000 - 0x00007fffe0c65000 	C:\WINDOWS\System32\ole32.dll
0x00007fffded60000 - 0x00007fffdeddb000 	C:\WINDOWS\System32\bcryptPrimitives.dll
0x00007fff98050000 - 0x00007fff980fe000 	C:\ProgramData\A-Volute\DellInc.AlienwareSoundCenter\Modules\ScheduledModules\x64\NahimicOSD.dll
0x00007fff9a4b0000 - 0x00007fff9a4d1000 	C:\ProgramData\A-Volute\DellInc.AlienwareSoundCenter\Modules\ScheduledModules\x64\ProductInfo.dll
0x00007fffde510000 - 0x00007fffde51c000 	C:\WINDOWS\SYSTEM32\CRYPTBASE.DLL
0x00007fffe1320000 - 0x00007fffe1480000 	C:\WINDOWS\System32\MSCTF.dll
0x00007fff7aad0000 - 0x00007fff7abd0000 	C:\WINDOWS\SYSTEM32\opengl32.dll
0x00007fff78540000 - 0x00007fff7856d000 	C:\WINDOWS\SYSTEM32\GLU32.dll
0x00007fffdc490000 - 0x00007fffdc4c7000 	C:\WINDOWS\SYSTEM32\dxcore.dll
0x00007fffdfdf0000 - 0x00007fffdfea0000 	C:\WINDOWS\System32\clbcatq.dll
0x00007fff4a3f0000 - 0x00007fff4d094000 	C:\WINDOWS\System32\DriverStore\FileRepository\nvdd.inf_amd64_1aa3f5385e49ad2b\nvoglv64.dll
0x00007fffe1590000 - 0x00007fffe1a04000 	C:\WINDOWS\System32\SETUPAPI.dll
0x00007fffdfa70000 - 0x00007fffdfb47000 	C:\WINDOWS\System32\OLEAUT32.dll
0x00007fffddc20000 - 0x00007fffddc34000 	C:\WINDOWS\SYSTEM32\WTSAPI32.dll
0x00007fffdea00000 - 0x00007fffdea12000 	C:\WINDOWS\SYSTEM32\msasn1.dll
0x00007fffd96f0000 - 0x00007fffd9722000 	C:\WINDOWS\SYSTEM32\cryptnet.dll
0x00007fffdf480000 - 0x00007fffdf5e6000 	C:\WINDOWS\System32\CRYPT32.dll
0x00007fffd9580000 - 0x00007fffd96e2000 	C:\WINDOWS\SYSTEM32\drvstore.dll
0x00007fffde610000 - 0x00007fffde659000 	C:\WINDOWS\SYSTEM32\wldp.dll
0x000001c7c1bb0000 - 0x000001c7c1c1c000 	C:\WINDOWS\System32\WINTRUST.dll
0x00007fffddf70000 - 0x00007fffddfa4000 	C:\WINDOWS\SYSTEM32\ntmarta.dll
0x00007fffe07b0000 - 0x00007fffe07cf000 	C:\WINDOWS\System32\imagehlp.dll
0x00007fffde4d0000 - 0x00007fffde4eb000 	C:\WINDOWS\SYSTEM32\CRYPTSP.dll
0x00007fffdddc0000 - 0x00007fffdddf5000 	C:\WINDOWS\system32\rsaenh.dll
0x00007fffcd910000 - 0x00007fffcfb2e000 	C:\WINDOWS\System32\DriverStore\FileRepository\nvdd.inf_amd64_1aa3f5385e49ad2b\nvgpucomp64.dll
0x00007fff7dad0000 - 0x00007fff7dd93000 	C:\WINDOWS\system32\nvspcap64.dll
0x00007fffddbd0000 - 0x00007fffddc1d000 	C:\WINDOWS\SYSTEM32\powrprof.dll
0x00007fffddbb0000 - 0x00007fffddbc3000 	C:\WINDOWS\SYSTEM32\UMPDC.dll
0x00007fffdd830000 - 0x00007fffdd896000 	C:\WINDOWS\SYSTEM32\WINSTA.dll
0x00007fffa9570000 - 0x00007fffa9718000 	C:\WINDOWS\SYSTEM32\d3d9.dll
0x00007fffd2310000 - 0x00007fffd2359000 	C:\WINDOWS\SYSTEM32\directxdatabasehelper.dll
0x00007fffd0e10000 - 0x00007fffd0f53000 	C:\WINDOWS\SYSTEM32\textinputframework.dll
0x00007fffd1cf0000 - 0x00007fffd205d000 	C:\WINDOWS\SYSTEM32\CoreUIComponents.dll
0x00007fffaa8f0000 - 0x00007fffaa951000 	C:\Users\james\AppData\Local\Temp\lwjgl_Xtrau505\3.3.4+7\x64\lwjgl_opengl.dll
0x00007fffdbee0000 - 0x00007fffdc112000 	C:\WINDOWS\SYSTEM32\dbghelp.dll

VM Arguments:
jvm_args: -Djava.library.path=lib/ 
java_command: game.Main
java_class_path (initial): C:\Users\james\AppData\Local\Temp\cp_c3nippra0fuqy08quvpi05pml.jar
Launcher Type: SUN_STANDARD

Environment Variables:
USERNAME=Xtrau505
OS=Windows_NT
PROCESSOR_IDENTIFIER=Intel64 Family 6 Model 167 Stepping 1, GenuineIntel



---------------  S Y S T E M  ---------------

OS: Windows 11 , 64 bit Build 22621 (10.0.22621.3958)

CPU:total 16 (initial active 16) (8 cores per cpu, 2 threads per core) family 6 model 167 stepping 1, cmov, cx8, fxsr, mmx, sse, sse2, sse3, ssse3, sse4.1, sse4.2, popcnt, avx, avx2, aes, clmul, erms, 3dnowpref, lzcnt, ht, tsc, tscinvbit, bmi1, bmi2, adx

Memory: 4k page, physical 33222380k(5109816k free), swap 55443968k(6248500k free)

vm_info: Java HotSpot(TM) 64-Bit Server VM (25.421-b09) for windows-amd64 JRE (1.8.0_421-b09), built on Jun  5 2024 13:01:06 by "java_re" with MS VC++ 17.6 (VS2022)

time: Mon Nov 18 18:46:15 2024
timezone: Central Standard Time
elapsed time: 1.466264 seconds (0d 0h 0m 1s)

