#
# A fatal error has been detected by the Java Runtime Environment:
#
#  SIGSEGV (0xb) at pc=0x00007777feffc70d, pid=510450, tid=510451
#
# JRE version: OpenJDK Runtime Environment (21.0.5+11) (build 21.0.5+11)
# Java VM: OpenJDK 64-Bit Server VM (21.0.5+11, mixed mode, sharing, tiered, compressed oops, compressed class ptrs, g1 gc, linux-amd64)
# Problematic frame:
# C  [libc.so.6+0xb070d]
#
# Core dump will be written. Default location: Core dumps may be processed with "/usr/lib/systemd/systemd-coredump %P %u %g %s %t %c %h" (or dumping to /home/zeph/mnt/JAVA/ZephyroGame/core.510450)
#
# If you would like to submit a bug report, please visit:
#   https://bugreport.java.com/bugreport/crash.jsp
# The crash happened outside the Java Virtual Machine in native code.
# See problematic frame for where to report the bug.
#

---------------  S U M M A R Y ------------

Command Line: -Djava.library.path=lib/ -XX:+ShowCodeDetailsInExceptionMessages game.Main

Host: Intel(R) Celeron(R) N4000 CPU @ 1.10GHz, 2 cores, 3G, Arch Linux
Time: Wed Nov 20 21:40:25 2024 UTC elapsed time: 1.427821 seconds (0d 0h 0m 1s)

---------------  T H R E A D  ---------------

Current thread (0x00007777f8019710):  JavaThread "main"             [_thread_in_native, id=510451, stack(0x00007777fd700000,0x00007777fd800000) (1024K)]

Stack: [0x00007777fd700000,0x00007777fd800000],  sp=0x00007777fd7fe3d8,  free space=1016k
Native frames: (J=compiled Java code, j=interpreted, Vv=VM code, C=native code)
C  [libc.so.6+0xb070d]
C  [libgallium-24.2.7-arch1.1.so+0x262a3c]
C  [libgallium-24.2.7-arch1.1.so+0x2638c3]
C  [libgallium-24.2.7-arch1.1.so+0x268b28]
j  org.lwjgl.opengl.GL15C.nglBufferData(IJJI)V+0
j  org.lwjgl.opengl.GL15C.glBufferData(ILjava/nio/FloatBuffer;I)V+15
j  org.lwjgl.opengl.GL15.glBufferData(ILjava/nio/FloatBuffer;I)V+3
j  game.Display.Shader.addTexCoords(I[F)V+27
j  game.Display.Display.init()V+153
j  game.Display.Display.run()V+1
j  game.Main.main([Ljava/lang/String;)V+3
v  ~StubRoutines::call_stub 0x00007777e7b38cc4
V  [libjvm.so+0x6d0894]
V  [libjvm.so+0xd8dc42]
V  [libjvm.so+0x7437b1]
C  [libjli.so+0x5507]
C  [libjli.so+0x574d]
C  [libc.so.6+0x9439d]
Java frames: (J=compiled Java code, j=interpreted, Vv=VM code)
j  org.lwjgl.opengl.GL15C.nglBufferData(IJJI)V+0
j  org.lwjgl.opengl.GL15C.glBufferData(ILjava/nio/FloatBuffer;I)V+15
j  org.lwjgl.opengl.GL15.glBufferData(ILjava/nio/FloatBuffer;I)V+3
j  game.Display.Shader.addTexCoords(I[F)V+27
j  game.Display.Display.init()V+153
j  game.Display.Display.run()V+1
j  game.Main.main([Ljava/lang/String;)V+3
v  ~StubRoutines::call_stub 0x00007777e7b38cc4

siginfo: si_signo: 11 (SIGSEGV), si_code: 1 (SEGV_MAPERR), si_addr: 0x0000000000000010

Registers:
RAX=0x00007777fc4ec0c0, RBX=0x0000000000000020, RCX=0x0000000000000000, RDX=0x0000000000000020
RSP=0x00007777fd7fe3d8, RBP=0x00007777fd7fe460, RSI=0x0000000000000010, RDI=0x00007777fc4ec0c0
R8 =0x0000000000000027, R9 =0x0000000107423000, R10=0x0000000000000001, R11=0x0000000000000246
R12=0x00007777f90211c0, R13=0x00007777f84c94a0, R14=0x0000000000000010, R15=0x0000000000000000
RIP=0x00007777feffc70d, EFLAGS=0x0000000000010202, CSGSFS=0x002b000000000033, ERR=0x0000000000000004
  TRAPNO=0x000000000000000e


Register to memory mapping:

RAX=0x00007777fc4ec0c0 points into unknown readable memory: 0x0000000000000000 | 00 00 00 00 00 00 00 00
RBX=0x0000000000000020 is an unknown value
RCX=0x0 is null
RDX=0x0000000000000020 is an unknown value
RSP=0x00007777fd7fe3d8 is pointing into the stack for thread: 0x00007777f8019710
RBP=0x00007777fd7fe460 is pointing into the stack for thread: 0x00007777f8019710
RSI=0x0000000000000010 is an unknown value
RDI=0x00007777fc4ec0c0 points into unknown readable memory: 0x0000000000000000 | 00 00 00 00 00 00 00 00
R8 =0x0000000000000027 is an unknown value
R9 =0x0000000107423000 is an unknown value
R10=0x0000000000000001 is an unknown value
R11=0x0000000000000246 is an unknown value
R12=0x00007777f90211c0 points into unknown readable memory: 0x0000000000000002 | 02 00 00 00 00 00 00 00
R13=0x00007777f84c94a0 points into unknown readable memory: 0x00007777f842d4d0 | d0 d4 42 f8 77 77 00 00
R14=0x0000000000000010 is an unknown value
R15=0x0 is null

Top of Stack: (sp=0x00007777fd7fe3d8)
0x00007777fd7fe3d8:   00007777d5ecea30 00007777fd7fe410
0x00007777fd7fe3e8:   00007777fd7fe490 00007777f90211c0
0x00007777fd7fe3f8:   00007777f842d4d0 0000000000000005
0x00007777fd7fe408:   00007777f9032dc8 0000002000000000
0x00007777fd7fe418:   0000000100000000 0000777700010000
0x00007777fd7fe428:   3781bfdc5839d800 00007777fd7fe498
0x00007777fd7fe438:   00007777dc49b010 0000000000008892
0x00007777fd7fe448:   0000000000000020 00007777f84c94a0
0x00007777fd7fe458:   00007777f90210e0 00007777fd7fe540
0x00007777fd7fe468:   00007777d5a62a3c 0000000000000000
0x00007777fd7fe478:   00000103000088e4 00007777f842d4d0
0x00007777fd7fe488:   0000000000000010 0000000000000000
0x00007777fd7fe498:   0000000000000000 0000000000000000
0x00007777fd7fe4a8:   0000000000000000 0000000000000000
0x00007777fd7fe4b8:   0000000000000000 0000000000000000
0x00007777fd7fe4c8:   0000000000000000 0001000100000020
0x00007777fd7fe4d8:   0000000000310001 0000001000000000
0x00007777fd7fe4e8:   0000000000000000 0000000000000000
0x00007777fd7fe4f8:   0000000000000000 0000000000000000
0x00007777fd7fe508:   3781bfdc5839d800 00007777fd7fe620
0x00007777fd7fe518:   00007777dc49b010 00007777f90210e0
0x00007777fd7fe528:   00000000000088e4 0000000000008892
0x00007777fd7fe538:   00007777d6eed9d1 00007777fd7fe5a0
0x00007777fd7fe548:   00007777d5a638c3 00007777f90210e0
0x00007777fd7fe558:   00007777d5a6388b 0000000000000010
0x00007777fd7fe568:   0000000000000020 00007777fd7fe5f0
0x00007777fd7fe578:   00007777d6eed9d1 0000000000000010
0x00007777fd7fe588:   00000000000088e4 0000000000008892
0x00007777fd7fe598:   00007777dc49b010 00007777fd7fe600
0x00007777fd7fe5a8:   00007777d5a68b28 00007777d6eed9d1
0x00007777fd7fe5b8:   00007777d5a68b06 0000000000000000
0x00007777fd7fe5c8:   0000000000000020 0000000000000000 

Instructions: (pc=0x00007777feffc70d)
0x00007777feffc60d:   f3 a4 fc c3 66 2e 0f 1f 84 00 00 00 00 00 66 2e
0x00007777feffc61d:   0f 1f 84 00 00 00 00 00 66 2e 0f 1f 84 00 00 00
0x00007777feffc62d:   00 00 66 2e 0f 1f 84 00 00 00 00 00 0f 1f 80 00
0x00007777feffc63d:   00 00 00 f3 0f 1e fa 48 39 d1 0f 82 c3 4a 07 00
0x00007777feffc64d:   0f 1f 00 f3 0f 1e fa 48 89 f8 48 01 d0 eb 1b 0f
0x00007777feffc65d:   1f 40 00 f3 0f 1e fa 48 39 d1 0f 82 a3 4a 07 00
0x00007777feffc66d:   0f 1f 00 f3 0f 1e fa 48 89 f8 48 83 fa 10 0f 82
0x00007777feffc67d:   af 00 00 00 0f 10 06 48 83 fa 20 0f 87 0f 01 00
0x00007777feffc68d:   00 0f 10 4c 16 f0 0f 11 07 0f 11 4c 17 f0 c3 0f
0x00007777feffc69d:   1f 40 00 f3 0f 1e fa 48 39 d1 0f 82 63 4a 07 00
0x00007777feffc6ad:   0f 1f 00 f3 0f 1e fa 48 89 f8 48 01 d0 eb 4b 0f
0x00007777feffc6bd:   1f 40 00 f3 0f 1e fa 48 39 d1 0f 82 43 4a 07 00
0x00007777feffc6cd:   66 66 2e 0f 1f 84 00 00 00 00 00 66 66 2e 0f 1f
0x00007777feffc6dd:   84 00 00 00 00 00 66 66 2e 0f 1f 84 00 00 00 00
0x00007777feffc6ed:   00 66 66 2e 0f 1f 84 00 00 00 00 00 0f 1f 80 00
0x00007777feffc6fd:   00 00 00 f3 0f 1e fa 48 89 f8 48 83 fa 10 72 23
0x00007777feffc70d:   0f 10 06 48 83 fa 20 77 7a 0f 10 4c 16 f0 0f 11
0x00007777feffc71d:   07 0f 11 4c 17 f0 c3 66 66 2e 0f 1f 84 00 00 00
0x00007777feffc72d:   00 00 90 83 fa 08 73 2b 83 fa 04 73 16 83 fa 01
0x00007777feffc73d:   7c 10 8a 0e 74 0a 0f b7 74 16 fe 66 89 74 17 fe
0x00007777feffc74d:   88 0f c3 8b 4c 16 fc 8b 36 89 4c 17 fc 89 37 c3
0x00007777feffc75d:   0f 1f 00 48 8b 4c 16 f8 48 8b 36 48 89 37 48 89
0x00007777feffc76d:   4c 17 f8 c3 0f 10 54 16 f0 0f 10 5c 16 e0 0f 11
0x00007777feffc77d:   07 0f 11 4f 10 0f 11 54 17 f0 0f 11 5c 17 e0 c3
0x00007777feffc78d:   0f 1f 00 48 3b 15 81 6a 13 00 0f 87 64 01 00 00
0x00007777feffc79d:   48 81 fa 80 00 00 00 77 4a 0f 10 4e 10 48 83 fa
0x00007777feffc7ad:   40 76 c1 0f 10 56 20 0f 10 5e 30 0f 10 64 16 f0
0x00007777feffc7bd:   0f 10 6c 16 e0 0f 10 74 16 d0 0f 10 7c 16 c0 0f
0x00007777feffc7cd:   11 07 0f 11 4f 10 0f 11 57 20 0f 11 5f 30 0f 11
0x00007777feffc7dd:   64 17 f0 0f 11 6c 17 e0 0f 11 74 17 d0 0f 11 7c
0x00007777feffc7ed:   17 c0 c3 48 89 f9 48 29 f1 48 39 d1 0f 82 91 00
0x00007777feffc7fd:   00 00 48 3b 15 32 da 13 00 0f 87 14 01 00 00 4c 


Stack slot to memory mapping:

stack at sp + 0 slots: 0x00007777d5ecea30: <offset 0x00000000006cea30> in /usr/lib/libgallium-24.2.7-arch1.1.so at 0x00007777d5800000
stack at sp + 1 slots: 0x00007777fd7fe410 is pointing into the stack for thread: 0x00007777f8019710
stack at sp + 2 slots: 0x00007777fd7fe490 is pointing into the stack for thread: 0x00007777f8019710
stack at sp + 3 slots: 0x00007777f90211c0 points into unknown readable memory: 0x0000000000000002 | 02 00 00 00 00 00 00 00
stack at sp + 4 slots: 0x00007777f842d4d0 points into unknown readable memory: 0x0000000000000000 | 00 00 00 00 00 00 00 00
stack at sp + 5 slots: 0x0000000000000005 is an unknown value
stack at sp + 6 slots: 0x00007777f9032dc8 points into unknown readable memory: 0x00007777f90211c0 | c0 11 02 f9 77 77 00 00
stack at sp + 7 slots: 0x0000002000000000 is an unknown value


---------------  P R O C E S S  ---------------

Threads class SMR info:
_java_thread_list=0x00007777f80e9c20, length=10, elements={
0x00007777f8019710, 0x00007777f80d09b0, 0x00007777f80d2040, 0x00007777f80d37d0,
0x00007777f80d4e10, 0x00007777f80d63b0, 0x00007777f80d7ef0, 0x00007777f80d95b0,
0x00007777f80e59b0, 0x00007777f80e8ae0
}

Java Threads: ( => current thread )
=>0x00007777f8019710 JavaThread "main"                              [_thread_in_native, id=510451, stack(0x00007777fd700000,0x00007777fd800000) (1024K)]
  0x00007777f80d09b0 JavaThread "Reference Handler"          daemon [_thread_blocked, id=510459, stack(0x00007777fc100000,0x00007777fc200000) (1024K)]
  0x00007777f80d2040 JavaThread "Finalizer"                  daemon [_thread_blocked, id=510460, stack(0x00007777f7f00000,0x00007777f8000000) (1024K)]
  0x00007777f80d37d0 JavaThread "Signal Dispatcher"          daemon [_thread_blocked, id=510461, stack(0x00007777e0500000,0x00007777e0600000) (1024K)]
  0x00007777f80d4e10 JavaThread "Service Thread"             daemon [_thread_blocked, id=510462, stack(0x00007777dd500000,0x00007777dd600000) (1024K)]
  0x00007777f80d63b0 JavaThread "Monitor Deflation Thread"   daemon [_thread_blocked, id=510463, stack(0x00007777dd3ff000,0x00007777dd4ff000) (1024K)]
  0x00007777f80d7ef0 JavaThread "C2 CompilerThread0"         daemon [_thread_blocked, id=510464, stack(0x00007777dd2fe000,0x00007777dd3fe000) (1024K)]
  0x00007777f80d95b0 JavaThread "C1 CompilerThread0"         daemon [_thread_blocked, id=510465, stack(0x00007777dd1fd000,0x00007777dd2fd000) (1024K)]
  0x00007777f80e59b0 JavaThread "Notification Thread"        daemon [_thread_blocked, id=510466, stack(0x00007777dd0fc000,0x00007777dd1fc000) (1024K)]
  0x00007777f80e8ae0 JavaThread "Common-Cleaner"             daemon [_thread_blocked, id=510467, stack(0x00007777dcffb000,0x00007777dd0fb000) (1024K)]
Total: 10

Other Threads:
  0x00007777f80c78a0 VMThread "VM Thread"                           [id=510458, stack(0x00007777fc592000,0x00007777fc692000) (1024K)]
  0x00007777f80b6110 WatcherThread "VM Periodic Task Thread"        [id=510457, stack(0x00007777fc693000,0x00007777fc793000) (1024K)]
  0x00007777f8052260 WorkerThread "GC Thread#0"                     [id=510452, stack(0x00007777fce76000,0x00007777fcf76000) (1024K)]
  0x000077776c006320 WorkerThread "GC Thread#1"                     [id=510482, stack(0x00007777d5700000,0x00007777d5800000) (1024K)]
  0x00007777f805ae70 ConcurrentGCThread "G1 Main Marker"            [id=510453, stack(0x00007777fcd75000,0x00007777fce75000) (1024K)]
  0x00007777f805be20 WorkerThread "G1 Conc#0"                       [id=510454, stack(0x00007777fcc74000,0x00007777fcd74000) (1024K)]
  0x00007777f809b920 ConcurrentGCThread "G1 Refine#0"               [id=510455, stack(0x00007777fc971000,0x00007777fca71000) (1024K)]
  0x00007777f809c8e0 ConcurrentGCThread "G1 Service"                [id=510456, stack(0x00007777fc870000,0x00007777fc970000) (1024K)]
Total: 8

Threads with active compile tasks:
Total: 0

VM state: not at safepoint (normal execution)

VM Mutex/Monitor currently owned by a thread: None

Heap address: 0x00000000c4e00000, size: 946 MB, Compressed Oops mode: 32-bit

CDS archive(s) mapped at: [0x000077777f000000-0x000077777fc97000-0x000077777fc97000), size 13201408, SharedBaseAddress: 0x000077777f000000, ArchiveRelocationMode: 1.
Compressed class space mapped at: 0x0000777780000000-0x00007777c0000000, reserved size: 1073741824
Narrow klass base: 0x000077777f000000, Narrow klass shift: 0, Narrow klass range: 0x100000000

GC Precious Log:
 CardTable entry size: 512
 Card Set container configuration: InlinePtr #cards 5 size 8 Array Of Cards #cards 12 size 40 Howl #buckets 4 coarsen threshold 1843 Howl Bitmap #cards 512 size 80 coarsen threshold 460 Card regions per heap region 1 cards per card region 2048
 CPUs: 2 total, 2 available
 Memory: 3780M
 Large Page Support: Disabled
 NUMA Support: Disabled
 Compressed Oops: Enabled (32-bit)
 Heap Region Size: 1M
 Heap Min Capacity: 8M
 Heap Initial Capacity: 60M
 Heap Max Capacity: 946M
 Pre-touch: Disabled
 Parallel Workers: 2
 Concurrent Workers: 1
 Concurrent Refinement Workers: 2
 Periodic GC: Disabled

Heap:
 garbage-first heap   total 63488K, used 5908K [0x00000000c4e00000, 0x0000000100000000)
  region size 1024K, 6 young (6144K), 1 survivors (1024K)
 Metaspace       used 5802K, committed 6016K, reserved 1114112K
  class space    used 275K, committed 384K, reserved 1048576K

Heap Regions: E=young(eden), S=young(survivor), O=old, HS=humongous(starts), HC=humongous(continues), CS=collection set, F=free, TAMS=top-at-mark-start, PB=parsable bottom
|   0|0x00000000c4e00000, 0x00000000c4eb8a18, 0x00000000c4f00000| 72%| O|  |TAMS 0x00000000c4e00000| PB 0x00000000c4e00000| Untracked 
|   1|0x00000000c4f00000, 0x00000000c4f00000, 0x00000000c5000000|  0%| F|  |TAMS 0x00000000c4f00000| PB 0x00000000c4f00000| Untracked 
|   2|0x00000000c5000000, 0x00000000c5000000, 0x00000000c5100000|  0%| F|  |TAMS 0x00000000c5000000| PB 0x00000000c5000000| Untracked 
|   3|0x00000000c5100000, 0x00000000c5100000, 0x00000000c5200000|  0%| F|  |TAMS 0x00000000c5100000| PB 0x00000000c5100000| Untracked 
|   4|0x00000000c5200000, 0x00000000c5200000, 0x00000000c5300000|  0%| F|  |TAMS 0x00000000c5200000| PB 0x00000000c5200000| Untracked 
|   5|0x00000000c5300000, 0x00000000c5300000, 0x00000000c5400000|  0%| F|  |TAMS 0x00000000c5300000| PB 0x00000000c5300000| Untracked 
|   6|0x00000000c5400000, 0x00000000c5400000, 0x00000000c5500000|  0%| F|  |TAMS 0x00000000c5400000| PB 0x00000000c5400000| Untracked 
|   7|0x00000000c5500000, 0x00000000c5500000, 0x00000000c5600000|  0%| F|  |TAMS 0x00000000c5500000| PB 0x00000000c5500000| Untracked 
|   8|0x00000000c5600000, 0x00000000c5600000, 0x00000000c5700000|  0%| F|  |TAMS 0x00000000c5600000| PB 0x00000000c5600000| Untracked 
|   9|0x00000000c5700000, 0x00000000c5700000, 0x00000000c5800000|  0%| F|  |TAMS 0x00000000c5700000| PB 0x00000000c5700000| Untracked 
|  10|0x00000000c5800000, 0x00000000c5800000, 0x00000000c5900000|  0%| F|  |TAMS 0x00000000c5800000| PB 0x00000000c5800000| Untracked 
|  11|0x00000000c5900000, 0x00000000c5900000, 0x00000000c5a00000|  0%| F|  |TAMS 0x00000000c5900000| PB 0x00000000c5900000| Untracked 
|  12|0x00000000c5a00000, 0x00000000c5a00000, 0x00000000c5b00000|  0%| F|  |TAMS 0x00000000c5a00000| PB 0x00000000c5a00000| Untracked 
|  13|0x00000000c5b00000, 0x00000000c5b00000, 0x00000000c5c00000|  0%| F|  |TAMS 0x00000000c5b00000| PB 0x00000000c5b00000| Untracked 
|  14|0x00000000c5c00000, 0x00000000c5c00000, 0x00000000c5d00000|  0%| F|  |TAMS 0x00000000c5c00000| PB 0x00000000c5c00000| Untracked 
|  15|0x00000000c5d00000, 0x00000000c5d00000, 0x00000000c5e00000|  0%| F|  |TAMS 0x00000000c5d00000| PB 0x00000000c5d00000| Untracked 
|  16|0x00000000c5e00000, 0x00000000c5e00000, 0x00000000c5f00000|  0%| F|  |TAMS 0x00000000c5e00000| PB 0x00000000c5e00000| Untracked 
|  17|0x00000000c5f00000, 0x00000000c5f00000, 0x00000000c6000000|  0%| F|  |TAMS 0x00000000c5f00000| PB 0x00000000c5f00000| Untracked 
|  18|0x00000000c6000000, 0x00000000c6000000, 0x00000000c6100000|  0%| F|  |TAMS 0x00000000c6000000| PB 0x00000000c6000000| Untracked 
|  19|0x00000000c6100000, 0x00000000c6100000, 0x00000000c6200000|  0%| F|  |TAMS 0x00000000c6100000| PB 0x00000000c6100000| Untracked 
|  20|0x00000000c6200000, 0x00000000c6200000, 0x00000000c6300000|  0%| F|  |TAMS 0x00000000c6200000| PB 0x00000000c6200000| Untracked 
|  21|0x00000000c6300000, 0x00000000c6300000, 0x00000000c6400000|  0%| F|  |TAMS 0x00000000c6300000| PB 0x00000000c6300000| Untracked 
|  22|0x00000000c6400000, 0x00000000c6400000, 0x00000000c6500000|  0%| F|  |TAMS 0x00000000c6400000| PB 0x00000000c6400000| Untracked 
|  23|0x00000000c6500000, 0x00000000c6500000, 0x00000000c6600000|  0%| F|  |TAMS 0x00000000c6500000| PB 0x00000000c6500000| Untracked 
|  24|0x00000000c6600000, 0x00000000c6600000, 0x00000000c6700000|  0%| F|  |TAMS 0x00000000c6600000| PB 0x00000000c6600000| Untracked 
|  25|0x00000000c6700000, 0x00000000c6700000, 0x00000000c6800000|  0%| F|  |TAMS 0x00000000c6700000| PB 0x00000000c6700000| Untracked 
|  26|0x00000000c6800000, 0x00000000c6800000, 0x00000000c6900000|  0%| F|  |TAMS 0x00000000c6800000| PB 0x00000000c6800000| Untracked 
|  27|0x00000000c6900000, 0x00000000c6900000, 0x00000000c6a00000|  0%| F|  |TAMS 0x00000000c6900000| PB 0x00000000c6900000| Untracked 
|  28|0x00000000c6a00000, 0x00000000c6a00000, 0x00000000c6b00000|  0%| F|  |TAMS 0x00000000c6a00000| PB 0x00000000c6a00000| Untracked 
|  29|0x00000000c6b00000, 0x00000000c6b00000, 0x00000000c6c00000|  0%| F|  |TAMS 0x00000000c6b00000| PB 0x00000000c6b00000| Untracked 
|  30|0x00000000c6c00000, 0x00000000c6c00000, 0x00000000c6d00000|  0%| F|  |TAMS 0x00000000c6c00000| PB 0x00000000c6c00000| Untracked 
|  31|0x00000000c6d00000, 0x00000000c6d00000, 0x00000000c6e00000|  0%| F|  |TAMS 0x00000000c6d00000| PB 0x00000000c6d00000| Untracked 
|  32|0x00000000c6e00000, 0x00000000c6e00000, 0x00000000c6f00000|  0%| F|  |TAMS 0x00000000c6e00000| PB 0x00000000c6e00000| Untracked 
|  33|0x00000000c6f00000, 0x00000000c6f00000, 0x00000000c7000000|  0%| F|  |TAMS 0x00000000c6f00000| PB 0x00000000c6f00000| Untracked 
|  34|0x00000000c7000000, 0x00000000c7000000, 0x00000000c7100000|  0%| F|  |TAMS 0x00000000c7000000| PB 0x00000000c7000000| Untracked 
|  35|0x00000000c7100000, 0x00000000c7100000, 0x00000000c7200000|  0%| F|  |TAMS 0x00000000c7100000| PB 0x00000000c7100000| Untracked 
|  36|0x00000000c7200000, 0x00000000c7200000, 0x00000000c7300000|  0%| F|  |TAMS 0x00000000c7200000| PB 0x00000000c7200000| Untracked 
|  37|0x00000000c7300000, 0x00000000c7300000, 0x00000000c7400000|  0%| F|  |TAMS 0x00000000c7300000| PB 0x00000000c7300000| Untracked 
|  38|0x00000000c7400000, 0x00000000c7400000, 0x00000000c7500000|  0%| F|  |TAMS 0x00000000c7400000| PB 0x00000000c7400000| Untracked 
|  39|0x00000000c7500000, 0x00000000c7500000, 0x00000000c7600000|  0%| F|  |TAMS 0x00000000c7500000| PB 0x00000000c7500000| Untracked 
|  40|0x00000000c7600000, 0x00000000c7600000, 0x00000000c7700000|  0%| F|  |TAMS 0x00000000c7600000| PB 0x00000000c7600000| Untracked 
|  41|0x00000000c7700000, 0x00000000c7700000, 0x00000000c7800000|  0%| F|  |TAMS 0x00000000c7700000| PB 0x00000000c7700000| Untracked 
|  42|0x00000000c7800000, 0x00000000c7800000, 0x00000000c7900000|  0%| F|  |TAMS 0x00000000c7800000| PB 0x00000000c7800000| Untracked 
|  43|0x00000000c7900000, 0x00000000c7900000, 0x00000000c7a00000|  0%| F|  |TAMS 0x00000000c7900000| PB 0x00000000c7900000| Untracked 
|  44|0x00000000c7a00000, 0x00000000c7a00000, 0x00000000c7b00000|  0%| F|  |TAMS 0x00000000c7a00000| PB 0x00000000c7a00000| Untracked 
|  45|0x00000000c7b00000, 0x00000000c7b00000, 0x00000000c7c00000|  0%| F|  |TAMS 0x00000000c7b00000| PB 0x00000000c7b00000| Untracked 
|  46|0x00000000c7c00000, 0x00000000c7c00000, 0x00000000c7d00000|  0%| F|  |TAMS 0x00000000c7c00000| PB 0x00000000c7c00000| Untracked 
|  47|0x00000000c7d00000, 0x00000000c7d00000, 0x00000000c7e00000|  0%| F|  |TAMS 0x00000000c7d00000| PB 0x00000000c7d00000| Untracked 
|  48|0x00000000c7e00000, 0x00000000c7e00000, 0x00000000c7f00000|  0%| F|  |TAMS 0x00000000c7e00000| PB 0x00000000c7e00000| Untracked 
|  49|0x00000000c7f00000, 0x00000000c7f00000, 0x00000000c8000000|  0%| F|  |TAMS 0x00000000c7f00000| PB 0x00000000c7f00000| Untracked 
|  50|0x00000000c8000000, 0x00000000c8000000, 0x00000000c8100000|  0%| F|  |TAMS 0x00000000c8000000| PB 0x00000000c8000000| Untracked 
|  51|0x00000000c8100000, 0x00000000c8100000, 0x00000000c8200000|  0%| F|  |TAMS 0x00000000c8100000| PB 0x00000000c8100000| Untracked 
|  52|0x00000000c8200000, 0x00000000c8200000, 0x00000000c8300000|  0%| F|  |TAMS 0x00000000c8200000| PB 0x00000000c8200000| Untracked 
|  53|0x00000000c8300000, 0x00000000c8400000, 0x00000000c8400000|100%| S|CS|TAMS 0x00000000c8300000| PB 0x00000000c8300000| Complete 
|  54|0x00000000c8400000, 0x00000000c8400000, 0x00000000c8500000|  0%| F|  |TAMS 0x00000000c8400000| PB 0x00000000c8400000| Untracked 
|  55|0x00000000c8500000, 0x00000000c85629b0, 0x00000000c8600000| 38%| E|  |TAMS 0x00000000c8500000| PB 0x00000000c8500000| Complete 
|  56|0x00000000c8600000, 0x00000000c8700000, 0x00000000c8700000|100%| E|  |TAMS 0x00000000c8600000| PB 0x00000000c8600000| Complete 
|  57|0x00000000c8700000, 0x00000000c8800000, 0x00000000c8800000|100%| E|CS|TAMS 0x00000000c8700000| PB 0x00000000c8700000| Complete 
|  58|0x00000000c8800000, 0x00000000c8900000, 0x00000000c8900000|100%| E|CS|TAMS 0x00000000c8800000| PB 0x00000000c8800000| Complete 
|  59|0x00000000c8900000, 0x00000000c8a00000, 0x00000000c8a00000|100%| E|CS|TAMS 0x00000000c8900000| PB 0x00000000c8900000| Complete 
| 944|0x00000000ffe00000, 0x00000000fff00000, 0x00000000fff00000|100%| O|  |TAMS 0x00000000ffe00000| PB 0x00000000ffe00000| Untracked 
| 945|0x00000000fff00000, 0x00000000fff0c670, 0x0000000100000000|  4%| O|  |TAMS 0x00000000fff00000| PB 0x00000000fff00000| Untracked 

Card table byte_map: [0x00007777fcf76000,0x00007777fd14f000] _byte_map_base: 0x00007777fc94f000

Marking Bits: (CMBitMap*) 0x00007777f8052d90
 Bits: [0x00007777df600000, 0x00007777e04c8000)

Polling page: 0x00007777ff155000

Metaspace:

Usage:
  Non-class:      5.40 MB used.
      Class:    275.43 KB used.
       Both:      5.67 MB used.

Virtual space:
  Non-class space:       64.00 MB reserved,       5.50 MB (  9%) committed,  1 nodes.
      Class space:        1.00 GB reserved,     384.00 KB ( <1%) committed,  1 nodes.
             Both:        1.06 GB reserved,       5.88 MB ( <1%) committed. 

Chunk freelists:
   Non-Class:  8.05 MB
       Class:  15.58 MB
        Both:  23.63 MB

MaxMetaspaceSize: unlimited
CompressedClassSpaceSize: 1.00 GB
Initial GC threshold: 21.00 MB
Current GC threshold: 21.00 MB
CDS: on
 - commit_granule_bytes: 65536.
 - commit_granule_words: 8192.
 - virtual_space_node_default_size: 8388608.
 - enlarge_chunks_in_place: 1.
 - use_allocation_guard: 0.


Internal statistics:

num_allocs_failed_limit: 0.
num_arena_births: 64.
num_arena_deaths: 0.
num_vsnodes_births: 2.
num_vsnodes_deaths: 0.
num_space_committed: 92.
num_space_uncommitted: 0.
num_chunks_returned_to_freelist: 0.
num_chunks_taken_from_freelist: 224.
num_chunk_merges: 0.
num_chunk_splits: 162.
num_chunks_enlarged: 128.
num_inconsistent_stats: 0.

CodeHeap 'non-profiled nmethods': size=120036Kb used=198Kb max_used=198Kb free=119837Kb
 bounds [0x00007777e80c7000, 0x00007777e8337000, 0x00007777ef600000]
CodeHeap 'profiled nmethods': size=120032Kb used=905Kb max_used=905Kb free=119126Kb
 bounds [0x00007777e0600000, 0x00007777e0870000, 0x00007777e7b38000]
CodeHeap 'non-nmethods': size=5692Kb used=2142Kb max_used=2157Kb free=3549Kb
 bounds [0x00007777e7b38000, 0x00007777e7da8000, 0x00007777e80c7000]
 total_blobs=1753 nmethods=618 adapters=1042
 compilation: enabled
              stopped_count=0, restarted_count=0
 full_count=0

Compilation events (20 events):
Event: 1.370 Thread 0x00007777f80d95b0  602       3       java.lang.String::<init> (99 bytes)
Event: 1.373 Thread 0x00007777f80d95b0 nmethod 602 0x00007777e06d6a90 code [0x00007777e06d6e80, 0x00007777e06d8908]
Event: 1.373 Thread 0x00007777f80d95b0  604   !   3       java.util.zip.ZipFile$Source::readFullyAt (74 bytes)
Event: 1.374 Thread 0x00007777f80d95b0 nmethod 604 0x00007777e06d9190 code [0x00007777e06d9360, 0x00007777e06d97a0]
Event: 1.374 Thread 0x00007777f80d95b0  603       3       java.lang.reflect.AccessibleObject::<init> (5 bytes)
Event: 1.374 Thread 0x00007777f80d95b0 nmethod 603 0x00007777e06d9a90 code [0x00007777e06d9c20, 0x00007777e06d9d80]
Event: 1.379 Thread 0x00007777f80d95b0  605       3       jdk.internal.reflect.ReflectionFactory::copyField (11 bytes)
Event: 1.379 Thread 0x00007777f80d95b0 nmethod 605 0x00007777e06d9e10 code [0x00007777e06d9fc0, 0x00007777e06da1b8]
Event: 1.380 Thread 0x00007777f80d95b0  606       3       java.lang.reflect.ReflectAccess::copyField (5 bytes)
Event: 1.380 Thread 0x00007777f80d95b0 nmethod 606 0x00007777e06da310 code [0x00007777e06da4c0, 0x00007777e06da600]
Event: 1.380 Thread 0x00007777f80d7ef0  607       4       java.lang.StringLatin1::indexOf (121 bytes)
Event: 1.383 Thread 0x00007777f80d95b0  608       3       java.lang.ref.Cleaner::register (25 bytes)
Event: 1.383 Thread 0x00007777f80d95b0 nmethod 608 0x00007777e06da710 code [0x00007777e06da900, 0x00007777e06dae38]
Event: 1.383 Thread 0x00007777f80d95b0  609       3       jdk.internal.ref.CleanerImpl$PhantomCleanableRef::<init> (12 bytes)
Event: 1.383 Thread 0x00007777f80d95b0 nmethod 609 0x00007777e06db090 code [0x00007777e06db240, 0x00007777e06db3e0]
Event: 1.386 Thread 0x00007777f80d95b0  610       3       jdk.internal.loader.BuiltinClassLoader::hasClassPath (13 bytes)
Event: 1.386 Thread 0x00007777f80d95b0 nmethod 610 0x00007777e06db490 code [0x00007777e06db620, 0x00007777e06db778]
Event: 1.392 Thread 0x00007777f80d95b0  612   !   3       java.net.URL::<init> (543 bytes)
Event: 1.402 Thread 0x00007777f80d95b0 nmethod 612 0x00007777e06db810 code [0x00007777e06dbe00, 0x00007777e06def68]
Event: 1.402 Thread 0x00007777f80d95b0  615       3       java.lang.StringConcatHelper::newString (67 bytes)

GC Heap History (2 events):
Event: 1.184 GC heap before
{Heap before GC invocations=0 (full 0):
 garbage-first heap   total 63488K, used 6193K [0x00000000c4e00000, 0x0000000100000000)
  region size 1024K, 6 young (6144K), 0 survivors (0K)
 Metaspace       used 3069K, committed 3200K, reserved 1114112K
  class space    used 188K, committed 256K, reserved 1048576K
}
Event: 1.189 GC heap after
{Heap after GC invocations=1 (full 0):
 garbage-first heap   total 63488K, used 2836K [0x00000000c4e00000, 0x0000000100000000)
  region size 1024K, 1 young (1024K), 1 survivors (1024K)
 Metaspace       used 3069K, committed 3200K, reserved 1114112K
  class space    used 188K, committed 256K, reserved 1048576K
}

Dll operation events (9 events):
Event: 0.003 Loaded shared library /usr/lib/jvm/java-21-openjdk/lib/libjava.so
Event: 0.054 Loaded shared library /usr/lib/jvm/java-21-openjdk/lib/libjsvml.so
Event: 0.088 Loaded shared library /usr/lib/jvm/java-21-openjdk/lib/libnio.so
Event: 0.093 Loaded shared library /usr/lib/jvm/java-21-openjdk/lib/libzip.so
Event: 0.226 Loaded shared library /usr/lib/jvm/java-21-openjdk/lib/libjimage.so
Event: 0.247 Loaded shared library /usr/lib/jvm/java-21-openjdk/lib/libnet.so
Event: 0.259 Loaded shared library /tmp/lwjgl_zeph/3.3.4+7/x64/liblwjgl.so
Event: 0.761 Loaded shared library /tmp/lwjgl_zeph/3.3.4+7/x64/liblwjgl_opengl.so
Event: 1.251 Loaded shared library /usr/lib/jvm/java-21-openjdk/lib/libverify.so

Deoptimization events (20 events):
Event: 0.436 Thread 0x00007777f8019710 DEOPT PACKING pc=0x00007777e06746f5 sp=0x00007777fd7fd7a0
Event: 0.436 Thread 0x00007777f8019710 DEOPT UNPACKING pc=0x00007777e7b8c710 sp=0x00007777fd7fcc58 mode 0
Event: 0.436 Thread 0x00007777f8019710 DEOPT PACKING pc=0x00007777e06746f5 sp=0x00007777fd7fd7a0
Event: 0.436 Thread 0x00007777f8019710 DEOPT UNPACKING pc=0x00007777e7b8c710 sp=0x00007777fd7fcc58 mode 0
Event: 0.771 Thread 0x00007777f8019710 Uncommon trap: trap_request=0xffffff54 fr.pc=0x00007777e80eedf0 relative=0x0000000000000070
Event: 0.771 Thread 0x00007777f8019710 Uncommon trap: reason=speculate_null_assert action=make_not_entrant pc=0x00007777e80eedf0 method=sun.misc.Unsafe.putLong(Ljava/lang/Object;JJ)V @ 7 c2
Event: 0.771 Thread 0x00007777f8019710 DEOPT PACKING pc=0x00007777e80eedf0 sp=0x00007777fd7fe3c0
Event: 0.771 Thread 0x00007777f8019710 DEOPT UNPACKING pc=0x00007777e7b8bf93 sp=0x00007777fd7fe358 mode 2
Event: 1.183 Thread 0x00007777f8019710 DEOPT PACKING pc=0x00007777e061b5c8 sp=0x00007777fd7f65c0
Event: 1.183 Thread 0x00007777f8019710 DEOPT UNPACKING pc=0x00007777e7b8c710 sp=0x00007777fd7f5a00 mode 0
Event: 1.285 Thread 0x00007777f8019710 Uncommon trap: trap_request=0xffffff45 fr.pc=0x00007777e80ce558 relative=0x00000000000000b8
Event: 1.285 Thread 0x00007777f8019710 Uncommon trap: reason=unstable_if action=reinterpret pc=0x00007777e80ce558 method=java.lang.String.isLatin1()Z @ 10 c2
Event: 1.285 Thread 0x00007777f8019710 DEOPT PACKING pc=0x00007777e80ce558 sp=0x00007777fd7fd090
Event: 1.285 Thread 0x00007777f8019710 DEOPT UNPACKING pc=0x00007777e7b8bf93 sp=0x00007777fd7fcff0 mode 2
Event: 1.334 Thread 0x00007777f8019710 DEOPT PACKING pc=0x00007777e0602a49 sp=0x00007777fd7f91d0
Event: 1.334 Thread 0x00007777f8019710 DEOPT UNPACKING pc=0x00007777e7b8c710 sp=0x00007777fd7f8658 mode 0
Event: 1.404 Thread 0x00007777f8019710 Uncommon trap: trap_request=0xffffff54 fr.pc=0x00007777e80f03ec relative=0x000000000000006c
Event: 1.404 Thread 0x00007777f8019710 Uncommon trap: reason=speculate_null_assert action=make_not_entrant pc=0x00007777e80f03ec method=sun.misc.Unsafe.getLong(Ljava/lang/Object;J)J @ 5 c2
Event: 1.404 Thread 0x00007777f8019710 DEOPT PACKING pc=0x00007777e80f03ec sp=0x00007777fd7fe680
Event: 1.404 Thread 0x00007777f8019710 DEOPT UNPACKING pc=0x00007777e7b8bf93 sp=0x00007777fd7fe628 mode 2

Classes loaded (20 events):
Event: 1.216 Loading class sun/nio/cs/StreamDecoder
Event: 1.216 Loading class sun/nio/cs/StreamDecoder done
Event: 1.216 Loading class sun/nio/cs/UTF_8$Decoder
Event: 1.216 Loading class java/nio/charset/CharsetDecoder
Event: 1.216 Loading class java/nio/charset/CharsetDecoder done
Event: 1.216 Loading class sun/nio/cs/UTF_8$Decoder done
Event: 1.249 Loading class java/io/Externalizable
Event: 1.249 Loading class java/io/Externalizable done
Event: 1.274 Loading class jdk/internal/module/ModulePatcher$PatchedModuleReader
Event: 1.274 Loading class jdk/internal/module/ModulePatcher$PatchedModuleReader done
Event: 1.274 Loading class sun/net/www/protocol/jrt/Handler
Event: 1.274 Loading class sun/net/www/protocol/jrt/Handler done
Event: 1.283 Loading class sun/text/resources/cldr/FormatData_en
Event: 1.283 Loading class sun/text/resources/cldr/FormatData_en done
Event: 1.283 Loading class sun/text/resources/cldr/FormatData_en_US
Event: 1.283 Loading class sun/text/resources/cldr/FormatData_en_US done
Event: 1.297 Loading class java/lang/SecurityException
Event: 1.297 Loading class java/lang/SecurityException done
Event: 1.404 Loading class java/nio/HeapFloatBuffer
Event: 1.404 Loading class java/nio/HeapFloatBuffer done

Classes unloaded (0 events):
No events

Classes redefined (0 events):
No events

Internal exceptions (19 events):
Event: 0.201 Thread 0x00007777f8019710 Exception <a 'java/lang/NoSuchMethodError'{0x00000000c8875240}: 'void java.lang.invoke.DirectMethodHandle$Holder.invokeStatic(java.lang.Object, java.lang.Object)'> (0x00000000c8875240) 
thrown [/usr/src/debug/java21-openjdk/jdk21u-jdk-21.0.5-11/src/hotspot/share/interpreter/linkResolver.cpp, line 772]
Event: 0.202 Thread 0x00007777f8019710 Exception <a 'java/lang/NoSuchMethodError'{0x00000000c887a378}: 'void java.lang.System.load(java.lang.String, java.lang.Class)'> (0x00000000c887a378) 
thrown [/usr/src/debug/java21-openjdk/jdk21u-jdk-21.0.5-11/src/hotspot/share/interpreter/linkResolver.cpp, line 772]
Event: 0.203 Thread 0x00007777f8019710 Exception <a 'java/lang/NoSuchMethodError'{0x00000000c887b048}: 'void java.lang.invoke.DirectMethodHandle$Holder.invokeSpecial(java.lang.Object, java.lang.Object, java.lang.Object)'> (0x00000000c887b048) 
thrown [/usr/src/debug/java21-openjdk/jdk21u-jdk-21.0.5-11/src/hotspot/share/interpreter/linkResolver.cpp, line 772]
Event: 0.208 Thread 0x00007777f8019710 Exception <a 'java/lang/NoSuchMethodError'{0x00000000c888d2b8}: 'java.lang.Object java.lang.invoke.DirectMethodHandle$Holder.invokeStatic(java.lang.Object, java.lang.Object, int)'> (0x00000000c888d2b8) 
thrown [/usr/src/debug/java21-openjdk/jdk21u-jdk-21.0.5-11/src/hotspot/share/interpreter/linkResolver.cpp, line 772]
Event: 0.213 Thread 0x00007777f8019710 Exception <a 'java/lang/NoSuchMethodError'{0x00000000c8898b10}: 'void java.lang.invoke.DelegatingMethodHandle$Holder.delegate(java.lang.Object, java.lang.Object, int, java.lang.Object)'> (0x00000000c8898b10) 
thrown [/usr/src/debug/java21-openjdk/jdk21u-jdk-21.0.5-11/src/hotspot/share/interpreter/linkResolver.cpp, line 772]
Event: 0.214 Thread 0x00007777f8019710 Exception <a 'java/lang/NoSuchMethodError'{0x00000000c889cb08}: 'int java.lang.invoke.DirectMethodHandle$Holder.invokeSpecial(java.lang.Object, java.lang.Object, java.lang.Object)'> (0x00000000c889cb08) 
thrown [/usr/src/debug/java21-openjdk/jdk21u-jdk-21.0.5-11/src/hotspot/share/interpreter/linkResolver.cpp, line 772]
Event: 0.220 Thread 0x00007777f8019710 Exception <a 'java/lang/NoSuchMethodError'{0x00000000c88b7588}: 'void java.lang.System.loadLibrary(java.lang.String, java.lang.Class)'> (0x00000000c88b7588) 
thrown [/usr/src/debug/java21-openjdk/jdk21u-jdk-21.0.5-11/src/hotspot/share/interpreter/linkResolver.cpp, line 772]
Event: 0.265 Thread 0x00007777f8019710 Exception <a 'sun/nio/fs/UnixException'{0x00000000c87ac510}> (0x00000000c87ac510) 
thrown [/usr/src/debug/java21-openjdk/jdk21u-jdk-21.0.5-11/src/hotspot/share/prims/jni.cpp, line 520]
Event: 0.364 Thread 0x00007777f8019710 Exception <a 'sun/nio/fs/UnixException'{0x00000000c864de60}> (0x00000000c864de60) 
thrown [/usr/src/debug/java21-openjdk/jdk21u-jdk-21.0.5-11/src/hotspot/share/prims/jni.cpp, line 520]
Event: 0.393 Thread 0x00007777f8019710 Exception <a 'java/lang/NoSuchMethodError'{0x00000000c8698480}: 'int java.lang.invoke.DirectMethodHandle$Holder.invokeStaticInit(java.lang.Object, java.lang.Object, int, long)'> (0x00000000c8698480) 
thrown [/usr/src/debug/java21-openjdk/jdk21u-jdk-21.0.5-11/src/hotspot/share/interpreter/linkResolver.cpp, line 772]
Event: 0.394 Thread 0x00007777f8019710 Exception <a 'java/lang/NoSuchMethodError'{0x00000000c869d7f0}: 'java.lang.Object java.lang.invoke.DirectMethodHandle$Holder.newInvokeSpecial(java.lang.Object, java.lang.Object, int)'> (0x00000000c869d7f0) 
thrown [/usr/src/debug/java21-openjdk/jdk21u-jdk-21.0.5-11/src/hotspot/share/interpreter/linkResolver.cpp, line 772]
Event: 0.398 Thread 0x00007777f8019710 Exception <a 'java/lang/NoSuchMethodError'{0x00000000c86abef0}: 'int java.lang.invoke.DirectMethodHandle$Holder.invokeStaticInit(java.lang.Object, java.lang.Object, long, long)'> (0x00000000c86abef0) 
thrown [/usr/src/debug/java21-openjdk/jdk21u-jdk-21.0.5-11/src/hotspot/share/interpreter/linkResolver.cpp, line 772]
Event: 0.399 Thread 0x00007777f8019710 Exception <a 'java/lang/NoSuchMethodError'{0x00000000c86b1998}: 'java.lang.Object java.lang.invoke.DirectMethodHandle$Holder.newInvokeSpecial(java.lang.Object, java.lang.Object, long)'> (0x00000000c86b1998) 
thrown [/usr/src/debug/java21-openjdk/jdk21u-jdk-21.0.5-11/src/hotspot/share/interpreter/linkResolver.cpp, line 772]
Event: 0.402 Thread 0x00007777f8019710 Exception <a 'java/lang/NoSuchMethodError'{0x00000000c86b5b00}: 'java.lang.Object java.lang.invoke.Invokers$Holder.linkToTargetMethod(java.lang.Object, long, java.lang.Object)'> (0x00000000c86b5b00) 
thrown [/usr/src/debug/java21-openjdk/jdk21u-jdk-21.0.5-11/src/hotspot/share/interpreter/linkResolver.cpp, line 772]
Event: 0.403 Thread 0x00007777f8019710 Exception <a 'java/lang/NoSuchMethodError'{0x00000000c86bcf88}: 'int java.lang.invoke.DirectMethodHandle$Holder.invokeStaticInit(java.lang.Object, java.lang.Object, java.lang.Object, long)'> (0x00000000c86bcf88) 
thrown [/usr/src/debug/java21-openjdk/jdk21u-jdk-21.0.5-11/src/hotspot/share/interpreter/linkResolver.cpp, line 772]
Event: 0.753 Thread 0x00007777f8019710 Exception <a 'java/lang/NoSuchMethodError'{0x00000000c858fc40}: 'void java.lang.System.load(java.lang.String, java.lang.Class)'> (0x00000000c858fc40) 
thrown [/usr/src/debug/java21-openjdk/jdk21u-jdk-21.0.5-11/src/hotspot/share/interpreter/linkResolver.cpp, line 772]
Event: 0.754 Thread 0x00007777f8019710 Exception <a 'java/lang/NoSuchMethodError'{0x00000000c85926b0}: 'void java.lang.System.loadLibrary(java.lang.String, java.lang.Class)'> (0x00000000c85926b0) 
thrown [/usr/src/debug/java21-openjdk/jdk21u-jdk-21.0.5-11/src/hotspot/share/interpreter/linkResolver.cpp, line 772]
Event: 0.761 Thread 0x00007777f8019710 Exception <a 'sun/nio/fs/UnixException'{0x00000000c85a1aa8}> (0x00000000c85a1aa8) 
thrown [/usr/src/debug/java21-openjdk/jdk21u-jdk-21.0.5-11/src/hotspot/share/prims/jni.cpp, line 520]
Event: 0.766 Thread 0x00007777f8019710 Exception <a 'sun/nio/fs/UnixException'{0x00000000c85aa888}> (0x00000000c85aa888) 
thrown [/usr/src/debug/java21-openjdk/jdk21u-jdk-21.0.5-11/src/hotspot/share/prims/jni.cpp, line 520]

ZGC Phase Switch (0 events):
No events

VM Operations (6 events):
Event: 0.380 Executing VM operation: HandshakeAllThreads (Deoptimize)
Event: 0.380 Executing VM operation: HandshakeAllThreads (Deoptimize) done
Event: 1.184 Executing VM operation: G1CollectForAllocation (G1 Evacuation Pause)
Event: 1.190 Executing VM operation: G1CollectForAllocation (G1 Evacuation Pause) done
Event: 1.269 Executing VM operation: HandshakeAllThreads (Deoptimize)
Event: 1.269 Executing VM operation: HandshakeAllThreads (Deoptimize) done

Memory protections (10 events):
Event: 0.002 Protecting memory [0x00007777fd700000,0x00007777fd704000] with protection modes 0
Event: 0.050 Protecting memory [0x00007777fc100000,0x00007777fc104000] with protection modes 0
Event: 0.051 Protecting memory [0x00007777f7f00000,0x00007777f7f04000] with protection modes 0
Event: 0.052 Protecting memory [0x00007777e0500000,0x00007777e0504000] with protection modes 0
Event: 0.052 Protecting memory [0x00007777dd500000,0x00007777dd504000] with protection modes 0
Event: 0.052 Protecting memory [0x00007777dd3ff000,0x00007777dd403000] with protection modes 0
Event: 0.053 Protecting memory [0x00007777dd2fe000,0x00007777dd302000] with protection modes 0
Event: 0.055 Protecting memory [0x00007777dd1fd000,0x00007777dd201000] with protection modes 0
Event: 0.076 Protecting memory [0x00007777dd0fc000,0x00007777dd100000] with protection modes 0
Event: 0.082 Protecting memory [0x00007777dcffb000,0x00007777dcfff000] with protection modes 0

Nmethod flushes (0 events):
No events

Events (10 events):
Event: 0.036 Thread 0x00007777f8019710 Thread added: 0x00007777f8019710
Event: 0.050 Thread 0x00007777f8019710 Thread added: 0x00007777f80d09b0
Event: 0.050 Thread 0x00007777f8019710 Thread added: 0x00007777f80d2040
Event: 0.052 Thread 0x00007777f8019710 Thread added: 0x00007777f80d37d0
Event: 0.052 Thread 0x00007777f8019710 Thread added: 0x00007777f80d4e10
Event: 0.052 Thread 0x00007777f8019710 Thread added: 0x00007777f80d63b0
Event: 0.052 Thread 0x00007777f8019710 Thread added: 0x00007777f80d7ef0
Event: 0.055 Thread 0x00007777f8019710 Thread added: 0x00007777f80d95b0
Event: 0.076 Thread 0x00007777f8019710 Thread added: 0x00007777f80e59b0
Event: 0.079 Thread 0x00007777f8019710 Thread added: 0x00007777f80e8ae0


Dynamic libraries:
c4e00000-c8a00000 rw-p 00000000 00:00 0 
c8a00000-ffe00000 ---p 00000000 00:00 0 
ffe00000-fff0d000 rw-p 00cd6000 b3:02 329941                             /usr/lib/jvm/java-21-openjdk/lib/server/classes.jsa
fff0d000-100000000 rw-p 00000000 00:00 0 
58de86d23000-58de86d24000 r--p 00000000 b3:02 329516                     /usr/lib/jvm/java-21-openjdk/bin/java
58de86d24000-58de86d25000 r-xp 00001000 b3:02 329516                     /usr/lib/jvm/java-21-openjdk/bin/java
58de86d25000-58de86d26000 r--p 00002000 b3:02 329516                     /usr/lib/jvm/java-21-openjdk/bin/java
58de86d26000-58de86d27000 r--p 00002000 b3:02 329516                     /usr/lib/jvm/java-21-openjdk/bin/java
58de86d27000-58de86d28000 rw-p 00003000 b3:02 329516                     /usr/lib/jvm/java-21-openjdk/bin/java
58de9af20000-58de9af68000 rw-p 00000000 00:00 0                          [heap]
77773be00000-77773c2ab000 r--p 00000000 b3:02 181697                     /usr/lib/libLLVM.so.18.1
77773c2ab000-777740e9d000 r-xp 004ab000 b3:02 181697                     /usr/lib/libLLVM.so.18.1
777740e9d000-777743bf6000 r--p 0509d000 b3:02 181697                     /usr/lib/libLLVM.so.18.1
777743bf6000-777743dd1000 r--p 07df5000 b3:02 181697                     /usr/lib/libLLVM.so.18.1
777743dd1000-777743e1b000 rw-p 07fd0000 b3:02 181697                     /usr/lib/libLLVM.so.18.1
777743e1b000-777743eb7000 rw-p 00000000 00:00 0 
777744000000-7777441f1000 rw-p 00000000 00:00 0 
7777441f1000-777748000000 ---p 00000000 00:00 0 
777748000000-7777481b2000 rw-p 00000000 00:00 0 
7777481b2000-77774c000000 ---p 00000000 00:00 0 
777750000000-777750021000 rw-p 00000000 00:00 0 
777750021000-777754000000 ---p 00000000 00:00 0 
777754000000-777754021000 rw-p 00000000 00:00 0 
777754021000-777758000000 ---p 00000000 00:00 0 
77775c000000-77775c021000 rw-p 00000000 00:00 0 
77775c021000-777760000000 ---p 00000000 00:00 0 
777760000000-777760021000 rw-p 00000000 00:00 0 
777760021000-777764000000 ---p 00000000 00:00 0 
777768000000-777768021000 rw-p 00000000 00:00 0 
777768021000-77776c000000 ---p 00000000 00:00 0 
77776c000000-77776c021000 rw-p 00000000 00:00 0 
77776c021000-777770000000 ---p 00000000 00:00 0 
777774000000-777774180000 rw-p 00000000 00:00 0 
777774180000-777774400000 ---p 00000000 00:00 0 
777774400000-777774510000 rw-p 00000000 00:00 0 
777774510000-777774550000 rw-p 00000000 00:00 0 
777774550000-777774800000 rw-p 00000000 00:00 0 
777774800000-777778000000 ---p 00000000 00:00 0 
777778000000-777778021000 rw-p 00000000 00:00 0 
777778021000-77777c000000 ---p 00000000 00:00 0 
77777e600000-77777e601000 ---p 00000000 00:00 0 
77777e601000-77777ee01000 rw-p 00000000 00:00 0 
77777f000000-77777fc97000 rw-p 00001000 b3:02 329941                     /usr/lib/jvm/java-21-openjdk/lib/server/classes.jsa
77777fc97000-777780000000 ---p 00000000 00:00 0 
777780000000-777780030000 rw-p 00000000 00:00 0 
777780030000-777780040000 ---p 00000000 00:00 0 
777780040000-777780070000 rw-p 00000000 00:00 0 
777780070000-7777c0000000 ---p 00000000 00:00 0 
7777c0000000-7777c0021000 rw-p 00000000 00:00 0 
7777c0021000-7777c4000000 ---p 00000000 00:00 0 
7777c4000000-7777c4021000 rw-p 00000000 00:00 0 
7777c4021000-7777c8000000 ---p 00000000 00:00 0 
7777c8400000-7777c8401000 ---p 00000000 00:00 0 
7777c8401000-7777c8c01000 rw-p 00000000 00:00 0 
7777c8e00000-7777c8e01000 ---p 00000000 00:00 0 
7777c8e01000-7777c9601000 rw-p 00000000 00:00 0 
7777c9800000-7777c9801000 ---p 00000000 00:00 0 
7777c9801000-7777ca001000 rw-p 00000000 00:00 0 
7777ca200000-7777cbf50000 r--p 00000000 b3:02 149095                     /usr/lib/libicudata.so.75.1
7777cbf50000-7777cbf51000 r--p 01d4f000 b3:02 149095                     /usr/lib/libicudata.so.75.1
7777cc000000-7777cc021000 rw-p 00000000 00:00 0 
7777cc021000-7777d0000000 ---p 00000000 00:00 0 
7777d0000000-7777d0021000 rw-p 00000000 00:00 0 
7777d0021000-7777d4000000 ---p 00000000 00:00 0 
7777d4400000-7777d4401000 ---p 00000000 00:00 0 
7777d4401000-7777d4c01000 rw-p 00000000 00:00 0 
7777d4e00000-7777d4e01000 ---p 00000000 00:00 0 
7777d4e01000-7777d5601000 rw-p 00000000 00:00 0 
7777d56ff000-7777d5700000 ---p 00000000 00:00 0 
7777d5700000-7777d5800000 rw-p 00000000 00:00 0 
7777d5800000-7777d5815000 r--p 00000000 b3:02 181759                     /usr/lib/libgallium-24.2.7-arch1.1.so
7777d5815000-7777d6ee4000 r-xp 00015000 b3:02 181759                     /usr/lib/libgallium-24.2.7-arch1.1.so
7777d6ee4000-7777d7c70000 r--p 016e4000 b3:02 181759                     /usr/lib/libgallium-24.2.7-arch1.1.so
7777d7c70000-7777d7d28000 r--p 0246f000 b3:02 181759                     /usr/lib/libgallium-24.2.7-arch1.1.so
7777d7d28000-7777d7d3f000 rw-p 02527000 b3:02 181759                     /usr/lib/libgallium-24.2.7-arch1.1.so
7777d7d3f000-7777d7f03000 rw-p 00000000 00:00 0 
7777d8000000-7777d8021000 rw-p 00000000 00:00 0 
7777d8021000-7777dc000000 ---p 00000000 00:00 0 
7777dc039000-7777dc079000 rw-s 1096b8000 00:10 1063                      anon_inode:i915.gem
7777dc079000-7777dc07b000 r--p 00000000 b3:02 329932                     /usr/lib/jvm/java-21-openjdk/lib/libverify.so
7777dc07b000-7777dc082000 r-xp 00002000 b3:02 329932                     /usr/lib/jvm/java-21-openjdk/lib/libverify.so
7777dc082000-7777dc084000 r--p 00009000 b3:02 329932                     /usr/lib/jvm/java-21-openjdk/lib/libverify.so
7777dc084000-7777dc086000 r--p 0000a000 b3:02 329932                     /usr/lib/jvm/java-21-openjdk/lib/libverify.so
7777dc086000-7777dc087000 rw-p 0000c000 b3:02 329932                     /usr/lib/jvm/java-21-openjdk/lib/libverify.so
7777dc087000-7777dc097000 rw-s 10982c000 00:10 1063                      anon_inode:i915.gem
7777dc097000-7777dc0ca000 r--p 00000000 00:2a 232                        /tmp/lwjgl_zeph/3.3.4+7/x64/liblwjgl_opengl.so
7777dc0ca000-7777dc0de000 r-xp 00033000 00:2a 232                        /tmp/lwjgl_zeph/3.3.4+7/x64/liblwjgl_opengl.so
7777dc0de000-7777dc0ee000 r--p 00047000 00:2a 232                        /tmp/lwjgl_zeph/3.3.4+7/x64/liblwjgl_opengl.so
7777dc0ee000-7777dc0ef000 r--p 00056000 00:2a 232                        /tmp/lwjgl_zeph/3.3.4+7/x64/liblwjgl_opengl.so
7777dc0ef000-7777dc0f0000 rw-p 00057000 00:2a 232                        /tmp/lwjgl_zeph/3.3.4+7/x64/liblwjgl_opengl.so
7777dc0f0000-7777dc110000 rw-s 1097f8000 00:10 1063                      anon_inode:i915.gem
7777dc110000-7777dc130000 rw-s 1097d8000 00:10 1063                      anon_inode:i915.gem
7777dc130000-7777dc140000 rw-s 107e01000 00:10 1063                      anon_inode:i915.gem
7777dc140000-7777dc150000 rw-s 1012d5000 00:10 1063                      anon_inode:i915.gem
7777dc150000-7777dc21b000 rw-p 00000000 00:00 0 
7777dc21b000-7777dc22b000 rw-s 101d96000 00:10 1063                      anon_inode:i915.gem
7777dc22b000-7777dc23b000 rw-s 10f648000 00:10 1063                      anon_inode:i915.gem
7777dc23b000-7777dc25b000 rw-s 109798000 00:10 1063                      anon_inode:i915.gem
7777dc25b000-7777dc27b000 rw-s 109778000 00:10 1063                      anon_inode:i915.gem
7777dc27b000-7777dc28b000 rw-s 105940000 00:10 1063                      anon_inode:i915.gem
7777dc28b000-7777dc48b000 rw-s 1144b8000 00:10 1063                      anon_inode:i915.gem
7777dc48b000-7777dc49b000 rw-s 106f68000 00:10 1063                      anon_inode:i915.gem
7777dc49b000-7777dc566000 rw-p 00000000 00:00 0 
7777dc566000-7777dc586000 rw-s 103ac8000 00:10 1063                      anon_inode:i915.gem
7777dc586000-7777dc5a6000 rw-s 103aa8000 00:10 1063                      anon_inode:i915.gem
7777dc5a6000-7777dc6e7000 rw-s 00000000 b3:02 1179851                    /home/zeph/.cache/mesa_shader_cache_db/index
7777dc6e7000-7777dc727000 rw-s 106e58000 00:10 1063                      anon_inode:i915.gem
7777dc727000-7777dc76e000 r--p 00000000 b3:02 149110                     /usr/lib/libicuuc.so.75.1
7777dc76e000-7777dc880000 r-xp 00047000 b3:02 149110                     /usr/lib/libicuuc.so.75.1
7777dc880000-7777dc90b000 r--p 00159000 b3:02 149110                     /usr/lib/libicuuc.so.75.1
7777dc90b000-7777dc91e000 r--p 001e4000 b3:02 149110                     /usr/lib/libicuuc.so.75.1
7777dc91e000-7777dc91f000 rw-p 001f7000 b3:02 149110                     /usr/lib/libicuuc.so.75.1
7777dc91f000-7777dc921000 rw-p 00000000 00:00 0 
7777dc921000-7777dc924000 r--p 00000000 b3:02 145974                     /usr/lib/liblzma.so.5.6.3
7777dc924000-7777dc947000 r-xp 00003000 b3:02 145974                     /usr/lib/liblzma.so.5.6.3
7777dc947000-7777dc952000 r--p 00026000 b3:02 145974                     /usr/lib/liblzma.so.5.6.3
7777dc952000-7777dc953000 r--p 00031000 b3:02 145974                     /usr/lib/liblzma.so.5.6.3
7777dc953000-7777dc954000 rw-p 00032000 b3:02 145974                     /usr/lib/liblzma.so.5.6.3
7777dc954000-7777dc956000 r--p 00000000 b3:02 181577                     /usr/lib/libpciaccess.so.0.11.1
7777dc956000-7777dc95b000 r-xp 00002000 b3:02 181577                     /usr/lib/libpciaccess.so.0.11.1
7777dc95b000-7777dc95d000 r--p 00007000 b3:02 181577                     /usr/lib/libpciaccess.so.0.11.1
7777dc95d000-7777dc95e000 r--p 00008000 b3:02 181577                     /usr/lib/libpciaccess.so.0.11.1
7777dc95e000-7777dc95f000 rw-p 00009000 b3:02 181577                     /usr/lib/libpciaccess.so.0.11.1
7777dc95f000-7777dc980000 r--p 00000000 b3:02 149196                     /usr/lib/libxml2.so.2.13.5
7777dc980000-7777dca64000 r-xp 00021000 b3:02 149196                     /usr/lib/libxml2.so.2.13.5
7777dca64000-7777dca9f000 r--p 00105000 b3:02 149196                     /usr/lib/libxml2.so.2.13.5
7777dca9f000-7777dcaaa000 r--p 00140000 b3:02 149196                     /usr/lib/libxml2.so.2.13.5
7777dcaaa000-7777dcaab000 rw-p 0014b000 b3:02 149196                     /usr/lib/libxml2.so.2.13.5
7777dcaab000-7777dcaac000 rw-p 00000000 00:00 0 
7777dcaac000-7777dcab9000 r--p 00000000 b3:02 135366                     /usr/lib/libncursesw.so.6.5
7777dcab9000-7777dcb00000 r-xp 0000d000 b3:02 135366                     /usr/lib/libncursesw.so.6.5
7777dcb00000-7777dcb16000 r--p 00054000 b3:02 135366                     /usr/lib/libncursesw.so.6.5
7777dcb16000-7777dcb1a000 r--p 0006a000 b3:02 135366                     /usr/lib/libncursesw.so.6.5
7777dcb1a000-7777dcb1b000 rw-p 0006e000 b3:02 135366                     /usr/lib/libncursesw.so.6.5
7777dcb1b000-7777dcb21000 r--p 00000000 b3:02 181648                     /usr/lib/libedit.so.0.0.73
7777dcb21000-7777dcb41000 r-xp 00006000 b3:02 181648                     /usr/lib/libedit.so.0.0.73
7777dcb41000-7777dcb4e000 r--p 00026000 b3:02 181648                     /usr/lib/libedit.so.0.0.73
7777dcb4e000-7777dcb50000 r--p 00033000 b3:02 181648                     /usr/lib/libedit.so.0.0.73
7777dcb50000-7777dcb51000 rw-p 00035000 b3:02 181648                     /usr/lib/libedit.so.0.0.73
7777dcb51000-7777dcb54000 rw-p 00000000 00:00 0 
7777dcb54000-7777dcb56000 r--p 00000000 b3:02 150786                     /usr/lib/libffi.so.8.1.4
7777dcb56000-7777dcb5c000 r-xp 00002000 b3:02 150786                     /usr/lib/libffi.so.8.1.4
7777dcb5c000-7777dcb5d000 r--p 00008000 b3:02 150786                     /usr/lib/libffi.so.8.1.4
7777dcb5d000-7777dcb5e000 r--p 00009000 b3:02 150786                     /usr/lib/libffi.so.8.1.4
7777dcb5e000-7777dcb5f000 rw-p 0000a000 b3:02 150786                     /usr/lib/libffi.so.8.1.4
7777dcb5f000-7777dcb62000 r--p 00000000 b3:02 181596                     /usr/lib/libdrm_intel.so.1.123.0
7777dcb62000-7777dcb78000 r-xp 00003000 b3:02 181596                     /usr/lib/libdrm_intel.so.1.123.0
7777dcb78000-7777dcb81000 r--p 00019000 b3:02 181596                     /usr/lib/libdrm_intel.so.1.123.0
7777dcb81000-7777dcb82000 r--p 00022000 b3:02 181596                     /usr/lib/libdrm_intel.so.1.123.0
7777dcb82000-7777dcb83000 rw-p 00023000 b3:02 181596                     /usr/lib/libdrm_intel.so.1.123.0
7777dcb83000-7777dcb86000 r--p 00000000 b3:02 181593                     /usr/lib/libdrm_amdgpu.so.1.123.0
7777dcb86000-7777dcb8b000 r-xp 00003000 b3:02 181593                     /usr/lib/libdrm_amdgpu.so.1.123.0
7777dcb8b000-7777dcb8d000 r--p 00008000 b3:02 181593                     /usr/lib/libdrm_amdgpu.so.1.123.0
7777dcb8d000-7777dcb8e000 r--p 00009000 b3:02 181593                     /usr/lib/libdrm_amdgpu.so.1.123.0
7777dcb8e000-7777dcb8f000 rw-p 0000a000 b3:02 181593                     /usr/lib/libdrm_amdgpu.so.1.123.0
7777dcb8f000-7777dcb92000 r--p 00000000 b3:02 155848                     /usr/lib/libelf-0.192.so
7777dcb92000-7777dcba5000 r-xp 00003000 b3:02 155848                     /usr/lib/libelf-0.192.so
7777dcba5000-7777dcba9000 r--p 00016000 b3:02 155848                     /usr/lib/libelf-0.192.so
7777dcba9000-7777dcbaa000 r--p 00019000 b3:02 155848                     /usr/lib/libelf-0.192.so
7777dcbaa000-7777dcbab000 rw-p 0001a000 b3:02 155848                     /usr/lib/libelf-0.192.so
7777dcbab000-7777dcbad000 r--p 00000000 b3:02 181602                     /usr/lib/libdrm_radeon.so.1.123.0
7777dcbad000-7777dcbb3000 r-xp 00002000 b3:02 181602                     /usr/lib/libdrm_radeon.so.1.123.0
7777dcbb3000-7777dcbb7000 r--p 00008000 b3:02 181602                     /usr/lib/libdrm_radeon.so.1.123.0
7777dcbb7000-7777dcbb8000 r--p 0000b000 b3:02 181602                     /usr/lib/libdrm_radeon.so.1.123.0
7777dcbb8000-7777dcbb9000 rw-p 0000c000 b3:02 181602                     /usr/lib/libdrm_radeon.so.1.123.0
7777dcbb9000-7777dcbbb000 r--p 00000000 b3:02 181713                     /usr/lib/libsensors.so.5.0.0
7777dcbbb000-7777dcbc2000 r-xp 00002000 b3:02 181713                     /usr/lib/libsensors.so.5.0.0
7777dcbc2000-7777dcbc6000 r--p 00009000 b3:02 181713                     /usr/lib/libsensors.so.5.0.0
7777dcbc6000-7777dcbc7000 r--p 0000d000 b3:02 181713                     /usr/lib/libsensors.so.5.0.0
7777dcbc7000-7777dcbc8000 rw-p 0000e000 b3:02 181713                     /usr/lib/libsensors.so.5.0.0
7777dcbc8000-7777dcbd4000 r--p 00000000 b3:02 146266                     /usr/lib/libzstd.so.1.5.6
7777dcbd4000-7777dcc94000 r-xp 0000c000 b3:02 146266                     /usr/lib/libzstd.so.1.5.6
7777dcc94000-7777dcca5000 r--p 000cc000 b3:02 146266                     /usr/lib/libzstd.so.1.5.6
7777dcca5000-7777dcca6000 r--p 000dd000 b3:02 146266                     /usr/lib/libzstd.so.1.5.6
7777dcca6000-7777dcca7000 rw-p 000de000 b3:02 146266                     /usr/lib/libzstd.so.1.5.6
7777dcca7000-7777dccaa000 r--p 00000000 b3:02 176365                     /usr/lib/libxcb-xfixes.so.0.0.0
7777dccaa000-7777dccad000 r-xp 00003000 b3:02 176365                     /usr/lib/libxcb-xfixes.so.0.0.0
7777dccad000-7777dccae000 r--p 00006000 b3:02 176365                     /usr/lib/libxcb-xfixes.so.0.0.0
7777dccae000-7777dccaf000 r--p 00007000 b3:02 176365                     /usr/lib/libxcb-xfixes.so.0.0.0
7777dccaf000-7777dccb0000 rw-p 00008000 b3:02 176365                     /usr/lib/libxcb-xfixes.so.0.0.0
7777dccb0000-7777dccb3000 r--p 00000000 b3:02 176359                     /usr/lib/libxcb-sync.so.1.0.0
7777dccb3000-7777dccb6000 r-xp 00003000 b3:02 176359                     /usr/lib/libxcb-sync.so.1.0.0
7777dccb6000-7777dccb7000 r--p 00006000 b3:02 176359                     /usr/lib/libxcb-sync.so.1.0.0
7777dccb7000-7777dccb8000 r--p 00007000 b3:02 176359                     /usr/lib/libxcb-sync.so.1.0.0
7777dccb8000-7777dccb9000 rw-p 00008000 b3:02 176359                     /usr/lib/libxcb-sync.so.1.0.0
7777dccb9000-7777dccba000 r--p 00000000 b3:02 176335                     /usr/lib/libxcb-present.so.0.0.0
7777dccba000-7777dccbb000 r-xp 00001000 b3:02 176335                     /usr/lib/libxcb-present.so.0.0.0
7777dccbb000-7777dccbc000 r--p 00002000 b3:02 176335                     /usr/lib/libxcb-present.so.0.0.0
7777dccbc000-7777dccbd000 r--p 00002000 b3:02 176335                     /usr/lib/libxcb-present.so.0.0.0
7777dccbd000-7777dccbe000 rw-p 00003000 b3:02 176335                     /usr/lib/libxcb-present.so.0.0.0
7777dccbe000-7777dccc0000 r--p 00000000 b3:02 176329                     /usr/lib/libxcb-dri3.so.0.1.0
7777dccc0000-7777dccc2000 r-xp 00002000 b3:02 176329                     /usr/lib/libxcb-dri3.so.0.1.0
7777dccc2000-7777dccc3000 r--p 00004000 b3:02 176329                     /usr/lib/libxcb-dri3.so.0.1.0
7777dccc3000-7777dccc4000 r--p 00004000 b3:02 176329                     /usr/lib/libxcb-dri3.so.0.1.0
7777dccc4000-7777dccc5000 rw-p 00005000 b3:02 176329                     /usr/lib/libxcb-dri3.so.0.1.0
7777dccc5000-7777dcccc000 r--p 00000000 b3:02 176338                     /usr/lib/libxcb-randr.so.0.1.0
7777dcccc000-7777dccd2000 r-xp 00007000 b3:02 176338                     /usr/lib/libxcb-randr.so.0.1.0
7777dccd2000-7777dccd5000 r--p 0000d000 b3:02 176338                     /usr/lib/libxcb-randr.so.0.1.0
7777dccd5000-7777dccd6000 r--p 00010000 b3:02 176338                     /usr/lib/libxcb-randr.so.0.1.0
7777dccd6000-7777dccd7000 rw-p 00011000 b3:02 176338                     /usr/lib/libxcb-randr.so.0.1.0
7777dccd7000-7777dccd8000 r--p 00000000 b3:02 181616                     /usr/lib/libxshmfence.so.1.0.0
7777dccd8000-7777dccd9000 r-xp 00001000 b3:02 181616                     /usr/lib/libxshmfence.so.1.0.0
7777dccd9000-7777dccda000 r--p 00002000 b3:02 181616                     /usr/lib/libxshmfence.so.1.0.0
7777dccda000-7777dccdb000 r--p 00002000 b3:02 181616                     /usr/lib/libxshmfence.so.1.0.0
7777dccdb000-7777dccdc000 rw-p 00003000 b3:02 181616                     /usr/lib/libxshmfence.so.1.0.0
7777dccdc000-7777dccde000 r--p 00000000 b3:02 154964                     /usr/lib/libexpat.so.1.10.0
7777dccde000-7777dccfb000 r-xp 00002000 b3:02 154964                     /usr/lib/libexpat.so.1.10.0
7777dccfb000-7777dcd03000 r--p 0001f000 b3:02 154964                     /usr/lib/libexpat.so.1.10.0
7777dcd03000-7777dcd05000 r--p 00026000 b3:02 154964                     /usr/lib/libexpat.so.1.10.0
7777dcd05000-7777dcd06000 rw-p 00028000 b3:02 154964                     /usr/lib/libexpat.so.1.10.0
7777dcd06000-7777dcd12000 r--p 00000000 b3:02 176332                     /usr/lib/libxcb-glx.so.0.0.0
7777dcd12000-7777dcd1b000 r-xp 0000c000 b3:02 176332                     /usr/lib/libxcb-glx.so.0.0.0
7777dcd1b000-7777dcd20000 r--p 00015000 b3:02 176332                     /usr/lib/libxcb-glx.so.0.0.0
7777dcd20000-7777dcd22000 r--p 0001a000 b3:02 176332                     /usr/lib/libxcb-glx.so.0.0.0
7777dcd22000-7777dcd23000 rw-p 0001c000 b3:02 176332                     /usr/lib/libxcb-glx.so.0.0.0
7777dcd23000-7777dcd28000 r--p 00000000 b3:02 181590                     /usr/lib/libdrm.so.2.123.0
7777dcd28000-7777dcd34000 r-xp 00005000 b3:02 181590                     /usr/lib/libdrm.so.2.123.0
7777dcd34000-7777dcd38000 r--p 00011000 b3:02 181590                     /usr/lib/libdrm.so.2.123.0
7777dcd38000-7777dcd39000 r--p 00015000 b3:02 181590                     /usr/lib/libdrm.so.2.123.0
7777dcd39000-7777dcd3a000 rw-p 00016000 b3:02 181590                     /usr/lib/libdrm.so.2.123.0
7777dcd3a000-7777dcd3b000 r--p 00000000 b3:02 186207                     /usr/lib/libglapi.so.0.0.0
7777dcd3b000-7777dcd49000 r-xp 00001000 b3:02 186207                     /usr/lib/libglapi.so.0.0.0
7777dcd49000-7777dcd5d000 r--p 0000f000 b3:02 186207                     /usr/lib/libglapi.so.0.0.0
7777dcd5d000-7777dcd61000 r--p 00023000 b3:02 186207                     /usr/lib/libglapi.so.0.0.0
7777dcd61000-7777dcd62000 rw-p 00027000 b3:02 186207                     /usr/lib/libglapi.so.0.0.0
7777dcd62000-7777dcd78000 r--p 00000000 b3:02 181748                     /usr/lib/libGLX_mesa.so.0.0.0
7777dcd78000-7777dcdb7000 r-xp 00016000 b3:02 181748                     /usr/lib/libGLX_mesa.so.0.0.0
7777dcdb7000-7777dcdca000 r--p 00055000 b3:02 181748                     /usr/lib/libGLX_mesa.so.0.0.0
7777dcdca000-7777dcdce000 r--p 00067000 b3:02 181748                     /usr/lib/libGLX_mesa.so.0.0.0
7777dcdce000-7777dcdcf000 rw-p 0006b000 b3:02 181748                     /usr/lib/libGLX_mesa.so.0.0.0
7777dcdcf000-7777dce10000 r--p 00000000 b3:02 181820                     /usr/lib/libGLdispatch.so.0.0.0
7777dce10000-7777dce4f000 r-xp 00041000 b3:02 181820                     /usr/lib/libGLdispatch.so.0.0.0
7777dce4f000-7777dce62000 r--p 00080000 b3:02 181820                     /usr/lib/libGLdispatch.so.0.0.0
7777dce62000-7777dce7e000 r--p 00093000 b3:02 181820                     /usr/lib/libGLdispatch.so.0.0.0
7777dce7e000-7777dce7f000 rw-p 000af000 b3:02 181820                     /usr/lib/libGLdispatch.so.0.0.0
7777dce7f000-7777dce87000 rw-p 00000000 00:00 0 
7777dce87000-7777dce8a000 r--p 00000000 b3:02 181817                     /usr/lib/libGLX.so.0.0.0
7777dce8a000-7777dcea4000 r-xp 00003000 b3:02 181817                     /usr/lib/libGLX.so.0.0.0
7777dcea4000-7777dcea7000 r--p 0001d000 b3:02 181817                     /usr/lib/libGLX.so.0.0.0
7777dcea7000-7777dcea8000 r--p 00020000 b3:02 181817                     /usr/lib/libGLX.so.0.0.0
7777dcea8000-7777dcea9000 rw-p 00021000 b3:02 181817                     /usr/lib/libGLX.so.0.0.0
7777dcea9000-7777dceb9000 rw-p 00000000 00:00 0 
7777dceb9000-7777dced0000 r--p 00000000 b3:02 178728                     /usr/lib/libX11.so.6.4.0
7777dced0000-7777dcf64000 r-xp 00017000 b3:02 178728                     /usr/lib/libX11.so.6.4.0
7777dcf64000-7777dcff3000 r--p 000ab000 b3:02 178728                     /usr/lib/libX11.so.6.4.0
7777dcff3000-7777dcff6000 r--p 00139000 b3:02 178728                     /usr/lib/libX11.so.6.4.0
7777dcff6000-7777dcffa000 rw-p 0013c000 b3:02 178728                     /usr/lib/libX11.so.6.4.0
7777dcffa000-7777dcffb000 ---p 00000000 00:00 0 
7777dcffb000-7777dcfff000 ---p 00000000 00:00 0 
7777dcfff000-7777dd0fb000 rw-p 00000000 00:00 0 
7777dd0fb000-7777dd0fc000 ---p 00000000 00:00 0 
7777dd0fc000-7777dd100000 ---p 00000000 00:00 0 
7777dd100000-7777dd1fc000 rw-p 00000000 00:00 0 
7777dd1fc000-7777dd1fd000 ---p 00000000 00:00 0 
7777dd1fd000-7777dd201000 ---p 00000000 00:00 0 
7777dd201000-7777dd2fd000 rw-p 00000000 00:00 0 
7777dd2fd000-7777dd2fe000 ---p 00000000 00:00 0 
7777dd2fe000-7777dd302000 ---p 00000000 00:00 0 
7777dd302000-7777dd3fe000 rw-p 00000000 00:00 0 
7777dd3fe000-7777dd3ff000 ---p 00000000 00:00 0 
7777dd3ff000-7777dd403000 ---p 00000000 00:00 0 
7777dd403000-7777dd4ff000 rw-p 00000000 00:00 0 
7777dd4ff000-7777dd500000 ---p 00000000 00:00 0 
7777dd500000-7777dd504000 ---p 00000000 00:00 0 
7777dd504000-7777dd600000 rw-p 00000000 00:00 0 
7777dd600000-7777df6f0000 rw-p 00000000 00:00 0 
7777df6f0000-7777e04c0000 ---p 00000000 00:00 0 
7777e04c0000-7777e04c8000 rw-p 00000000 00:00 0 
7777e04c8000-7777e04c9000 r--p 00000000 b3:02 176356                     /usr/lib/libxcb-shm.so.0.0.0
7777e04c9000-7777e04ca000 r-xp 00001000 b3:02 176356                     /usr/lib/libxcb-shm.so.0.0.0
7777e04ca000-7777e04cb000 r--p 00002000 b3:02 176356                     /usr/lib/libxcb-shm.so.0.0.0
7777e04cb000-7777e04cc000 r--p 00002000 b3:02 176356                     /usr/lib/libxcb-shm.so.0.0.0
7777e04cc000-7777e04cd000 rw-p 00003000 b3:02 176356                     /usr/lib/libxcb-shm.so.0.0.0
7777e04cd000-7777e04cf000 r--p 00000000 b3:02 176326                     /usr/lib/libxcb-dri2.so.0.0.0
7777e04cf000-7777e04d1000 r-xp 00002000 b3:02 176326                     /usr/lib/libxcb-dri2.so.0.0.0
7777e04d1000-7777e04d2000 r--p 00004000 b3:02 176326                     /usr/lib/libxcb-dri2.so.0.0.0
7777e04d2000-7777e04d3000 r--p 00004000 b3:02 176326                     /usr/lib/libxcb-dri2.so.0.0.0
7777e04d3000-7777e04d4000 rw-p 00005000 b3:02 176326                     /usr/lib/libxcb-dri2.so.0.0.0
7777e04d4000-7777e04d5000 r--p 00000000 b3:02 178725                     /usr/lib/libX11-xcb.so.1.0.0
7777e04d5000-7777e04d6000 r-xp 00001000 b3:02 178725                     /usr/lib/libX11-xcb.so.1.0.0
7777e04d6000-7777e04d7000 r--p 00002000 b3:02 178725                     /usr/lib/libX11-xcb.so.1.0.0
7777e04d7000-7777e04d8000 r--p 00002000 b3:02 178725                     /usr/lib/libX11-xcb.so.1.0.0
7777e04d8000-7777e04d9000 rw-p 00003000 b3:02 178725                     /usr/lib/libX11-xcb.so.1.0.0
7777e04d9000-7777e04dc000 r--p 00000000 b3:02 181990                     /usr/lib/libXcursor.so.1.0.2
7777e04dc000-7777e04e2000 r-xp 00003000 b3:02 181990                     /usr/lib/libXcursor.so.1.0.2
7777e04e2000-7777e04e4000 r--p 00009000 b3:02 181990                     /usr/lib/libXcursor.so.1.0.2
7777e04e4000-7777e04e5000 r--p 0000a000 b3:02 181990                     /usr/lib/libXcursor.so.1.0.2
7777e04e5000-7777e04e6000 rw-p 0000b000 b3:02 181990                     /usr/lib/libXcursor.so.1.0.2
7777e04e6000-7777e04e8000 r--p 00000000 b3:02 180183                     /usr/lib/libXrender.so.1.3.0
7777e04e8000-7777e04ef000 r-xp 00002000 b3:02 180183                     /usr/lib/libXrender.so.1.3.0
7777e04ef000-7777e04f0000 r--p 00009000 b3:02 180183                     /usr/lib/libXrender.so.1.3.0
7777e04f0000-7777e04f1000 r--p 00009000 b3:02 180183                     /usr/lib/libXrender.so.1.3.0
7777e04f1000-7777e04f2000 rw-p 0000a000 b3:02 180183                     /usr/lib/libXrender.so.1.3.0
7777e04f2000-7777e04f4000 r--p 00000000 b3:02 182066                     /usr/lib/libXrandr.so.2.2.0
7777e04f4000-7777e04fb000 r-xp 00002000 b3:02 182066                     /usr/lib/libXrandr.so.2.2.0
7777e04fb000-7777e04fd000 r--p 00009000 b3:02 182066                     /usr/lib/libXrandr.so.2.2.0
7777e04fd000-7777e04fe000 r--p 0000a000 b3:02 182066                     /usr/lib/libXrandr.so.2.2.0
7777e04fe000-7777e04ff000 rw-p 0000b000 b3:02 182066                     /usr/lib/libXrandr.so.2.2.0
7777e04ff000-7777e0500000 ---p 00000000 00:00 0 
7777e0500000-7777e0504000 ---p 00000000 00:00 0 
7777e0504000-7777e0600000 rw-p 00000000 00:00 0 
7777e0600000-7777e0870000 rwxp 00000000 00:00 0 
7777e0870000-7777e7b38000 ---p 00000000 00:00 0 
7777e7b38000-7777e7da8000 rwxp 00000000 00:00 0 
7777e7da8000-7777e80c7000 ---p 00000000 00:00 0 
7777e80c7000-7777e8337000 rwxp 00000000 00:00 0 
7777e8337000-7777ef600000 ---p 00000000 00:00 0 
7777ef600000-7777f7e0d000 r--s 00000000 b3:02 329934                     /usr/lib/jvm/java-21-openjdk/lib/modules
7777f7e0e000-7777f7e10000 r--p 00000000 b3:02 179607                     /usr/lib/libXfixes.so.3.1.0
7777f7e10000-7777f7e13000 r-xp 00002000 b3:02 179607                     /usr/lib/libXfixes.so.3.1.0
7777f7e13000-7777f7e14000 r--p 00005000 b3:02 179607                     /usr/lib/libXfixes.so.3.1.0
7777f7e14000-7777f7e15000 r--p 00005000 b3:02 179607                     /usr/lib/libXfixes.so.3.1.0
7777f7e15000-7777f7e16000 rw-p 00006000 b3:02 179607                     /usr/lib/libXfixes.so.3.1.0
7777f7e16000-7777f7e19000 r--p 00000000 b3:02 179612                     /usr/lib/libXi.so.6.1.0
7777f7e19000-7777f7e25000 r-xp 00003000 b3:02 179612                     /usr/lib/libXi.so.6.1.0
7777f7e25000-7777f7e27000 r--p 0000f000 b3:02 179612                     /usr/lib/libXi.so.6.1.0
7777f7e27000-7777f7e28000 r--p 00011000 b3:02 179612                     /usr/lib/libXi.so.6.1.0
7777f7e28000-7777f7e29000 rw-p 00012000 b3:02 179612                     /usr/lib/libXi.so.6.1.0
7777f7e29000-7777f7e2d000 r--p 00000000 b3:02 179542                     /usr/lib/libXext.so.6.4.0
7777f7e2d000-7777f7e38000 r-xp 00004000 b3:02 179542                     /usr/lib/libXext.so.6.4.0
7777f7e38000-7777f7e3c000 r--p 0000f000 b3:02 179542                     /usr/lib/libXext.so.6.4.0
7777f7e3c000-7777f7e3d000 r--p 00012000 b3:02 179542                     /usr/lib/libXext.so.6.4.0
7777f7e3d000-7777f7e3e000 rw-p 00013000 b3:02 179542                     /usr/lib/libXext.so.6.4.0
7777f7e3e000-7777f7e3f000 r--p 00000000 b3:02 181620                     /usr/lib/libXxf86vm.so.1.0.0
7777f7e3f000-7777f7e42000 r-xp 00001000 b3:02 181620                     /usr/lib/libXxf86vm.so.1.0.0
7777f7e42000-7777f7e43000 r--p 00004000 b3:02 181620                     /usr/lib/libXxf86vm.so.1.0.0
7777f7e43000-7777f7e44000 r--p 00004000 b3:02 181620                     /usr/lib/libXxf86vm.so.1.0.0
7777f7e44000-7777f7e45000 rw-p 00005000 b3:02 181620                     /usr/lib/libXxf86vm.so.1.0.0
7777f7e45000-7777f7e51000 r--p 00000000 b3:02 176386                     /usr/lib/libxcb.so.1.1.0
7777f7e51000-7777f7e65000 r-xp 0000c000 b3:02 176386                     /usr/lib/libxcb.so.1.1.0
7777f7e65000-7777f7e6e000 r--p 00020000 b3:02 176386                     /usr/lib/libxcb.so.1.1.0
7777f7e6e000-7777f7e6f000 r--p 00028000 b3:02 176386                     /usr/lib/libxcb.so.1.1.0
7777f7e6f000-7777f7e70000 rw-p 00029000 b3:02 176386                     /usr/lib/libxcb.so.1.1.0
7777f7e70000-7777f7e7f000 r--p 00000000 00:2a 231                        /tmp/lwjgl_zeph/3.3.4+7/x64/libglfw.so
7777f7e7f000-7777f7ea0000 r-xp 0000f000 00:2a 231                        /tmp/lwjgl_zeph/3.3.4+7/x64/libglfw.so
7777f7ea0000-7777f7ed4000 r--p 00030000 00:2a 231                        /tmp/lwjgl_zeph/3.3.4+7/x64/libglfw.so
7777f7ed4000-7777f7ed5000 ---p 00064000 00:2a 231                        /tmp/lwjgl_zeph/3.3.4+7/x64/libglfw.so
7777f7ed5000-7777f7ed9000 r--p 00064000 00:2a 231                        /tmp/lwjgl_zeph/3.3.4+7/x64/libglfw.so
7777f7ed9000-7777f7edc000 rw-p 00068000 00:2a 231                        /tmp/lwjgl_zeph/3.3.4+7/x64/libglfw.so
7777f7edc000-7777f7eff000 rw-p 00000000 00:00 0 
7777f7eff000-7777f7f00000 ---p 00000000 00:00 0 
7777f7f00000-7777f7f04000 ---p 00000000 00:00 0 
7777f7f04000-7777f8000000 rw-p 00000000 00:00 0 
7777f8000000-7777f9419000 rw-p 00000000 00:00 0 
7777f9419000-7777fc000000 ---p 00000000 00:00 0 
7777fc000000-7777fc001000 r--p 00000000 b3:02 182057                     /usr/lib/libXinerama.so.1.0.0
7777fc001000-7777fc002000 r-xp 00001000 b3:02 182057                     /usr/lib/libXinerama.so.1.0.0
7777fc002000-7777fc003000 r--p 00002000 b3:02 182057                     /usr/lib/libXinerama.so.1.0.0
7777fc003000-7777fc004000 r--p 00002000 b3:02 182057                     /usr/lib/libXinerama.so.1.0.0
7777fc004000-7777fc005000 rw-p 00003000 b3:02 182057                     /usr/lib/libXinerama.so.1.0.0
7777fc005000-7777fc007000 r--p 00000000 b3:02 176297                     /usr/lib/libXdmcp.so.6.0.0
7777fc007000-7777fc009000 r-xp 00002000 b3:02 176297                     /usr/lib/libXdmcp.so.6.0.0
7777fc009000-7777fc00b000 r--p 00004000 b3:02 176297                     /usr/lib/libXdmcp.so.6.0.0
7777fc00b000-7777fc00c000 r--p 00005000 b3:02 176297                     /usr/lib/libXdmcp.so.6.0.0
7777fc00c000-7777fc00d000 rw-p 00006000 b3:02 176297                     /usr/lib/libXdmcp.so.6.0.0
7777fc00e000-7777fc01e000 rw-s 106ef8000 00:10 1063                      anon_inode:i915.gem
7777fc01e000-7777fc02e000 rw-s 102e78000 00:10 1063                      anon_inode:i915.gem
7777fc02e000-7777fc033000 r--p 00000000 b3:02 329917                     /usr/lib/jvm/java-21-openjdk/lib/libjsvml.so
7777fc033000-7777fc074000 r-xp 00005000 b3:02 329917                     /usr/lib/jvm/java-21-openjdk/lib/libjsvml.so
7777fc074000-7777fc0fd000 r--p 00046000 b3:02 329917                     /usr/lib/jvm/java-21-openjdk/lib/libjsvml.so
7777fc0fd000-7777fc0fe000 r--p 000ce000 b3:02 329917                     /usr/lib/jvm/java-21-openjdk/lib/libjsvml.so
7777fc0fe000-7777fc0ff000 rw-p 000cf000 b3:02 329917                     /usr/lib/jvm/java-21-openjdk/lib/libjsvml.so
7777fc0ff000-7777fc100000 ---p 00000000 00:00 0 
7777fc100000-7777fc104000 ---p 00000000 00:00 0 
7777fc104000-7777fc200000 rw-p 00000000 00:00 0 
7777fc200000-7777fc4eb000 r--p 00000000 b3:02 175391                     /usr/lib/locale/locale-archive
7777fc4ec000-7777fc4ee000 rw-s 107423000 00:10 1063                      anon_inode:i915.gem
7777fc4ee000-7777fc4ef000 rw-s 101da6000 00:10 1063                      anon_inode:i915.gem
7777fc4ef000-7777fc4f0000 r--p 00000000 b3:02 176301                     /usr/lib/libXau.so.6.0.0
7777fc4f0000-7777fc4f1000 r-xp 00001000 b3:02 176301                     /usr/lib/libXau.so.6.0.0
7777fc4f1000-7777fc4f2000 r--p 00002000 b3:02 176301                     /usr/lib/libXau.so.6.0.0
7777fc4f2000-7777fc4f3000 r--p 00002000 b3:02 176301                     /usr/lib/libXau.so.6.0.0
7777fc4f3000-7777fc4f4000 rw-p 00003000 b3:02 176301                     /usr/lib/libXau.so.6.0.0
7777fc4f4000-7777fc4f5000 r--p 00000000 b3:02 134499                     /usr/lib/librt.so.1
7777fc4f5000-7777fc4f6000 r-xp 00001000 b3:02 134499                     /usr/lib/librt.so.1
7777fc4f6000-7777fc4f7000 r--p 00002000 b3:02 134499                     /usr/lib/librt.so.1
7777fc4f7000-7777fc4f8000 r--p 00002000 b3:02 134499                     /usr/lib/librt.so.1
7777fc4f8000-7777fc4f9000 rw-p 00003000 b3:02 134499                     /usr/lib/librt.so.1
7777fc4f9000-7777fc4fa000 r--p 00000000 b3:02 134494                     /usr/lib/libpthread.so.0
7777fc4fa000-7777fc4fb000 r-xp 00001000 b3:02 134494                     /usr/lib/libpthread.so.0
7777fc4fb000-7777fc4fc000 r--p 00002000 b3:02 134494                     /usr/lib/libpthread.so.0
7777fc4fc000-7777fc4fd000 r--p 00002000 b3:02 134494                     /usr/lib/libpthread.so.0
7777fc4fd000-7777fc4fe000 rw-p 00003000 b3:02 134494                     /usr/lib/libpthread.so.0
7777fc4fe000-7777fc4ff000 r--p 00000000 b3:02 134472                     /usr/lib/libdl.so.2
7777fc4ff000-7777fc500000 r-xp 00001000 b3:02 134472                     /usr/lib/libdl.so.2
7777fc500000-7777fc501000 r--p 00002000 b3:02 134472                     /usr/lib/libdl.so.2
7777fc501000-7777fc502000 r--p 00002000 b3:02 134472                     /usr/lib/libdl.so.2
7777fc502000-7777fc503000 rw-p 00003000 b3:02 134472                     /usr/lib/libdl.so.2
7777fc503000-7777fc52d000 r--p 00000000 00:2a 230                        /tmp/lwjgl_zeph/3.3.4+7/x64/liblwjgl.so
7777fc52d000-7777fc55f000 r-xp 0002a000 00:2a 230                        /tmp/lwjgl_zeph/3.3.4+7/x64/liblwjgl.so
7777fc55f000-7777fc578000 r--p 0005c000 00:2a 230                        /tmp/lwjgl_zeph/3.3.4+7/x64/liblwjgl.so
7777fc578000-7777fc579000 r--p 00074000 00:2a 230                        /tmp/lwjgl_zeph/3.3.4+7/x64/liblwjgl.so
7777fc579000-7777fc57a000 rw-p 00075000 00:2a 230                        /tmp/lwjgl_zeph/3.3.4+7/x64/liblwjgl.so
7777fc57a000-7777fc581000 r--p 00000000 b3:02 329925                     /usr/lib/jvm/java-21-openjdk/lib/libnio.so
7777fc581000-7777fc58a000 r-xp 00007000 b3:02 329925                     /usr/lib/jvm/java-21-openjdk/lib/libnio.so
7777fc58a000-7777fc58f000 r--p 00010000 b3:02 329925                     /usr/lib/jvm/java-21-openjdk/lib/libnio.so
7777fc58f000-7777fc590000 r--p 00014000 b3:02 329925                     /usr/lib/jvm/java-21-openjdk/lib/libnio.so
7777fc590000-7777fc591000 rw-p 00015000 b3:02 329925                     /usr/lib/jvm/java-21-openjdk/lib/libnio.so
7777fc591000-7777fc592000 ---p 00000000 00:00 0 
7777fc592000-7777fc692000 rw-p 00000000 00:00 0 
7777fc692000-7777fc693000 ---p 00000000 00:00 0 
7777fc693000-7777fc793000 rw-p 00000000 00:00 0 
7777fc793000-7777fc86f000 rw-p 00000000 00:00 0 
7777fc86f000-7777fc870000 ---p 00000000 00:00 0 
7777fc870000-7777fc970000 rw-p 00000000 00:00 0 
7777fc970000-7777fc971000 ---p 00000000 00:00 0 
7777fc971000-7777fca71000 rw-p 00000000 00:00 0 
7777fca71000-7777fcc73000 rw-p 00000000 00:00 0 
7777fcc73000-7777fcc74000 ---p 00000000 00:00 0 
7777fcc74000-7777fcd74000 rw-p 00000000 00:00 0 
7777fcd74000-7777fcd75000 ---p 00000000 00:00 0 
7777fcd75000-7777fce75000 rw-p 00000000 00:00 0 
7777fce75000-7777fce76000 ---p 00000000 00:00 0 
7777fce76000-7777fcf76000 rw-p 00000000 00:00 0 
7777fcf76000-7777fcf94000 rw-p 00000000 00:00 0 
7777fcf94000-7777fd14e000 ---p 00000000 00:00 0 
7777fd14e000-7777fd16d000 rw-p 00000000 00:00 0 
7777fd16d000-7777fd327000 ---p 00000000 00:00 0 
7777fd327000-7777fd52f000 rw-p 00000000 00:00 0 
7777fd52f000-7777fd615000 ---p 00000000 00:00 0 
7777fd615000-7777fd61a000 rw-p 00000000 00:00 0 
7777fd61a000-7777fd700000 ---p 00000000 00:00 0 
7777fd700000-7777fd704000 ---p 00000000 00:00 0 
7777fd704000-7777fd800000 rw-p 00000000 00:00 0 
7777fd800000-7777fd897000 r--p 00000000 b3:02 133657                     /usr/lib/libstdc++.so.6.0.33
7777fd897000-7777fd9e4000 r-xp 00097000 b3:02 133657                     /usr/lib/libstdc++.so.6.0.33
7777fd9e4000-7777fda74000 r--p 001e4000 b3:02 133657                     /usr/lib/libstdc++.so.6.0.33
7777fda74000-7777fda81000 r--p 00274000 b3:02 133657                     /usr/lib/libstdc++.so.6.0.33
7777fda81000-7777fda82000 rw-p 00281000 b3:02 133657                     /usr/lib/libstdc++.so.6.0.33
7777fda82000-7777fda86000 rw-p 00000000 00:00 0 
7777fda86000-7777fda87000 rw-s 1041f1000 00:10 1063                      anon_inode:i915.gem
7777fda87000-7777fda89000 r--p 00000000 b3:02 329933                     /usr/lib/jvm/java-21-openjdk/lib/libzip.so
7777fda89000-7777fda8d000 r-xp 00002000 b3:02 329933                     /usr/lib/jvm/java-21-openjdk/lib/libzip.so
7777fda8d000-7777fda8f000 r--p 00006000 b3:02 329933                     /usr/lib/jvm/java-21-openjdk/lib/libzip.so
7777fda8f000-7777fda90000 r--p 00007000 b3:02 329933                     /usr/lib/jvm/java-21-openjdk/lib/libzip.so
7777fda90000-7777fda91000 rw-p 00008000 b3:02 329933                     /usr/lib/jvm/java-21-openjdk/lib/libzip.so
7777fda91000-7777fdaf2000 rw-p 00000000 00:00 0 
7777fdaf2000-7777fdafc000 r--p 00000000 b3:02 329907                     /usr/lib/jvm/java-21-openjdk/lib/libjava.so
7777fdafc000-7777fdb09000 r-xp 0000a000 b3:02 329907                     /usr/lib/jvm/java-21-openjdk/lib/libjava.so
7777fdb09000-7777fdb0e000 r--p 00017000 b3:02 329907                     /usr/lib/jvm/java-21-openjdk/lib/libjava.so
7777fdb0e000-7777fdb0f000 r--p 0001b000 b3:02 329907                     /usr/lib/jvm/java-21-openjdk/lib/libjava.so
7777fdb0f000-7777fdb10000 rw-p 0001c000 b3:02 329907                     /usr/lib/jvm/java-21-openjdk/lib/libjava.so
7777fdb10000-7777fdb11000 rw-p 00000000 00:00 0 
7777fdb11000-7777fdb1f000 r--p 00000000 b3:02 134477                     /usr/lib/libm.so.6
7777fdb1f000-7777fdba2000 r-xp 0000e000 b3:02 134477                     /usr/lib/libm.so.6
7777fdba2000-7777fdbfe000 r--p 00091000 b3:02 134477                     /usr/lib/libm.so.6
7777fdbfe000-7777fdbff000 r--p 000ec000 b3:02 134477                     /usr/lib/libm.so.6
7777fdbff000-7777fdc00000 rw-p 000ed000 b3:02 134477                     /usr/lib/libm.so.6
7777fdc00000-7777fdc0e000 r--p 00000000 b3:02 329944                     /usr/lib/jvm/java-21-openjdk/lib/server/libjvm.so
7777fdc0e000-7777feba0000 r-xp 0000e000 b3:02 329944                     /usr/lib/jvm/java-21-openjdk/lib/server/libjvm.so
7777feba0000-7777fed8f000 r--p 00fa0000 b3:02 329944                     /usr/lib/jvm/java-21-openjdk/lib/server/libjvm.so
7777fed8f000-7777fee60000 r--p 0118e000 b3:02 329944                     /usr/lib/jvm/java-21-openjdk/lib/server/libjvm.so
7777fee60000-7777fee8a000 rw-p 0125f000 b3:02 329944                     /usr/lib/jvm/java-21-openjdk/lib/server/libjvm.so
7777fee8a000-7777feef0000 rw-p 00000000 00:00 0 
7777feef0000-7777feef1000 rw-s 00000000 00:01 232099                     /memfd:xshmfence (deleted)
7777feef1000-7777feef2000 rw-p 00000000 00:00 0 
7777feef2000-7777feef3000 r-xp 0005a000 00:2a 230                        /tmp/lwjgl_zeph/3.3.4+7/x64/liblwjgl.so
7777feef3000-7777feef4000 rw-p 00000000 00:00 0 
7777feef4000-7777feef7000 r--p 00000000 b3:02 329924                     /usr/lib/jvm/java-21-openjdk/lib/libnet.so
7777feef7000-7777feefe000 r-xp 00003000 b3:02 329924                     /usr/lib/jvm/java-21-openjdk/lib/libnet.so
7777feefe000-7777fef00000 r--p 0000a000 b3:02 329924                     /usr/lib/jvm/java-21-openjdk/lib/libnet.so
7777fef00000-7777fef01000 r--p 0000b000 b3:02 329924                     /usr/lib/jvm/java-21-openjdk/lib/libnet.so
7777fef01000-7777fef02000 rw-p 0000c000 b3:02 329924                     /usr/lib/jvm/java-21-openjdk/lib/libnet.so
7777fef02000-7777fef06000 r--p 00000000 b3:02 133624                     /usr/lib/libgcc_s.so.1
7777fef06000-7777fef2a000 r-xp 00004000 b3:02 133624                     /usr/lib/libgcc_s.so.1
7777fef2a000-7777fef2e000 r--p 00028000 b3:02 133624                     /usr/lib/libgcc_s.so.1
7777fef2e000-7777fef2f000 r--p 0002b000 b3:02 133624                     /usr/lib/libgcc_s.so.1
7777fef2f000-7777fef30000 rw-p 0002c000 b3:02 133624                     /usr/lib/libgcc_s.so.1
7777fef30000-7777fef33000 rw-p 00000000 00:00 0 
7777fef33000-7777fef36000 r--p 00000000 b3:02 138543                     /usr/lib/libz.so.1.3.1
7777fef36000-7777fef44000 r-xp 00003000 b3:02 138543                     /usr/lib/libz.so.1.3.1
7777fef44000-7777fef4a000 r--p 00011000 b3:02 138543                     /usr/lib/libz.so.1.3.1
7777fef4a000-7777fef4b000 r--p 00017000 b3:02 138543                     /usr/lib/libz.so.1.3.1
7777fef4b000-7777fef4c000 rw-p 00018000 b3:02 138543                     /usr/lib/libz.so.1.3.1
7777fef4c000-7777fef70000 r--p 00000000 b3:02 134467                     /usr/lib/libc.so.6
7777fef70000-7777ff0e1000 r-xp 00024000 b3:02 134467                     /usr/lib/libc.so.6
7777ff0e1000-7777ff12f000 r--p 00195000 b3:02 134467                     /usr/lib/libc.so.6
7777ff12f000-7777ff133000 r--p 001e3000 b3:02 134467                     /usr/lib/libc.so.6
7777ff133000-7777ff135000 rw-p 001e7000 b3:02 134467                     /usr/lib/libc.so.6
7777ff135000-7777ff13d000 rw-p 00000000 00:00 0 
7777ff13e000-7777ff13f000 rw-s 1041f0000 00:10 1063                      anon_inode:i915.gem
7777ff13f000-7777ff140000 rw-s 10742e000 00:10 1063                      anon_inode:i915.gem
7777ff140000-7777ff141000 rw-s 10742d000 00:10 1063                      anon_inode:i915.gem
7777ff141000-7777ff146000 rw-p 00000000 00:00 0 
7777ff146000-7777ff14d000 ---p 00000000 00:00 0 
7777ff14d000-7777ff155000 rw-s 00000000 00:2a 19764                      /tmp/hsperfdata_zeph/510450
7777ff155000-7777ff156000 ---p 00000000 00:00 0 
7777ff156000-7777ff157000 r--p 00000000 00:00 0 
7777ff157000-7777ff158000 ---p 00000000 00:00 0 
7777ff158000-7777ff159000 r--p 00000000 b3:02 329913                     /usr/lib/jvm/java-21-openjdk/lib/libjimage.so
7777ff159000-7777ff15b000 r-xp 00001000 b3:02 329913                     /usr/lib/jvm/java-21-openjdk/lib/libjimage.so
7777ff15b000-7777ff15c000 r--p 00003000 b3:02 329913                     /usr/lib/jvm/java-21-openjdk/lib/libjimage.so
7777ff15c000-7777ff15d000 r--p 00003000 b3:02 329913                     /usr/lib/jvm/java-21-openjdk/lib/libjimage.so
7777ff15d000-7777ff15e000 rw-p 00004000 b3:02 329913                     /usr/lib/jvm/java-21-openjdk/lib/libjimage.so
7777ff15e000-7777ff160000 r--p 00000000 b3:02 329914                     /usr/lib/jvm/java-21-openjdk/lib/libjli.so
7777ff160000-7777ff16a000 r-xp 00002000 b3:02 329914                     /usr/lib/jvm/java-21-openjdk/lib/libjli.so
7777ff16a000-7777ff16d000 r--p 0000c000 b3:02 329914                     /usr/lib/jvm/java-21-openjdk/lib/libjli.so
7777ff16d000-7777ff16e000 r--p 0000e000 b3:02 329914                     /usr/lib/jvm/java-21-openjdk/lib/libjli.so
7777ff16e000-7777ff16f000 rw-p 0000f000 b3:02 329914                     /usr/lib/jvm/java-21-openjdk/lib/libjli.so
7777ff16f000-7777ff171000 rw-p 00000000 00:00 0 
7777ff171000-7777ff175000 r--p 00000000 00:00 0                          [vvar]
7777ff175000-7777ff177000 r-xp 00000000 00:00 0                          [vdso]
7777ff177000-7777ff178000 r--p 00000000 b3:02 134458                     /usr/lib/ld-linux-x86-64.so.2
7777ff178000-7777ff1a1000 r-xp 00001000 b3:02 134458                     /usr/lib/ld-linux-x86-64.so.2
7777ff1a1000-7777ff1ab000 r--p 0002a000 b3:02 134458                     /usr/lib/ld-linux-x86-64.so.2
7777ff1ab000-7777ff1ad000 r--p 00034000 b3:02 134458                     /usr/lib/ld-linux-x86-64.so.2
7777ff1ad000-7777ff1af000 rw-p 00036000 b3:02 134458                     /usr/lib/ld-linux-x86-64.so.2
7ffd30e66000-7ffd30e87000 rw-p 00000000 00:00 0                          [stack]
ffffffffff600000-ffffffffff601000 --xp 00000000 00:00 0                  [vsyscall]
Total number of mappings: 509


VM Arguments:
jvm_args: -Djava.library.path=lib/ -XX:+ShowCodeDetailsInExceptionMessages 
java_command: game.Main
java_class_path (initial): /home/zeph/mnt/JAVA/ZephyroGame/target/classes:/home/zeph/.m2/repository/org/l33tlabs/twl/pngdecoder/1.0/pngdecoder-1.0.jar:/home/zeph/.m2/repository/org/joml/joml/1.10.8/joml-1.10.8.jar:/home/zeph/.m2/repository/org/lwjgl/lwjgl/3.3.4/lwjgl-3.3.4.jar:/home/zeph/.m2/repository/org/lwjgl/lwjgl-assimp/3.3.4/lwjgl-assimp-3.3.4.jar:/home/zeph/.m2/repository/org/lwjgl/lwjgl-bgfx/3.3.4/lwjgl-bgfx-3.3.4.jar:/home/zeph/.m2/repository/org/lwjgl/lwjgl-cuda/3.3.4/lwjgl-cuda-3.3.4.jar:/home/zeph/.m2/repository/org/lwjgl/lwjgl-fmod/3.3.4/lwjgl-fmod-3.3.4.jar:/home/zeph/.m2/repository/org/lwjgl/lwjgl-glfw/3.3.4/lwjgl-glfw-3.3.4.jar:/home/zeph/.m2/repository/org/lwjgl/lwjgl-nanovg/3.3.4/lwjgl-nanovg-3.3.4.jar:/home/zeph/.m2/repository/org/lwjgl/lwjgl-nuklear/3.3.4/lwjgl-nuklear-3.3.4.jar:/home/zeph/.m2/repository/org/lwjgl/lwjgl-openal/3.3.4/lwjgl-openal-3.3.4.jar:/home/zeph/.m2/repository/org/lwjgl/lwjgl-opencl/3.3.4/lwjgl-opencl-3.3.4.jar:/home/zeph/.m2/repository/org/lwjgl/lwjgl-opengl/3.3.4/lwjgl-opengl-3.3.4.jar:/home/zeph/.m2/repository/org/lwjgl/lwjgl-par/3.3.4/lwjgl-par-3.3.4.jar:/home/zeph/.m2/repository/org/lwjgl/lwjgl-shaderc/3.3.4/lwjgl-shaderc-3.3.4.jar:/home/zeph/.m2/repository/org/lwjgl/lwjgl-stb/3.3.4/lwjgl-stb-3.3.4.jar:/home/zeph/.m2/repository/org/lwjgl/lwjgl-vulkan/3.3.4/lwjgl-vulkan-3.3.4.jar:/home/zeph/.m2/repository/org/lwjgl/lwjgl/3.3.4/lwjgl-3.3.4-natives-linux.jar:/home/zeph/.m2/repository/org/lwjgl/lwjgl-assimp/3.3.4/lwjgl-assimp-3.3.4-natives-linux.jar:/home/zeph/.m2/repository/org/lwjgl/lwjgl-bgfx/3.3.4/lwjgl-bgfx-3.3.4-natives-linux.jar:/home/zeph/.m2/repository/org/lwjgl/lwjgl-glfw/3.3.4/lwjgl-glfw-3.3.4-natives-linux.jar:/home/zeph/.m2/repository/org/lwjgl/lwjgl-nanovg/3.3.4/lwjgl-nanovg-3.3.4-natives-linux.jar:/home/zeph/.m2/repository/org/lwjgl/lwjgl-nuklear/3.3.4/lwjgl-nuklear-3.3.4-natives-linux.jar:/home/zeph/.m2/repository/org/lwjgl/lwjgl-openal/3.3.4/lwjgl-openal-3.3.4-natives-linux.jar:/home/zeph/.m2/repository/org/lwjgl/lwjgl-opengl/3.3.4/lwjgl-opengl-3.3.4-natives-linux.jar:/home/zeph/.m2/repository/org/lwjgl/lwjgl-par/3.3.4/lwjgl-par-3.3.4-natives-linux.jar:/home/zeph/.m2/repository/org/lwjgl/lwjgl-shaderc/3.3.4/lwjgl-shaderc-3.3.4-natives-linux.jar:/home/zeph/.m2/repository/org/lwjgl/lwjgl-stb/3.3.4/lwjgl-stb-3.3.4-natives-linux.jar
Launcher Type: SUN_STANDARD

[Global flags]
     intx CICompilerCount                          = 2                                         {product} {ergonomic}
     uint ConcGCThreads                            = 1                                         {product} {ergonomic}
     uint G1ConcRefinementThreads                  = 2                                         {product} {ergonomic}
   size_t G1HeapRegionSize                         = 1048576                                   {product} {ergonomic}
    uintx GCDrainStackTargetSize                   = 64                                        {product} {ergonomic}
   size_t InitialHeapSize                          = 62914560                                  {product} {ergonomic}
   size_t MarkStackSize                            = 4194304                                   {product} {ergonomic}
   size_t MaxHeapSize                              = 991952896                                 {product} {ergonomic}
   size_t MaxNewSize                               = 594542592                                 {product} {ergonomic}
   size_t MinHeapDeltaBytes                        = 1048576                                   {product} {ergonomic}
   size_t MinHeapSize                              = 8388608                                   {product} {ergonomic}
    uintx NonNMethodCodeHeapSize                   = 5826188                                {pd product} {ergonomic}
    uintx NonProfiledCodeHeapSize                  = 122916026                              {pd product} {ergonomic}
    uintx ProfiledCodeHeapSize                     = 122916026                              {pd product} {ergonomic}
    uintx ReservedCodeCacheSize                    = 251658240                              {pd product} {ergonomic}
     bool SegmentedCodeCache                       = true                                      {product} {ergonomic}
     bool ShowCodeDetailsInExceptionMessages       = true                                   {manageable} {command line}
   size_t SoftMaxHeapSize                          = 991952896                              {manageable} {ergonomic}
     bool UseCompressedOops                        = true                           {product lp64_product} {ergonomic}
     bool UseG1GC                                  = true                                      {product} {ergonomic}

Logging:
Log output configuration:
 #0: stdout all=warning uptime,level,tags foldmultilines=false
 #1: stderr all=off uptime,level,tags foldmultilines=false

Environment Variables:
PATH=/home/zeph/.cargo/bin:/usr/local/sbin:/usr/local/bin:/usr/bin:/usr/lib/jvm/default/bin:/usr/bin/site_perl:/usr/bin/vendor_perl:/usr/bin/core_perl
SHELL=/usr/bin/bash
DISPLAY=:0
LANG=en_US.UTF-8
TERM=xterm-256color

Active Locale:
LC_ALL=en_US.UTF-8
LC_COLLATE=en_US.UTF-8
LC_CTYPE=en_US.UTF-8
LC_MESSAGES=en_US.UTF-8
LC_MONETARY=en_US.UTF-8
LC_NUMERIC=en_US.UTF-8
LC_TIME=en_US.UTF-8

Signal Handlers:
   SIGSEGV: 0x00007777fe85f8d0 in libjvm.so+12974288, mask=11100100010111111101111111111110, flags=SA_RESTART|SA_SIGINFO, unblocked
    SIGBUS: 0x00007777fe85f8d0 in libjvm.so+12974288, mask=11100100010111111101111111111110, flags=SA_RESTART|SA_SIGINFO, unblocked
    SIGFPE: 0x00007777fe85f8d0 in libjvm.so+12974288, mask=11100100010111111101111111111110, flags=SA_RESTART|SA_SIGINFO, unblocked
   SIGPIPE: 0x00007777fe71df80 in libjvm.so+11657088, mask=11100100010111111101111111111110, flags=SA_RESTART|SA_SIGINFO, blocked
   SIGXFSZ: 0x00007777fe71df80 in libjvm.so+11657088, mask=11100100010111111101111111111110, flags=SA_RESTART|SA_SIGINFO, blocked
    SIGILL: 0x00007777fe85f8d0 in libjvm.so+12974288, mask=11100100010111111101111111111110, flags=SA_RESTART|SA_SIGINFO, unblocked
   SIGUSR2: 0x00007777fe72bad0 in libjvm.so+11713232, mask=00000000000000000000000000000000, flags=SA_RESTART|SA_SIGINFO, blocked
    SIGHUP: 0x00007777fe716540 in libjvm.so+11625792, mask=11100100010111111101111111111110, flags=SA_RESTART|SA_SIGINFO, blocked
    SIGINT: 0x00007777fe716540 in libjvm.so+11625792, mask=11100100010111111101111111111110, flags=SA_RESTART|SA_SIGINFO, blocked
   SIGTERM: 0x00007777fe716540 in libjvm.so+11625792, mask=11100100010111111101111111111110, flags=SA_RESTART|SA_SIGINFO, blocked
   SIGQUIT: 0x00007777fe716540 in libjvm.so+11625792, mask=11100100010111111101111111111110, flags=SA_RESTART|SA_SIGINFO, blocked
   SIGTRAP: 0x00007777fe85f8d0 in libjvm.so+12974288, mask=11100100010111111101111111111110, flags=SA_RESTART|SA_SIGINFO, unblocked


Periodic native trim disabled

---------------  S Y S T E M  ---------------

OS:
NAME="Arch Linux"
PRETTY_NAME="Arch Linux"
ID=arch
BUILD_ID=rolling
ANSI_COLOR="38;2;23;147;209"
HOME_URL="https://archlinux.org/"
DOCUMENTATION_URL="https://wiki.archlinux.org/"
SUPPORT_URL="https://bbs.archlinux.org/"
BUG_REPORT_URL="https://gitlab.archlinux.org/groups/archlinux/-/issues"
PRIVACY_POLICY_URL="https://terms.archlinux.org/docs/privacy-policy/"
LOGO=archlinux-logo
uname: Linux 6.11.6-arch1-1 #1 SMP PREEMPT_DYNAMIC Fri, 01 Nov 2024 03:30:41 +0000 x86_64
OS uptime: 6 days 2:12 hours
libc: glibc 2.40 NPTL 2.40 
rlimit (soft/hard): STACK 8192k/infinity , CORE infinity/infinity , NPROC 14753/14753 , NOFILE 524288/524288 , AS infinity/infinity , CPU infinity/infinity , DATA infinity/infinity , FSIZE infinity/infinity , MEMLOCK 8192k/8192k
load average: 1.03 1.24 1.13

/proc/meminfo:
MemTotal:        3871508 kB
MemFree:          137332 kB
MemAvailable:     505472 kB
Buffers:           18268 kB
Cached:          1093240 kB
SwapCached:         9636 kB
Active:          2018060 kB
Inactive:         515312 kB
Active(anon):    1651240 kB
Inactive(anon):   365824 kB
Active(file):     366820 kB
Inactive(file):   149488 kB
Unevictable:      508660 kB
Mlocked:              32 kB
SwapTotal:       1935356 kB
SwapFree:         946084 kB
Zswap:                 0 kB
Zswapped:              0 kB
Dirty:               288 kB
Writeback:             0 kB
AnonPages:       1921768 kB
Mapped:           368352 kB
Shmem:            595180 kB
KReclaimable:     121308 kB
Slab:             209004 kB
SReclaimable:     121308 kB
SUnreclaim:        87696 kB
KernelStack:       11760 kB
PageTables:        35056 kB
SecPageTables:         0 kB
NFS_Unstable:          0 kB
Bounce:                0 kB
WritebackTmp:          0 kB
CommitLimit:     3871108 kB
Committed_AS:   11746968 kB
VmallocTotal:   34359738367 kB
VmallocUsed:       55992 kB
VmallocChunk:          0 kB
Percpu:             1032 kB
HardwareCorrupted:     0 kB
AnonHugePages:    327680 kB
ShmemHugePages:        0 kB
ShmemPmdMapped:        0 kB
FileHugePages:     69632 kB
FilePmdMapped:     67584 kB
CmaTotal:              0 kB
CmaFree:               0 kB
Unaccepted:            0 kB
HugePages_Total:       0
HugePages_Free:        0
HugePages_Rsvd:        0
HugePages_Surp:        0
Hugepagesize:       2048 kB
Hugetlb:               0 kB
DirectMap4k:      142792 kB
DirectMap2M:     3911680 kB
DirectMap1G:     2097152 kB

/sys/kernel/mm/transparent_hugepage/enabled: [always] madvise never
/sys/kernel/mm/transparent_hugepage/hpage_pmd_size: 2097152
/sys/kernel/mm/transparent_hugepage/defrag (defrag/compaction efforts parameter): always defer defer+madvise [madvise] never

Process Memory:
Virtual Size: 3844040K (peak: 3844040K)
Resident Set Size: 122816K (peak: 124696K) (anon: 57028K, file: 64744K, shmem: 1044K)
Swapped out: 0K
C-Heap outstanding allocations: 26732K, retained: 3399K
glibc malloc tunables: (default)

/proc/sys/kernel/threads-max (system-wide limit on the number of threads): 29506
/proc/sys/vm/max_map_count (maximum number of memory map areas a process may have): 1048576
/proc/sys/vm/swappiness (control to define how aggressively the kernel swaps out anonymous memory): 60
/proc/sys/kernel/pid_max (system-wide limit on number of process identifiers): 4194304

container (cgroup) information:
container_type: cgroupv2
cpu_cpuset_cpus: not supported
cpu_memory_nodes: not supported
active_processor_count: 2
cpu_quota: no quota
cpu_period: 100000
cpu_shares: no shares
memory_limit_in_bytes: unlimited
memory_and_swap_limit_in_bytes: unlimited
memory_soft_limit_in_bytes: unlimited
memory_usage_in_bytes: 3000428 k
memory_max_usage_in_bytes: not supported
memory_swap_current_in_bytes: 876812 k
memory_swap_max_limit_in_bytes: unlimited
maximum number of tasks: unlimited
current number of tasks: 558

Steal ticks since vm start: 0
Steal ticks percentage since vm start:  0.000

CPU: total 2 (initial active 2) (2 cores per cpu, 1 threads per core) family 6 model 122 stepping 1 microcode 0x42, cx8, cmov, fxsr, mmx, 3dnowpref, sse, sse2, sse3, ssse3, sse4.1, sse4.2, popcnt, tsc, tscinvbit, aes, erms, clmul, sha, clflush, clflushopt, rdtscp, rdpid
CPU Model and flags from /proc/cpuinfo:
model name	: Intel(R) Celeron(R) N4000 CPU @ 1.10GHz
flags		: fpu vme de pse tsc msr pae mce cx8 apic sep mtrr pge mca cmov pat pse36 clflush dts acpi mmx fxsr sse sse2 ss ht tm pbe syscall nx pdpe1gb rdtscp lm constant_tsc art arch_perfmon pebs bts rep_good nopl xtopology nonstop_tsc cpuid aperfmperf tsc_known_freq pni pclmulqdq dtes64 monitor ds_cpl vmx est tm2 ssse3 sdbg cx16 xtpr pdcm sse4_1 sse4_2 x2apic movbe popcnt tsc_deadline_timer aes xsave rdrand lahf_lm 3dnowprefetch cpuid_fault cat_l2 pti cdp_l2 ssbd ibrs ibpb stibp ibrs_enhanced tpr_shadow flexpriority ept vpid ept_ad fsgsbase tsc_adjust smep erms mpx rdt_a rdseed smap clflushopt intel_pt sha_ni xsaveopt xsavec xgetbv1 xsaves dtherm ida arat pln pts vnmi umip rdpid md_clear arch_capabilities

Online cpus: 0-1
Offline cpus: 
BIOS frequency limitation: <Not Available>
Frequency switch latency (ns): 20000
Available cpu frequencies: <Not Available>
Current governor: schedutil
Core performance/turbo boost: <Not Available>

Memory: 4k page, physical 3871508k(505472k free), swap 1935356k(946084k free)
Page Sizes: 4k

vm_info: OpenJDK 64-Bit Server VM (21.0.5+11) for linux-amd64 JRE (21.0.5+11), built on 2024-10-16T10:19:33Z by "builduser" with gcc 14.2.1 20240910

END.
