#
# A fatal error has been detected by the Java Runtime Environment:
#
#  SIGSEGV (0xb) at pc=0x00007772040ef5bd, pid=86108, tid=86109
#
# JRE version: OpenJDK Runtime Environment (21.0.5+11) (build 21.0.5+11)
# Java VM: OpenJDK 64-Bit Server VM (21.0.5+11, mixed mode, sharing, tiered, compressed oops, compressed class ptrs, g1 gc, linux-amd64)
# Problematic frame:
# J 491 c2 sun.misc.Unsafe.putLong(Ljava/lang/Object;JJ)V jdk.unsupported@21.0.5 (11 bytes) @ 0x00007772040ef5bd [0x00007772040ef580+0x000000000000003d]
#
# Core dump will be written. Default location: Core dumps may be processed with "/usr/lib/systemd/systemd-coredump %P %u %g %s %t %c %h" (or dumping to /home/zeph/mnt/JAVA/ZephyroGame/core.86108)
#
# If you would like to submit a bug report, please visit:
#   https://bugreport.java.com/bugreport/crash.jsp
#

---------------  S U M M A R Y ------------

Command Line: -Djava.library.path=lib/ -XX:+ShowCodeDetailsInExceptionMessages game.Main

Host: Intel(R) Celeron(R) N4000 CPU @ 1.10GHz, 2 cores, 3G, Arch Linux
Time: Thu Nov 21 18:43:57 2024 UTC elapsed time: 1.547279 seconds (0d 0h 0m 1s)

---------------  T H R E A D  ---------------

Current thread (0x0000777214019710):  JavaThread "main"             [_thread_in_Java, id=86109, stack(0x0000777218f00000,0x0000777219000000) (1024K)]

Stack: [0x0000777218f00000,0x0000777219000000],  sp=0x0000777218ffe620,  free space=1017k
Native frames: (J=compiled Java code, j=interpreted, Vv=VM code, C=native code)
J 491 c2 sun.misc.Unsafe.putLong(Ljava/lang/Object;JJ)V jdk.unsupported@21.0.5 (11 bytes) @ 0x00007772040ef5bd [0x00007772040ef580+0x000000000000003d]
j  org.joml.MemUtil$MemUtilUnsafe.put(Lorg/joml/Matrix3x2f;J)V+32
j  org.joml.MemUtil$MemUtilUnsafe.put(Lorg/joml/Matrix3x2f;ILjava/nio/FloatBuffer;)V+46
j  org.joml.Matrix3x2f.get(ILjava/nio/FloatBuffer;)Ljava/nio/FloatBuffer;+6
j  game.Display.Shader.addVertCoord(Lorg/joml/Matrix3x2f;)V+9
j  game.Display.Display.init()V+80
j  game.Display.Display.run()V+1
j  game.Main.main([Ljava/lang/String;)V+3
v  ~StubRoutines::call_stub 0x0000777203b38cc4
V  [libjvm.so+0x6d0894]
V  [libjvm.so+0xd8dc42]
V  [libjvm.so+0x7437b1]
C  [libjli.so+0x5507]
C  [libjli.so+0x574d]
C  [libc.so.6+0x9439d]

siginfo: si_signo: 11 (SIGSEGV), si_code: 1 (SEGV_MAPERR), si_addr: 0x0000000000000010

Registers:
RAX=0x0000777190124a08, RBX=0x0000777190124a08, RCX=0x0000000000000010, RDX=0x0000000000000000
RSP=0x0000777218ffe620, RBP=0x0000777218ffe6b8, RSI=0x00000000c4e0e950, RDI=0x0000777218ffea40
R8 =0xbf800000bf800000, R9 =0x0000777214019710, R10=0x0000000000000000, R11=0x00007772040ef5a0
R12=0x0000000000000000, R13=0x0000777218ffe640, R14=0x0000777218ffe6e0, R15=0x0000777214019710
RIP=0x00007772040ef5bd, EFLAGS=0x0000000000010246, CSGSFS=0x002b000000000033, ERR=0x0000000000000006
  TRAPNO=0x000000000000000e


Register to memory mapping:

RAX={method} {0x0000777190124a08} 'putLong' '(Ljava/lang/Object;JJ)V' in 'sun/misc/Unsafe'
RBX={method} {0x0000777190124a08} 'putLong' '(Ljava/lang/Object;JJ)V' in 'sun/misc/Unsafe'
RCX=0x0000000000000010 is an unknown value
RDX=0x0 is null
RSP=0x0000777218ffe620 is pointing into the stack for thread: 0x0000777214019710
RBP=0x0000777218ffe6b8 is pointing into the stack for thread: 0x0000777214019710
RSI=0x00000000c4e0e950 is an oop: sun.misc.Unsafe 
{0x00000000c4e0e950} - klass: 'sun/misc/Unsafe'
 - ---- fields (total size 2 words):
RDI=0x0000777218ffea40 is pointing into the stack for thread: 0x0000777214019710
R8 =0xbf800000bf800000 is an unknown value
R9 =0x0000777214019710 is a thread
R10=0x0 is null
R11=0x00007772040ef5a0 is at entry_point+32 in (nmethod*)0x00007772040ef410
Compiled method (c2) 1549  491       4       sun.misc.Unsafe::putLong (11 bytes)
 total in heap  [0x00007772040ef410,0x00007772040ef640] = 560
 relocation     [0x00007772040ef568,0x00007772040ef580] = 24
 main code      [0x00007772040ef580,0x00007772040ef5f8] = 120
 stub code      [0x00007772040ef5f8,0x00007772040ef610] = 24
 scopes data    [0x00007772040ef610,0x00007772040ef618] = 8
 scopes pcs     [0x00007772040ef618,0x00007772040ef638] = 32
 dependencies   [0x00007772040ef638,0x00007772040ef640] = 8
R12=0x0 is null
R13=0x0000777218ffe640 is pointing into the stack for thread: 0x0000777214019710
R14=0x0000777218ffe6e0 is pointing into the stack for thread: 0x0000777214019710
R15=0x0000777214019710 is a thread

Top of Stack: (sp=0x0000777218ffe620)
0x0000777218ffe620:   0000777218ffe6b8 0000777203b50192
0x0000777218ffe630:   0000777218ffe6b8 0000777203b40180
0x0000777218ffe640:   bf800000bf800000 0000000000000000
0x0000777218ffe650:   0000000000000010 0000000000000000
0x0000777218ffe660:   0000000000000000 00000000c4e0e950
0x0000777218ffe670:   0000777218ffe670 0000777190661398
0x0000777218ffe680:   0000000000000005 000077719067b758
0x0000777218ffe690:   0000000000000000 00000000c887d3e8
0x0000777218ffe6a0:   00007771906613d8 0000777218ffe640
0x0000777218ffe6b0:   0000777218ffe6d0 0000777218ffe730
0x0000777218ffe6c0:   0000777203b40180 0000000000000000
0x0000777218ffe6d0:   0000000000000010 0000000000000000
0x0000777218ffe6e0:   00000000c885e238 0000777218ffe6e8
0x0000777218ffe6f0:   000077719066a3ce 0000000000000005
0x0000777218ffe700:   000077719067b758 0000000000000000
0x0000777218ffe710:   00000000c887d3e8 000077719066a418
0x0000777218ffe720:   0000777218ffe6d0 0000777218ffe740
0x0000777218ffe730:   0000777218ffe7a8 0000777203b40180
0x0000777218ffe740:   00000000c8824728 0000000000000000
0x0000777218ffe750:   00000000c885e238 00000000c8567e38
0x0000777218ffe760:   0000777218ffe760 0000777190630156
0x0000777218ffe770:   0000000000000004 0000777190635e78
0x0000777218ffe780:   0000000000000000 00000000c885e120
0x0000777218ffe790:   0000777190630188 0000777218ffe740
0x0000777218ffe7a0:   0000777218ffe7b8 0000777218ffe818
0x0000777218ffe7b0:   0000777203b402f2 00000000c8824728
0x0000777218ffe7c0:   0000000000000000 00000000c885e238
0x0000777218ffe7d0:   0000777218ffe7d0 0000777190404509
0x0000777218ffe7e0:   0000000000000003 0000777190627488
0x0000777218ffe7f0:   0000000000000000 00000000c4e64578
0x0000777218ffe800:   0000777190404540 0000777218ffe7b8
0x0000777218ffe810:   0000777218ffe828 0000777218ffe880 

Instructions: (pc=0x00007772040ef5bd)
0x00007772040ef4bd:   77 00 00 00 00 00 00 00 00 00 00 00 00 00 00 00
0x00007772040ef4cd:   00 00 00 02 00 00 00 00 00 00 00 00 00 00 00 00
0x00007772040ef4dd:   00 00 00 00 00 00 00 00 00 00 00 80 f5 0e 04 72
0x00007772040ef4ed:   77 00 00 a0 f5 0e 04 72 77 00 00 80 f5 0e 04 72
0x00007772040ef4fd:   77 00 00 00 00 00 00 ff ff ff ff e8 01 00 00 ff
0x00007772040ef50d:   ff ff ff 70 01 00 00 e8 01 00 00 00 02 00 00 00
0x00007772040ef51d:   02 00 00 00 00 00 00 08 02 00 00 28 02 00 00 30
0x00007772040ef52d:   02 00 00 30 02 00 00 30 02 00 00 30 02 00 00 30
0x00007772040ef53d:   02 00 00 00 00 00 00 eb 01 00 00 00 00 00 00 02
0x00007772040ef54d:   00 00 00 ff ff ff ff ff ff ff ff 04 02 00 00 00
0x00007772040ef55d:   00 00 00 00 00 00 00 00 00 00 00 14 30 32 58 0e
0x00007772040ef56d:   78 0e 40 11 31 05 31 0e 00 00 31 0f 31 00 00 00
0x00007772040ef57d:   00 00 00 44 8b 56 08 49 bb 00 00 00 9b 71 77 00
0x00007772040ef58d:   00 4d 03 d3 49 3b c2 0f 85 e6 6a a9 ff 66 90 0f
0x00007772040ef59d:   1f 40 00 48 81 ec 18 00 00 00 48 89 6c 24 10 41
0x00007772040ef5ad:   81 7f 20 01 00 00 00 0f 85 30 00 00 00 4c 8b d2
0x00007772040ef5bd:   4d 89 04 0a 48 83 c4 10 5d 49 3b a7 48 04 00 00
0x00007772040ef5cd:   0f 87 01 00 00 00 c3 49 ba c6 f5 0e 04 72 77 00
0x00007772040ef5dd:   00 4d 89 97 60 04 00 00 e9 96 d5 a9 ff e8 51 cd
0x00007772040ef5ed:   a7 ff e9 c6 ff ff ff f4 f4 f4 f4 e9 03 79 ac ff
0x00007772040ef5fd:   e8 00 00 00 00 48 83 2c 24 05 e9 94 ce a9 ff f4
0x00007772040ef60d:   f4 f4 f4 ff 00 00 00 00 00 00 00 ff ff ff ff 00
0x00007772040ef61d:   00 00 00 00 00 00 00 00 00 00 00 91 00 00 00 00
0x00007772040ef62d:   00 00 00 00 00 00 00 00 00 00 00 00 00 00 00 00
0x00007772040ef63d:   00 00 00 00 00 00 00 00 00 00 00 00 00 00 00 00
0x00007772040ef64d:   00 00 00 00 00 00 00 00 00 00 00 00 00 00 00 00
0x00007772040ef65d:   00 00 00 00 00 00 00 00 00 00 00 00 00 00 00 00
0x00007772040ef66d:   00 00 00 00 00 00 00 00 00 00 00 00 00 00 00 00
0x00007772040ef67d:   00 00 00 00 00 00 00 00 00 00 00 00 00 00 00 00
0x00007772040ef68d:   00 00 00 00 00 00 00 00 00 00 00 00 00 00 00 00
0x00007772040ef69d:   00 00 00 00 00 00 00 00 00 00 00 00 00 00 00 00
0x00007772040ef6ad:   00 00 00 00 00 00 00 00 00 00 00 00 00 00 00 00 


Stack slot to memory mapping:

stack at sp + 0 slots: 0x0000777218ffe6b8 is pointing into the stack for thread: 0x0000777214019710
stack at sp + 1 slots: 0x0000777203b50192 is at code_begin+146 in an Interpreter codelet
invokevirtual  182 invokevirtual  [0x0000777203b50100, 0x0000777203b505b8]  1208 bytes
stack at sp + 2 slots: 0x0000777218ffe6b8 is pointing into the stack for thread: 0x0000777214019710
stack at sp + 3 slots: 0x0000777203b40180 is at code_begin+1184 in an Interpreter codelet
return entry points  [0x0000777203b3fce0, 0x0000777203b40880]  2976 bytes
stack at sp + 4 slots: 0xbf800000bf800000 is an unknown value
stack at sp + 5 slots: 0x0 is null
stack at sp + 6 slots: 0x0000000000000010 is an unknown value
stack at sp + 7 slots: 0x0 is null


Compiled method (c2) 1556  491       4       sun.misc.Unsafe::putLong (11 bytes)
 total in heap  [0x00007772040ef410,0x00007772040ef640] = 560
 relocation     [0x00007772040ef568,0x00007772040ef580] = 24
 main code      [0x00007772040ef580,0x00007772040ef5f8] = 120
 stub code      [0x00007772040ef5f8,0x00007772040ef610] = 24
 scopes data    [0x00007772040ef610,0x00007772040ef618] = 8
 scopes pcs     [0x00007772040ef618,0x00007772040ef638] = 32
 dependencies   [0x00007772040ef638,0x00007772040ef640] = 8

[Constant Pool (empty)]

[MachCode]
[Entry Point]
  # {method} {0x0000777190124a08} 'putLong' '(Ljava/lang/Object;JJ)V' in 'sun/misc/Unsafe'
  # this:     rsi:rsi   = 'sun/misc/Unsafe'
  # parm0:    rdx:rdx   = 'java/lang/Object'
  # parm1:    rcx:rcx   = long
  # parm2:    r8:r8     = long
  #           [sp+0x20]  (sp of caller)
  0x00007772040ef580: 448b 5608 | 49bb 0000 | 009b 7177 | 0000 4d03 | d349 3bc2 

  0x00007772040ef594: ;   {runtime_call ic_miss_stub}
  0x00007772040ef594: 0f85 e66a | a9ff 6690 | 0f1f 4000 
[Verified Entry Point]
  0x00007772040ef5a0: 4881 ec18 | 0000 0048 | 896c 2410 | 4181 7f20 | 0100 0000 | 0f85 3000 | 0000 4c8b | d24d 8904 
  0x00007772040ef5c0: 0a48 83c4 

  0x00007772040ef5c4: ;   {poll_return}
  0x00007772040ef5c4: 105d 493b | a748 0400 | 000f 8701 | 0000 00c3 

  0x00007772040ef5d4: ;   {internal_word}
  0x00007772040ef5d4: 49ba c6f5 | 0e04 7277 | 0000 4d89 | 9760 0400 

  0x00007772040ef5e4: ;   {runtime_call SafepointBlob}
  0x00007772040ef5e4: 00e9 96d5 

  0x00007772040ef5e8: ;   {runtime_call StubRoutines (final stubs)}
  0x00007772040ef5e8: a9ff e851 | cda7 ffe9 | c6ff ffff | f4f4 f4f4 
[Exception Handler]
  0x00007772040ef5f8: ;   {no_reloc}
  0x00007772040ef5f8: e903 79ac | ffe8 0000 | 0000 4883 

  0x00007772040ef604: ;   {runtime_call DeoptimizationBlob}
  0x00007772040ef604: 2c24 05e9 | 94ce a9ff | f4f4 f4f4 
[/MachCode]


---------------  P R O C E S S  ---------------

Threads class SMR info:
_java_thread_list=0x00007772140f2280, length=10, elements={
0x0000777214019710, 0x00007772140d0be0, 0x00007772140d2270, 0x00007772140d3a00,
0x00007772140d5040, 0x00007772140d65e0, 0x00007772140d8120, 0x00007772140d97e0,
0x00007772140ee010, 0x00007772140f1140
}

Java Threads: ( => current thread )
=>0x0000777214019710 JavaThread "main"                              [_thread_in_Java, id=86109, stack(0x0000777218f00000,0x0000777219000000) (1024K)]
  0x00007772140d0be0 JavaThread "Reference Handler"          daemon [_thread_blocked, id=86118, stack(0x00007771f9500000,0x00007771f9600000) (1024K)]
  0x00007772140d2270 JavaThread "Finalizer"                  daemon [_thread_blocked, id=86119, stack(0x00007771f9100000,0x00007771f9200000) (1024K)]
  0x00007772140d3a00 JavaThread "Signal Dispatcher"          daemon [_thread_blocked, id=86120, stack(0x00007771f8fff000,0x00007771f90ff000) (1024K)]
  0x00007772140d5040 JavaThread "Service Thread"             daemon [_thread_blocked, id=86121, stack(0x00007771f8efe000,0x00007771f8ffe000) (1024K)]
  0x00007772140d65e0 JavaThread "Monitor Deflation Thread"   daemon [_thread_blocked, id=86122, stack(0x00007771f8dfd000,0x00007771f8efd000) (1024K)]
  0x00007772140d8120 JavaThread "C2 CompilerThread0"         daemon [_thread_blocked, id=86123, stack(0x00007771f8cfc000,0x00007771f8dfc000) (1024K)]
  0x00007772140d97e0 JavaThread "C1 CompilerThread0"         daemon [_thread_blocked, id=86124, stack(0x00007771f8bfb000,0x00007771f8cfb000) (1024K)]
  0x00007772140ee010 JavaThread "Notification Thread"        daemon [_thread_blocked, id=86125, stack(0x00007771f8a29000,0x00007771f8b29000) (1024K)]
  0x00007772140f1140 JavaThread "Common-Cleaner"             daemon [_thread_blocked, id=86126, stack(0x00007771f8928000,0x00007771f8a28000) (1024K)]
Total: 10

Other Threads:
  0x00007772140c7ad0 VMThread "VM Thread"                           [id=86117, stack(0x00007771fb638000,0x00007771fb738000) (1024K)]
  0x00007772140b6340 WatcherThread "VM Periodic Task Thread"        [id=86116, stack(0x0000777213e7f000,0x0000777213f7f000) (1024K)]
  0x0000777214052260 WorkerThread "GC Thread#0"                     [id=86111, stack(0x0000777218676000,0x0000777218776000) (1024K)]
  0x0000777188006340 WorkerThread "GC Thread#1"                     [id=86141, stack(0x00007771f007f000,0x00007771f017f000) (1024K)]
  0x000077721405ae70 ConcurrentGCThread "G1 Main Marker"            [id=86112, stack(0x0000777218575000,0x0000777218675000) (1024K)]
  0x000077721405be20 WorkerThread "G1 Conc#0"                       [id=86113, stack(0x0000777218474000,0x0000777218574000) (1024K)]
  0x000077721409b920 ConcurrentGCThread "G1 Refine#0"               [id=86114, stack(0x0000777218171000,0x0000777218271000) (1024K)]
  0x000077721409c8e0 ConcurrentGCThread "G1 Service"                [id=86115, stack(0x0000777218070000,0x0000777218170000) (1024K)]
Total: 8

Threads with active compile tasks:
Total: 0

VM state: not at safepoint (normal execution)

VM Mutex/Monitor currently owned by a thread: None

Heap address: 0x00000000c4e00000, size: 946 MB, Compressed Oops mode: 32-bit

CDS archive(s) mapped at: [0x000077719b000000-0x000077719bc97000-0x000077719bc97000), size 13201408, SharedBaseAddress: 0x000077719b000000, ArchiveRelocationMode: 1.
Compressed class space mapped at: 0x000077719c000000-0x00007771dc000000, reserved size: 1073741824
Narrow klass base: 0x000077719b000000, Narrow klass shift: 0, Narrow klass range: 0x100000000

GC Precious Log:
 CardTable entry size: 512
 Card Set container configuration: InlinePtr #cards 5 size 8 Array Of Cards #cards 12 size 40 Howl #buckets 4 coarsen threshold 1843 Howl Bitmap #cards 512 size 80 coarsen threshold 460 Card regions per heap region 1 cards per card region 2048
 CPUs: 2 total, 2 available
 Memory: 3779M
 Large Page Support: Disabled
 NUMA Support: Disabled
 Compressed Oops: Enabled (32-bit)
 Heap Region Size: 1M
 Heap Min Capacity: 8M
 Heap Initial Capacity: 60M
 Heap Max Capacity: 946M
 Pre-touch: Disabled
 Parallel Workers: 2
 Concurrent Workers: 1
 Concurrent Refinement Workers: 2
 Periodic GC: Disabled

Heap:
 garbage-first heap   total 63488K, used 16151K [0x00000000c4e00000, 0x0000000100000000)
  region size 1024K, 6 young (6144K), 1 survivors (1024K)
 Metaspace       used 5885K, committed 6080K, reserved 1114112K
  class space    used 279K, committed 384K, reserved 1048576K

Heap Regions: E=young(eden), S=young(survivor), O=old, HS=humongous(starts), HC=humongous(continues), CS=collection set, F=free, TAMS=top-at-mark-start, PB=parsable bottom
|   0|0x00000000c4e00000, 0x00000000c4eb9748, 0x00000000c4f00000| 72%| O|  |TAMS 0x00000000c4e00000| PB 0x00000000c4e00000| Untracked 
|   1|0x00000000c4f00000, 0x00000000c5000000, 0x00000000c5000000|100%|HS|  |TAMS 0x00000000c4f00000| PB 0x00000000c4f00000| Complete 
|   2|0x00000000c5000000, 0x00000000c5100000, 0x00000000c5100000|100%|HC|  |TAMS 0x00000000c5000000| PB 0x00000000c5000000| Complete 
|   3|0x00000000c5100000, 0x00000000c5200000, 0x00000000c5200000|100%|HC|  |TAMS 0x00000000c5100000| PB 0x00000000c5100000| Complete 
|   4|0x00000000c5200000, 0x00000000c5300000, 0x00000000c5300000|100%|HC|  |TAMS 0x00000000c5200000| PB 0x00000000c5200000| Complete 
|   5|0x00000000c5300000, 0x00000000c5400000, 0x00000000c5400000|100%|HC|  |TAMS 0x00000000c5300000| PB 0x00000000c5300000| Complete 
|   6|0x00000000c5400000, 0x00000000c5500000, 0x00000000c5500000|100%|HS|  |TAMS 0x00000000c5400000| PB 0x00000000c5400000| Complete 
|   7|0x00000000c5500000, 0x00000000c5600000, 0x00000000c5600000|100%|HC|  |TAMS 0x00000000c5500000| PB 0x00000000c5500000| Complete 
|   8|0x00000000c5600000, 0x00000000c5700000, 0x00000000c5700000|100%|HC|  |TAMS 0x00000000c5600000| PB 0x00000000c5600000| Complete 
|   9|0x00000000c5700000, 0x00000000c5800000, 0x00000000c5800000|100%|HC|  |TAMS 0x00000000c5700000| PB 0x00000000c5700000| Complete 
|  10|0x00000000c5800000, 0x00000000c5900000, 0x00000000c5900000|100%|HC|  |TAMS 0x00000000c5800000| PB 0x00000000c5800000| Complete 
|  11|0x00000000c5900000, 0x00000000c5900000, 0x00000000c5a00000|  0%| F|  |TAMS 0x00000000c5900000| PB 0x00000000c5900000| Untracked 
|  12|0x00000000c5a00000, 0x00000000c5a00000, 0x00000000c5b00000|  0%| F|  |TAMS 0x00000000c5a00000| PB 0x00000000c5a00000| Untracked 
|  13|0x00000000c5b00000, 0x00000000c5b00000, 0x00000000c5c00000|  0%| F|  |TAMS 0x00000000c5b00000| PB 0x00000000c5b00000| Untracked 
|  14|0x00000000c5c00000, 0x00000000c5c00000, 0x00000000c5d00000|  0%| F|  |TAMS 0x00000000c5c00000| PB 0x00000000c5c00000| Untracked 
|  15|0x00000000c5d00000, 0x00000000c5d00000, 0x00000000c5e00000|  0%| F|  |TAMS 0x00000000c5d00000| PB 0x00000000c5d00000| Untracked 
|  16|0x00000000c5e00000, 0x00000000c5e00000, 0x00000000c5f00000|  0%| F|  |TAMS 0x00000000c5e00000| PB 0x00000000c5e00000| Untracked 
|  17|0x00000000c5f00000, 0x00000000c5f00000, 0x00000000c6000000|  0%| F|  |TAMS 0x00000000c5f00000| PB 0x00000000c5f00000| Untracked 
|  18|0x00000000c6000000, 0x00000000c6000000, 0x00000000c6100000|  0%| F|  |TAMS 0x00000000c6000000| PB 0x00000000c6000000| Untracked 
|  19|0x00000000c6100000, 0x00000000c6100000, 0x00000000c6200000|  0%| F|  |TAMS 0x00000000c6100000| PB 0x00000000c6100000| Untracked 
|  20|0x00000000c6200000, 0x00000000c6200000, 0x00000000c6300000|  0%| F|  |TAMS 0x00000000c6200000| PB 0x00000000c6200000| Untracked 
|  21|0x00000000c6300000, 0x00000000c6300000, 0x00000000c6400000|  0%| F|  |TAMS 0x00000000c6300000| PB 0x00000000c6300000| Untracked 
|  22|0x00000000c6400000, 0x00000000c6400000, 0x00000000c6500000|  0%| F|  |TAMS 0x00000000c6400000| PB 0x00000000c6400000| Untracked 
|  23|0x00000000c6500000, 0x00000000c6500000, 0x00000000c6600000|  0%| F|  |TAMS 0x00000000c6500000| PB 0x00000000c6500000| Untracked 
|  24|0x00000000c6600000, 0x00000000c6600000, 0x00000000c6700000|  0%| F|  |TAMS 0x00000000c6600000| PB 0x00000000c6600000| Untracked 
|  25|0x00000000c6700000, 0x00000000c6700000, 0x00000000c6800000|  0%| F|  |TAMS 0x00000000c6700000| PB 0x00000000c6700000| Untracked 
|  26|0x00000000c6800000, 0x00000000c6800000, 0x00000000c6900000|  0%| F|  |TAMS 0x00000000c6800000| PB 0x00000000c6800000| Untracked 
|  27|0x00000000c6900000, 0x00000000c6900000, 0x00000000c6a00000|  0%| F|  |TAMS 0x00000000c6900000| PB 0x00000000c6900000| Untracked 
|  28|0x00000000c6a00000, 0x00000000c6a00000, 0x00000000c6b00000|  0%| F|  |TAMS 0x00000000c6a00000| PB 0x00000000c6a00000| Untracked 
|  29|0x00000000c6b00000, 0x00000000c6b00000, 0x00000000c6c00000|  0%| F|  |TAMS 0x00000000c6b00000| PB 0x00000000c6b00000| Untracked 
|  30|0x00000000c6c00000, 0x00000000c6c00000, 0x00000000c6d00000|  0%| F|  |TAMS 0x00000000c6c00000| PB 0x00000000c6c00000| Untracked 
|  31|0x00000000c6d00000, 0x00000000c6d00000, 0x00000000c6e00000|  0%| F|  |TAMS 0x00000000c6d00000| PB 0x00000000c6d00000| Untracked 
|  32|0x00000000c6e00000, 0x00000000c6e00000, 0x00000000c6f00000|  0%| F|  |TAMS 0x00000000c6e00000| PB 0x00000000c6e00000| Untracked 
|  33|0x00000000c6f00000, 0x00000000c6f00000, 0x00000000c7000000|  0%| F|  |TAMS 0x00000000c6f00000| PB 0x00000000c6f00000| Untracked 
|  34|0x00000000c7000000, 0x00000000c7000000, 0x00000000c7100000|  0%| F|  |TAMS 0x00000000c7000000| PB 0x00000000c7000000| Untracked 
|  35|0x00000000c7100000, 0x00000000c7100000, 0x00000000c7200000|  0%| F|  |TAMS 0x00000000c7100000| PB 0x00000000c7100000| Untracked 
|  36|0x00000000c7200000, 0x00000000c7200000, 0x00000000c7300000|  0%| F|  |TAMS 0x00000000c7200000| PB 0x00000000c7200000| Untracked 
|  37|0x00000000c7300000, 0x00000000c7300000, 0x00000000c7400000|  0%| F|  |TAMS 0x00000000c7300000| PB 0x00000000c7300000| Untracked 
|  38|0x00000000c7400000, 0x00000000c7400000, 0x00000000c7500000|  0%| F|  |TAMS 0x00000000c7400000| PB 0x00000000c7400000| Untracked 
|  39|0x00000000c7500000, 0x00000000c7500000, 0x00000000c7600000|  0%| F|  |TAMS 0x00000000c7500000| PB 0x00000000c7500000| Untracked 
|  40|0x00000000c7600000, 0x00000000c7600000, 0x00000000c7700000|  0%| F|  |TAMS 0x00000000c7600000| PB 0x00000000c7600000| Untracked 
|  41|0x00000000c7700000, 0x00000000c7700000, 0x00000000c7800000|  0%| F|  |TAMS 0x00000000c7700000| PB 0x00000000c7700000| Untracked 
|  42|0x00000000c7800000, 0x00000000c7800000, 0x00000000c7900000|  0%| F|  |TAMS 0x00000000c7800000| PB 0x00000000c7800000| Untracked 
|  43|0x00000000c7900000, 0x00000000c7900000, 0x00000000c7a00000|  0%| F|  |TAMS 0x00000000c7900000| PB 0x00000000c7900000| Untracked 
|  44|0x00000000c7a00000, 0x00000000c7a00000, 0x00000000c7b00000|  0%| F|  |TAMS 0x00000000c7a00000| PB 0x00000000c7a00000| Untracked 
|  45|0x00000000c7b00000, 0x00000000c7b00000, 0x00000000c7c00000|  0%| F|  |TAMS 0x00000000c7b00000| PB 0x00000000c7b00000| Untracked 
|  46|0x00000000c7c00000, 0x00000000c7c00000, 0x00000000c7d00000|  0%| F|  |TAMS 0x00000000c7c00000| PB 0x00000000c7c00000| Untracked 
|  47|0x00000000c7d00000, 0x00000000c7d00000, 0x00000000c7e00000|  0%| F|  |TAMS 0x00000000c7d00000| PB 0x00000000c7d00000| Untracked 
|  48|0x00000000c7e00000, 0x00000000c7e00000, 0x00000000c7f00000|  0%| F|  |TAMS 0x00000000c7e00000| PB 0x00000000c7e00000| Untracked 
|  49|0x00000000c7f00000, 0x00000000c7f00000, 0x00000000c8000000|  0%| F|  |TAMS 0x00000000c7f00000| PB 0x00000000c7f00000| Untracked 
|  50|0x00000000c8000000, 0x00000000c8000000, 0x00000000c8100000|  0%| F|  |TAMS 0x00000000c8000000| PB 0x00000000c8000000| Untracked 
|  51|0x00000000c8100000, 0x00000000c8100000, 0x00000000c8200000|  0%| F|  |TAMS 0x00000000c8100000| PB 0x00000000c8100000| Untracked 
|  52|0x00000000c8200000, 0x00000000c8200000, 0x00000000c8300000|  0%| F|  |TAMS 0x00000000c8200000| PB 0x00000000c8200000| Untracked 
|  53|0x00000000c8300000, 0x00000000c8400000, 0x00000000c8400000|100%| S|CS|TAMS 0x00000000c8300000| PB 0x00000000c8300000| Complete 
|  54|0x00000000c8400000, 0x00000000c8400000, 0x00000000c8500000|  0%| F|  |TAMS 0x00000000c8400000| PB 0x00000000c8400000| Untracked 
|  55|0x00000000c8500000, 0x00000000c857b7d0, 0x00000000c8600000| 48%| E|  |TAMS 0x00000000c8500000| PB 0x00000000c8500000| Complete 
|  56|0x00000000c8600000, 0x00000000c8700000, 0x00000000c8700000|100%| E|CS|TAMS 0x00000000c8600000| PB 0x00000000c8600000| Complete 
|  57|0x00000000c8700000, 0x00000000c8800000, 0x00000000c8800000|100%| E|  |TAMS 0x00000000c8700000| PB 0x00000000c8700000| Complete 
|  58|0x00000000c8800000, 0x00000000c8900000, 0x00000000c8900000|100%| E|CS|TAMS 0x00000000c8800000| PB 0x00000000c8800000| Complete 
|  59|0x00000000c8900000, 0x00000000c8a00000, 0x00000000c8a00000|100%| E|CS|TAMS 0x00000000c8900000| PB 0x00000000c8900000| Complete 
| 944|0x00000000ffe00000, 0x00000000fff00000, 0x00000000fff00000|100%| O|  |TAMS 0x00000000ffe00000| PB 0x00000000ffe00000| Untracked 
| 945|0x00000000fff00000, 0x00000000fff0c670, 0x0000000100000000|  4%| O|  |TAMS 0x00000000fff00000| PB 0x00000000fff00000| Untracked 

Card table byte_map: [0x0000777218776000,0x000077721894f000] _byte_map_base: 0x000077721814f000

Marking Bits: (CMBitMap*) 0x0000777214052d90
 Bits: [0x00007771fb738000, 0x00007771fc600000)

Polling page: 0x000077721a966000

Metaspace:

Usage:
  Non-class:      5.47 MB used.
      Class:    279.94 KB used.
       Both:      5.75 MB used.

Virtual space:
  Non-class space:       64.00 MB reserved,       5.56 MB (  9%) committed,  1 nodes.
      Class space:        1.00 GB reserved,     384.00 KB ( <1%) committed,  1 nodes.
             Both:        1.06 GB reserved,       5.94 MB ( <1%) committed. 

Chunk freelists:
   Non-Class:  8.02 MB
       Class:  15.58 MB
        Both:  23.60 MB

MaxMetaspaceSize: unlimited
CompressedClassSpaceSize: 1.00 GB
Initial GC threshold: 21.00 MB
Current GC threshold: 21.00 MB
CDS: on
 - commit_granule_bytes: 65536.
 - commit_granule_words: 8192.
 - virtual_space_node_default_size: 8388608.
 - enlarge_chunks_in_place: 1.
 - use_allocation_guard: 0.


Internal statistics:

num_allocs_failed_limit: 0.
num_arena_births: 64.
num_arena_deaths: 0.
num_vsnodes_births: 2.
num_vsnodes_deaths: 0.
num_space_committed: 93.
num_space_uncommitted: 0.
num_chunks_returned_to_freelist: 0.
num_chunks_taken_from_freelist: 224.
num_chunk_merges: 0.
num_chunk_splits: 166.
num_chunks_enlarged: 128.
num_inconsistent_stats: 0.

CodeHeap 'non-profiled nmethods': size=120036Kb used=199Kb max_used=199Kb free=119836Kb
 bounds [0x00007772040c7000, 0x0000777204337000, 0x000077720b600000]
CodeHeap 'profiled nmethods': size=120032Kb used=978Kb max_used=978Kb free=119053Kb
 bounds [0x00007771fc600000, 0x00007771fc870000, 0x0000777203b38000]
CodeHeap 'non-nmethods': size=5692Kb used=2144Kb max_used=2146Kb free=3547Kb
 bounds [0x0000777203b38000, 0x0000777203da8000, 0x00007772040c7000]
 total_blobs=1783 nmethods=649 adapters=1041
 compilation: enabled
              stopped_count=0, restarted_count=0
 full_count=0

Compilation events (20 events):
Event: 1.517 Thread 0x00007772140d97e0 nmethod 638 0x00007771fc6eb390 code [0x00007771fc6eb680, 0x00007771fc6ec788]
Event: 1.517 Thread 0x00007772140d97e0  639   !   3       java.util.zip.Inflater::setInput (56 bytes)
Event: 1.517 Thread 0x00007772140d97e0 nmethod 639 0x00007771fc6ece90 code [0x00007771fc6ed060, 0x00007771fc6ed438]
Event: 1.517 Thread 0x00007772140d97e0  640       3       java.lang.StringConcatHelper::initialCoder (14 bytes)
Event: 1.517 Thread 0x00007772140d97e0 nmethod 640 0x00007771fc6ed610 code [0x00007771fc6ed7a0, 0x00007771fc6ed8a8]
Event: 1.520 Thread 0x00007772140d97e0  641       3       java.lang.String::concat (15 bytes)
Event: 1.521 Thread 0x00007772140d97e0 nmethod 641 0x00007771fc6ed910 code [0x00007771fc6edc60, 0x00007771fc6eeee8]
Event: 1.521 Thread 0x00007772140d97e0  642       3       java.lang.StringConcatHelper::simpleConcat (94 bytes)
Event: 1.522 Thread 0x00007772140d97e0 nmethod 642 0x00007771fc6ef590 code [0x00007771fc6ef8c0, 0x00007771fc6f0b20]
Event: 1.522 Thread 0x00007772140d97e0  643       3       java.lang.StringConcatHelper::newString (67 bytes)
Event: 1.522 Thread 0x00007772140d97e0 nmethod 643 0x00007771fc6f1190 code [0x00007771fc6f1400, 0x00007771fc6f1da8]
Event: 1.522 Thread 0x00007772140d97e0  645       3       java.security.CodeSource::getCertificates (95 bytes)
Event: 1.523 Thread 0x00007772140d97e0 nmethod 645 0x00007771fc6f2110 code [0x00007771fc6f2380, 0x00007771fc6f2eb8]
Event: 1.523 Thread 0x00007772140d97e0  644  s    3       jdk.internal.loader.Resource::cachedInputStream (20 bytes)
Event: 1.523 Thread 0x00007772140d97e0 nmethod 644 0x00007771fc6f3190 code [0x00007771fc6f3340, 0x00007771fc6f3668]
Event: 1.524 Thread 0x00007772140d97e0  647   !   3       java.util.WeakHashMap::expungeStaleEntries (139 bytes)
Event: 1.524 Thread 0x00007772140d97e0 nmethod 647 0x00007771fc6f3710 code [0x00007771fc6f3920, 0x00007771fc6f4178]
Event: 1.524 Thread 0x00007772140d97e0  648       3       java.util.WeakHashMap::indexFor (6 bytes)
Event: 1.524 Thread 0x00007772140d97e0 nmethod 648 0x00007771fc6f4590 code [0x00007771fc6f4720, 0x00007771fc6f4808]
Event: 1.544 Thread 0x00007772140d97e0  649       1       java.lang.reflect.Method::getName (5 bytes)

GC Heap History (2 events):
Event: 1.253 GC heap before
{Heap before GC invocations=0 (full 0):
 garbage-first heap   total 63488K, used 6193K [0x00000000c4e00000, 0x0000000100000000)
  region size 1024K, 6 young (6144K), 0 survivors (0K)
 Metaspace       used 3089K, committed 3200K, reserved 1114112K
  class space    used 189K, committed 256K, reserved 1048576K
}
Event: 1.276 GC heap after
{Heap after GC invocations=1 (full 0):
 garbage-first heap   total 63488K, used 2839K [0x00000000c4e00000, 0x0000000100000000)
  region size 1024K, 1 young (1024K), 1 survivors (1024K)
 Metaspace       used 3089K, committed 3200K, reserved 1114112K
  class space    used 189K, committed 256K, reserved 1048576K
}

Dll operation events (9 events):
Event: 0.034 Loaded shared library /usr/lib/jvm/java-21-openjdk/lib/libjava.so
Event: 0.168 Loaded shared library /usr/lib/jvm/java-21-openjdk/lib/libjsvml.so
Event: 0.192 Loaded shared library /usr/lib/jvm/java-21-openjdk/lib/libnio.so
Event: 0.195 Loaded shared library /usr/lib/jvm/java-21-openjdk/lib/libzip.so
Event: 0.270 Loaded shared library /usr/lib/jvm/java-21-openjdk/lib/libjimage.so
Event: 0.288 Loaded shared library /usr/lib/jvm/java-21-openjdk/lib/libnet.so
Event: 0.302 Loaded shared library /tmp/lwjgl_zeph/3.3.4+7/x64/liblwjgl.so
Event: 0.995 Loaded shared library /tmp/lwjgl_zeph/3.3.4+7/x64/liblwjgl_opengl.so
Event: 1.292 Loaded shared library /usr/lib/jvm/java-21-openjdk/lib/libverify.so

Deoptimization events (20 events):
Event: 0.462 Thread 0x0000777214019710 DEOPT PACKING pc=0x00007771fc66cd4f sp=0x0000777218ffd7b0
Event: 0.462 Thread 0x0000777214019710 DEOPT UNPACKING pc=0x0000777203b8c710 sp=0x0000777218ffcc68 mode 0
Event: 0.463 Thread 0x0000777214019710 DEOPT PACKING pc=0x00007771fc66cd4f sp=0x0000777218ffd7b0
Event: 0.463 Thread 0x0000777214019710 DEOPT UNPACKING pc=0x0000777203b8c710 sp=0x0000777218ffcc68 mode 0
Event: 1.251 Thread 0x0000777214019710 DEOPT PACKING pc=0x00007771fc611248 sp=0x0000777218ff8240
Event: 1.251 Thread 0x0000777214019710 DEOPT UNPACKING pc=0x0000777203b8c710 sp=0x0000777218ff7680 mode 0
Event: 1.308 Thread 0x0000777214019710 Uncommon trap: trap_request=0xffffff54 fr.pc=0x00007772040f0bec relative=0x000000000000006c
Event: 1.308 Thread 0x0000777214019710 Uncommon trap: reason=speculate_null_assert action=make_not_entrant pc=0x00007772040f0bec method=sun.misc.Unsafe.getLong(Ljava/lang/Object;J)J @ 5 c2
Event: 1.308 Thread 0x0000777214019710 DEOPT PACKING pc=0x00007772040f0bec sp=0x0000777218ffe660
Event: 1.308 Thread 0x0000777214019710 DEOPT UNPACKING pc=0x0000777203b8bf93 sp=0x0000777218ffe608 mode 2
Event: 1.394 Thread 0x0000777214019710 DEOPT PACKING pc=0x00007771fc602449 sp=0x0000777218ffc6f0
Event: 1.394 Thread 0x0000777214019710 DEOPT UNPACKING pc=0x0000777203b8c710 sp=0x0000777218ffbb78 mode 0
Event: 1.405 Thread 0x0000777214019710 Uncommon trap: trap_request=0xffffff45 fr.pc=0x00007772040cebd8 relative=0x00000000000000b8
Event: 1.405 Thread 0x0000777214019710 Uncommon trap: reason=unstable_if action=reinterpret pc=0x00007772040cebd8 method=java.lang.String.isLatin1()Z @ 10 c2
Event: 1.405 Thread 0x0000777214019710 DEOPT PACKING pc=0x00007772040cebd8 sp=0x0000777218ffd0a0
Event: 1.405 Thread 0x0000777214019710 DEOPT UNPACKING pc=0x0000777203b8bf93 sp=0x0000777218ffd000 mode 2
Event: 1.405 Thread 0x0000777214019710 Uncommon trap: trap_request=0xffffff45 fr.pc=0x00007772040cca6c relative=0x000000000000006c
Event: 1.405 Thread 0x0000777214019710 Uncommon trap: reason=unstable_if action=reinterpret pc=0x00007772040cca6c method=java.lang.String.isLatin1()Z @ 10 c2
Event: 1.406 Thread 0x0000777214019710 DEOPT PACKING pc=0x00007772040cca6c sp=0x0000777218ffc5c0
Event: 1.406 Thread 0x0000777214019710 DEOPT UNPACKING pc=0x0000777203b8bf93 sp=0x0000777218ffc570 mode 2

Classes loaded (20 events):
Event: 1.342 Loading class java/io/BufferedReader
Event: 1.342 Loading class java/io/BufferedReader done
Event: 1.343 Loading class sun/nio/cs/StreamDecoder
Event: 1.343 Loading class sun/nio/cs/StreamDecoder done
Event: 1.343 Loading class sun/nio/cs/UTF_8$Decoder
Event: 1.343 Loading class java/nio/charset/CharsetDecoder
Event: 1.343 Loading class java/nio/charset/CharsetDecoder done
Event: 1.343 Loading class sun/nio/cs/UTF_8$Decoder done
Event: 1.381 Loading class java/io/Externalizable
Event: 1.381 Loading class java/io/Externalizable done
Event: 1.394 Loading class jdk/internal/module/ModulePatcher$PatchedModuleReader
Event: 1.394 Loading class jdk/internal/module/ModulePatcher$PatchedModuleReader done
Event: 1.394 Loading class sun/net/www/protocol/jrt/Handler
Event: 1.394 Loading class sun/net/www/protocol/jrt/Handler done
Event: 1.403 Loading class sun/text/resources/cldr/FormatData_en
Event: 1.404 Loading class sun/text/resources/cldr/FormatData_en done
Event: 1.404 Loading class sun/text/resources/cldr/FormatData_en_US
Event: 1.404 Loading class sun/text/resources/cldr/FormatData_en_US done
Event: 1.419 Loading class java/lang/SecurityException
Event: 1.419 Loading class java/lang/SecurityException done

Classes unloaded (0 events):
No events

Classes redefined (0 events):
No events

Internal exceptions (20 events):
Event: 0.253 Thread 0x0000777214019710 Exception <a 'java/lang/NoSuchMethodError'{0x00000000c8876be0}: 'void java.lang.invoke.DirectMethodHandle$Holder.invokeStatic(java.lang.Object, java.lang.Object)'> (0x00000000c8876be0) 
thrown [/usr/src/debug/java21-openjdk/jdk21u-jdk-21.0.5-11/src/hotspot/share/interpreter/linkResolver.cpp, line 772]
Event: 0.254 Thread 0x0000777214019710 Exception <a 'java/lang/NoSuchMethodError'{0x00000000c887bd18}: 'void java.lang.System.load(java.lang.String, java.lang.Class)'> (0x00000000c887bd18) 
thrown [/usr/src/debug/java21-openjdk/jdk21u-jdk-21.0.5-11/src/hotspot/share/interpreter/linkResolver.cpp, line 772]
Event: 0.254 Thread 0x0000777214019710 Exception <a 'java/lang/NoSuchMethodError'{0x00000000c887c9e8}: 'void java.lang.invoke.DirectMethodHandle$Holder.invokeSpecial(java.lang.Object, java.lang.Object, java.lang.Object)'> (0x00000000c887c9e8) 
thrown [/usr/src/debug/java21-openjdk/jdk21u-jdk-21.0.5-11/src/hotspot/share/interpreter/linkResolver.cpp, line 772]
Event: 0.258 Thread 0x0000777214019710 Exception <a 'java/lang/NoSuchMethodError'{0x00000000c888ec50}: 'java.lang.Object java.lang.invoke.DirectMethodHandle$Holder.invokeStatic(java.lang.Object, java.lang.Object, int)'> (0x00000000c888ec50) 
thrown [/usr/src/debug/java21-openjdk/jdk21u-jdk-21.0.5-11/src/hotspot/share/interpreter/linkResolver.cpp, line 772]
Event: 0.260 Thread 0x0000777214019710 Exception <a 'java/lang/NoSuchMethodError'{0x00000000c889a4a8}: 'void java.lang.invoke.DelegatingMethodHandle$Holder.delegate(java.lang.Object, java.lang.Object, int, java.lang.Object)'> (0x00000000c889a4a8) 
thrown [/usr/src/debug/java21-openjdk/jdk21u-jdk-21.0.5-11/src/hotspot/share/interpreter/linkResolver.cpp, line 772]
Event: 0.261 Thread 0x0000777214019710 Exception <a 'java/lang/NoSuchMethodError'{0x00000000c889e4a0}: 'int java.lang.invoke.DirectMethodHandle$Holder.invokeSpecial(java.lang.Object, java.lang.Object, java.lang.Object)'> (0x00000000c889e4a0) 
thrown [/usr/src/debug/java21-openjdk/jdk21u-jdk-21.0.5-11/src/hotspot/share/interpreter/linkResolver.cpp, line 772]
Event: 0.267 Thread 0x0000777214019710 Exception <a 'java/lang/NoSuchMethodError'{0x00000000c88b8e78}: 'void java.lang.System.loadLibrary(java.lang.String, java.lang.Class)'> (0x00000000c88b8e78) 
thrown [/usr/src/debug/java21-openjdk/jdk21u-jdk-21.0.5-11/src/hotspot/share/interpreter/linkResolver.cpp, line 772]
Event: 0.308 Thread 0x0000777214019710 Exception <a 'sun/nio/fs/UnixException'{0x00000000c878f8a8}> (0x00000000c878f8a8) 
thrown [/usr/src/debug/java21-openjdk/jdk21u-jdk-21.0.5-11/src/hotspot/share/prims/jni.cpp, line 520]
Event: 0.415 Thread 0x0000777214019710 Exception <a 'sun/nio/fs/UnixException'{0x00000000c864fd88}> (0x00000000c864fd88) 
thrown [/usr/src/debug/java21-openjdk/jdk21u-jdk-21.0.5-11/src/hotspot/share/prims/jni.cpp, line 520]
Event: 0.432 Thread 0x0000777214019710 Exception <a 'java/lang/NoSuchMethodError'{0x00000000c869a3e8}: 'int java.lang.invoke.DirectMethodHandle$Holder.invokeStaticInit(java.lang.Object, java.lang.Object, int, long)'> (0x00000000c869a3e8) 
thrown [/usr/src/debug/java21-openjdk/jdk21u-jdk-21.0.5-11/src/hotspot/share/interpreter/linkResolver.cpp, line 772]
Event: 0.433 Thread 0x0000777214019710 Exception <a 'java/lang/NoSuchMethodError'{0x00000000c869f758}: 'java.lang.Object java.lang.invoke.DirectMethodHandle$Holder.newInvokeSpecial(java.lang.Object, java.lang.Object, int)'> (0x00000000c869f758) 
thrown [/usr/src/debug/java21-openjdk/jdk21u-jdk-21.0.5-11/src/hotspot/share/interpreter/linkResolver.cpp, line 772]
Event: 0.436 Thread 0x0000777214019710 Exception <a 'java/lang/NoSuchMethodError'{0x00000000c86ade58}: 'int java.lang.invoke.DirectMethodHandle$Holder.invokeStaticInit(java.lang.Object, java.lang.Object, long, long)'> (0x00000000c86ade58) 
thrown [/usr/src/debug/java21-openjdk/jdk21u-jdk-21.0.5-11/src/hotspot/share/interpreter/linkResolver.cpp, line 772]
Event: 0.437 Thread 0x0000777214019710 Exception <a 'java/lang/NoSuchMethodError'{0x00000000c86b3900}: 'java.lang.Object java.lang.invoke.DirectMethodHandle$Holder.newInvokeSpecial(java.lang.Object, java.lang.Object, long)'> (0x00000000c86b3900) 
thrown [/usr/src/debug/java21-openjdk/jdk21u-jdk-21.0.5-11/src/hotspot/share/interpreter/linkResolver.cpp, line 772]
Event: 0.438 Thread 0x0000777214019710 Exception <a 'java/lang/NoSuchMethodError'{0x00000000c86b7a68}: 'java.lang.Object java.lang.invoke.Invokers$Holder.linkToTargetMethod(java.lang.Object, long, java.lang.Object)'> (0x00000000c86b7a68) 
thrown [/usr/src/debug/java21-openjdk/jdk21u-jdk-21.0.5-11/src/hotspot/share/interpreter/linkResolver.cpp, line 772]
Event: 0.439 Thread 0x0000777214019710 Exception <a 'java/lang/NoSuchMethodError'{0x00000000c86beef0}: 'int java.lang.invoke.DirectMethodHandle$Holder.invokeStaticInit(java.lang.Object, java.lang.Object, java.lang.Object, long)'> (0x00000000c86beef0) 
thrown [/usr/src/debug/java21-openjdk/jdk21u-jdk-21.0.5-11/src/hotspot/share/interpreter/linkResolver.cpp, line 772]
Event: 0.986 Thread 0x0000777214019710 Exception <a 'java/lang/NoSuchMethodError'{0x00000000c8591bd0}: 'void java.lang.System.load(java.lang.String, java.lang.Class)'> (0x00000000c8591bd0) 
thrown [/usr/src/debug/java21-openjdk/jdk21u-jdk-21.0.5-11/src/hotspot/share/interpreter/linkResolver.cpp, line 772]
Event: 0.987 Thread 0x0000777214019710 Exception <a 'java/lang/NoSuchMethodError'{0x00000000c8594640}: 'void java.lang.System.loadLibrary(java.lang.String, java.lang.Class)'> (0x00000000c8594640) 
thrown [/usr/src/debug/java21-openjdk/jdk21u-jdk-21.0.5-11/src/hotspot/share/interpreter/linkResolver.cpp, line 772]
Event: 0.995 Thread 0x0000777214019710 Exception <a 'sun/nio/fs/UnixException'{0x00000000c85a3b58}> (0x00000000c85a3b58) 
thrown [/usr/src/debug/java21-openjdk/jdk21u-jdk-21.0.5-11/src/hotspot/share/prims/jni.cpp, line 520]
Event: 1.000 Thread 0x0000777214019710 Exception <a 'sun/nio/fs/UnixException'{0x00000000c85ac948}> (0x00000000c85ac948) 
thrown [/usr/src/debug/java21-openjdk/jdk21u-jdk-21.0.5-11/src/hotspot/share/prims/jni.cpp, line 520]
Event: 1.544 Thread 0x0000777214019710 Implicit null exception at 0x00007772040ef5bd to 0x0000000000000000

ZGC Phase Switch (0 events):
No events

VM Operations (6 events):
Event: 0.425 Executing VM operation: HandshakeAllThreads (Deoptimize)
Event: 0.426 Executing VM operation: HandshakeAllThreads (Deoptimize) done
Event: 1.253 Executing VM operation: G1CollectForAllocation (G1 Evacuation Pause)
Event: 1.276 Executing VM operation: G1CollectForAllocation (G1 Evacuation Pause) done
Event: 1.391 Executing VM operation: HandshakeAllThreads (Deoptimize)
Event: 1.391 Executing VM operation: HandshakeAllThreads (Deoptimize) done

Memory protections (10 events):
Event: 0.029 Protecting memory [0x0000777218f00000,0x0000777218f04000] with protection modes 0
Event: 0.164 Protecting memory [0x00007771f9500000,0x00007771f9504000] with protection modes 0
Event: 0.165 Protecting memory [0x00007771f9100000,0x00007771f9104000] with protection modes 0
Event: 0.166 Protecting memory [0x00007771f8fff000,0x00007771f9003000] with protection modes 0
Event: 0.166 Protecting memory [0x00007771f8efe000,0x00007771f8f02000] with protection modes 0
Event: 0.166 Protecting memory [0x00007771f8dfd000,0x00007771f8e01000] with protection modes 0
Event: 0.167 Protecting memory [0x00007771f8cfc000,0x00007771f8d00000] with protection modes 0
Event: 0.172 Protecting memory [0x00007771f8bfb000,0x00007771f8bff000] with protection modes 0
Event: 0.181 Protecting memory [0x00007771f8a29000,0x00007771f8a2d000] with protection modes 0
Event: 0.186 Protecting memory [0x00007771f8928000,0x00007771f892c000] with protection modes 0

Nmethod flushes (0 events):
No events

Events (10 events):
Event: 0.128 Thread 0x0000777214019710 Thread added: 0x0000777214019710
Event: 0.164 Thread 0x0000777214019710 Thread added: 0x00007772140d0be0
Event: 0.165 Thread 0x0000777214019710 Thread added: 0x00007772140d2270
Event: 0.165 Thread 0x0000777214019710 Thread added: 0x00007772140d3a00
Event: 0.166 Thread 0x0000777214019710 Thread added: 0x00007772140d5040
Event: 0.166 Thread 0x0000777214019710 Thread added: 0x00007772140d65e0
Event: 0.166 Thread 0x0000777214019710 Thread added: 0x00007772140d8120
Event: 0.168 Thread 0x0000777214019710 Thread added: 0x00007772140d97e0
Event: 0.181 Thread 0x0000777214019710 Thread added: 0x00007772140ee010
Event: 0.186 Thread 0x0000777214019710 Thread added: 0x00007772140f1140


Dynamic libraries:
c4e00000-c8a00000 rw-p 00000000 00:00 0 
c8a00000-ffe00000 ---p 00000000 00:00 0 
ffe00000-fff0d000 rw-p 00cd6000 b3:02 329941                             /usr/lib/jvm/java-21-openjdk/lib/server/classes.jsa
fff0d000-100000000 rw-p 00000000 00:00 0 
61927343e000-61927343f000 r--p 00000000 b3:02 329516                     /usr/lib/jvm/java-21-openjdk/bin/java
61927343f000-619273440000 r-xp 00001000 b3:02 329516                     /usr/lib/jvm/java-21-openjdk/bin/java
619273440000-619273441000 r--p 00002000 b3:02 329516                     /usr/lib/jvm/java-21-openjdk/bin/java
619273441000-619273442000 r--p 00002000 b3:02 329516                     /usr/lib/jvm/java-21-openjdk/bin/java
619273442000-619273443000 rw-p 00003000 b3:02 329516                     /usr/lib/jvm/java-21-openjdk/bin/java
6192975d3000-61929761b000 rw-p 00000000 00:00 0                          [heap]
777157e00000-7771582ab000 r--p 00000000 b3:02 181697                     /usr/lib/libLLVM.so.18.1
7771582ab000-77715ce9d000 r-xp 004ab000 b3:02 181697                     /usr/lib/libLLVM.so.18.1
77715ce9d000-77715fbf6000 r--p 0509d000 b3:02 181697                     /usr/lib/libLLVM.so.18.1
77715fbf6000-77715fdd1000 r--p 07df5000 b3:02 181697                     /usr/lib/libLLVM.so.18.1
77715fdd1000-77715fe1b000 rw-p 07fd0000 b3:02 181697                     /usr/lib/libLLVM.so.18.1
77715fe1b000-77715feb7000 rw-p 00000000 00:00 0 
777160000000-7771601ac000 rw-p 00000000 00:00 0 
7771601ac000-777164000000 ---p 00000000 00:00 0 
777164000000-77716421c000 rw-p 00000000 00:00 0 
77716421c000-777168000000 ---p 00000000 00:00 0 
77716c000000-77716c021000 rw-p 00000000 00:00 0 
77716c021000-777170000000 ---p 00000000 00:00 0 
777170000000-777170021000 rw-p 00000000 00:00 0 
777170021000-777174000000 ---p 00000000 00:00 0 
777178000000-777178021000 rw-p 00000000 00:00 0 
777178021000-77717c000000 ---p 00000000 00:00 0 
77717c000000-77717c021000 rw-p 00000000 00:00 0 
77717c021000-777180000000 ---p 00000000 00:00 0 
777184000000-777184021000 rw-p 00000000 00:00 0 
777184021000-777188000000 ---p 00000000 00:00 0 
777188000000-777188021000 rw-p 00000000 00:00 0 
777188021000-77718c000000 ---p 00000000 00:00 0 
777190000000-777190190000 rw-p 00000000 00:00 0 
777190190000-777190400000 ---p 00000000 00:00 0 
777190400000-777190510000 rw-p 00000000 00:00 0 
777190510000-777190550000 rw-p 00000000 00:00 0 
777190550000-777190800000 rw-p 00000000 00:00 0 
777190800000-777194000000 ---p 00000000 00:00 0 
777194000000-777194021000 rw-p 00000000 00:00 0 
777194021000-777198000000 ---p 00000000 00:00 0 
77719ac00000-77719ae00000 rw-s 111408000 00:10 1046                      anon_inode:i915.gem
77719ae00000-77719b000000 rw-s 111208000 00:10 1046                      anon_inode:i915.gem
77719b000000-77719bc97000 rw-p 00001000 b3:02 329941                     /usr/lib/jvm/java-21-openjdk/lib/server/classes.jsa
77719bc97000-77719c000000 ---p 00000000 00:00 0 
77719c000000-77719c030000 rw-p 00000000 00:00 0 
77719c030000-77719c040000 ---p 00000000 00:00 0 
77719c040000-77719c070000 rw-p 00000000 00:00 0 
77719c070000-7771dc000000 ---p 00000000 00:00 0 
7771dc000000-7771dc021000 rw-p 00000000 00:00 0 
7771dc021000-7771e0000000 ---p 00000000 00:00 0 
7771e0000000-7771e0021000 rw-p 00000000 00:00 0 
7771e0021000-7771e4000000 ---p 00000000 00:00 0 
7771e41fc000-7771e41fd000 ---p 00000000 00:00 0 
7771e41fd000-7771e49fd000 rw-p 00000000 00:00 0 
7771e49fd000-7771e49fe000 ---p 00000000 00:00 0 
7771e49fe000-7771e51fe000 rw-p 00000000 00:00 0 
7771e51fe000-7771e51ff000 ---p 00000000 00:00 0 
7771e51ff000-7771e59ff000 rw-p 00000000 00:00 0 
7771e59ff000-7771e5a00000 ---p 00000000 00:00 0 
7771e5a00000-7771e6200000 rw-p 00000000 00:00 0 
7771e6200000-7771e7f50000 r--p 00000000 b3:02 149095                     /usr/lib/libicudata.so.75.1
7771e7f50000-7771e7f51000 r--p 01d4f000 b3:02 149095                     /usr/lib/libicudata.so.75.1
7771e7f80000-7771e7fc0000 rw-s 113248000 00:10 1046                      anon_inode:i915.gem
7771e7fc0000-7771e8000000 rw-s 113208000 00:10 1046                      anon_inode:i915.gem
7771e8000000-7771e8021000 rw-p 00000000 00:00 0 
7771e8021000-7771ec000000 ---p 00000000 00:00 0 
7771ec000000-7771ec021000 rw-p 00000000 00:00 0 
7771ec021000-7771f0000000 ---p 00000000 00:00 0 
7771f003e000-7771f007e000 rw-s 1076e8000 00:10 1046                      anon_inode:i915.gem
7771f007e000-7771f007f000 ---p 00000000 00:00 0 
7771f007f000-7771f017f000 rw-p 00000000 00:00 0 
7771f017f000-7771f01b2000 r--p 00000000 00:2b 47                         /tmp/lwjgl_zeph/3.3.4+7/x64/liblwjgl_opengl.so
7771f01b2000-7771f01c6000 r-xp 00033000 00:2b 47                         /tmp/lwjgl_zeph/3.3.4+7/x64/liblwjgl_opengl.so
7771f01c6000-7771f01d6000 r--p 00047000 00:2b 47                         /tmp/lwjgl_zeph/3.3.4+7/x64/liblwjgl_opengl.so
7771f01d6000-7771f01d7000 r--p 00056000 00:2b 47                         /tmp/lwjgl_zeph/3.3.4+7/x64/liblwjgl_opengl.so
7771f01d7000-7771f01d8000 rw-p 00057000 00:2b 47                         /tmp/lwjgl_zeph/3.3.4+7/x64/liblwjgl_opengl.so
7771f01d8000-7771f01f8000 rw-s 1076c8000 00:10 1046                      anon_inode:i915.gem
7771f01f8000-7771f02c3000 rw-p 00000000 00:00 0 
7771f02c3000-7771f04c3000 rw-s 10f408000 00:10 1046                      anon_inode:i915.gem
7771f04c3000-7771f04c4000 ---p 00000000 00:00 0 
7771f04c4000-7771f0cc4000 rw-p 00000000 00:00 0 
7771f0cc4000-7771f0cc5000 ---p 00000000 00:00 0 
7771f0cc5000-7771f14c5000 rw-p 00000000 00:00 0 
7771f14c5000-7771f1606000 rw-s 00000000 b3:02 1179851                    /home/zeph/.cache/mesa_shader_cache_db/index
7771f1606000-7771f164d000 r--p 00000000 b3:02 149110                     /usr/lib/libicuuc.so.75.1
7771f164d000-7771f175f000 r-xp 00047000 b3:02 149110                     /usr/lib/libicuuc.so.75.1
7771f175f000-7771f17ea000 r--p 00159000 b3:02 149110                     /usr/lib/libicuuc.so.75.1
7771f17ea000-7771f17fd000 r--p 001e4000 b3:02 149110                     /usr/lib/libicuuc.so.75.1
7771f17fd000-7771f17fe000 rw-p 001f7000 b3:02 149110                     /usr/lib/libicuuc.so.75.1
7771f17fe000-7771f1800000 rw-p 00000000 00:00 0 
7771f1800000-7771f1815000 r--p 00000000 b3:02 181759                     /usr/lib/libgallium-24.2.7-arch1.1.so
7771f1815000-7771f2ee4000 r-xp 00015000 b3:02 181759                     /usr/lib/libgallium-24.2.7-arch1.1.so
7771f2ee4000-7771f3c70000 r--p 016e4000 b3:02 181759                     /usr/lib/libgallium-24.2.7-arch1.1.so
7771f3c70000-7771f3d28000 r--p 0246f000 b3:02 181759                     /usr/lib/libgallium-24.2.7-arch1.1.so
7771f3d28000-7771f3d3f000 rw-p 02527000 b3:02 181759                     /usr/lib/libgallium-24.2.7-arch1.1.so
7771f3d3f000-7771f3f03000 rw-p 00000000 00:00 0 
7771f3f05000-7771f3f15000 rw-s 113288000 00:10 1046                      anon_inode:i915.gem
7771f3f15000-7771f3f35000 rw-s 1076a8000 00:10 1046                      anon_inode:i915.gem
7771f3f35000-7771f4021000 rw-p 00000000 00:00 0 
7771f4021000-7771f8000000 ---p 00000000 00:00 0 
7771f8001000-7771f8003000 r--p 00000000 b3:02 329932                     /usr/lib/jvm/java-21-openjdk/lib/libverify.so
7771f8003000-7771f800a000 r-xp 00002000 b3:02 329932                     /usr/lib/jvm/java-21-openjdk/lib/libverify.so
7771f800a000-7771f800c000 r--p 00009000 b3:02 329932                     /usr/lib/jvm/java-21-openjdk/lib/libverify.so
7771f800c000-7771f800e000 r--p 0000a000 b3:02 329932                     /usr/lib/jvm/java-21-openjdk/lib/libverify.so
7771f800e000-7771f800f000 rw-p 0000c000 b3:02 329932                     /usr/lib/jvm/java-21-openjdk/lib/libverify.so
7771f800f000-7771f801f000 rw-s 107698000 00:10 1046                      anon_inode:i915.gem
7771f801f000-7771f802f000 rw-s 107688000 00:10 1046                      anon_inode:i915.gem
7771f802f000-7771f803f000 rw-s 107678000 00:10 1046                      anon_inode:i915.gem
7771f803f000-7771f804f000 rw-s 103288000 00:10 1046                      anon_inode:i915.gem
7771f804f000-7771f806f000 rw-s 107658000 00:10 1046                      anon_inode:i915.gem
7771f806f000-7771f808f000 rw-s 103268000 00:10 1046                      anon_inode:i915.gem
7771f808f000-7771f809f000 rw-s 1038ca000 00:10 1046                      anon_inode:i915.gem
7771f809f000-7771f80af000 rw-s 103308000 00:10 1046                      anon_inode:i915.gem
7771f80af000-7771f80cf000 rw-s 103248000 00:10 1046                      anon_inode:i915.gem
7771f80cf000-7771f80ef000 rw-s 1032e8000 00:10 1046                      anon_inode:i915.gem
7771f80ef000-7771f812f000 rw-s 103208000 00:10 1046                      anon_inode:i915.gem
7771f812f000-7771f8132000 r--p 00000000 b3:02 145974                     /usr/lib/liblzma.so.5.6.3
7771f8132000-7771f8155000 r-xp 00003000 b3:02 145974                     /usr/lib/liblzma.so.5.6.3
7771f8155000-7771f8160000 r--p 00026000 b3:02 145974                     /usr/lib/liblzma.so.5.6.3
7771f8160000-7771f8161000 r--p 00031000 b3:02 145974                     /usr/lib/liblzma.so.5.6.3
7771f8161000-7771f8162000 rw-p 00032000 b3:02 145974                     /usr/lib/liblzma.so.5.6.3
7771f8162000-7771f8164000 r--p 00000000 b3:02 181577                     /usr/lib/libpciaccess.so.0.11.1
7771f8164000-7771f8169000 r-xp 00002000 b3:02 181577                     /usr/lib/libpciaccess.so.0.11.1
7771f8169000-7771f816b000 r--p 00007000 b3:02 181577                     /usr/lib/libpciaccess.so.0.11.1
7771f816b000-7771f816c000 r--p 00008000 b3:02 181577                     /usr/lib/libpciaccess.so.0.11.1
7771f816c000-7771f816d000 rw-p 00009000 b3:02 181577                     /usr/lib/libpciaccess.so.0.11.1
7771f816d000-7771f818e000 r--p 00000000 b3:02 149196                     /usr/lib/libxml2.so.2.13.5
7771f818e000-7771f8272000 r-xp 00021000 b3:02 149196                     /usr/lib/libxml2.so.2.13.5
7771f8272000-7771f82ad000 r--p 00105000 b3:02 149196                     /usr/lib/libxml2.so.2.13.5
7771f82ad000-7771f82b8000 r--p 00140000 b3:02 149196                     /usr/lib/libxml2.so.2.13.5
7771f82b8000-7771f82b9000 rw-p 0014b000 b3:02 149196                     /usr/lib/libxml2.so.2.13.5
7771f82b9000-7771f82ba000 rw-p 00000000 00:00 0 
7771f82ba000-7771f82c7000 r--p 00000000 b3:02 135366                     /usr/lib/libncursesw.so.6.5
7771f82c7000-7771f830e000 r-xp 0000d000 b3:02 135366                     /usr/lib/libncursesw.so.6.5
7771f830e000-7771f8324000 r--p 00054000 b3:02 135366                     /usr/lib/libncursesw.so.6.5
7771f8324000-7771f8328000 r--p 0006a000 b3:02 135366                     /usr/lib/libncursesw.so.6.5
7771f8328000-7771f8329000 rw-p 0006e000 b3:02 135366                     /usr/lib/libncursesw.so.6.5
7771f8329000-7771f832f000 r--p 00000000 b3:02 181648                     /usr/lib/libedit.so.0.0.73
7771f832f000-7771f834f000 r-xp 00006000 b3:02 181648                     /usr/lib/libedit.so.0.0.73
7771f834f000-7771f835c000 r--p 00026000 b3:02 181648                     /usr/lib/libedit.so.0.0.73
7771f835c000-7771f835e000 r--p 00033000 b3:02 181648                     /usr/lib/libedit.so.0.0.73
7771f835e000-7771f835f000 rw-p 00035000 b3:02 181648                     /usr/lib/libedit.so.0.0.73
7771f835f000-7771f8362000 rw-p 00000000 00:00 0 
7771f8362000-7771f8364000 r--p 00000000 b3:02 150786                     /usr/lib/libffi.so.8.1.4
7771f8364000-7771f836a000 r-xp 00002000 b3:02 150786                     /usr/lib/libffi.so.8.1.4
7771f836a000-7771f836b000 r--p 00008000 b3:02 150786                     /usr/lib/libffi.so.8.1.4
7771f836b000-7771f836c000 r--p 00009000 b3:02 150786                     /usr/lib/libffi.so.8.1.4
7771f836c000-7771f836d000 rw-p 0000a000 b3:02 150786                     /usr/lib/libffi.so.8.1.4
7771f836d000-7771f8370000 r--p 00000000 b3:02 181596                     /usr/lib/libdrm_intel.so.1.123.0
7771f8370000-7771f8386000 r-xp 00003000 b3:02 181596                     /usr/lib/libdrm_intel.so.1.123.0
7771f8386000-7771f838f000 r--p 00019000 b3:02 181596                     /usr/lib/libdrm_intel.so.1.123.0
7771f838f000-7771f8390000 r--p 00022000 b3:02 181596                     /usr/lib/libdrm_intel.so.1.123.0
7771f8390000-7771f8391000 rw-p 00023000 b3:02 181596                     /usr/lib/libdrm_intel.so.1.123.0
7771f8391000-7771f8394000 r--p 00000000 b3:02 181593                     /usr/lib/libdrm_amdgpu.so.1.123.0
7771f8394000-7771f8399000 r-xp 00003000 b3:02 181593                     /usr/lib/libdrm_amdgpu.so.1.123.0
7771f8399000-7771f839b000 r--p 00008000 b3:02 181593                     /usr/lib/libdrm_amdgpu.so.1.123.0
7771f839b000-7771f839c000 r--p 00009000 b3:02 181593                     /usr/lib/libdrm_amdgpu.so.1.123.0
7771f839c000-7771f839d000 rw-p 0000a000 b3:02 181593                     /usr/lib/libdrm_amdgpu.so.1.123.0
7771f839d000-7771f83a0000 r--p 00000000 b3:02 155848                     /usr/lib/libelf-0.192.so
7771f83a0000-7771f83b3000 r-xp 00003000 b3:02 155848                     /usr/lib/libelf-0.192.so
7771f83b3000-7771f83b7000 r--p 00016000 b3:02 155848                     /usr/lib/libelf-0.192.so
7771f83b7000-7771f83b8000 r--p 00019000 b3:02 155848                     /usr/lib/libelf-0.192.so
7771f83b8000-7771f83b9000 rw-p 0001a000 b3:02 155848                     /usr/lib/libelf-0.192.so
7771f83b9000-7771f83bb000 r--p 00000000 b3:02 181602                     /usr/lib/libdrm_radeon.so.1.123.0
7771f83bb000-7771f83c1000 r-xp 00002000 b3:02 181602                     /usr/lib/libdrm_radeon.so.1.123.0
7771f83c1000-7771f83c5000 r--p 00008000 b3:02 181602                     /usr/lib/libdrm_radeon.so.1.123.0
7771f83c5000-7771f83c6000 r--p 0000b000 b3:02 181602                     /usr/lib/libdrm_radeon.so.1.123.0
7771f83c6000-7771f83c7000 rw-p 0000c000 b3:02 181602                     /usr/lib/libdrm_radeon.so.1.123.0
7771f83c7000-7771f83c9000 r--p 00000000 b3:02 181713                     /usr/lib/libsensors.so.5.0.0
7771f83c9000-7771f83d0000 r-xp 00002000 b3:02 181713                     /usr/lib/libsensors.so.5.0.0
7771f83d0000-7771f83d4000 r--p 00009000 b3:02 181713                     /usr/lib/libsensors.so.5.0.0
7771f83d4000-7771f83d5000 r--p 0000d000 b3:02 181713                     /usr/lib/libsensors.so.5.0.0
7771f83d5000-7771f83d6000 rw-p 0000e000 b3:02 181713                     /usr/lib/libsensors.so.5.0.0
7771f83d6000-7771f83e2000 r--p 00000000 b3:02 146266                     /usr/lib/libzstd.so.1.5.6
7771f83e2000-7771f84a2000 r-xp 0000c000 b3:02 146266                     /usr/lib/libzstd.so.1.5.6
7771f84a2000-7771f84b3000 r--p 000cc000 b3:02 146266                     /usr/lib/libzstd.so.1.5.6
7771f84b3000-7771f84b4000 r--p 000dd000 b3:02 146266                     /usr/lib/libzstd.so.1.5.6
7771f84b4000-7771f84b5000 rw-p 000de000 b3:02 146266                     /usr/lib/libzstd.so.1.5.6
7771f84b5000-7771f84b8000 r--p 00000000 b3:02 176365                     /usr/lib/libxcb-xfixes.so.0.0.0
7771f84b8000-7771f84bb000 r-xp 00003000 b3:02 176365                     /usr/lib/libxcb-xfixes.so.0.0.0
7771f84bb000-7771f84bc000 r--p 00006000 b3:02 176365                     /usr/lib/libxcb-xfixes.so.0.0.0
7771f84bc000-7771f84bd000 r--p 00007000 b3:02 176365                     /usr/lib/libxcb-xfixes.so.0.0.0
7771f84bd000-7771f84be000 rw-p 00008000 b3:02 176365                     /usr/lib/libxcb-xfixes.so.0.0.0
7771f84be000-7771f84c1000 r--p 00000000 b3:02 176359                     /usr/lib/libxcb-sync.so.1.0.0
7771f84c1000-7771f84c4000 r-xp 00003000 b3:02 176359                     /usr/lib/libxcb-sync.so.1.0.0
7771f84c4000-7771f84c5000 r--p 00006000 b3:02 176359                     /usr/lib/libxcb-sync.so.1.0.0
7771f84c5000-7771f84c6000 r--p 00007000 b3:02 176359                     /usr/lib/libxcb-sync.so.1.0.0
7771f84c6000-7771f84c7000 rw-p 00008000 b3:02 176359                     /usr/lib/libxcb-sync.so.1.0.0
7771f84c7000-7771f84c8000 r--p 00000000 b3:02 176335                     /usr/lib/libxcb-present.so.0.0.0
7771f84c8000-7771f84c9000 r-xp 00001000 b3:02 176335                     /usr/lib/libxcb-present.so.0.0.0
7771f84c9000-7771f84ca000 r--p 00002000 b3:02 176335                     /usr/lib/libxcb-present.so.0.0.0
7771f84ca000-7771f84cb000 r--p 00002000 b3:02 176335                     /usr/lib/libxcb-present.so.0.0.0
7771f84cb000-7771f84cc000 rw-p 00003000 b3:02 176335                     /usr/lib/libxcb-present.so.0.0.0
7771f84cc000-7771f84ce000 r--p 00000000 b3:02 176329                     /usr/lib/libxcb-dri3.so.0.1.0
7771f84ce000-7771f84d0000 r-xp 00002000 b3:02 176329                     /usr/lib/libxcb-dri3.so.0.1.0
7771f84d0000-7771f84d1000 r--p 00004000 b3:02 176329                     /usr/lib/libxcb-dri3.so.0.1.0
7771f84d1000-7771f84d2000 r--p 00004000 b3:02 176329                     /usr/lib/libxcb-dri3.so.0.1.0
7771f84d2000-7771f84d3000 rw-p 00005000 b3:02 176329                     /usr/lib/libxcb-dri3.so.0.1.0
7771f84d3000-7771f84da000 r--p 00000000 b3:02 176338                     /usr/lib/libxcb-randr.so.0.1.0
7771f84da000-7771f84e0000 r-xp 00007000 b3:02 176338                     /usr/lib/libxcb-randr.so.0.1.0
7771f84e0000-7771f84e3000 r--p 0000d000 b3:02 176338                     /usr/lib/libxcb-randr.so.0.1.0
7771f84e3000-7771f84e4000 r--p 00010000 b3:02 176338                     /usr/lib/libxcb-randr.so.0.1.0
7771f84e4000-7771f84e5000 rw-p 00011000 b3:02 176338                     /usr/lib/libxcb-randr.so.0.1.0
7771f84e5000-7771f84e6000 r--p 00000000 b3:02 181616                     /usr/lib/libxshmfence.so.1.0.0
7771f84e6000-7771f84e7000 r-xp 00001000 b3:02 181616                     /usr/lib/libxshmfence.so.1.0.0
7771f84e7000-7771f84e8000 r--p 00002000 b3:02 181616                     /usr/lib/libxshmfence.so.1.0.0
7771f84e8000-7771f84e9000 r--p 00002000 b3:02 181616                     /usr/lib/libxshmfence.so.1.0.0
7771f84e9000-7771f84ea000 rw-p 00003000 b3:02 181616                     /usr/lib/libxshmfence.so.1.0.0
7771f84ea000-7771f84ec000 r--p 00000000 b3:02 154964                     /usr/lib/libexpat.so.1.10.0
7771f84ec000-7771f8509000 r-xp 00002000 b3:02 154964                     /usr/lib/libexpat.so.1.10.0
7771f8509000-7771f8511000 r--p 0001f000 b3:02 154964                     /usr/lib/libexpat.so.1.10.0
7771f8511000-7771f8513000 r--p 00026000 b3:02 154964                     /usr/lib/libexpat.so.1.10.0
7771f8513000-7771f8514000 rw-p 00028000 b3:02 154964                     /usr/lib/libexpat.so.1.10.0
7771f8514000-7771f8515000 r--p 00000000 b3:02 176356                     /usr/lib/libxcb-shm.so.0.0.0
7771f8515000-7771f8516000 r-xp 00001000 b3:02 176356                     /usr/lib/libxcb-shm.so.0.0.0
7771f8516000-7771f8517000 r--p 00002000 b3:02 176356                     /usr/lib/libxcb-shm.so.0.0.0
7771f8517000-7771f8518000 r--p 00002000 b3:02 176356                     /usr/lib/libxcb-shm.so.0.0.0
7771f8518000-7771f8519000 rw-p 00003000 b3:02 176356                     /usr/lib/libxcb-shm.so.0.0.0
7771f8519000-7771f851b000 r--p 00000000 b3:02 176326                     /usr/lib/libxcb-dri2.so.0.0.0
7771f851b000-7771f851d000 r-xp 00002000 b3:02 176326                     /usr/lib/libxcb-dri2.so.0.0.0
7771f851d000-7771f851e000 r--p 00004000 b3:02 176326                     /usr/lib/libxcb-dri2.so.0.0.0
7771f851e000-7771f851f000 r--p 00004000 b3:02 176326                     /usr/lib/libxcb-dri2.so.0.0.0
7771f851f000-7771f8520000 rw-p 00005000 b3:02 176326                     /usr/lib/libxcb-dri2.so.0.0.0
7771f8520000-7771f852c000 r--p 00000000 b3:02 176332                     /usr/lib/libxcb-glx.so.0.0.0
7771f852c000-7771f8535000 r-xp 0000c000 b3:02 176332                     /usr/lib/libxcb-glx.so.0.0.0
7771f8535000-7771f853a000 r--p 00015000 b3:02 176332                     /usr/lib/libxcb-glx.so.0.0.0
7771f853a000-7771f853c000 r--p 0001a000 b3:02 176332                     /usr/lib/libxcb-glx.so.0.0.0
7771f853c000-7771f853d000 rw-p 0001c000 b3:02 176332                     /usr/lib/libxcb-glx.so.0.0.0
7771f853d000-7771f8542000 r--p 00000000 b3:02 181590                     /usr/lib/libdrm.so.2.123.0
7771f8542000-7771f854e000 r-xp 00005000 b3:02 181590                     /usr/lib/libdrm.so.2.123.0
7771f854e000-7771f8552000 r--p 00011000 b3:02 181590                     /usr/lib/libdrm.so.2.123.0
7771f8552000-7771f8553000 r--p 00015000 b3:02 181590                     /usr/lib/libdrm.so.2.123.0
7771f8553000-7771f8554000 rw-p 00016000 b3:02 181590                     /usr/lib/libdrm.so.2.123.0
7771f8554000-7771f8555000 r--p 00000000 b3:02 186207                     /usr/lib/libglapi.so.0.0.0
7771f8555000-7771f8563000 r-xp 00001000 b3:02 186207                     /usr/lib/libglapi.so.0.0.0
7771f8563000-7771f8577000 r--p 0000f000 b3:02 186207                     /usr/lib/libglapi.so.0.0.0
7771f8577000-7771f857b000 r--p 00023000 b3:02 186207                     /usr/lib/libglapi.so.0.0.0
7771f857b000-7771f857c000 rw-p 00027000 b3:02 186207                     /usr/lib/libglapi.so.0.0.0
7771f857c000-7771f8592000 r--p 00000000 b3:02 181748                     /usr/lib/libGLX_mesa.so.0.0.0
7771f8592000-7771f85d1000 r-xp 00016000 b3:02 181748                     /usr/lib/libGLX_mesa.so.0.0.0
7771f85d1000-7771f85e4000 r--p 00055000 b3:02 181748                     /usr/lib/libGLX_mesa.so.0.0.0
7771f85e4000-7771f85e8000 r--p 00067000 b3:02 181748                     /usr/lib/libGLX_mesa.so.0.0.0
7771f85e8000-7771f85e9000 rw-p 0006b000 b3:02 181748                     /usr/lib/libGLX_mesa.so.0.0.0
7771f85e9000-7771f862a000 r--p 00000000 b3:02 181820                     /usr/lib/libGLdispatch.so.0.0.0
7771f862a000-7771f8669000 r-xp 00041000 b3:02 181820                     /usr/lib/libGLdispatch.so.0.0.0
7771f8669000-7771f867c000 r--p 00080000 b3:02 181820                     /usr/lib/libGLdispatch.so.0.0.0
7771f867c000-7771f8698000 r--p 00093000 b3:02 181820                     /usr/lib/libGLdispatch.so.0.0.0
7771f8698000-7771f8699000 rw-p 000af000 b3:02 181820                     /usr/lib/libGLdispatch.so.0.0.0
7771f8699000-7771f86a1000 rw-p 00000000 00:00 0 
7771f86a1000-7771f86a4000 r--p 00000000 b3:02 181817                     /usr/lib/libGLX.so.0.0.0
7771f86a4000-7771f86be000 r-xp 00003000 b3:02 181817                     /usr/lib/libGLX.so.0.0.0
7771f86be000-7771f86c1000 r--p 0001d000 b3:02 181817                     /usr/lib/libGLX.so.0.0.0
7771f86c1000-7771f86c2000 r--p 00020000 b3:02 181817                     /usr/lib/libGLX.so.0.0.0
7771f86c2000-7771f86c3000 rw-p 00021000 b3:02 181817                     /usr/lib/libGLX.so.0.0.0
7771f86c3000-7771f86d3000 rw-p 00000000 00:00 0 
7771f86d3000-7771f86d4000 r--p 00000000 b3:02 178725                     /usr/lib/libX11-xcb.so.1.0.0
7771f86d4000-7771f86d5000 r-xp 00001000 b3:02 178725                     /usr/lib/libX11-xcb.so.1.0.0
7771f86d5000-7771f86d6000 r--p 00002000 b3:02 178725                     /usr/lib/libX11-xcb.so.1.0.0
7771f86d6000-7771f86d7000 r--p 00002000 b3:02 178725                     /usr/lib/libX11-xcb.so.1.0.0
7771f86d7000-7771f86d8000 rw-p 00003000 b3:02 178725                     /usr/lib/libX11-xcb.so.1.0.0
7771f86d8000-7771f86da000 r--p 00000000 b3:02 179607                     /usr/lib/libXfixes.so.3.1.0
7771f86da000-7771f86dd000 r-xp 00002000 b3:02 179607                     /usr/lib/libXfixes.so.3.1.0
7771f86dd000-7771f86de000 r--p 00005000 b3:02 179607                     /usr/lib/libXfixes.so.3.1.0
7771f86de000-7771f86df000 r--p 00005000 b3:02 179607                     /usr/lib/libXfixes.so.3.1.0
7771f86df000-7771f86e0000 rw-p 00006000 b3:02 179607                     /usr/lib/libXfixes.so.3.1.0
7771f86e0000-7771f86f7000 r--p 00000000 b3:02 178728                     /usr/lib/libX11.so.6.4.0
7771f86f7000-7771f878b000 r-xp 00017000 b3:02 178728                     /usr/lib/libX11.so.6.4.0
7771f878b000-7771f881a000 r--p 000ab000 b3:02 178728                     /usr/lib/libX11.so.6.4.0
7771f881a000-7771f881d000 r--p 00139000 b3:02 178728                     /usr/lib/libX11.so.6.4.0
7771f881d000-7771f8821000 rw-p 0013c000 b3:02 178728                     /usr/lib/libX11.so.6.4.0
7771f8821000-7771f8830000 r--p 00000000 00:2b 46                         /tmp/lwjgl_zeph/3.3.4+7/x64/libglfw.so
7771f8830000-7771f8851000 r-xp 0000f000 00:2b 46                         /tmp/lwjgl_zeph/3.3.4+7/x64/libglfw.so
7771f8851000-7771f8885000 r--p 00030000 00:2b 46                         /tmp/lwjgl_zeph/3.3.4+7/x64/libglfw.so
7771f8885000-7771f8886000 ---p 00064000 00:2b 46                         /tmp/lwjgl_zeph/3.3.4+7/x64/libglfw.so
7771f8886000-7771f888a000 r--p 00064000 00:2b 46                         /tmp/lwjgl_zeph/3.3.4+7/x64/libglfw.so
7771f888a000-7771f888d000 rw-p 00068000 00:2b 46                         /tmp/lwjgl_zeph/3.3.4+7/x64/libglfw.so
7771f888d000-7771f88b0000 rw-p 00000000 00:00 0 
7771f88b0000-7771f88da000 r--p 00000000 00:2b 45                         /tmp/lwjgl_zeph/3.3.4+7/x64/liblwjgl.so
7771f88da000-7771f890c000 r-xp 0002a000 00:2b 45                         /tmp/lwjgl_zeph/3.3.4+7/x64/liblwjgl.so
7771f890c000-7771f8925000 r--p 0005c000 00:2b 45                         /tmp/lwjgl_zeph/3.3.4+7/x64/liblwjgl.so
7771f8925000-7771f8926000 r--p 00074000 00:2b 45                         /tmp/lwjgl_zeph/3.3.4+7/x64/liblwjgl.so
7771f8926000-7771f8927000 rw-p 00075000 00:2b 45                         /tmp/lwjgl_zeph/3.3.4+7/x64/liblwjgl.so
7771f8927000-7771f8928000 ---p 00000000 00:00 0 
7771f8928000-7771f892c000 ---p 00000000 00:00 0 
7771f892c000-7771f8a28000 rw-p 00000000 00:00 0 
7771f8a28000-7771f8a29000 ---p 00000000 00:00 0 
7771f8a29000-7771f8a2d000 ---p 00000000 00:00 0 
7771f8a2d000-7771f8b29000 rw-p 00000000 00:00 0 
7771f8b29000-7771f8b2e000 r--p 00000000 b3:02 329917                     /usr/lib/jvm/java-21-openjdk/lib/libjsvml.so
7771f8b2e000-7771f8b6f000 r-xp 00005000 b3:02 329917                     /usr/lib/jvm/java-21-openjdk/lib/libjsvml.so
7771f8b6f000-7771f8bf8000 r--p 00046000 b3:02 329917                     /usr/lib/jvm/java-21-openjdk/lib/libjsvml.so
7771f8bf8000-7771f8bf9000 r--p 000ce000 b3:02 329917                     /usr/lib/jvm/java-21-openjdk/lib/libjsvml.so
7771f8bf9000-7771f8bfa000 rw-p 000cf000 b3:02 329917                     /usr/lib/jvm/java-21-openjdk/lib/libjsvml.so
7771f8bfa000-7771f8bfb000 ---p 00000000 00:00 0 
7771f8bfb000-7771f8bff000 ---p 00000000 00:00 0 
7771f8bff000-7771f8cfb000 rw-p 00000000 00:00 0 
7771f8cfb000-7771f8cfc000 ---p 00000000 00:00 0 
7771f8cfc000-7771f8d00000 ---p 00000000 00:00 0 
7771f8d00000-7771f8dfc000 rw-p 00000000 00:00 0 
7771f8dfc000-7771f8dfd000 ---p 00000000 00:00 0 
7771f8dfd000-7771f8e01000 ---p 00000000 00:00 0 
7771f8e01000-7771f8efd000 rw-p 00000000 00:00 0 
7771f8efd000-7771f8efe000 ---p 00000000 00:00 0 
7771f8efe000-7771f8f02000 ---p 00000000 00:00 0 
7771f8f02000-7771f8ffe000 rw-p 00000000 00:00 0 
7771f8ffe000-7771f8fff000 ---p 00000000 00:00 0 
7771f8fff000-7771f9003000 ---p 00000000 00:00 0 
7771f9003000-7771f90ff000 rw-p 00000000 00:00 0 
7771f90ff000-7771f9100000 ---p 00000000 00:00 0 
7771f9100000-7771f9104000 ---p 00000000 00:00 0 
7771f9104000-7771f9200000 rw-p 00000000 00:00 0 
7771f9200000-7771f94eb000 r--p 00000000 b3:02 175391                     /usr/lib/locale/locale-archive
7771f94ed000-7771f94ee000 r--p 00000000 b3:02 182057                     /usr/lib/libXinerama.so.1.0.0
7771f94ee000-7771f94ef000 r-xp 00001000 b3:02 182057                     /usr/lib/libXinerama.so.1.0.0
7771f94ef000-7771f94f0000 r--p 00002000 b3:02 182057                     /usr/lib/libXinerama.so.1.0.0
7771f94f0000-7771f94f1000 r--p 00002000 b3:02 182057                     /usr/lib/libXinerama.so.1.0.0
7771f94f1000-7771f94f2000 rw-p 00003000 b3:02 182057                     /usr/lib/libXinerama.so.1.0.0
7771f94f2000-7771f94f5000 r--p 00000000 b3:02 181990                     /usr/lib/libXcursor.so.1.0.2
7771f94f5000-7771f94fb000 r-xp 00003000 b3:02 181990                     /usr/lib/libXcursor.so.1.0.2
7771f94fb000-7771f94fd000 r--p 00009000 b3:02 181990                     /usr/lib/libXcursor.so.1.0.2
7771f94fd000-7771f94fe000 r--p 0000a000 b3:02 181990                     /usr/lib/libXcursor.so.1.0.2
7771f94fe000-7771f94ff000 rw-p 0000b000 b3:02 181990                     /usr/lib/libXcursor.so.1.0.2
7771f94ff000-7771f9500000 ---p 00000000 00:00 0 
7771f9500000-7771f9504000 ---p 00000000 00:00 0 
7771f9504000-7771f9600000 rw-p 00000000 00:00 0 
7771f9600000-7771fb600000 rw-p 00000000 00:00 0 
7771fb603000-7771fb605000 r--p 00000000 b3:02 180183                     /usr/lib/libXrender.so.1.3.0
7771fb605000-7771fb60c000 r-xp 00002000 b3:02 180183                     /usr/lib/libXrender.so.1.3.0
7771fb60c000-7771fb60d000 r--p 00009000 b3:02 180183                     /usr/lib/libXrender.so.1.3.0
7771fb60d000-7771fb60e000 r--p 00009000 b3:02 180183                     /usr/lib/libXrender.so.1.3.0
7771fb60e000-7771fb60f000 rw-p 0000a000 b3:02 180183                     /usr/lib/libXrender.so.1.3.0
7771fb60f000-7771fb612000 r--p 00000000 b3:02 179612                     /usr/lib/libXi.so.6.1.0
7771fb612000-7771fb61e000 r-xp 00003000 b3:02 179612                     /usr/lib/libXi.so.6.1.0
7771fb61e000-7771fb620000 r--p 0000f000 b3:02 179612                     /usr/lib/libXi.so.6.1.0
7771fb620000-7771fb621000 r--p 00011000 b3:02 179612                     /usr/lib/libXi.so.6.1.0
7771fb621000-7771fb622000 rw-p 00012000 b3:02 179612                     /usr/lib/libXi.so.6.1.0
7771fb622000-7771fb626000 r--p 00000000 b3:02 179542                     /usr/lib/libXext.so.6.4.0
7771fb626000-7771fb631000 r-xp 00004000 b3:02 179542                     /usr/lib/libXext.so.6.4.0
7771fb631000-7771fb635000 r--p 0000f000 b3:02 179542                     /usr/lib/libXext.so.6.4.0
7771fb635000-7771fb636000 r--p 00012000 b3:02 179542                     /usr/lib/libXext.so.6.4.0
7771fb636000-7771fb637000 rw-p 00013000 b3:02 179542                     /usr/lib/libXext.so.6.4.0
7771fb637000-7771fb638000 ---p 00000000 00:00 0 
7771fb638000-7771fb738000 rw-p 00000000 00:00 0 
7771fb738000-7771fb828000 rw-p 00000000 00:00 0 
7771fb828000-7771fc5f8000 ---p 00000000 00:00 0 
7771fc5f8000-7771fc600000 rw-p 00000000 00:00 0 
7771fc600000-7771fc870000 rwxp 00000000 00:00 0 
7771fc870000-777203b38000 ---p 00000000 00:00 0 
777203b38000-777203da8000 rwxp 00000000 00:00 0 
777203da8000-7772040c7000 ---p 00000000 00:00 0 
7772040c7000-777204337000 rwxp 00000000 00:00 0 
777204337000-77720b600000 ---p 00000000 00:00 0 
77720b600000-777213e0d000 r--s 00000000 b3:02 329934                     /usr/lib/jvm/java-21-openjdk/lib/modules
777213e10000-777213e11000 rw-s 103efa000 00:10 1046                      anon_inode:i915.gem
777213e11000-777213e13000 r--p 00000000 b3:02 182066                     /usr/lib/libXrandr.so.2.2.0
777213e13000-777213e1a000 r-xp 00002000 b3:02 182066                     /usr/lib/libXrandr.so.2.2.0
777213e1a000-777213e1c000 r--p 00009000 b3:02 182066                     /usr/lib/libXrandr.so.2.2.0
777213e1c000-777213e1d000 r--p 0000a000 b3:02 182066                     /usr/lib/libXrandr.so.2.2.0
777213e1d000-777213e1e000 rw-p 0000b000 b3:02 182066                     /usr/lib/libXrandr.so.2.2.0
777213e1e000-777213e1f000 r--p 00000000 b3:02 181620                     /usr/lib/libXxf86vm.so.1.0.0
777213e1f000-777213e22000 r-xp 00001000 b3:02 181620                     /usr/lib/libXxf86vm.so.1.0.0
777213e22000-777213e23000 r--p 00004000 b3:02 181620                     /usr/lib/libXxf86vm.so.1.0.0
777213e23000-777213e24000 r--p 00004000 b3:02 181620                     /usr/lib/libXxf86vm.so.1.0.0
777213e24000-777213e25000 rw-p 00005000 b3:02 181620                     /usr/lib/libXxf86vm.so.1.0.0
777213e25000-777213e27000 r--p 00000000 b3:02 176297                     /usr/lib/libXdmcp.so.6.0.0
777213e27000-777213e29000 r-xp 00002000 b3:02 176297                     /usr/lib/libXdmcp.so.6.0.0
777213e29000-777213e2b000 r--p 00004000 b3:02 176297                     /usr/lib/libXdmcp.so.6.0.0
777213e2b000-777213e2c000 r--p 00005000 b3:02 176297                     /usr/lib/libXdmcp.so.6.0.0
777213e2c000-777213e2d000 rw-p 00006000 b3:02 176297                     /usr/lib/libXdmcp.so.6.0.0
777213e2d000-777213e2e000 r--p 00000000 b3:02 176301                     /usr/lib/libXau.so.6.0.0
777213e2e000-777213e2f000 r-xp 00001000 b3:02 176301                     /usr/lib/libXau.so.6.0.0
777213e2f000-777213e30000 r--p 00002000 b3:02 176301                     /usr/lib/libXau.so.6.0.0
777213e30000-777213e31000 r--p 00002000 b3:02 176301                     /usr/lib/libXau.so.6.0.0
777213e31000-777213e32000 rw-p 00003000 b3:02 176301                     /usr/lib/libXau.so.6.0.0
777213e32000-777213e3e000 r--p 00000000 b3:02 176386                     /usr/lib/libxcb.so.1.1.0
777213e3e000-777213e52000 r-xp 0000c000 b3:02 176386                     /usr/lib/libxcb.so.1.1.0
777213e52000-777213e5b000 r--p 00020000 b3:02 176386                     /usr/lib/libxcb.so.1.1.0
777213e5b000-777213e5c000 r--p 00028000 b3:02 176386                     /usr/lib/libxcb.so.1.1.0
777213e5c000-777213e5d000 rw-p 00029000 b3:02 176386                     /usr/lib/libxcb.so.1.1.0
777213e5d000-777213e5e000 rw-s 1000d3000 00:10 1046                      anon_inode:i915.gem
777213e5e000-777213e6e000 rw-s 10e488000 00:10 1046                      anon_inode:i915.gem
777213e6e000-777213e7e000 rw-s 102408000 00:10 1046                      anon_inode:i915.gem
777213e7e000-777213e7f000 ---p 00000000 00:00 0 
777213e7f000-777213f7f000 rw-p 00000000 00:00 0 
777213f7f000-7772153aa000 rw-p 00000000 00:00 0 
7772153aa000-777218000000 ---p 00000000 00:00 0 
777218000000-777218001000 r--p 00000000 b3:02 134499                     /usr/lib/librt.so.1
777218001000-777218002000 r-xp 00001000 b3:02 134499                     /usr/lib/librt.so.1
777218002000-777218003000 r--p 00002000 b3:02 134499                     /usr/lib/librt.so.1
777218003000-777218004000 r--p 00002000 b3:02 134499                     /usr/lib/librt.so.1
777218004000-777218005000 rw-p 00003000 b3:02 134499                     /usr/lib/librt.so.1
777218005000-777218006000 r--p 00000000 b3:02 134494                     /usr/lib/libpthread.so.0
777218006000-777218007000 r-xp 00001000 b3:02 134494                     /usr/lib/libpthread.so.0
777218007000-777218008000 r--p 00002000 b3:02 134494                     /usr/lib/libpthread.so.0
777218008000-777218009000 r--p 00002000 b3:02 134494                     /usr/lib/libpthread.so.0
777218009000-77721800a000 rw-p 00003000 b3:02 134494                     /usr/lib/libpthread.so.0
77721800a000-77721800c000 r--p 00000000 b3:02 329933                     /usr/lib/jvm/java-21-openjdk/lib/libzip.so
77721800c000-777218010000 r-xp 00002000 b3:02 329933                     /usr/lib/jvm/java-21-openjdk/lib/libzip.so
777218010000-777218012000 r--p 00006000 b3:02 329933                     /usr/lib/jvm/java-21-openjdk/lib/libzip.so
777218012000-777218013000 r--p 00007000 b3:02 329933                     /usr/lib/jvm/java-21-openjdk/lib/libzip.so
777218013000-777218014000 rw-p 00008000 b3:02 329933                     /usr/lib/jvm/java-21-openjdk/lib/libzip.so
777218014000-77721806f000 rw-p 00000000 00:00 0 
77721806f000-777218070000 ---p 00000000 00:00 0 
777218070000-777218170000 rw-p 00000000 00:00 0 
777218170000-777218171000 ---p 00000000 00:00 0 
777218171000-777218271000 rw-p 00000000 00:00 0 
777218271000-777218473000 rw-p 00000000 00:00 0 
777218473000-777218474000 ---p 00000000 00:00 0 
777218474000-777218574000 rw-p 00000000 00:00 0 
777218574000-777218575000 ---p 00000000 00:00 0 
777218575000-777218675000 rw-p 00000000 00:00 0 
777218675000-777218676000 ---p 00000000 00:00 0 
777218676000-777218776000 rw-p 00000000 00:00 0 
777218776000-777218794000 rw-p 00000000 00:00 0 
777218794000-77721894e000 ---p 00000000 00:00 0 
77721894e000-77721896d000 rw-p 00000000 00:00 0 
77721896d000-777218b27000 ---p 00000000 00:00 0 
777218b27000-777218d2f000 rw-p 00000000 00:00 0 
777218d2f000-777218e15000 ---p 00000000 00:00 0 
777218e15000-777218e1a000 rw-p 00000000 00:00 0 
777218e1a000-777218f00000 ---p 00000000 00:00 0 
777218f00000-777218f04000 ---p 00000000 00:00 0 
777218f04000-777219000000 rw-p 00000000 00:00 0 
777219000000-777219097000 r--p 00000000 b3:02 133657                     /usr/lib/libstdc++.so.6.0.33
777219097000-7772191e4000 r-xp 00097000 b3:02 133657                     /usr/lib/libstdc++.so.6.0.33
7772191e4000-777219274000 r--p 001e4000 b3:02 133657                     /usr/lib/libstdc++.so.6.0.33
777219274000-777219281000 r--p 00274000 b3:02 133657                     /usr/lib/libstdc++.so.6.0.33
777219281000-777219282000 rw-p 00281000 b3:02 133657                     /usr/lib/libstdc++.so.6.0.33
777219282000-777219286000 rw-p 00000000 00:00 0 
777219286000-777219287000 r--p 00000000 b3:02 134472                     /usr/lib/libdl.so.2
777219287000-777219288000 r-xp 00001000 b3:02 134472                     /usr/lib/libdl.so.2
777219288000-777219289000 r--p 00002000 b3:02 134472                     /usr/lib/libdl.so.2
777219289000-77721928a000 r--p 00002000 b3:02 134472                     /usr/lib/libdl.so.2
77721928a000-77721928b000 rw-p 00003000 b3:02 134472                     /usr/lib/libdl.so.2
77721928b000-77721928e000 r--p 00000000 b3:02 329924                     /usr/lib/jvm/java-21-openjdk/lib/libnet.so
77721928e000-777219295000 r-xp 00003000 b3:02 329924                     /usr/lib/jvm/java-21-openjdk/lib/libnet.so
777219295000-777219297000 r--p 0000a000 b3:02 329924                     /usr/lib/jvm/java-21-openjdk/lib/libnet.so
777219297000-777219298000 r--p 0000b000 b3:02 329924                     /usr/lib/jvm/java-21-openjdk/lib/libnet.so
777219298000-777219299000 rw-p 0000c000 b3:02 329924                     /usr/lib/jvm/java-21-openjdk/lib/libnet.so
777219299000-7772192a0000 r--p 00000000 b3:02 329925                     /usr/lib/jvm/java-21-openjdk/lib/libnio.so
7772192a0000-7772192a9000 r-xp 00007000 b3:02 329925                     /usr/lib/jvm/java-21-openjdk/lib/libnio.so
7772192a9000-7772192ae000 r--p 00010000 b3:02 329925                     /usr/lib/jvm/java-21-openjdk/lib/libnio.so
7772192ae000-7772192af000 r--p 00014000 b3:02 329925                     /usr/lib/jvm/java-21-openjdk/lib/libnio.so
7772192af000-7772192b0000 rw-p 00015000 b3:02 329925                     /usr/lib/jvm/java-21-openjdk/lib/libnio.so
7772192b0000-777219311000 rw-p 00000000 00:00 0 
777219311000-77721931f000 r--p 00000000 b3:02 134477                     /usr/lib/libm.so.6
77721931f000-7772193a2000 r-xp 0000e000 b3:02 134477                     /usr/lib/libm.so.6
7772193a2000-7772193fe000 r--p 00091000 b3:02 134477                     /usr/lib/libm.so.6
7772193fe000-7772193ff000 r--p 000ec000 b3:02 134477                     /usr/lib/libm.so.6
7772193ff000-777219400000 rw-p 000ed000 b3:02 134477                     /usr/lib/libm.so.6
777219400000-77721940e000 r--p 00000000 b3:02 329944                     /usr/lib/jvm/java-21-openjdk/lib/server/libjvm.so
77721940e000-77721a3a0000 r-xp 0000e000 b3:02 329944                     /usr/lib/jvm/java-21-openjdk/lib/server/libjvm.so
77721a3a0000-77721a58f000 r--p 00fa0000 b3:02 329944                     /usr/lib/jvm/java-21-openjdk/lib/server/libjvm.so
77721a58f000-77721a660000 r--p 0118e000 b3:02 329944                     /usr/lib/jvm/java-21-openjdk/lib/server/libjvm.so
77721a660000-77721a68a000 rw-p 0125f000 b3:02 329944                     /usr/lib/jvm/java-21-openjdk/lib/server/libjvm.so
77721a68a000-77721a6f0000 rw-p 00000000 00:00 0 
77721a6f0000-77721a6f1000 rw-s 00000000 00:01 45277                      /memfd:xshmfence (deleted)
77721a6f1000-77721a6f2000 rw-p 00000000 00:00 0 
77721a6f2000-77721a6f3000 r-xp 0005a000 00:2b 45                         /tmp/lwjgl_zeph/3.3.4+7/x64/liblwjgl.so
77721a6f3000-77721a6f4000 rw-p 00000000 00:00 0 
77721a6f4000-77721a6fe000 r--p 00000000 b3:02 329907                     /usr/lib/jvm/java-21-openjdk/lib/libjava.so
77721a6fe000-77721a70b000 r-xp 0000a000 b3:02 329907                     /usr/lib/jvm/java-21-openjdk/lib/libjava.so
77721a70b000-77721a710000 r--p 00017000 b3:02 329907                     /usr/lib/jvm/java-21-openjdk/lib/libjava.so
77721a710000-77721a711000 r--p 0001b000 b3:02 329907                     /usr/lib/jvm/java-21-openjdk/lib/libjava.so
77721a711000-77721a712000 rw-p 0001c000 b3:02 329907                     /usr/lib/jvm/java-21-openjdk/lib/libjava.so
77721a712000-77721a713000 rw-p 00000000 00:00 0 
77721a713000-77721a717000 r--p 00000000 b3:02 133624                     /usr/lib/libgcc_s.so.1
77721a717000-77721a73b000 r-xp 00004000 b3:02 133624                     /usr/lib/libgcc_s.so.1
77721a73b000-77721a73f000 r--p 00028000 b3:02 133624                     /usr/lib/libgcc_s.so.1
77721a73f000-77721a740000 r--p 0002b000 b3:02 133624                     /usr/lib/libgcc_s.so.1
77721a740000-77721a741000 rw-p 0002c000 b3:02 133624                     /usr/lib/libgcc_s.so.1
77721a741000-77721a744000 rw-p 00000000 00:00 0 
77721a744000-77721a747000 r--p 00000000 b3:02 138543                     /usr/lib/libz.so.1.3.1
77721a747000-77721a755000 r-xp 00003000 b3:02 138543                     /usr/lib/libz.so.1.3.1
77721a755000-77721a75b000 r--p 00011000 b3:02 138543                     /usr/lib/libz.so.1.3.1
77721a75b000-77721a75c000 r--p 00017000 b3:02 138543                     /usr/lib/libz.so.1.3.1
77721a75c000-77721a75d000 rw-p 00018000 b3:02 138543                     /usr/lib/libz.so.1.3.1
77721a75d000-77721a781000 r--p 00000000 b3:02 134467                     /usr/lib/libc.so.6
77721a781000-77721a8f2000 r-xp 00024000 b3:02 134467                     /usr/lib/libc.so.6
77721a8f2000-77721a940000 r--p 00195000 b3:02 134467                     /usr/lib/libc.so.6
77721a940000-77721a944000 r--p 001e3000 b3:02 134467                     /usr/lib/libc.so.6
77721a944000-77721a946000 rw-p 001e7000 b3:02 134467                     /usr/lib/libc.so.6
77721a946000-77721a94e000 rw-p 00000000 00:00 0 
77721a94e000-77721a94f000 rw-s 10e604000 00:10 1046                      anon_inode:i915.gem
77721a94f000-77721a950000 rw-s 10241b000 00:10 1046                      anon_inode:i915.gem
77721a950000-77721a951000 rw-s 102418000 00:10 1046                      anon_inode:i915.gem
77721a951000-77721a952000 rw-s 107767000 00:10 1046                      anon_inode:i915.gem
77721a952000-77721a957000 rw-p 00000000 00:00 0 
77721a957000-77721a95e000 ---p 00000000 00:00 0 
77721a95e000-77721a966000 rw-s 00000000 00:2b 2564                       /tmp/hsperfdata_zeph/86108
77721a966000-77721a967000 ---p 00000000 00:00 0 
77721a967000-77721a968000 r--p 00000000 00:00 0 
77721a968000-77721a969000 ---p 00000000 00:00 0 
77721a969000-77721a96a000 r--p 00000000 b3:02 329913                     /usr/lib/jvm/java-21-openjdk/lib/libjimage.so
77721a96a000-77721a96c000 r-xp 00001000 b3:02 329913                     /usr/lib/jvm/java-21-openjdk/lib/libjimage.so
77721a96c000-77721a96d000 r--p 00003000 b3:02 329913                     /usr/lib/jvm/java-21-openjdk/lib/libjimage.so
77721a96d000-77721a96e000 r--p 00003000 b3:02 329913                     /usr/lib/jvm/java-21-openjdk/lib/libjimage.so
77721a96e000-77721a96f000 rw-p 00004000 b3:02 329913                     /usr/lib/jvm/java-21-openjdk/lib/libjimage.so
77721a96f000-77721a971000 r--p 00000000 b3:02 329914                     /usr/lib/jvm/java-21-openjdk/lib/libjli.so
77721a971000-77721a97b000 r-xp 00002000 b3:02 329914                     /usr/lib/jvm/java-21-openjdk/lib/libjli.so
77721a97b000-77721a97e000 r--p 0000c000 b3:02 329914                     /usr/lib/jvm/java-21-openjdk/lib/libjli.so
77721a97e000-77721a97f000 r--p 0000e000 b3:02 329914                     /usr/lib/jvm/java-21-openjdk/lib/libjli.so
77721a97f000-77721a980000 rw-p 0000f000 b3:02 329914                     /usr/lib/jvm/java-21-openjdk/lib/libjli.so
77721a980000-77721a982000 rw-p 00000000 00:00 0 
77721a982000-77721a986000 r--p 00000000 00:00 0                          [vvar]
77721a986000-77721a988000 r-xp 00000000 00:00 0                          [vdso]
77721a988000-77721a989000 r--p 00000000 b3:02 134458                     /usr/lib/ld-linux-x86-64.so.2
77721a989000-77721a9b2000 r-xp 00001000 b3:02 134458                     /usr/lib/ld-linux-x86-64.so.2
77721a9b2000-77721a9bc000 r--p 0002a000 b3:02 134458                     /usr/lib/ld-linux-x86-64.so.2
77721a9bc000-77721a9be000 r--p 00034000 b3:02 134458                     /usr/lib/ld-linux-x86-64.so.2
77721a9be000-77721a9c0000 rw-p 00036000 b3:02 134458                     /usr/lib/ld-linux-x86-64.so.2
7ffc79233000-7ffc79254000 rw-p 00000000 00:00 0                          [stack]
ffffffffff600000-ffffffffff601000 --xp 00000000 00:00 0                  [vsyscall]
Total number of mappings: 513


VM Arguments:
jvm_args: -Djava.library.path=lib/ -XX:+ShowCodeDetailsInExceptionMessages 
java_command: game.Main
java_class_path (initial): /home/zeph/mnt/JAVA/ZephyroGame/target/classes:/home/zeph/.m2/repository/org/l33tlabs/twl/pngdecoder/1.0/pngdecoder-1.0.jar:/home/zeph/.m2/repository/org/joml/joml/1.10.8/joml-1.10.8.jar:/home/zeph/.m2/repository/org/lwjgl/lwjgl/3.3.4/lwjgl-3.3.4.jar:/home/zeph/.m2/repository/org/lwjgl/lwjgl-assimp/3.3.4/lwjgl-assimp-3.3.4.jar:/home/zeph/.m2/repository/org/lwjgl/lwjgl-bgfx/3.3.4/lwjgl-bgfx-3.3.4.jar:/home/zeph/.m2/repository/org/lwjgl/lwjgl-cuda/3.3.4/lwjgl-cuda-3.3.4.jar:/home/zeph/.m2/repository/org/lwjgl/lwjgl-fmod/3.3.4/lwjgl-fmod-3.3.4.jar:/home/zeph/.m2/repository/org/lwjgl/lwjgl-glfw/3.3.4/lwjgl-glfw-3.3.4.jar:/home/zeph/.m2/repository/org/lwjgl/lwjgl-nanovg/3.3.4/lwjgl-nanovg-3.3.4.jar:/home/zeph/.m2/repository/org/lwjgl/lwjgl-nuklear/3.3.4/lwjgl-nuklear-3.3.4.jar:/home/zeph/.m2/repository/org/lwjgl/lwjgl-openal/3.3.4/lwjgl-openal-3.3.4.jar:/home/zeph/.m2/repository/org/lwjgl/lwjgl-opencl/3.3.4/lwjgl-opencl-3.3.4.jar:/home/zeph/.m2/repository/org/lwjgl/lwjgl-opengl/3.3.4/lwjgl-opengl-3.3.4.jar:/home/zeph/.m2/repository/org/lwjgl/lwjgl-par/3.3.4/lwjgl-par-3.3.4.jar:/home/zeph/.m2/repository/org/lwjgl/lwjgl-shaderc/3.3.4/lwjgl-shaderc-3.3.4.jar:/home/zeph/.m2/repository/org/lwjgl/lwjgl-stb/3.3.4/lwjgl-stb-3.3.4.jar:/home/zeph/.m2/repository/org/lwjgl/lwjgl-vulkan/3.3.4/lwjgl-vulkan-3.3.4.jar:/home/zeph/.m2/repository/org/lwjgl/lwjgl/3.3.4/lwjgl-3.3.4-natives-linux.jar:/home/zeph/.m2/repository/org/lwjgl/lwjgl-assimp/3.3.4/lwjgl-assimp-3.3.4-natives-linux.jar:/home/zeph/.m2/repository/org/lwjgl/lwjgl-bgfx/3.3.4/lwjgl-bgfx-3.3.4-natives-linux.jar:/home/zeph/.m2/repository/org/lwjgl/lwjgl-glfw/3.3.4/lwjgl-glfw-3.3.4-natives-linux.jar:/home/zeph/.m2/repository/org/lwjgl/lwjgl-nanovg/3.3.4/lwjgl-nanovg-3.3.4-natives-linux.jar:/home/zeph/.m2/repository/org/lwjgl/lwjgl-nuklear/3.3.4/lwjgl-nuklear-3.3.4-natives-linux.jar:/home/zeph/.m2/repository/org/lwjgl/lwjgl-openal/3.3.4/lwjgl-openal-3.3.4-natives-linux.jar:/home/zeph/.m2/repository/org/lwjgl/lwjgl-opengl/3.3.4/lwjgl-opengl-3.3.4-natives-linux.jar:/home/zeph/.m2/repository/org/lwjgl/lwjgl-par/3.3.4/lwjgl-par-3.3.4-natives-linux.jar:/home/zeph/.m2/repository/org/lwjgl/lwjgl-shaderc/3.3.4/lwjgl-shaderc-3.3.4-natives-linux.jar:/home/zeph/.m2/repository/org/lwjgl/lwjgl-stb/3.3.4/lwjgl-stb-3.3.4-natives-linux.jar
Launcher Type: SUN_STANDARD

[Global flags]
     intx CICompilerCount                          = 2                                         {product} {ergonomic}
     uint ConcGCThreads                            = 1                                         {product} {ergonomic}
     uint G1ConcRefinementThreads                  = 2                                         {product} {ergonomic}
   size_t G1HeapRegionSize                         = 1048576                                   {product} {ergonomic}
    uintx GCDrainStackTargetSize                   = 64                                        {product} {ergonomic}
   size_t InitialHeapSize                          = 62914560                                  {product} {ergonomic}
   size_t MarkStackSize                            = 4194304                                   {product} {ergonomic}
   size_t MaxHeapSize                              = 991952896                                 {product} {ergonomic}
   size_t MaxNewSize                               = 594542592                                 {product} {ergonomic}
   size_t MinHeapDeltaBytes                        = 1048576                                   {product} {ergonomic}
   size_t MinHeapSize                              = 8388608                                   {product} {ergonomic}
    uintx NonNMethodCodeHeapSize                   = 5826188                                {pd product} {ergonomic}
    uintx NonProfiledCodeHeapSize                  = 122916026                              {pd product} {ergonomic}
    uintx ProfiledCodeHeapSize                     = 122916026                              {pd product} {ergonomic}
    uintx ReservedCodeCacheSize                    = 251658240                              {pd product} {ergonomic}
     bool SegmentedCodeCache                       = true                                      {product} {ergonomic}
     bool ShowCodeDetailsInExceptionMessages       = true                                   {manageable} {command line}
   size_t SoftMaxHeapSize                          = 991952896                              {manageable} {ergonomic}
     bool UseCompressedOops                        = true                           {product lp64_product} {ergonomic}
     bool UseG1GC                                  = true                                      {product} {ergonomic}

Logging:
Log output configuration:
 #0: stdout all=warning uptime,level,tags foldmultilines=false
 #1: stderr all=off uptime,level,tags foldmultilines=false

Environment Variables:
PATH=/home/zeph/.cargo/bin:/usr/local/sbin:/usr/local/bin:/usr/bin:/usr/lib/jvm/default/bin:/usr/bin/site_perl:/usr/bin/vendor_perl:/usr/bin/core_perl
SHELL=/usr/bin/bash
DISPLAY=:0
LANG=en_US.UTF-8
TERM=xterm-256color

Active Locale:
LC_ALL=en_US.UTF-8
LC_COLLATE=en_US.UTF-8
LC_CTYPE=en_US.UTF-8
LC_MESSAGES=en_US.UTF-8
LC_MONETARY=en_US.UTF-8
LC_NUMERIC=en_US.UTF-8
LC_TIME=en_US.UTF-8

Signal Handlers:
   SIGSEGV: 0x000077721a05f8d0 in libjvm.so+12974288, mask=11100100010111111101111111111110, flags=SA_RESTART|SA_SIGINFO, unblocked
    SIGBUS: 0x000077721a05f8d0 in libjvm.so+12974288, mask=11100100010111111101111111111110, flags=SA_RESTART|SA_SIGINFO, unblocked
    SIGFPE: 0x000077721a05f8d0 in libjvm.so+12974288, mask=11100100010111111101111111111110, flags=SA_RESTART|SA_SIGINFO, unblocked
   SIGPIPE: 0x0000777219f1df80 in libjvm.so+11657088, mask=11100100010111111101111111111110, flags=SA_RESTART|SA_SIGINFO, blocked
   SIGXFSZ: 0x0000777219f1df80 in libjvm.so+11657088, mask=11100100010111111101111111111110, flags=SA_RESTART|SA_SIGINFO, blocked
    SIGILL: 0x000077721a05f8d0 in libjvm.so+12974288, mask=11100100010111111101111111111110, flags=SA_RESTART|SA_SIGINFO, unblocked
   SIGUSR2: 0x0000777219f2bad0 in libjvm.so+11713232, mask=00000000000000000000000000000000, flags=SA_RESTART|SA_SIGINFO, blocked
    SIGHUP: 0x0000777219f16540 in libjvm.so+11625792, mask=11100100010111111101111111111110, flags=SA_RESTART|SA_SIGINFO, blocked
    SIGINT: 0x0000777219f16540 in libjvm.so+11625792, mask=11100100010111111101111111111110, flags=SA_RESTART|SA_SIGINFO, blocked
   SIGTERM: 0x0000777219f16540 in libjvm.so+11625792, mask=11100100010111111101111111111110, flags=SA_RESTART|SA_SIGINFO, blocked
   SIGQUIT: 0x0000777219f16540 in libjvm.so+11625792, mask=11100100010111111101111111111110, flags=SA_RESTART|SA_SIGINFO, blocked
   SIGTRAP: 0x000077721a05f8d0 in libjvm.so+12974288, mask=11100100010111111101111111111110, flags=SA_RESTART|SA_SIGINFO, unblocked


Periodic native trim disabled

---------------  S Y S T E M  ---------------

OS:
NAME="Arch Linux"
PRETTY_NAME="Arch Linux"
ID=arch
BUILD_ID=rolling
ANSI_COLOR="38;2;23;147;209"
HOME_URL="https://archlinux.org/"
DOCUMENTATION_URL="https://wiki.archlinux.org/"
SUPPORT_URL="https://bbs.archlinux.org/"
BUG_REPORT_URL="https://gitlab.archlinux.org/groups/archlinux/-/issues"
PRIVACY_POLICY_URL="https://terms.archlinux.org/docs/privacy-policy/"
LOGO=archlinux-logo
uname: Linux 6.11.9-arch1-1 #1 SMP PREEMPT_DYNAMIC Sun, 17 Nov 2024 16:06:17 +0000 x86_64
OS uptime: 0 days 3:09 hours
libc: glibc 2.40 NPTL 2.40 
rlimit (soft/hard): STACK 8192k/infinity , CORE infinity/infinity , NPROC 14744/14744 , NOFILE 524288/524288 , AS infinity/infinity , CPU infinity/infinity , DATA infinity/infinity , FSIZE infinity/infinity , MEMLOCK 8192k/8192k
load average: 3.02 2.33 1.43

/proc/meminfo:
MemTotal:        3869884 kB
MemFree:          492144 kB
MemAvailable:    1096856 kB
Buffers:            7384 kB
Cached:          1184352 kB
SwapCached:         2904 kB
Active:          1486656 kB
Inactive:        1043968 kB
Active(anon):     903252 kB
Inactive(anon):   834488 kB
Active(file):     583404 kB
Inactive(file):   209480 kB
Unevictable:      255940 kB
Mlocked:               0 kB
SwapTotal:       1934844 kB
SwapFree:         537440 kB
Zswap:                 0 kB
Zswapped:              0 kB
Dirty:               272 kB
Writeback:             0 kB
AnonPages:       1578848 kB
Mapped:           380528 kB
Shmem:            398760 kB
KReclaimable:      40880 kB
Slab:             113732 kB
SReclaimable:      40880 kB
SUnreclaim:        72852 kB
KernelStack:       10864 kB
PageTables:        28880 kB
SecPageTables:         0 kB
NFS_Unstable:          0 kB
Bounce:                0 kB
WritebackTmp:          0 kB
CommitLimit:     3869784 kB
Committed_AS:   11242076 kB
VmallocTotal:   34359738367 kB
VmallocUsed:       55448 kB
VmallocChunk:          0 kB
Percpu:             1008 kB
HardwareCorrupted:     0 kB
AnonHugePages:    362496 kB
ShmemHugePages:        0 kB
ShmemPmdMapped:        0 kB
FileHugePages:    184320 kB
FilePmdMapped:    176128 kB
CmaTotal:              0 kB
CmaFree:               0 kB
Unaccepted:            0 kB
HugePages_Total:       0
HugePages_Free:        0
HugePages_Rsvd:        0
HugePages_Surp:        0
Hugepagesize:       2048 kB
Hugetlb:               0 kB
DirectMap4k:      138696 kB
DirectMap2M:     3915776 kB
DirectMap1G:     2097152 kB

/sys/kernel/mm/transparent_hugepage/enabled: [always] madvise never
/sys/kernel/mm/transparent_hugepage/hpage_pmd_size: 2097152
/sys/kernel/mm/transparent_hugepage/defrag (defrag/compaction efforts parameter): always defer defer+madvise [madvise] never

Process Memory:
Virtual Size: 3848644K (peak: 3848776K)
Resident Set Size: 155716K (peak: 157552K) (anon: 70276K, file: 84416K, shmem: 1024K)
Swapped out: 0K
C-Heap outstanding allocations: 26371K, retained: 2852K
glibc malloc tunables: (default)

/proc/sys/kernel/threads-max (system-wide limit on the number of threads): 29488
/proc/sys/vm/max_map_count (maximum number of memory map areas a process may have): 1048576
/proc/sys/vm/swappiness (control to define how aggressively the kernel swaps out anonymous memory): 60
/proc/sys/kernel/pid_max (system-wide limit on number of process identifiers): 4194304

container (cgroup) information:
container_type: cgroupv2
cpu_cpuset_cpus: not supported
cpu_memory_nodes: not supported
active_processor_count: 2
cpu_quota: no quota
cpu_period: 100000
cpu_shares: no shares
memory_limit_in_bytes: unlimited
memory_and_swap_limit_in_bytes: unlimited
memory_soft_limit_in_bytes: unlimited
memory_usage_in_bytes: 2504892 k
memory_max_usage_in_bytes: not supported
memory_swap_current_in_bytes: 1317808 k
memory_swap_max_limit_in_bytes: unlimited
maximum number of tasks: unlimited
current number of tasks: 497

Steal ticks since vm start: 0
Steal ticks percentage since vm start:  0.000

CPU: total 2 (initial active 2) (2 cores per cpu, 1 threads per core) family 6 model 122 stepping 1 microcode 0x42, cx8, cmov, fxsr, mmx, 3dnowpref, sse, sse2, sse3, ssse3, sse4.1, sse4.2, popcnt, tsc, tscinvbit, aes, erms, clmul, sha, clflush, clflushopt, rdtscp, rdpid
CPU Model and flags from /proc/cpuinfo:
model name	: Intel(R) Celeron(R) N4000 CPU @ 1.10GHz
flags		: fpu vme de pse tsc msr pae mce cx8 apic sep mtrr pge mca cmov pat pse36 clflush dts acpi mmx fxsr sse sse2 ss ht tm pbe syscall nx pdpe1gb rdtscp lm constant_tsc art arch_perfmon pebs bts rep_good nopl xtopology nonstop_tsc cpuid aperfmperf tsc_known_freq pni pclmulqdq dtes64 monitor ds_cpl vmx est tm2 ssse3 sdbg cx16 xtpr pdcm sse4_1 sse4_2 x2apic movbe popcnt tsc_deadline_timer aes xsave rdrand lahf_lm 3dnowprefetch cpuid_fault cat_l2 pti cdp_l2 ssbd ibrs ibpb stibp ibrs_enhanced tpr_shadow flexpriority ept vpid ept_ad fsgsbase tsc_adjust smep erms mpx rdt_a rdseed smap clflushopt intel_pt sha_ni xsaveopt xsavec xgetbv1 xsaves dtherm ida arat pln pts vnmi umip rdpid md_clear arch_capabilities

Online cpus: 0-1
Offline cpus: 
BIOS frequency limitation: <Not Available>
Frequency switch latency (ns): 20000
Available cpu frequencies: <Not Available>
Current governor: schedutil
Core performance/turbo boost: <Not Available>

Memory: 4k page, physical 3869884k(1096856k free), swap 1934844k(537440k free)
Page Sizes: 4k

vm_info: OpenJDK 64-Bit Server VM (21.0.5+11) for linux-amd64 JRE (21.0.5+11), built on 2024-10-16T10:19:33Z by "builduser" with gcc 14.2.1 20240910

END.
